{"timestamp":"2022-09-09T09:07:41,335","container":"e6e5fbd3b8ec","level":"INFO","thread":"main","class":"Besu","message":"Using the Java implementation of alt bn128","throwable":""}
{"timestamp":"2022-09-09T09:07:41,341","container":"e6e5fbd3b8ec","level":"INFO","thread":"main","class":"Besu","message":"Using the native implementation of the signature algorithm","throwable":""}
{"timestamp":"2022-09-09T09:07:41,346","container":"e6e5fbd3b8ec","level":"INFO","thread":"main","class":"Besu","message":"Starting Besu version: besu/v22.7.1/linux-aarch_64/openjdk-java-11","throwable":""}
{"timestamp":"2022-09-09T09:07:41,533","container":"e6e5fbd3b8ec","level":"WARN","thread":"main","class":"Besu","message":"--min-gas-price has been ignored because --miner-enabled was not defined on the command line.","throwable":""}
{"timestamp":"2022-09-09T09:07:41,684","container":"e6e5fbd3b8ec","level":"WARN","thread":"main","class":"Besu","message":"--graphql-http-host has been ignored because --graphql-http-enabled was not defined on the command line.","throwable":""}
{"timestamp":"2022-09-09T09:07:41,687","container":"e6e5fbd3b8ec","level":"WARN","thread":"main","class":"Besu","message":"--rpc-ws-host has been ignored because --rpc-ws-enabled was not defined on the command line.","throwable":""}
{"timestamp":"2022-09-09T09:07:41,692","container":"e6e5fbd3b8ec","level":"INFO","thread":"main","class":"Besu","message":"Static Nodes file = /opt/besu/data/static-nodes.json","throwable":""}
{"timestamp":"2022-09-09T09:07:41,695","container":"e6e5fbd3b8ec","level":"INFO","thread":"main","class":"StaticNodesParser","message":"StaticNodes file /opt/besu/data/static-nodes.json does not exist, no static connections will be created.","throwable":""}
{"timestamp":"2022-09-09T09:07:41,696","container":"e6e5fbd3b8ec","level":"INFO","thread":"main","class":"Besu","message":"Connecting to 0 static nodes.","throwable":""}
{"timestamp":"2022-09-09T09:07:41,699","container":"e6e5fbd3b8ec","level":"INFO","thread":"main","class":"Besu","message":"Security Module: localfile","throwable":""}
{"timestamp":"2022-09-09T09:07:41,712","container":"e6e5fbd3b8ec","level":"INFO","thread":"main","class":"DatabaseMetadata","message":"Lookup database metadata file in data directory: /opt/besu/data","throwable":""}
{"timestamp":"2022-09-09T09:07:41,747","container":"e6e5fbd3b8ec","level":"INFO","thread":"main","class":"RocksDBKeyValueStorageFactory","message":"Existing database detected at /opt/besu/data. Version 1","throwable":""}
{"timestamp":"2022-09-09T09:07:43,018","container":"e6e5fbd3b8ec","level":"INFO","thread":"main","class":"KeyPairUtil","message":"Loaded public key 0x123b42b21c3583d9709369189bda705a9f5af66c77eca8ccc42fa3bb4a22b34bcfd69cd68d54e6470d27d24ffdf8b7942cbc34813bada57ef9f2b2f5fbe8b91b from /opt/besu/config/key","throwable":""}
{"timestamp":"2022-09-09T09:07:43,111","container":"e6e5fbd3b8ec","level":"INFO","thread":"main","class":"AbstractAltBnPrecompiledContract","message":"Native alt bn128 not available","throwable":""}
{"timestamp":"2022-09-09T09:07:43,113","container":"e6e5fbd3b8ec","level":"INFO","thread":"main","class":"AbstractAltBnPrecompiledContract","message":"Native alt bn128 not available","throwable":""}
{"timestamp":"2022-09-09T09:07:43,115","container":"e6e5fbd3b8ec","level":"INFO","thread":"main","class":"AbstractAltBnPrecompiledContract","message":"Native alt bn128 not available","throwable":""}
{"timestamp":"2022-09-09T09:07:43,116","container":"e6e5fbd3b8ec","level":"INFO","thread":"main","class":"AbstractAltBnPrecompiledContract","message":"Native alt bn128 not available","throwable":""}
{"timestamp":"2022-09-09T09:07:43,117","container":"e6e5fbd3b8ec","level":"INFO","thread":"main","class":"AbstractAltBnPrecompiledContract","message":"Native alt bn128 not available","throwable":""}
{"timestamp":"2022-09-09T09:07:43,117","container":"e6e5fbd3b8ec","level":"INFO","thread":"main","class":"AbstractAltBnPrecompiledContract","message":"Native alt bn128 not available","throwable":""}
{"timestamp":"2022-09-09T09:07:43,139","container":"e6e5fbd3b8ec","level":"INFO","thread":"main","class":"ProtocolScheduleBuilder","message":"Protocol schedule created with milestones: [Berlin: 0]","throwable":""}
{"timestamp":"2022-09-09T09:07:43,231","container":"e6e5fbd3b8ec","level":"INFO","thread":"main","class":"BesuControllerBuilder","message":"TTD difficulty is not present, creating initial sync phase for PoW","throwable":""}
{"timestamp":"2022-09-09T09:07:43,268","container":"e6e5fbd3b8ec","level":"INFO","thread":"main","class":"RunnerBuilder","message":"Detecting NAT service.","throwable":""}
{"timestamp":"2022-09-09T09:07:43,355","container":"e6e5fbd3b8ec","level":"INFO","thread":"main","class":"Runner","message":"Starting external services ... ","throwable":""}
{"timestamp":"2022-09-09T09:07:43,359","container":"e6e5fbd3b8ec","level":"INFO","thread":"main","class":"JsonRpcHttpService","message":"Starting JSON-RPC service on 0.0.0.0:8545","throwable":""}
{"timestamp":"2022-09-09T09:07:43,448","container":"e6e5fbd3b8ec","level":"INFO","thread":"vert.x-eventloop-thread-1","class":"JsonRpcHttpService","message":"JSON-RPC service started and listening on 0.0.0.0:8545","throwable":""}
{"timestamp":"2022-09-09T09:07:43,454","container":"e6e5fbd3b8ec","level":"INFO","thread":"main","class":"AutoTransactionLogBloomCachingService","message":"Starting auto transaction log bloom caching service.","throwable":""}
{"timestamp":"2022-09-09T09:07:43,457","container":"e6e5fbd3b8ec","level":"INFO","thread":"main","class":"LogBloomCacheMetadata","message":"Lookup cache metadata file in data directory: /opt/besu/data/caches","throwable":""}
{"timestamp":"2022-09-09T09:07:43,468","container":"e6e5fbd3b8ec","level":"INFO","thread":"main","class":"Runner","message":"Starting Ethereum main loop ... ","throwable":""}
{"timestamp":"2022-09-09T09:07:43,469","container":"e6e5fbd3b8ec","level":"INFO","thread":"main","class":"DockerNatManager","message":"Starting docker NAT manager.","throwable":""}
{"timestamp":"2022-09-09T09:07:43,517","container":"e6e5fbd3b8ec","level":"INFO","thread":"main","class":"NetworkRunner","message":"Starting Network.","throwable":""}
{"timestamp":"2022-09-09T09:07:43,534","container":"e6e5fbd3b8ec","level":"INFO","thread":"nioEventLoopGroup-2-1","class":"RlpxAgent","message":"P2P RLPx agent started and listening on /0.0.0.0:30303.","throwable":""}
{"timestamp":"2022-09-09T09:07:43,536","container":"e6e5fbd3b8ec","level":"INFO","thread":"main","class":"PeerDiscoveryAgent","message":"Starting peer discovery agent on host=0.0.0.0, port=30303","throwable":""}
{"timestamp":"2022-09-09T09:07:43,564","container":"e6e5fbd3b8ec","level":"INFO","thread":"vert.x-eventloop-thread-1","class":"VertxPeerDiscoveryAgent","message":"Started peer discovery agent successfully, on effective host=0.0.0.0 and port=30303","throwable":""}
{"timestamp":"2022-09-09T09:07:43,567","container":"e6e5fbd3b8ec","level":"INFO","thread":"vert.x-eventloop-thread-1","class":"PeerDiscoveryAgent","message":"P2P peer discovery agent started and listening on /0.0.0.0:30303","throwable":""}
{"timestamp":"2022-09-09T09:07:43,617","container":"e6e5fbd3b8ec","level":"INFO","thread":"vert.x-eventloop-thread-1","class":"PeerDiscoveryAgent","message":"Writing node record to disk. NodeRecord{seq=11, publicKey=0x03123b42b21c3583d9709369189bda705a9f5af66c77eca8ccc42fa3bb4a22b34b, udpAddress=Optional[/172.24.2.2:30303], tcpAddress=Optional[/172.24.2.2:30303], asBase64=-Je4QG6oMT37yQCsrPfLviKPei2JKVAHO6pNi5EfNPOr6fMhLM4UoY1CYJJqMT7WFQXO6ZyLJTIh3gFNKrjqmbc3zssLg2V0aMfGhDaNz9WAgmlkgnY0gmlwhKwYAgKJc2VjcDI1NmsxoQMSO0KyHDWD2XCTaRib2nBan1r2bHfsqMzEL6O7SiKzS4N0Y3CCdl-DdWRwgnZf, nodeId=0x034d65b01a6cf630ea02b90e2b881785b1e1ac781f3088ba455022367074c656, customFields={tcp=30303, udp=30303, ip=0xac180202, eth=[[0x368dcfd5, 0x]], id=V4, secp256k1=0x03123b42b21c3583d9709369189bda705a9f5af66c77eca8ccc42fa3bb4a22b34b}}","throwable":""}
{"timestamp":"2022-09-09T09:07:43,638","container":"e6e5fbd3b8ec","level":"INFO","thread":"main","class":"DefaultP2PNetwork","message":"Enode URL enode://123b42b21c3583d9709369189bda705a9f5af66c77eca8ccc42fa3bb4a22b34bcfd69cd68d54e6470d27d24ffdf8b7942cbc34813bada57ef9f2b2f5fbe8b91b@172.24.2.2:30303","throwable":""}
{"timestamp":"2022-09-09T09:07:43,640","container":"e6e5fbd3b8ec","level":"INFO","thread":"main","class":"DefaultP2PNetwork","message":"Node address 0x2b881785b1e1ac781f3088ba455022367074c656","throwable":""}
{"timestamp":"2022-09-09T09:07:43,643","container":"e6e5fbd3b8ec","level":"INFO","thread":"main","class":"DefaultSynchronizer","message":"Starting synchronizer.","throwable":""}
{"timestamp":"2022-09-09T09:07:43,647","container":"e6e5fbd3b8ec","level":"INFO","thread":"main","class":"FullSyncDownloader","message":"Starting full sync.","throwable":""}
{"timestamp":"2022-09-09T09:07:43,649","container":"e6e5fbd3b8ec","level":"INFO","thread":"main","class":"FullSyncTargetManager","message":"No sync target, waiting for peers. Current peers: 0","throwable":""}
{"timestamp":"2022-09-09T09:07:43,675","container":"e6e5fbd3b8ec","level":"INFO","thread":"main","class":"Runner","message":"Ethereum main loop is up.","throwable":""}
{"timestamp":"2022-09-09T09:07:48,676","container":"e6e5fbd3b8ec","level":"INFO","thread":"EthScheduler-Timer-0","class":"FullSyncTargetManager","message":"No sync target, waiting for peers. Current peers: 0","throwable":""}
{"timestamp":"2022-09-09T09:07:53,700","container":"e6e5fbd3b8ec","level":"INFO","thread":"EthScheduler-Timer-0","class":"FullSyncTargetManager","message":"No sync target, waiting for peers. Current peers: 0","throwable":""}
{"timestamp":"2022-09-09T09:07:58,755","container":"e6e5fbd3b8ec","level":"INFO","thread":"EthScheduler-Timer-0","class":"FullSyncTargetManager","message":"No sync target, waiting for peers. Current peers: 0","throwable":""}
{"timestamp":"2022-09-09T09:08:03,771","container":"e6e5fbd3b8ec","level":"INFO","thread":"EthScheduler-Timer-0","class":"FullSyncTargetManager","message":"No sync target, waiting for peers. Current peers: 1","throwable":""}
{"timestamp":"2022-09-09T09:08:03,912","container":"e6e5fbd3b8ec","level":"INFO","thread":"nioEventLoopGroup-3-1","class":"FullSyncTargetManager","message":"No sync target, waiting for peers. Current peers: 1","throwable":""}
{"timestamp":"2022-09-09T09:08:08,934","container":"e6e5fbd3b8ec","level":"INFO","thread":"EthScheduler-Timer-0","class":"FullSyncTargetManager","message":"No sync target, waiting for peers. Current peers: 1","throwable":""}
{"timestamp":"2022-09-09T09:08:13,971","container":"e6e5fbd3b8ec","level":"INFO","thread":"EthScheduler-Timer-0","class":"FullSyncTargetManager","message":"No sync target, waiting for peers. Current peers: 1","throwable":""}
{"timestamp":"2022-09-09T09:08:19,004","container":"e6e5fbd3b8ec","level":"INFO","thread":"EthScheduler-Timer-0","class":"FullSyncTargetManager","message":"No sync target, waiting for peers. Current peers: 1","throwable":""}
{"timestamp":"2022-09-09T09:08:24,014","container":"e6e5fbd3b8ec","level":"INFO","thread":"EthScheduler-Timer-0","class":"FullSyncTargetManager","message":"No sync target, waiting for peers. Current peers: 1","throwable":""}
{"timestamp":"2022-09-09T09:08:29,029","container":"e6e5fbd3b8ec","level":"INFO","thread":"EthScheduler-Timer-0","class":"FullSyncTargetManager","message":"No sync target, waiting for peers. Current peers: 1","throwable":""}
{"timestamp":"2022-09-09T09:08:34,041","container":"e6e5fbd3b8ec","level":"INFO","thread":"EthScheduler-Timer-0","class":"FullSyncTargetManager","message":"No sync target, waiting for peers. Current peers: 1","throwable":""}
{"timestamp":"2022-09-09T09:08:39,055","container":"e6e5fbd3b8ec","level":"INFO","thread":"EthScheduler-Timer-0","class":"FullSyncTargetManager","message":"No sync target, waiting for peers. Current peers: 1","throwable":""}
{"timestamp":"2022-09-09T09:08:44,077","container":"e6e5fbd3b8ec","level":"INFO","thread":"EthScheduler-Timer-0","class":"FullSyncTargetManager","message":"No sync target, waiting for peers. Current peers: 1","throwable":""}
{"timestamp":"2022-09-09T09:08:49,094","container":"e6e5fbd3b8ec","level":"INFO","thread":"EthScheduler-Timer-0","class":"FullSyncTargetManager","message":"No sync target, waiting for peers. Current peers: 1","throwable":""}
{"timestamp":"2022-09-09T09:08:54,109","container":"e6e5fbd3b8ec","level":"INFO","thread":"EthScheduler-Timer-0","class":"FullSyncTargetManager","message":"No sync target, waiting for peers. Current peers: 1","throwable":""}
{"timestamp":"2022-09-09T09:08:59,117","container":"e6e5fbd3b8ec","level":"INFO","thread":"EthScheduler-Timer-0","class":"FullSyncTargetManager","message":"No sync target, waiting for peers. Current peers: 1","throwable":""}
{"timestamp":"2022-09-09T09:09:04,122","container":"e6e5fbd3b8ec","level":"INFO","thread":"EthScheduler-Timer-0","class":"FullSyncTargetManager","message":"No sync target, waiting for peers. Current peers: 1","throwable":""}
{"timestamp":"2022-09-09T09:09:09,147","container":"e6e5fbd3b8ec","level":"INFO","thread":"EthScheduler-Timer-0","class":"FullSyncTargetManager","message":"No sync target, waiting for peers. Current peers: 1","throwable":""}
{"timestamp":"2022-09-09T09:09:14,162","container":"e6e5fbd3b8ec","level":"INFO","thread":"EthScheduler-Timer-0","class":"FullSyncTargetManager","message":"No sync target, waiting for peers. Current peers: 1","throwable":""}
{"timestamp":"2022-09-09T09:09:19,187","container":"e6e5fbd3b8ec","level":"INFO","thread":"EthScheduler-Timer-0","class":"FullSyncTargetManager","message":"No sync target, waiting for peers. Current peers: 1","throwable":""}
{"timestamp":"2022-09-09T09:09:24,210","container":"e6e5fbd3b8ec","level":"INFO","thread":"EthScheduler-Timer-0","class":"FullSyncTargetManager","message":"No sync target, waiting for peers. Current peers: 1","throwable":""}
{"timestamp":"2022-09-09T09:09:29,220","container":"e6e5fbd3b8ec","level":"INFO","thread":"EthScheduler-Timer-0","class":"FullSyncTargetManager","message":"No sync target, waiting for peers. Current peers: 1","throwable":""}
{"timestamp":"2022-09-09T09:09:34,231","container":"e6e5fbd3b8ec","level":"INFO","thread":"EthScheduler-Timer-0","class":"FullSyncTargetManager","message":"No sync target, waiting for peers. Current peers: 1","throwable":""}
{"timestamp":"2022-09-09T09:09:39,268","container":"e6e5fbd3b8ec","level":"INFO","thread":"EthScheduler-Timer-0","class":"FullSyncTargetManager","message":"No sync target, waiting for peers. Current peers: 1","throwable":""}
{"timestamp":"2022-09-09T09:09:44,291","container":"e6e5fbd3b8ec","level":"INFO","thread":"EthScheduler-Timer-0","class":"FullSyncTargetManager","message":"No sync target, waiting for peers. Current peers: 1","throwable":""}
{"timestamp":"2022-09-09T09:09:49,322","container":"e6e5fbd3b8ec","level":"INFO","thread":"EthScheduler-Timer-0","class":"FullSyncTargetManager","message":"No sync target, waiting for peers. Current peers: 1","throwable":""}
{"timestamp":"2022-09-09T09:09:54,366","container":"e6e5fbd3b8ec","level":"INFO","thread":"EthScheduler-Timer-0","class":"FullSyncTargetManager","message":"No sync target, waiting for peers. Current peers: 1","throwable":""}
{"timestamp":"2022-09-09T09:09:59,379","container":"e6e5fbd3b8ec","level":"INFO","thread":"EthScheduler-Timer-0","class":"FullSyncTargetManager","message":"No sync target, waiting for peers. Current peers: 1","throwable":""}
{"timestamp":"2022-09-09T09:10:04,388","container":"e6e5fbd3b8ec","level":"INFO","thread":"EthScheduler-Timer-0","class":"FullSyncTargetManager","message":"No sync target, waiting for peers. Current peers: 1","throwable":""}
{"timestamp":"2022-09-09T09:10:09,402","container":"e6e5fbd3b8ec","level":"INFO","thread":"EthScheduler-Timer-0","class":"FullSyncTargetManager","message":"No sync target, waiting for peers. Current peers: 1","throwable":""}
{"timestamp":"2022-09-09T09:10:14,415","container":"e6e5fbd3b8ec","level":"INFO","thread":"EthScheduler-Timer-0","class":"FullSyncTargetManager","message":"No sync target, waiting for peers. Current peers: 1","throwable":""}
{"timestamp":"2022-09-09T09:10:19,432","container":"e6e5fbd3b8ec","level":"INFO","thread":"EthScheduler-Timer-0","class":"FullSyncTargetManager","message":"No sync target, waiting for peers. Current peers: 1","throwable":""}
{"timestamp":"2022-09-09T09:10:24,446","container":"e6e5fbd3b8ec","level":"INFO","thread":"EthScheduler-Timer-0","class":"FullSyncTargetManager","message":"No sync target, waiting for peers. Current peers: 1","throwable":""}
{"timestamp":"2022-09-09T09:10:29,465","container":"e6e5fbd3b8ec","level":"INFO","thread":"EthScheduler-Timer-0","class":"FullSyncTargetManager","message":"No sync target, waiting for peers. Current peers: 1","throwable":""}
{"timestamp":"2022-09-09T09:10:34,471","container":"e6e5fbd3b8ec","level":"INFO","thread":"EthScheduler-Timer-0","class":"FullSyncTargetManager","message":"No sync target, waiting for peers. Current peers: 1","throwable":""}
{"timestamp":"2022-09-09T09:10:39,487","container":"e6e5fbd3b8ec","level":"INFO","thread":"EthScheduler-Timer-0","class":"FullSyncTargetManager","message":"No sync target, waiting for peers. Current peers: 1","throwable":""}
{"timestamp":"2022-09-09T09:10:44,503","container":"e6e5fbd3b8ec","level":"INFO","thread":"EthScheduler-Timer-0","class":"FullSyncTargetManager","message":"No sync target, waiting for peers. Current peers: 1","throwable":""}
{"timestamp":"2022-09-09T09:10:49,518","container":"e6e5fbd3b8ec","level":"INFO","thread":"EthScheduler-Timer-0","class":"FullSyncTargetManager","message":"No sync target, waiting for peers. Current peers: 1","throwable":""}
{"timestamp":"2022-09-09T09:10:54,542","container":"e6e5fbd3b8ec","level":"INFO","thread":"EthScheduler-Timer-0","class":"FullSyncTargetManager","message":"No sync target, waiting for peers. Current peers: 1","throwable":""}
{"timestamp":"2022-09-09T09:10:59,560","container":"e6e5fbd3b8ec","level":"INFO","thread":"EthScheduler-Timer-0","class":"FullSyncTargetManager","message":"No sync target, waiting for peers. Current peers: 1","throwable":""}
{"timestamp":"2022-09-09T09:11:04,581","container":"e6e5fbd3b8ec","level":"INFO","thread":"EthScheduler-Timer-0","class":"FullSyncTargetManager","message":"No sync target, waiting for peers. Current peers: 1","throwable":""}
{"timestamp":"2022-09-09T09:11:09,595","container":"e6e5fbd3b8ec","level":"INFO","thread":"EthScheduler-Timer-0","class":"FullSyncTargetManager","message":"No sync target, waiting for peers. Current peers: 1","throwable":""}
{"timestamp":"2022-09-09T09:11:14,610","container":"e6e5fbd3b8ec","level":"INFO","thread":"EthScheduler-Timer-0","class":"FullSyncTargetManager","message":"No sync target, waiting for peers. Current peers: 1","throwable":""}
{"timestamp":"2022-09-09T09:11:19,631","container":"e6e5fbd3b8ec","level":"INFO","thread":"EthScheduler-Timer-0","class":"FullSyncTargetManager","message":"No sync target, waiting for peers. Current peers: 1","throwable":""}
{"timestamp":"2022-09-09T09:11:24,651","container":"e6e5fbd3b8ec","level":"INFO","thread":"EthScheduler-Timer-0","class":"FullSyncTargetManager","message":"No sync target, waiting for peers. Current peers: 1","throwable":""}
{"timestamp":"2022-09-09T09:11:29,670","container":"e6e5fbd3b8ec","level":"INFO","thread":"EthScheduler-Timer-0","class":"FullSyncTargetManager","message":"No sync target, waiting for peers. Current peers: 1","throwable":""}
{"timestamp":"2022-09-09T09:11:34,690","container":"e6e5fbd3b8ec","level":"INFO","thread":"EthScheduler-Timer-0","class":"FullSyncTargetManager","message":"No sync target, waiting for peers. Current peers: 1","throwable":""}
{"timestamp":"2022-09-09T09:11:39,764","container":"e6e5fbd3b8ec","level":"INFO","thread":"EthScheduler-Timer-0","class":"FullSyncTargetManager","message":"No sync target, waiting for peers. Current peers: 1","throwable":""}
{"timestamp":"2022-09-09T09:11:44,776","container":"e6e5fbd3b8ec","level":"INFO","thread":"EthScheduler-Timer-0","class":"FullSyncTargetManager","message":"No sync target, waiting for peers. Current peers: 1","throwable":""}
{"timestamp":"2022-09-09T09:11:49,919","container":"e6e5fbd3b8ec","level":"INFO","thread":"EthScheduler-Timer-0","class":"FullSyncTargetManager","message":"No sync target, waiting for peers. Current peers: 1","throwable":""}
{"timestamp":"2022-09-09T09:11:54,970","container":"e6e5fbd3b8ec","level":"INFO","thread":"EthScheduler-Timer-0","class":"FullSyncTargetManager","message":"No sync target, waiting for peers. Current peers: 1","throwable":""}
{"timestamp":"2022-09-09T09:12:00,017","container":"e6e5fbd3b8ec","level":"INFO","thread":"EthScheduler-Timer-0","class":"FullSyncTargetManager","message":"No sync target, waiting for peers. Current peers: 1","throwable":""}
{"timestamp":"2022-09-09T09:12:05,067","container":"e6e5fbd3b8ec","level":"INFO","thread":"EthScheduler-Timer-0","class":"FullSyncTargetManager","message":"No sync target, waiting for peers. Current peers: 1","throwable":""}
{"timestamp":"2022-09-09T09:12:10,115","container":"e6e5fbd3b8ec","level":"INFO","thread":"EthScheduler-Timer-0","class":"FullSyncTargetManager","message":"No sync target, waiting for peers. Current peers: 1","throwable":""}
{"timestamp":"2022-09-09T09:12:15,127","container":"e6e5fbd3b8ec","level":"INFO","thread":"EthScheduler-Timer-0","class":"FullSyncTargetManager","message":"No sync target, waiting for peers. Current peers: 1","throwable":""}
{"timestamp":"2022-09-09T09:12:20,143","container":"e6e5fbd3b8ec","level":"INFO","thread":"EthScheduler-Timer-0","class":"FullSyncTargetManager","message":"No sync target, waiting for peers. Current peers: 1","throwable":""}
{"timestamp":"2022-09-09T09:12:25,182","container":"e6e5fbd3b8ec","level":"INFO","thread":"EthScheduler-Timer-0","class":"FullSyncTargetManager","message":"No sync target, waiting for peers. Current peers: 1","throwable":""}
{"timestamp":"2022-09-09T09:12:30,207","container":"e6e5fbd3b8ec","level":"INFO","thread":"EthScheduler-Timer-0","class":"FullSyncTargetManager","message":"No sync target, waiting for peers. Current peers: 1","throwable":""}
{"timestamp":"2022-09-09T09:12:35,234","container":"e6e5fbd3b8ec","level":"INFO","thread":"EthScheduler-Timer-0","class":"FullSyncTargetManager","message":"No sync target, waiting for peers. Current peers: 1","throwable":""}
{"timestamp":"2022-09-09T09:12:40,274","container":"e6e5fbd3b8ec","level":"INFO","thread":"EthScheduler-Timer-0","class":"FullSyncTargetManager","message":"No sync target, waiting for peers. Current peers: 1","throwable":""}
{"timestamp":"2022-09-09T09:12:45,308","container":"e6e5fbd3b8ec","level":"INFO","thread":"EthScheduler-Timer-0","class":"FullSyncTargetManager","message":"No sync target, waiting for peers. Current peers: 1","throwable":""}
{"timestamp":"2022-09-09T09:12:50,316","container":"e6e5fbd3b8ec","level":"INFO","thread":"EthScheduler-Timer-0","class":"FullSyncTargetManager","message":"No sync target, waiting for peers. Current peers: 1","throwable":""}
{"timestamp":"2022-09-09T09:12:55,333","container":"e6e5fbd3b8ec","level":"INFO","thread":"EthScheduler-Timer-0","class":"FullSyncTargetManager","message":"No sync target, waiting for peers. Current peers: 1","throwable":""}
{"timestamp":"2022-09-09T09:13:00,336","container":"e6e5fbd3b8ec","level":"INFO","thread":"EthScheduler-Timer-0","class":"FullSyncTargetManager","message":"No sync target, waiting for peers. Current peers: 1","throwable":""}
{"timestamp":"2022-09-09T09:13:05,349","container":"e6e5fbd3b8ec","level":"INFO","thread":"EthScheduler-Timer-0","class":"FullSyncTargetManager","message":"No sync target, waiting for peers. Current peers: 1","throwable":""}
{"timestamp":"2022-09-09T09:13:10,363","container":"e6e5fbd3b8ec","level":"INFO","thread":"EthScheduler-Timer-0","class":"FullSyncTargetManager","message":"No sync target, waiting for peers. Current peers: 1","throwable":""}
{"timestamp":"2022-09-09T09:13:15,374","container":"e6e5fbd3b8ec","level":"INFO","thread":"EthScheduler-Timer-0","class":"FullSyncTargetManager","message":"No sync target, waiting for peers. Current peers: 1","throwable":""}
{"timestamp":"2022-09-09T09:13:20,424","container":"e6e5fbd3b8ec","level":"INFO","thread":"EthScheduler-Timer-0","class":"FullSyncTargetManager","message":"No sync target, waiting for peers. Current peers: 1","throwable":""}
{"timestamp":"2022-09-09T09:13:25,446","container":"e6e5fbd3b8ec","level":"INFO","thread":"EthScheduler-Timer-0","class":"FullSyncTargetManager","message":"No sync target, waiting for peers. Current peers: 1","throwable":""}
{"timestamp":"2022-09-09T09:13:30,469","container":"e6e5fbd3b8ec","level":"INFO","thread":"EthScheduler-Timer-0","class":"FullSyncTargetManager","message":"No sync target, waiting for peers. Current peers: 1","throwable":""}
{"timestamp":"2022-09-09T09:13:35,479","container":"e6e5fbd3b8ec","level":"INFO","thread":"EthScheduler-Timer-0","class":"FullSyncTargetManager","message":"No sync target, waiting for peers. Current peers: 1","throwable":""}
{"timestamp":"2022-09-09T09:13:40,491","container":"e6e5fbd3b8ec","level":"INFO","thread":"EthScheduler-Timer-0","class":"FullSyncTargetManager","message":"No sync target, waiting for peers. Current peers: 1","throwable":""}
{"timestamp":"2022-09-09T09:13:45,500","container":"e6e5fbd3b8ec","level":"INFO","thread":"EthScheduler-Timer-0","class":"FullSyncTargetManager","message":"No sync target, waiting for peers. Current peers: 1","throwable":""}
{"timestamp":"2022-09-09T09:13:50,520","container":"e6e5fbd3b8ec","level":"INFO","thread":"EthScheduler-Timer-0","class":"FullSyncTargetManager","message":"No sync target, waiting for peers. Current peers: 1","throwable":""}
{"timestamp":"2022-09-09T09:13:55,538","container":"e6e5fbd3b8ec","level":"INFO","thread":"EthScheduler-Timer-0","class":"FullSyncTargetManager","message":"No sync target, waiting for peers. Current peers: 1","throwable":""}
{"timestamp":"2022-09-09T09:14:00,569","container":"e6e5fbd3b8ec","level":"INFO","thread":"EthScheduler-Timer-0","class":"FullSyncTargetManager","message":"No sync target, waiting for peers. Current peers: 1","throwable":""}
{"timestamp":"2022-09-09T09:14:05,599","container":"e6e5fbd3b8ec","level":"INFO","thread":"EthScheduler-Timer-0","class":"FullSyncTargetManager","message":"No sync target, waiting for peers. Current peers: 1","throwable":""}
{"timestamp":"2022-09-09T09:14:10,634","container":"e6e5fbd3b8ec","level":"INFO","thread":"EthScheduler-Timer-0","class":"FullSyncTargetManager","message":"No sync target, waiting for peers. Current peers: 1","throwable":""}
{"timestamp":"2022-09-09T09:14:15,652","container":"e6e5fbd3b8ec","level":"INFO","thread":"EthScheduler-Timer-0","class":"FullSyncTargetManager","message":"No sync target, waiting for peers. Current peers: 1","throwable":""}
{"timestamp":"2022-09-09T09:14:20,700","container":"e6e5fbd3b8ec","level":"INFO","thread":"EthScheduler-Timer-0","class":"FullSyncTargetManager","message":"No sync target, waiting for peers. Current peers: 1","throwable":""}
{"timestamp":"2022-09-09T09:14:25,732","container":"e6e5fbd3b8ec","level":"INFO","thread":"EthScheduler-Timer-0","class":"FullSyncTargetManager","message":"No sync target, waiting for peers. Current peers: 1","throwable":""}
{"timestamp":"2022-09-09T09:14:30,746","container":"e6e5fbd3b8ec","level":"INFO","thread":"EthScheduler-Timer-0","class":"FullSyncTargetManager","message":"No sync target, waiting for peers. Current peers: 1","throwable":""}
{"timestamp":"2022-09-09T09:14:35,796","container":"e6e5fbd3b8ec","level":"INFO","thread":"EthScheduler-Timer-0","class":"FullSyncTargetManager","message":"No sync target, waiting for peers. Current peers: 1","throwable":""}
{"timestamp":"2022-09-09T09:14:40,844","container":"e6e5fbd3b8ec","level":"INFO","thread":"EthScheduler-Timer-0","class":"FullSyncTargetManager","message":"No sync target, waiting for peers. Current peers: 1","throwable":""}
{"timestamp":"2022-09-09T09:14:45,923","container":"e6e5fbd3b8ec","level":"INFO","thread":"EthScheduler-Timer-0","class":"FullSyncTargetManager","message":"No sync target, waiting for peers. Current peers: 1","throwable":""}
{"timestamp":"2022-09-09T09:14:50,958","container":"e6e5fbd3b8ec","level":"INFO","thread":"EthScheduler-Timer-0","class":"FullSyncTargetManager","message":"No sync target, waiting for peers. Current peers: 1","throwable":""}
{"timestamp":"2022-09-09T09:14:55,975","container":"e6e5fbd3b8ec","level":"INFO","thread":"EthScheduler-Timer-0","class":"FullSyncTargetManager","message":"No sync target, waiting for peers. Current peers: 1","throwable":""}
{"timestamp":"2022-09-09T09:15:01,025","container":"e6e5fbd3b8ec","level":"INFO","thread":"EthScheduler-Timer-0","class":"FullSyncTargetManager","message":"No sync target, waiting for peers. Current peers: 1","throwable":""}
{"timestamp":"2022-09-09T09:15:06,054","container":"e6e5fbd3b8ec","level":"INFO","thread":"EthScheduler-Timer-0","class":"FullSyncTargetManager","message":"No sync target, waiting for peers. Current peers: 1","throwable":""}
{"timestamp":"2022-09-09T09:15:11,092","container":"e6e5fbd3b8ec","level":"INFO","thread":"EthScheduler-Timer-0","class":"FullSyncTargetManager","message":"No sync target, waiting for peers. Current peers: 1","throwable":""}
{"timestamp":"2022-09-09T09:15:16,111","container":"e6e5fbd3b8ec","level":"INFO","thread":"EthScheduler-Timer-0","class":"FullSyncTargetManager","message":"No sync target, waiting for peers. Current peers: 1","throwable":""}
{"timestamp":"2022-09-09T09:15:21,141","container":"e6e5fbd3b8ec","level":"INFO","thread":"EthScheduler-Timer-0","class":"FullSyncTargetManager","message":"No sync target, waiting for peers. Current peers: 1","throwable":""}
{"timestamp":"2022-09-09T09:15:26,157","container":"e6e5fbd3b8ec","level":"INFO","thread":"EthScheduler-Timer-0","class":"FullSyncTargetManager","message":"No sync target, waiting for peers. Current peers: 1","throwable":""}
{"timestamp":"2022-09-09T09:15:31,172","container":"e6e5fbd3b8ec","level":"INFO","thread":"EthScheduler-Timer-0","class":"FullSyncTargetManager","message":"No sync target, waiting for peers. Current peers: 1","throwable":""}
{"timestamp":"2022-09-09T09:15:36,191","container":"e6e5fbd3b8ec","level":"INFO","thread":"EthScheduler-Timer-0","class":"FullSyncTargetManager","message":"No sync target, waiting for peers. Current peers: 1","throwable":""}
{"timestamp":"2022-09-09T09:15:41,258","container":"e6e5fbd3b8ec","level":"INFO","thread":"EthScheduler-Timer-0","class":"FullSyncTargetManager","message":"No sync target, waiting for peers. Current peers: 1","throwable":""}
{"timestamp":"2022-09-09T09:15:46,398","container":"e6e5fbd3b8ec","level":"INFO","thread":"EthScheduler-Timer-0","class":"FullSyncTargetManager","message":"No sync target, waiting for peers. Current peers: 1","throwable":""}
{"timestamp":"2022-09-09T09:15:51,505","container":"e6e5fbd3b8ec","level":"INFO","thread":"EthScheduler-Timer-0","class":"FullSyncTargetManager","message":"No sync target, waiting for peers. Current peers: 1","throwable":""}
{"timestamp":"2022-09-09T09:15:56,531","container":"e6e5fbd3b8ec","level":"INFO","thread":"EthScheduler-Timer-0","class":"FullSyncTargetManager","message":"No sync target, waiting for peers. Current peers: 1","throwable":""}
{"timestamp":"2022-09-09T09:16:01,545","container":"e6e5fbd3b8ec","level":"INFO","thread":"EthScheduler-Timer-0","class":"FullSyncTargetManager","message":"No sync target, waiting for peers. Current peers: 1","throwable":""}
{"timestamp":"2022-09-09T09:16:06,571","container":"e6e5fbd3b8ec","level":"INFO","thread":"EthScheduler-Timer-0","class":"FullSyncTargetManager","message":"No sync target, waiting for peers. Current peers: 1","throwable":""}
{"timestamp":"2022-09-09T09:16:11,605","container":"e6e5fbd3b8ec","level":"INFO","thread":"EthScheduler-Timer-0","class":"FullSyncTargetManager","message":"No sync target, waiting for peers. Current peers: 1","throwable":""}
{"timestamp":"2022-09-09T09:16:16,619","container":"e6e5fbd3b8ec","level":"INFO","thread":"EthScheduler-Timer-0","class":"FullSyncTargetManager","message":"No sync target, waiting for peers. Current peers: 1","throwable":""}
{"timestamp":"2022-09-09T09:16:21,646","container":"e6e5fbd3b8ec","level":"INFO","thread":"EthScheduler-Timer-0","class":"FullSyncTargetManager","message":"No sync target, waiting for peers. Current peers: 1","throwable":""}
{"timestamp":"2022-09-09T09:16:26,667","container":"e6e5fbd3b8ec","level":"INFO","thread":"EthScheduler-Timer-0","class":"FullSyncTargetManager","message":"No sync target, waiting for peers. Current peers: 1","throwable":""}
{"timestamp":"2022-09-09T09:16:31,682","container":"e6e5fbd3b8ec","level":"INFO","thread":"EthScheduler-Timer-0","class":"FullSyncTargetManager","message":"No sync target, waiting for peers. Current peers: 1","throwable":""}
{"timestamp":"2022-09-09T09:16:36,702","container":"e6e5fbd3b8ec","level":"INFO","thread":"EthScheduler-Timer-0","class":"FullSyncTargetManager","message":"No sync target, waiting for peers. Current peers: 1","throwable":""}
{"timestamp":"2022-09-09T09:16:41,727","container":"e6e5fbd3b8ec","level":"INFO","thread":"EthScheduler-Timer-0","class":"FullSyncTargetManager","message":"No sync target, waiting for peers. Current peers: 1","throwable":""}
{"timestamp":"2022-09-09T09:16:46,739","container":"e6e5fbd3b8ec","level":"INFO","thread":"EthScheduler-Timer-0","class":"FullSyncTargetManager","message":"No sync target, waiting for peers. Current peers: 1","throwable":""}
{"timestamp":"2022-09-09T09:16:51,760","container":"e6e5fbd3b8ec","level":"INFO","thread":"EthScheduler-Timer-0","class":"FullSyncTargetManager","message":"No sync target, waiting for peers. Current peers: 1","throwable":""}
{"timestamp":"2022-09-09T09:16:56,786","container":"e6e5fbd3b8ec","level":"INFO","thread":"EthScheduler-Timer-0","class":"FullSyncTargetManager","message":"No sync target, waiting for peers. Current peers: 1","throwable":""}
{"timestamp":"2022-09-09T09:17:01,868","container":"e6e5fbd3b8ec","level":"INFO","thread":"EthScheduler-Timer-0","class":"FullSyncTargetManager","message":"No sync target, waiting for peers. Current peers: 1","throwable":""}
{"timestamp":"2022-09-09T09:17:06,924","container":"e6e5fbd3b8ec","level":"INFO","thread":"EthScheduler-Timer-0","class":"FullSyncTargetManager","message":"No sync target, waiting for peers. Current peers: 1","throwable":""}
{"timestamp":"2022-09-09T09:17:11,945","container":"e6e5fbd3b8ec","level":"INFO","thread":"EthScheduler-Timer-0","class":"FullSyncTargetManager","message":"No sync target, waiting for peers. Current peers: 1","throwable":""}
{"timestamp":"2022-09-09T09:17:16,959","container":"e6e5fbd3b8ec","level":"INFO","thread":"EthScheduler-Timer-0","class":"FullSyncTargetManager","message":"No sync target, waiting for peers. Current peers: 1","throwable":""}
{"timestamp":"2022-09-09T09:17:21,979","container":"e6e5fbd3b8ec","level":"INFO","thread":"EthScheduler-Timer-0","class":"FullSyncTargetManager","message":"No sync target, waiting for peers. Current peers: 1","throwable":""}
{"timestamp":"2022-09-09T09:17:27,010","container":"e6e5fbd3b8ec","level":"INFO","thread":"EthScheduler-Timer-0","class":"FullSyncTargetManager","message":"No sync target, waiting for peers. Current peers: 1","throwable":""}
{"timestamp":"2022-09-09T09:17:32,055","container":"e6e5fbd3b8ec","level":"INFO","thread":"EthScheduler-Timer-0","class":"FullSyncTargetManager","message":"No sync target, waiting for peers. Current peers: 1","throwable":""}
{"timestamp":"2022-09-09T09:17:37,071","container":"e6e5fbd3b8ec","level":"INFO","thread":"EthScheduler-Timer-0","class":"FullSyncTargetManager","message":"No sync target, waiting for peers. Current peers: 1","throwable":""}
{"timestamp":"2022-09-09T09:17:42,086","container":"e6e5fbd3b8ec","level":"INFO","thread":"EthScheduler-Timer-0","class":"FullSyncTargetManager","message":"No sync target, waiting for peers. Current peers: 1","throwable":""}
{"timestamp":"2022-09-09T09:17:47,102","container":"e6e5fbd3b8ec","level":"INFO","thread":"EthScheduler-Timer-0","class":"FullSyncTargetManager","message":"No sync target, waiting for peers. Current peers: 1","throwable":""}
{"timestamp":"2022-09-09T09:17:52,120","container":"e6e5fbd3b8ec","level":"INFO","thread":"EthScheduler-Timer-0","class":"FullSyncTargetManager","message":"No sync target, waiting for peers. Current peers: 1","throwable":""}
{"timestamp":"2022-09-09T09:17:57,140","container":"e6e5fbd3b8ec","level":"INFO","thread":"EthScheduler-Timer-0","class":"FullSyncTargetManager","message":"No sync target, waiting for peers. Current peers: 1","throwable":""}
{"timestamp":"2022-09-09T09:18:02,161","container":"e6e5fbd3b8ec","level":"INFO","thread":"EthScheduler-Timer-0","class":"FullSyncTargetManager","message":"No sync target, waiting for peers. Current peers: 1","throwable":""}
{"timestamp":"2022-09-09T09:18:07,172","container":"e6e5fbd3b8ec","level":"INFO","thread":"EthScheduler-Timer-0","class":"FullSyncTargetManager","message":"No sync target, waiting for peers. Current peers: 1","throwable":""}
{"timestamp":"2022-09-09T09:18:12,226","container":"e6e5fbd3b8ec","level":"INFO","thread":"EthScheduler-Timer-0","class":"FullSyncTargetManager","message":"No sync target, waiting for peers. Current peers: 1","throwable":""}
{"timestamp":"2022-09-09T09:18:17,260","container":"e6e5fbd3b8ec","level":"INFO","thread":"EthScheduler-Timer-0","class":"FullSyncTargetManager","message":"No sync target, waiting for peers. Current peers: 1","throwable":""}
{"timestamp":"2022-09-09T09:18:22,278","container":"e6e5fbd3b8ec","level":"INFO","thread":"EthScheduler-Timer-0","class":"FullSyncTargetManager","message":"No sync target, waiting for peers. Current peers: 1","throwable":""}
{"timestamp":"2022-09-09T09:18:27,303","container":"e6e5fbd3b8ec","level":"INFO","thread":"EthScheduler-Timer-0","class":"FullSyncTargetManager","message":"No sync target, waiting for peers. Current peers: 1","throwable":""}
{"timestamp":"2022-09-09T09:18:30,041","container":"e6e5fbd3b8ec","level":"INFO","thread":"nioEventLoopGroup-3-3","class":"FullSyncTargetManager","message":"No sync target, waiting for peers. Current peers: 2","throwable":""}
{"timestamp":"2022-09-09T09:18:35,070","container":"e6e5fbd3b8ec","level":"INFO","thread":"EthScheduler-Timer-0","class":"FullSyncTargetManager","message":"No sync target, waiting for peers. Current peers: 2","throwable":""}
{"timestamp":"2022-09-09T09:18:40,084","container":"e6e5fbd3b8ec","level":"INFO","thread":"EthScheduler-Timer-0","class":"FullSyncTargetManager","message":"No sync target, waiting for peers. Current peers: 2","throwable":""}
{"timestamp":"2022-09-09T09:18:45,088","container":"e6e5fbd3b8ec","level":"INFO","thread":"EthScheduler-Timer-0","class":"FullSyncTargetManager","message":"No sync target, waiting for peers. Current peers: 2","throwable":""}
{"timestamp":"2022-09-09T09:18:50,097","container":"e6e5fbd3b8ec","level":"INFO","thread":"EthScheduler-Timer-0","class":"FullSyncTargetManager","message":"No sync target, waiting for peers. Current peers: 2","throwable":""}
{"timestamp":"2022-09-09T09:18:55,102","container":"e6e5fbd3b8ec","level":"INFO","thread":"EthScheduler-Timer-0","class":"FullSyncTargetManager","message":"No sync target, waiting for peers. Current peers: 2","throwable":""}
{"timestamp":"2022-09-09T09:19:00,167","container":"e6e5fbd3b8ec","level":"INFO","thread":"EthScheduler-Timer-0","class":"FullSyncTargetManager","message":"No sync target, waiting for peers. Current peers: 2","throwable":""}
{"timestamp":"2022-09-09T09:19:05,190","container":"e6e5fbd3b8ec","level":"INFO","thread":"EthScheduler-Timer-0","class":"FullSyncTargetManager","message":"No sync target, waiting for peers. Current peers: 2","throwable":""}
{"timestamp":"2022-09-09T09:19:10,201","container":"e6e5fbd3b8ec","level":"INFO","thread":"EthScheduler-Timer-0","class":"FullSyncTargetManager","message":"No sync target, waiting for peers. Current peers: 2","throwable":""}
{"timestamp":"2022-09-09T09:19:15,209","container":"e6e5fbd3b8ec","level":"INFO","thread":"EthScheduler-Timer-0","class":"FullSyncTargetManager","message":"No sync target, waiting for peers. Current peers: 2","throwable":""}
{"timestamp":"2022-09-09T09:19:20,271","container":"e6e5fbd3b8ec","level":"INFO","thread":"EthScheduler-Timer-0","class":"FullSyncTargetManager","message":"No sync target, waiting for peers. Current peers: 2","throwable":""}
{"timestamp":"2022-09-09T09:19:25,344","container":"e6e5fbd3b8ec","level":"INFO","thread":"EthScheduler-Timer-0","class":"FullSyncTargetManager","message":"No sync target, waiting for peers. Current peers: 2","throwable":""}
{"timestamp":"2022-09-09T09:19:30,384","container":"e6e5fbd3b8ec","level":"INFO","thread":"EthScheduler-Timer-0","class":"FullSyncTargetManager","message":"No sync target, waiting for peers. Current peers: 2","throwable":""}
{"timestamp":"2022-09-09T09:19:35,392","container":"e6e5fbd3b8ec","level":"INFO","thread":"EthScheduler-Timer-0","class":"FullSyncTargetManager","message":"No sync target, waiting for peers. Current peers: 2","throwable":""}
{"timestamp":"2022-09-09T09:19:40,404","container":"e6e5fbd3b8ec","level":"INFO","thread":"EthScheduler-Timer-0","class":"FullSyncTargetManager","message":"No sync target, waiting for peers. Current peers: 2","throwable":""}
{"timestamp":"2022-09-09T09:19:45,423","container":"e6e5fbd3b8ec","level":"INFO","thread":"EthScheduler-Timer-0","class":"FullSyncTargetManager","message":"No sync target, waiting for peers. Current peers: 2","throwable":""}
{"timestamp":"2022-09-09T09:19:50,441","container":"e6e5fbd3b8ec","level":"INFO","thread":"EthScheduler-Timer-0","class":"FullSyncTargetManager","message":"No sync target, waiting for peers. Current peers: 2","throwable":""}
{"timestamp":"2022-09-09T09:19:55,458","container":"e6e5fbd3b8ec","level":"INFO","thread":"EthScheduler-Timer-0","class":"FullSyncTargetManager","message":"No sync target, waiting for peers. Current peers: 2","throwable":""}
{"timestamp":"2022-09-09T09:20:00,482","container":"e6e5fbd3b8ec","level":"INFO","thread":"EthScheduler-Timer-0","class":"FullSyncTargetManager","message":"No sync target, waiting for peers. Current peers: 2","throwable":""}
{"timestamp":"2022-09-09T09:20:05,501","container":"e6e5fbd3b8ec","level":"INFO","thread":"EthScheduler-Timer-0","class":"FullSyncTargetManager","message":"No sync target, waiting for peers. Current peers: 2","throwable":""}
{"timestamp":"2022-09-09T09:20:10,528","container":"e6e5fbd3b8ec","level":"INFO","thread":"EthScheduler-Timer-0","class":"FullSyncTargetManager","message":"No sync target, waiting for peers. Current peers: 2","throwable":""}
{"timestamp":"2022-09-09T09:20:15,547","container":"e6e5fbd3b8ec","level":"INFO","thread":"EthScheduler-Timer-0","class":"FullSyncTargetManager","message":"No sync target, waiting for peers. Current peers: 2","throwable":""}
{"timestamp":"2022-09-09T09:20:20,583","container":"e6e5fbd3b8ec","level":"INFO","thread":"EthScheduler-Timer-0","class":"FullSyncTargetManager","message":"No sync target, waiting for peers. Current peers: 2","throwable":""}
{"timestamp":"2022-09-09T09:20:25,612","container":"e6e5fbd3b8ec","level":"INFO","thread":"EthScheduler-Timer-0","class":"FullSyncTargetManager","message":"No sync target, waiting for peers. Current peers: 2","throwable":""}
{"timestamp":"2022-09-09T09:20:30,628","container":"e6e5fbd3b8ec","level":"INFO","thread":"EthScheduler-Timer-0","class":"FullSyncTargetManager","message":"No sync target, waiting for peers. Current peers: 2","throwable":""}
{"timestamp":"2022-09-09T09:20:35,656","container":"e6e5fbd3b8ec","level":"INFO","thread":"EthScheduler-Timer-0","class":"FullSyncTargetManager","message":"No sync target, waiting for peers. Current peers: 2","throwable":""}
{"timestamp":"2022-09-09T09:20:40,677","container":"e6e5fbd3b8ec","level":"INFO","thread":"EthScheduler-Timer-0","class":"FullSyncTargetManager","message":"No sync target, waiting for peers. Current peers: 2","throwable":""}
{"timestamp":"2022-09-09T09:20:45,705","container":"e6e5fbd3b8ec","level":"INFO","thread":"EthScheduler-Timer-0","class":"FullSyncTargetManager","message":"No sync target, waiting for peers. Current peers: 2","throwable":""}
{"timestamp":"2022-09-09T09:20:50,716","container":"e6e5fbd3b8ec","level":"INFO","thread":"EthScheduler-Timer-0","class":"FullSyncTargetManager","message":"No sync target, waiting for peers. Current peers: 2","throwable":""}
{"timestamp":"2022-09-09T09:20:55,750","container":"e6e5fbd3b8ec","level":"INFO","thread":"EthScheduler-Timer-0","class":"FullSyncTargetManager","message":"No sync target, waiting for peers. Current peers: 2","throwable":""}
{"timestamp":"2022-09-09T09:21:00,756","container":"e6e5fbd3b8ec","level":"INFO","thread":"EthScheduler-Timer-0","class":"FullSyncTargetManager","message":"No sync target, waiting for peers. Current peers: 2","throwable":""}
{"timestamp":"2022-09-09T09:21:05,846","container":"e6e5fbd3b8ec","level":"INFO","thread":"EthScheduler-Timer-0","class":"FullSyncTargetManager","message":"No sync target, waiting for peers. Current peers: 2","throwable":""}
{"timestamp":"2022-09-09T09:21:10,987","container":"e6e5fbd3b8ec","level":"INFO","thread":"EthScheduler-Timer-0","class":"FullSyncTargetManager","message":"No sync target, waiting for peers. Current peers: 2","throwable":""}
{"timestamp":"2022-09-09T09:21:16,017","container":"e6e5fbd3b8ec","level":"INFO","thread":"EthScheduler-Timer-0","class":"FullSyncTargetManager","message":"No sync target, waiting for peers. Current peers: 2","throwable":""}
{"timestamp":"2022-09-09T09:21:21,061","container":"e6e5fbd3b8ec","level":"INFO","thread":"EthScheduler-Timer-0","class":"FullSyncTargetManager","message":"No sync target, waiting for peers. Current peers: 2","throwable":""}
{"timestamp":"2022-09-09T09:21:26,073","container":"e6e5fbd3b8ec","level":"INFO","thread":"EthScheduler-Timer-0","class":"FullSyncTargetManager","message":"No sync target, waiting for peers. Current peers: 2","throwable":""}
{"timestamp":"2022-09-09T09:21:31,091","container":"e6e5fbd3b8ec","level":"INFO","thread":"EthScheduler-Timer-0","class":"FullSyncTargetManager","message":"No sync target, waiting for peers. Current peers: 2","throwable":""}
{"timestamp":"2022-09-09T09:21:36,114","container":"e6e5fbd3b8ec","level":"INFO","thread":"EthScheduler-Timer-0","class":"FullSyncTargetManager","message":"No sync target, waiting for peers. Current peers: 2","throwable":""}
{"timestamp":"2022-09-09T09:21:41,131","container":"e6e5fbd3b8ec","level":"INFO","thread":"EthScheduler-Timer-0","class":"FullSyncTargetManager","message":"No sync target, waiting for peers. Current peers: 2","throwable":""}
{"timestamp":"2022-09-09T09:21:46,159","container":"e6e5fbd3b8ec","level":"INFO","thread":"EthScheduler-Timer-0","class":"FullSyncTargetManager","message":"No sync target, waiting for peers. Current peers: 2","throwable":""}
{"timestamp":"2022-09-09T09:21:51,171","container":"e6e5fbd3b8ec","level":"INFO","thread":"EthScheduler-Timer-0","class":"FullSyncTargetManager","message":"No sync target, waiting for peers. Current peers: 2","throwable":""}
{"timestamp":"2022-09-09T09:21:56,176","container":"e6e5fbd3b8ec","level":"INFO","thread":"EthScheduler-Timer-0","class":"FullSyncTargetManager","message":"No sync target, waiting for peers. Current peers: 2","throwable":""}
{"timestamp":"2022-09-09T09:22:01,185","container":"e6e5fbd3b8ec","level":"INFO","thread":"EthScheduler-Timer-0","class":"FullSyncTargetManager","message":"No sync target, waiting for peers. Current peers: 2","throwable":""}
{"timestamp":"2022-09-09T09:22:06,203","container":"e6e5fbd3b8ec","level":"INFO","thread":"EthScheduler-Timer-0","class":"FullSyncTargetManager","message":"No sync target, waiting for peers. Current peers: 2","throwable":""}
{"timestamp":"2022-09-09T09:22:11,240","container":"e6e5fbd3b8ec","level":"INFO","thread":"EthScheduler-Timer-0","class":"FullSyncTargetManager","message":"No sync target, waiting for peers. Current peers: 2","throwable":""}
{"timestamp":"2022-09-09T09:22:16,265","container":"e6e5fbd3b8ec","level":"INFO","thread":"EthScheduler-Timer-0","class":"FullSyncTargetManager","message":"No sync target, waiting for peers. Current peers: 2","throwable":""}
{"timestamp":"2022-09-09T09:22:21,278","container":"e6e5fbd3b8ec","level":"INFO","thread":"EthScheduler-Timer-0","class":"FullSyncTargetManager","message":"No sync target, waiting for peers. Current peers: 2","throwable":""}
{"timestamp":"2022-09-09T09:22:26,301","container":"e6e5fbd3b8ec","level":"INFO","thread":"EthScheduler-Timer-0","class":"FullSyncTargetManager","message":"No sync target, waiting for peers. Current peers: 2","throwable":""}
{"timestamp":"2022-09-09T09:22:31,318","container":"e6e5fbd3b8ec","level":"INFO","thread":"EthScheduler-Timer-0","class":"FullSyncTargetManager","message":"No sync target, waiting for peers. Current peers: 2","throwable":""}
{"timestamp":"2022-09-09T09:22:36,342","container":"e6e5fbd3b8ec","level":"INFO","thread":"EthScheduler-Timer-0","class":"FullSyncTargetManager","message":"No sync target, waiting for peers. Current peers: 2","throwable":""}
{"timestamp":"2022-09-09T09:22:41,360","container":"e6e5fbd3b8ec","level":"INFO","thread":"EthScheduler-Timer-0","class":"FullSyncTargetManager","message":"No sync target, waiting for peers. Current peers: 2","throwable":""}
{"timestamp":"2022-09-09T09:22:46,378","container":"e6e5fbd3b8ec","level":"INFO","thread":"EthScheduler-Timer-0","class":"FullSyncTargetManager","message":"No sync target, waiting for peers. Current peers: 2","throwable":""}
{"timestamp":"2022-09-09T09:22:51,394","container":"e6e5fbd3b8ec","level":"INFO","thread":"EthScheduler-Timer-0","class":"FullSyncTargetManager","message":"No sync target, waiting for peers. Current peers: 2","throwable":""}
{"timestamp":"2022-09-09T09:22:56,417","container":"e6e5fbd3b8ec","level":"INFO","thread":"EthScheduler-Timer-0","class":"FullSyncTargetManager","message":"No sync target, waiting for peers. Current peers: 2","throwable":""}
{"timestamp":"2022-09-09T09:23:01,433","container":"e6e5fbd3b8ec","level":"INFO","thread":"EthScheduler-Timer-0","class":"FullSyncTargetManager","message":"No sync target, waiting for peers. Current peers: 2","throwable":""}
{"timestamp":"2022-09-09T09:23:06,448","container":"e6e5fbd3b8ec","level":"INFO","thread":"EthScheduler-Timer-0","class":"FullSyncTargetManager","message":"No sync target, waiting for peers. Current peers: 2","throwable":""}
{"timestamp":"2022-09-09T09:23:11,457","container":"e6e5fbd3b8ec","level":"INFO","thread":"EthScheduler-Timer-0","class":"FullSyncTargetManager","message":"No sync target, waiting for peers. Current peers: 2","throwable":""}
{"timestamp":"2022-09-09T09:23:16,463","container":"e6e5fbd3b8ec","level":"INFO","thread":"EthScheduler-Timer-0","class":"FullSyncTargetManager","message":"No sync target, waiting for peers. Current peers: 2","throwable":""}
{"timestamp":"2022-09-09T09:23:21,575","container":"e6e5fbd3b8ec","level":"INFO","thread":"EthScheduler-Timer-0","class":"FullSyncTargetManager","message":"No sync target, waiting for peers. Current peers: 2","throwable":""}
{"timestamp":"2022-09-09T09:23:26,649","container":"e6e5fbd3b8ec","level":"INFO","thread":"EthScheduler-Timer-0","class":"FullSyncTargetManager","message":"No sync target, waiting for peers. Current peers: 2","throwable":""}
{"timestamp":"2022-09-09T09:23:31,690","container":"e6e5fbd3b8ec","level":"INFO","thread":"EthScheduler-Timer-0","class":"FullSyncTargetManager","message":"No sync target, waiting for peers. Current peers: 2","throwable":""}
{"timestamp":"2022-09-09T09:23:36,735","container":"e6e5fbd3b8ec","level":"INFO","thread":"EthScheduler-Timer-0","class":"FullSyncTargetManager","message":"No sync target, waiting for peers. Current peers: 2","throwable":""}
{"timestamp":"2022-09-09T09:23:41,785","container":"e6e5fbd3b8ec","level":"INFO","thread":"EthScheduler-Timer-0","class":"FullSyncTargetManager","message":"No sync target, waiting for peers. Current peers: 2","throwable":""}
{"timestamp":"2022-09-09T09:23:46,854","container":"e6e5fbd3b8ec","level":"INFO","thread":"EthScheduler-Timer-0","class":"FullSyncTargetManager","message":"No sync target, waiting for peers. Current peers: 2","throwable":""}
{"timestamp":"2022-09-09T09:23:51,930","container":"e6e5fbd3b8ec","level":"INFO","thread":"EthScheduler-Timer-0","class":"FullSyncTargetManager","message":"No sync target, waiting for peers. Current peers: 2","throwable":""}
{"timestamp":"2022-09-09T09:23:56,938","container":"e6e5fbd3b8ec","level":"INFO","thread":"EthScheduler-Timer-0","class":"FullSyncTargetManager","message":"No sync target, waiting for peers. Current peers: 2","throwable":""}
{"timestamp":"2022-09-09T09:24:01,951","container":"e6e5fbd3b8ec","level":"INFO","thread":"EthScheduler-Timer-0","class":"FullSyncTargetManager","message":"No sync target, waiting for peers. Current peers: 2","throwable":""}
{"timestamp":"2022-09-09T09:24:07,003","container":"e6e5fbd3b8ec","level":"INFO","thread":"EthScheduler-Timer-0","class":"FullSyncTargetManager","message":"No sync target, waiting for peers. Current peers: 2","throwable":""}
{"timestamp":"2022-09-09T09:24:12,021","container":"e6e5fbd3b8ec","level":"INFO","thread":"EthScheduler-Timer-0","class":"FullSyncTargetManager","message":"No sync target, waiting for peers. Current peers: 2","throwable":""}
{"timestamp":"2022-09-09T09:24:17,041","container":"e6e5fbd3b8ec","level":"INFO","thread":"EthScheduler-Timer-0","class":"FullSyncTargetManager","message":"No sync target, waiting for peers. Current peers: 2","throwable":""}
{"timestamp":"2022-09-09T09:24:22,091","container":"e6e5fbd3b8ec","level":"INFO","thread":"EthScheduler-Timer-0","class":"FullSyncTargetManager","message":"No sync target, waiting for peers. Current peers: 2","throwable":""}
{"timestamp":"2022-09-09T09:24:27,116","container":"e6e5fbd3b8ec","level":"INFO","thread":"EthScheduler-Timer-0","class":"FullSyncTargetManager","message":"No sync target, waiting for peers. Current peers: 2","throwable":""}
{"timestamp":"2022-09-09T09:24:32,136","container":"e6e5fbd3b8ec","level":"INFO","thread":"EthScheduler-Timer-0","class":"FullSyncTargetManager","message":"No sync target, waiting for peers. Current peers: 2","throwable":""}
{"timestamp":"2022-09-09T09:24:37,150","container":"e6e5fbd3b8ec","level":"INFO","thread":"EthScheduler-Timer-0","class":"FullSyncTargetManager","message":"No sync target, waiting for peers. Current peers: 2","throwable":""}
{"timestamp":"2022-09-09T09:24:42,166","container":"e6e5fbd3b8ec","level":"INFO","thread":"EthScheduler-Timer-0","class":"FullSyncTargetManager","message":"No sync target, waiting for peers. Current peers: 2","throwable":""}
{"timestamp":"2022-09-09T09:24:47,188","container":"e6e5fbd3b8ec","level":"INFO","thread":"EthScheduler-Timer-0","class":"FullSyncTargetManager","message":"No sync target, waiting for peers. Current peers: 2","throwable":""}
{"timestamp":"2022-09-09T09:24:52,226","container":"e6e5fbd3b8ec","level":"INFO","thread":"EthScheduler-Timer-0","class":"FullSyncTargetManager","message":"No sync target, waiting for peers. Current peers: 2","throwable":""}
{"timestamp":"2022-09-09T09:24:57,313","container":"e6e5fbd3b8ec","level":"INFO","thread":"EthScheduler-Timer-0","class":"FullSyncTargetManager","message":"No sync target, waiting for peers. Current peers: 2","throwable":""}
{"timestamp":"2022-09-09T09:25:02,338","container":"e6e5fbd3b8ec","level":"INFO","thread":"EthScheduler-Timer-0","class":"FullSyncTargetManager","message":"No sync target, waiting for peers. Current peers: 2","throwable":""}
{"timestamp":"2022-09-09T09:25:07,383","container":"e6e5fbd3b8ec","level":"INFO","thread":"EthScheduler-Timer-0","class":"FullSyncTargetManager","message":"No sync target, waiting for peers. Current peers: 2","throwable":""}
{"timestamp":"2022-09-09T09:25:12,394","container":"e6e5fbd3b8ec","level":"INFO","thread":"EthScheduler-Timer-0","class":"FullSyncTargetManager","message":"No sync target, waiting for peers. Current peers: 2","throwable":""}
{"timestamp":"2022-09-09T09:25:17,411","container":"e6e5fbd3b8ec","level":"INFO","thread":"EthScheduler-Timer-0","class":"FullSyncTargetManager","message":"No sync target, waiting for peers. Current peers: 2","throwable":""}
{"timestamp":"2022-09-09T09:25:22,428","container":"e6e5fbd3b8ec","level":"INFO","thread":"EthScheduler-Timer-0","class":"FullSyncTargetManager","message":"No sync target, waiting for peers. Current peers: 2","throwable":""}
{"timestamp":"2022-09-09T09:25:27,437","container":"e6e5fbd3b8ec","level":"INFO","thread":"EthScheduler-Timer-0","class":"FullSyncTargetManager","message":"No sync target, waiting for peers. Current peers: 2","throwable":""}
{"timestamp":"2022-09-09T09:25:32,435","container":"e6e5fbd3b8ec","level":"INFO","thread":"EthScheduler-Timer-0","class":"FullSyncTargetManager","message":"No sync target, waiting for peers. Current peers: 2","throwable":""}
{"timestamp":"2022-09-09T09:25:37,447","container":"e6e5fbd3b8ec","level":"INFO","thread":"EthScheduler-Timer-0","class":"FullSyncTargetManager","message":"No sync target, waiting for peers. Current peers: 2","throwable":""}
{"timestamp":"2022-09-09T09:25:42,455","container":"e6e5fbd3b8ec","level":"INFO","thread":"EthScheduler-Timer-0","class":"FullSyncTargetManager","message":"No sync target, waiting for peers. Current peers: 2","throwable":""}
{"timestamp":"2022-09-09T09:25:47,464","container":"e6e5fbd3b8ec","level":"INFO","thread":"EthScheduler-Timer-0","class":"FullSyncTargetManager","message":"No sync target, waiting for peers. Current peers: 2","throwable":""}
{"timestamp":"2022-09-09T09:25:52,482","container":"e6e5fbd3b8ec","level":"INFO","thread":"EthScheduler-Timer-0","class":"FullSyncTargetManager","message":"No sync target, waiting for peers. Current peers: 2","throwable":""}
{"timestamp":"2022-09-09T09:25:57,492","container":"e6e5fbd3b8ec","level":"INFO","thread":"EthScheduler-Timer-0","class":"FullSyncTargetManager","message":"No sync target, waiting for peers. Current peers: 2","throwable":""}
{"timestamp":"2022-09-09T09:26:02,502","container":"e6e5fbd3b8ec","level":"INFO","thread":"EthScheduler-Timer-0","class":"FullSyncTargetManager","message":"No sync target, waiting for peers. Current peers: 2","throwable":""}
{"timestamp":"2022-09-09T09:26:07,518","container":"e6e5fbd3b8ec","level":"INFO","thread":"EthScheduler-Timer-0","class":"FullSyncTargetManager","message":"No sync target, waiting for peers. Current peers: 2","throwable":""}
{"timestamp":"2022-09-09T09:26:12,554","container":"e6e5fbd3b8ec","level":"INFO","thread":"EthScheduler-Timer-0","class":"FullSyncTargetManager","message":"No sync target, waiting for peers. Current peers: 2","throwable":""}
{"timestamp":"2022-09-09T09:26:17,616","container":"e6e5fbd3b8ec","level":"INFO","thread":"EthScheduler-Timer-0","class":"FullSyncTargetManager","message":"No sync target, waiting for peers. Current peers: 2","throwable":""}
{"timestamp":"2022-09-09T09:26:22,662","container":"e6e5fbd3b8ec","level":"INFO","thread":"EthScheduler-Timer-0","class":"FullSyncTargetManager","message":"No sync target, waiting for peers. Current peers: 2","throwable":""}
{"timestamp":"2022-09-09T09:26:23,232","container":"e6e5fbd3b8ec","level":"INFO","thread":"nioEventLoopGroup-3-6","class":"FullSyncTargetManager","message":"No sync target, waiting for peers. Current peers: 3","throwable":""}
{"timestamp":"2022-09-09T09:26:28,274","container":"e6e5fbd3b8ec","level":"INFO","thread":"EthScheduler-Timer-0","class":"FullSyncTargetManager","message":"No sync target, waiting for peers. Current peers: 3","throwable":""}
{"timestamp":"2022-09-09T09:26:33,309","container":"e6e5fbd3b8ec","level":"INFO","thread":"EthScheduler-Timer-0","class":"FullSyncTargetManager","message":"No sync target, waiting for peers. Current peers: 3","throwable":""}
{"timestamp":"2022-09-09T09:26:38,315","container":"e6e5fbd3b8ec","level":"INFO","thread":"EthScheduler-Timer-0","class":"FullSyncTargetManager","message":"No sync target, waiting for peers. Current peers: 3","throwable":""}
{"timestamp":"2022-09-09T09:26:43,324","container":"e6e5fbd3b8ec","level":"INFO","thread":"EthScheduler-Timer-0","class":"FullSyncTargetManager","message":"No sync target, waiting for peers. Current peers: 3","throwable":""}
{"timestamp":"2022-09-09T09:26:48,338","container":"e6e5fbd3b8ec","level":"INFO","thread":"EthScheduler-Timer-0","class":"FullSyncTargetManager","message":"No sync target, waiting for peers. Current peers: 3","throwable":""}
{"timestamp":"2022-09-09T09:26:53,375","container":"e6e5fbd3b8ec","level":"INFO","thread":"EthScheduler-Timer-0","class":"FullSyncTargetManager","message":"No sync target, waiting for peers. Current peers: 3","throwable":""}
{"timestamp":"2022-09-09T09:26:58,390","container":"e6e5fbd3b8ec","level":"INFO","thread":"EthScheduler-Timer-0","class":"FullSyncTargetManager","message":"No sync target, waiting for peers. Current peers: 3","throwable":""}
{"timestamp":"2022-09-09T09:27:03,406","container":"e6e5fbd3b8ec","level":"INFO","thread":"EthScheduler-Timer-0","class":"FullSyncTargetManager","message":"No sync target, waiting for peers. Current peers: 3","throwable":""}
{"timestamp":"2022-09-09T09:27:08,419","container":"e6e5fbd3b8ec","level":"INFO","thread":"EthScheduler-Timer-0","class":"FullSyncTargetManager","message":"No sync target, waiting for peers. Current peers: 3","throwable":""}
{"timestamp":"2022-09-09T09:27:13,426","container":"e6e5fbd3b8ec","level":"INFO","thread":"EthScheduler-Timer-0","class":"FullSyncTargetManager","message":"No sync target, waiting for peers. Current peers: 3","throwable":""}
{"timestamp":"2022-09-09T09:27:18,453","container":"e6e5fbd3b8ec","level":"INFO","thread":"EthScheduler-Timer-0","class":"FullSyncTargetManager","message":"No sync target, waiting for peers. Current peers: 3","throwable":""}
{"timestamp":"2022-09-09T09:27:23,463","container":"e6e5fbd3b8ec","level":"INFO","thread":"EthScheduler-Timer-0","class":"FullSyncTargetManager","message":"No sync target, waiting for peers. Current peers: 3","throwable":""}
{"timestamp":"2022-09-09T09:27:28,500","container":"e6e5fbd3b8ec","level":"INFO","thread":"EthScheduler-Timer-0","class":"FullSyncTargetManager","message":"No sync target, waiting for peers. Current peers: 3","throwable":""}
{"timestamp":"2022-09-09T09:27:33,525","container":"e6e5fbd3b8ec","level":"INFO","thread":"EthScheduler-Timer-0","class":"FullSyncTargetManager","message":"No sync target, waiting for peers. Current peers: 3","throwable":""}
{"timestamp":"2022-09-09T09:27:38,547","container":"e6e5fbd3b8ec","level":"INFO","thread":"EthScheduler-Timer-0","class":"FullSyncTargetManager","message":"No sync target, waiting for peers. Current peers: 3","throwable":""}
{"timestamp":"2022-09-09T09:27:43,580","container":"e6e5fbd3b8ec","level":"INFO","thread":"EthScheduler-Timer-0","class":"FullSyncTargetManager","message":"No sync target, waiting for peers. Current peers: 3","throwable":""}
{"timestamp":"2022-09-09T09:27:48,621","container":"e6e5fbd3b8ec","level":"INFO","thread":"EthScheduler-Timer-0","class":"FullSyncTargetManager","message":"No sync target, waiting for peers. Current peers: 3","throwable":""}
{"timestamp":"2022-09-09T09:27:53,651","container":"e6e5fbd3b8ec","level":"INFO","thread":"EthScheduler-Timer-0","class":"FullSyncTargetManager","message":"No sync target, waiting for peers. Current peers: 3","throwable":""}
{"timestamp":"2022-09-09T09:27:58,674","container":"e6e5fbd3b8ec","level":"INFO","thread":"EthScheduler-Timer-0","class":"FullSyncTargetManager","message":"No sync target, waiting for peers. Current peers: 3","throwable":""}
{"timestamp":"2022-09-09T09:28:03,713","container":"e6e5fbd3b8ec","level":"INFO","thread":"EthScheduler-Timer-0","class":"FullSyncTargetManager","message":"No sync target, waiting for peers. Current peers: 3","throwable":""}
{"timestamp":"2022-09-09T09:28:09,751","container":"e6e5fbd3b8ec","level":"INFO","thread":"EthScheduler-Timer-0","class":"FullSyncTargetManager","message":"No sync target, waiting for peers. Current peers: 3","throwable":""}
{"timestamp":"2022-09-09T09:28:14,856","container":"e6e5fbd3b8ec","level":"INFO","thread":"EthScheduler-Timer-0","class":"FullSyncTargetManager","message":"No sync target, waiting for peers. Current peers: 3","throwable":""}
{"timestamp":"2022-09-09T09:28:19,878","container":"e6e5fbd3b8ec","level":"INFO","thread":"EthScheduler-Timer-0","class":"FullSyncTargetManager","message":"No sync target, waiting for peers. Current peers: 3","throwable":""}
{"timestamp":"2022-09-09T09:28:24,894","container":"e6e5fbd3b8ec","level":"INFO","thread":"EthScheduler-Timer-0","class":"FullSyncTargetManager","message":"No sync target, waiting for peers. Current peers: 3","throwable":""}
{"timestamp":"2022-09-09T09:28:29,928","container":"e6e5fbd3b8ec","level":"INFO","thread":"EthScheduler-Timer-0","class":"FullSyncTargetManager","message":"No sync target, waiting for peers. Current peers: 3","throwable":""}
{"timestamp":"2022-09-09T09:28:34,943","container":"e6e5fbd3b8ec","level":"INFO","thread":"EthScheduler-Timer-0","class":"FullSyncTargetManager","message":"No sync target, waiting for peers. Current peers: 3","throwable":""}
{"timestamp":"2022-09-09T09:28:39,983","container":"e6e5fbd3b8ec","level":"INFO","thread":"EthScheduler-Timer-0","class":"FullSyncTargetManager","message":"No sync target, waiting for peers. Current peers: 3","throwable":""}
{"timestamp":"2022-09-09T09:28:44,999","container":"e6e5fbd3b8ec","level":"INFO","thread":"EthScheduler-Timer-0","class":"FullSyncTargetManager","message":"No sync target, waiting for peers. Current peers: 3","throwable":""}
{"timestamp":"2022-09-09T09:28:50,018","container":"e6e5fbd3b8ec","level":"INFO","thread":"EthScheduler-Timer-0","class":"FullSyncTargetManager","message":"No sync target, waiting for peers. Current peers: 3","throwable":""}
{"timestamp":"2022-09-09T09:28:55,037","container":"e6e5fbd3b8ec","level":"INFO","thread":"EthScheduler-Timer-0","class":"FullSyncTargetManager","message":"No sync target, waiting for peers. Current peers: 2","throwable":""}
{"timestamp":"2022-09-09T09:29:00,087","container":"e6e5fbd3b8ec","level":"INFO","thread":"EthScheduler-Timer-0","class":"FullSyncTargetManager","message":"No sync target, waiting for peers. Current peers: 2","throwable":""}
{"timestamp":"2022-09-09T09:29:05,120","container":"e6e5fbd3b8ec","level":"INFO","thread":"EthScheduler-Timer-0","class":"FullSyncTargetManager","message":"No sync target, waiting for peers. Current peers: 2","throwable":""}
{"timestamp":"2022-09-09T09:29:10,156","container":"e6e5fbd3b8ec","level":"INFO","thread":"EthScheduler-Timer-0","class":"FullSyncTargetManager","message":"No sync target, waiting for peers. Current peers: 2","throwable":""}
{"timestamp":"2022-09-09T09:29:15,191","container":"e6e5fbd3b8ec","level":"INFO","thread":"EthScheduler-Timer-0","class":"FullSyncTargetManager","message":"No sync target, waiting for peers. Current peers: 2","throwable":""}
{"timestamp":"2022-09-09T09:29:20,207","container":"e6e5fbd3b8ec","level":"INFO","thread":"EthScheduler-Timer-0","class":"FullSyncTargetManager","message":"No sync target, waiting for peers. Current peers: 2","throwable":""}
{"timestamp":"2022-09-09T09:29:20,457","container":"e6e5fbd3b8ec","level":"INFO","thread":"nioEventLoopGroup-3-9","class":"FullSyncTargetManager","message":"No sync target, waiting for peers. Current peers: 3","throwable":""}
{"timestamp":"2022-09-09T09:29:25,478","container":"e6e5fbd3b8ec","level":"INFO","thread":"EthScheduler-Timer-0","class":"FullSyncTargetManager","message":"No sync target, waiting for peers. Current peers: 3","throwable":""}
{"timestamp":"2022-09-09T09:29:30,489","container":"e6e5fbd3b8ec","level":"INFO","thread":"EthScheduler-Timer-0","class":"FullSyncTargetManager","message":"No sync target, waiting for peers. Current peers: 3","throwable":""}
{"timestamp":"2022-09-09T09:29:35,516","container":"e6e5fbd3b8ec","level":"INFO","thread":"EthScheduler-Timer-0","class":"FullSyncTargetManager","message":"No sync target, waiting for peers. Current peers: 3","throwable":""}
{"timestamp":"2022-09-09T09:29:40,538","container":"e6e5fbd3b8ec","level":"INFO","thread":"EthScheduler-Timer-0","class":"FullSyncTargetManager","message":"No sync target, waiting for peers. Current peers: 3","throwable":""}
{"timestamp":"2022-09-09T09:29:45,571","container":"e6e5fbd3b8ec","level":"INFO","thread":"EthScheduler-Timer-0","class":"FullSyncTargetManager","message":"No sync target, waiting for peers. Current peers: 3","throwable":""}
{"timestamp":"2022-09-09T09:29:50,579","container":"e6e5fbd3b8ec","level":"INFO","thread":"EthScheduler-Timer-0","class":"FullSyncTargetManager","message":"No sync target, waiting for peers. Current peers: 3","throwable":""}
{"timestamp":"2022-09-09T09:29:55,589","container":"e6e5fbd3b8ec","level":"INFO","thread":"EthScheduler-Timer-0","class":"FullSyncTargetManager","message":"No sync target, waiting for peers. Current peers: 3","throwable":""}
{"timestamp":"2022-09-09T09:30:00,605","container":"e6e5fbd3b8ec","level":"INFO","thread":"EthScheduler-Timer-0","class":"FullSyncTargetManager","message":"No sync target, waiting for peers. Current peers: 3","throwable":""}
{"timestamp":"2022-09-09T09:30:05,642","container":"e6e5fbd3b8ec","level":"INFO","thread":"EthScheduler-Timer-0","class":"FullSyncTargetManager","message":"No sync target, waiting for peers. Current peers: 3","throwable":""}
{"timestamp":"2022-09-09T09:30:10,665","container":"e6e5fbd3b8ec","level":"INFO","thread":"EthScheduler-Timer-0","class":"FullSyncTargetManager","message":"No sync target, waiting for peers. Current peers: 3","throwable":""}
{"timestamp":"2022-09-09T09:30:15,676","container":"e6e5fbd3b8ec","level":"INFO","thread":"EthScheduler-Timer-0","class":"FullSyncTargetManager","message":"No sync target, waiting for peers. Current peers: 3","throwable":""}
{"timestamp":"2022-09-09T09:30:20,691","container":"e6e5fbd3b8ec","level":"INFO","thread":"EthScheduler-Timer-0","class":"FullSyncTargetManager","message":"No sync target, waiting for peers. Current peers: 3","throwable":""}
{"timestamp":"2022-09-09T09:30:25,697","container":"e6e5fbd3b8ec","level":"INFO","thread":"EthScheduler-Timer-0","class":"FullSyncTargetManager","message":"No sync target, waiting for peers. Current peers: 3","throwable":""}
{"timestamp":"2022-09-09T09:30:30,706","container":"e6e5fbd3b8ec","level":"INFO","thread":"EthScheduler-Timer-0","class":"FullSyncTargetManager","message":"No sync target, waiting for peers. Current peers: 3","throwable":""}
{"timestamp":"2022-09-09T09:30:35,717","container":"e6e5fbd3b8ec","level":"INFO","thread":"EthScheduler-Timer-0","class":"FullSyncTargetManager","message":"No sync target, waiting for peers. Current peers: 3","throwable":""}
{"timestamp":"2022-09-09T09:30:40,730","container":"e6e5fbd3b8ec","level":"INFO","thread":"EthScheduler-Timer-0","class":"FullSyncTargetManager","message":"No sync target, waiting for peers. Current peers: 3","throwable":""}
{"timestamp":"2022-09-09T09:30:45,746","container":"e6e5fbd3b8ec","level":"INFO","thread":"EthScheduler-Timer-0","class":"FullSyncTargetManager","message":"No sync target, waiting for peers. Current peers: 3","throwable":""}
{"timestamp":"2022-09-09T09:30:50,756","container":"e6e5fbd3b8ec","level":"INFO","thread":"EthScheduler-Timer-0","class":"FullSyncTargetManager","message":"No sync target, waiting for peers. Current peers: 3","throwable":""}
{"timestamp":"2022-09-09T09:30:55,785","container":"e6e5fbd3b8ec","level":"INFO","thread":"EthScheduler-Timer-0","class":"FullSyncTargetManager","message":"No sync target, waiting for peers. Current peers: 3","throwable":""}
{"timestamp":"2022-09-09T09:31:00,820","container":"e6e5fbd3b8ec","level":"INFO","thread":"EthScheduler-Timer-0","class":"FullSyncTargetManager","message":"No sync target, waiting for peers. Current peers: 3","throwable":""}
{"timestamp":"2022-09-09T09:31:05,890","container":"e6e5fbd3b8ec","level":"INFO","thread":"EthScheduler-Timer-0","class":"FullSyncTargetManager","message":"No sync target, waiting for peers. Current peers: 3","throwable":""}
{"timestamp":"2022-09-09T09:31:10,925","container":"e6e5fbd3b8ec","level":"INFO","thread":"EthScheduler-Timer-0","class":"FullSyncTargetManager","message":"No sync target, waiting for peers. Current peers: 3","throwable":""}
{"timestamp":"2022-09-09T09:31:15,950","container":"e6e5fbd3b8ec","level":"INFO","thread":"EthScheduler-Timer-0","class":"FullSyncTargetManager","message":"No sync target, waiting for peers. Current peers: 3","throwable":""}
{"timestamp":"2022-09-09T09:31:20,959","container":"e6e5fbd3b8ec","level":"INFO","thread":"EthScheduler-Timer-0","class":"FullSyncTargetManager","message":"No sync target, waiting for peers. Current peers: 3","throwable":""}
{"timestamp":"2022-09-09T09:31:25,971","container":"e6e5fbd3b8ec","level":"INFO","thread":"EthScheduler-Timer-0","class":"FullSyncTargetManager","message":"No sync target, waiting for peers. Current peers: 3","throwable":""}
{"timestamp":"2022-09-09T09:31:30,980","container":"e6e5fbd3b8ec","level":"INFO","thread":"EthScheduler-Timer-0","class":"FullSyncTargetManager","message":"No sync target, waiting for peers. Current peers: 3","throwable":""}
{"timestamp":"2022-09-09T09:31:35,994","container":"e6e5fbd3b8ec","level":"INFO","thread":"EthScheduler-Timer-0","class":"FullSyncTargetManager","message":"No sync target, waiting for peers. Current peers: 3","throwable":""}
{"timestamp":"2022-09-09T09:31:41,008","container":"e6e5fbd3b8ec","level":"INFO","thread":"EthScheduler-Timer-0","class":"FullSyncTargetManager","message":"No sync target, waiting for peers. Current peers: 3","throwable":""}
{"timestamp":"2022-09-09T09:31:46,018","container":"e6e5fbd3b8ec","level":"INFO","thread":"EthScheduler-Timer-0","class":"FullSyncTargetManager","message":"No sync target, waiting for peers. Current peers: 3","throwable":""}
{"timestamp":"2022-09-09T09:31:51,030","container":"e6e5fbd3b8ec","level":"INFO","thread":"EthScheduler-Timer-0","class":"FullSyncTargetManager","message":"No sync target, waiting for peers. Current peers: 3","throwable":""}
{"timestamp":"2022-09-09T09:31:56,042","container":"e6e5fbd3b8ec","level":"INFO","thread":"EthScheduler-Timer-0","class":"FullSyncTargetManager","message":"No sync target, waiting for peers. Current peers: 3","throwable":""}
{"timestamp":"2022-09-09T09:32:01,061","container":"e6e5fbd3b8ec","level":"INFO","thread":"EthScheduler-Timer-0","class":"FullSyncTargetManager","message":"No sync target, waiting for peers. Current peers: 3","throwable":""}
{"timestamp":"2022-09-09T09:32:06,082","container":"e6e5fbd3b8ec","level":"INFO","thread":"EthScheduler-Timer-0","class":"FullSyncTargetManager","message":"No sync target, waiting for peers. Current peers: 3","throwable":""}
{"timestamp":"2022-09-09T09:32:11,099","container":"e6e5fbd3b8ec","level":"INFO","thread":"EthScheduler-Timer-0","class":"FullSyncTargetManager","message":"No sync target, waiting for peers. Current peers: 3","throwable":""}
{"timestamp":"2022-09-09T09:32:16,124","container":"e6e5fbd3b8ec","level":"INFO","thread":"EthScheduler-Timer-0","class":"FullSyncTargetManager","message":"No sync target, waiting for peers. Current peers: 3","throwable":""}
{"timestamp":"2022-09-09T09:32:21,155","container":"e6e5fbd3b8ec","level":"INFO","thread":"EthScheduler-Timer-0","class":"FullSyncTargetManager","message":"No sync target, waiting for peers. Current peers: 3","throwable":""}
{"timestamp":"2022-09-09T09:32:26,172","container":"e6e5fbd3b8ec","level":"INFO","thread":"EthScheduler-Timer-0","class":"FullSyncTargetManager","message":"No sync target, waiting for peers. Current peers: 3","throwable":""}
{"timestamp":"2022-09-09T09:32:31,180","container":"e6e5fbd3b8ec","level":"INFO","thread":"EthScheduler-Timer-0","class":"FullSyncTargetManager","message":"No sync target, waiting for peers. Current peers: 3","throwable":""}
{"timestamp":"2022-09-09T09:32:36,184","container":"e6e5fbd3b8ec","level":"INFO","thread":"EthScheduler-Timer-0","class":"FullSyncTargetManager","message":"No sync target, waiting for peers. Current peers: 3","throwable":""}
{"timestamp":"2022-09-09T09:32:41,192","container":"e6e5fbd3b8ec","level":"INFO","thread":"EthScheduler-Timer-0","class":"FullSyncTargetManager","message":"No sync target, waiting for peers. Current peers: 3","throwable":""}
{"timestamp":"2022-09-09T09:32:46,221","container":"e6e5fbd3b8ec","level":"INFO","thread":"EthScheduler-Timer-0","class":"FullSyncTargetManager","message":"No sync target, waiting for peers. Current peers: 3","throwable":""}
{"timestamp":"2022-09-09T09:32:51,234","container":"e6e5fbd3b8ec","level":"INFO","thread":"EthScheduler-Timer-0","class":"FullSyncTargetManager","message":"No sync target, waiting for peers. Current peers: 3","throwable":""}
{"timestamp":"2022-09-09T09:32:56,246","container":"e6e5fbd3b8ec","level":"INFO","thread":"EthScheduler-Timer-0","class":"FullSyncTargetManager","message":"No sync target, waiting for peers. Current peers: 3","throwable":""}
{"timestamp":"2022-09-09T09:33:01,265","container":"e6e5fbd3b8ec","level":"INFO","thread":"EthScheduler-Timer-0","class":"FullSyncTargetManager","message":"No sync target, waiting for peers. Current peers: 3","throwable":""}
{"timestamp":"2022-09-09T09:33:06,288","container":"e6e5fbd3b8ec","level":"INFO","thread":"EthScheduler-Timer-0","class":"FullSyncTargetManager","message":"No sync target, waiting for peers. Current peers: 3","throwable":""}
{"timestamp":"2022-09-09T09:33:11,299","container":"e6e5fbd3b8ec","level":"INFO","thread":"EthScheduler-Timer-0","class":"FullSyncTargetManager","message":"No sync target, waiting for peers. Current peers: 3","throwable":""}
{"timestamp":"2022-09-09T09:33:16,321","container":"e6e5fbd3b8ec","level":"INFO","thread":"EthScheduler-Timer-0","class":"FullSyncTargetManager","message":"No sync target, waiting for peers. Current peers: 3","throwable":""}
{"timestamp":"2022-09-09T09:33:21,332","container":"e6e5fbd3b8ec","level":"INFO","thread":"EthScheduler-Timer-0","class":"FullSyncTargetManager","message":"No sync target, waiting for peers. Current peers: 3","throwable":""}
{"timestamp":"2022-09-09T09:33:26,340","container":"e6e5fbd3b8ec","level":"INFO","thread":"EthScheduler-Timer-0","class":"FullSyncTargetManager","message":"No sync target, waiting for peers. Current peers: 3","throwable":""}
{"timestamp":"2022-09-09T09:33:31,344","container":"e6e5fbd3b8ec","level":"INFO","thread":"EthScheduler-Timer-0","class":"FullSyncTargetManager","message":"No sync target, waiting for peers. Current peers: 3","throwable":""}
{"timestamp":"2022-09-09T09:33:36,370","container":"e6e5fbd3b8ec","level":"INFO","thread":"EthScheduler-Timer-0","class":"FullSyncTargetManager","message":"No sync target, waiting for peers. Current peers: 3","throwable":""}
{"timestamp":"2022-09-09T09:33:41,390","container":"e6e5fbd3b8ec","level":"INFO","thread":"EthScheduler-Timer-0","class":"FullSyncTargetManager","message":"No sync target, waiting for peers. Current peers: 3","throwable":""}
{"timestamp":"2022-09-09T09:33:46,410","container":"e6e5fbd3b8ec","level":"INFO","thread":"EthScheduler-Timer-0","class":"FullSyncTargetManager","message":"No sync target, waiting for peers. Current peers: 3","throwable":""}
{"timestamp":"2022-09-09T09:33:51,437","container":"e6e5fbd3b8ec","level":"INFO","thread":"EthScheduler-Timer-0","class":"FullSyncTargetManager","message":"No sync target, waiting for peers. Current peers: 3","throwable":""}
{"timestamp":"2022-09-09T09:33:56,513","container":"e6e5fbd3b8ec","level":"INFO","thread":"EthScheduler-Timer-0","class":"FullSyncTargetManager","message":"No sync target, waiting for peers. Current peers: 3","throwable":""}
{"timestamp":"2022-09-09T09:34:01,581","container":"e6e5fbd3b8ec","level":"INFO","thread":"EthScheduler-Timer-0","class":"FullSyncTargetManager","message":"No sync target, waiting for peers. Current peers: 3","throwable":""}
{"timestamp":"2022-09-09T09:34:06,596","container":"e6e5fbd3b8ec","level":"INFO","thread":"EthScheduler-Timer-0","class":"FullSyncTargetManager","message":"No sync target, waiting for peers. Current peers: 3","throwable":""}
{"timestamp":"2022-09-09T09:34:11,628","container":"e6e5fbd3b8ec","level":"INFO","thread":"EthScheduler-Timer-0","class":"FullSyncTargetManager","message":"No sync target, waiting for peers. Current peers: 3","throwable":""}
{"timestamp":"2022-09-09T09:34:16,648","container":"e6e5fbd3b8ec","level":"INFO","thread":"EthScheduler-Timer-0","class":"FullSyncTargetManager","message":"No sync target, waiting for peers. Current peers: 3","throwable":""}
{"timestamp":"2022-09-09T09:34:21,693","container":"e6e5fbd3b8ec","level":"INFO","thread":"EthScheduler-Timer-0","class":"FullSyncTargetManager","message":"No sync target, waiting for peers. Current peers: 3","throwable":""}
{"timestamp":"2022-09-09T09:34:26,717","container":"e6e5fbd3b8ec","level":"INFO","thread":"EthScheduler-Timer-0","class":"FullSyncTargetManager","message":"No sync target, waiting for peers. Current peers: 3","throwable":""}
{"timestamp":"2022-09-09T09:34:31,778","container":"e6e5fbd3b8ec","level":"INFO","thread":"EthScheduler-Timer-0","class":"FullSyncTargetManager","message":"No sync target, waiting for peers. Current peers: 3","throwable":""}
{"timestamp":"2022-09-09T09:34:36,823","container":"e6e5fbd3b8ec","level":"INFO","thread":"EthScheduler-Timer-0","class":"FullSyncTargetManager","message":"No sync target, waiting for peers. Current peers: 3","throwable":""}
{"timestamp":"2022-09-09T09:34:41,832","container":"e6e5fbd3b8ec","level":"INFO","thread":"EthScheduler-Timer-0","class":"FullSyncTargetManager","message":"No sync target, waiting for peers. Current peers: 3","throwable":""}
{"timestamp":"2022-09-09T09:34:46,841","container":"e6e5fbd3b8ec","level":"INFO","thread":"EthScheduler-Timer-0","class":"FullSyncTargetManager","message":"No sync target, waiting for peers. Current peers: 3","throwable":""}
{"timestamp":"2022-09-09T09:34:51,918","container":"e6e5fbd3b8ec","level":"INFO","thread":"EthScheduler-Timer-0","class":"FullSyncTargetManager","message":"No sync target, waiting for peers. Current peers: 3","throwable":""}
{"timestamp":"2022-09-09T09:34:57,064","container":"e6e5fbd3b8ec","level":"INFO","thread":"EthScheduler-Timer-0","class":"FullSyncTargetManager","message":"No sync target, waiting for peers. Current peers: 3","throwable":""}
{"timestamp":"2022-09-09T09:35:02,163","container":"e6e5fbd3b8ec","level":"INFO","thread":"EthScheduler-Timer-0","class":"FullSyncTargetManager","message":"No sync target, waiting for peers. Current peers: 3","throwable":""}
{"timestamp":"2022-09-09T09:35:07,216","container":"e6e5fbd3b8ec","level":"INFO","thread":"EthScheduler-Timer-0","class":"FullSyncTargetManager","message":"No sync target, waiting for peers. Current peers: 3","throwable":""}
{"timestamp":"2022-09-09T09:35:12,278","container":"e6e5fbd3b8ec","level":"INFO","thread":"EthScheduler-Timer-0","class":"FullSyncTargetManager","message":"No sync target, waiting for peers. Current peers: 3","throwable":""}
{"timestamp":"2022-09-09T09:35:17,315","container":"e6e5fbd3b8ec","level":"INFO","thread":"EthScheduler-Timer-0","class":"FullSyncTargetManager","message":"No sync target, waiting for peers. Current peers: 3","throwable":""}
{"timestamp":"2022-09-09T09:35:22,342","container":"e6e5fbd3b8ec","level":"INFO","thread":"EthScheduler-Timer-0","class":"FullSyncTargetManager","message":"No sync target, waiting for peers. Current peers: 3","throwable":""}
{"timestamp":"2022-09-09T09:35:27,361","container":"e6e5fbd3b8ec","level":"INFO","thread":"EthScheduler-Timer-0","class":"FullSyncTargetManager","message":"No sync target, waiting for peers. Current peers: 3","throwable":""}
{"timestamp":"2022-09-09T09:35:32,387","container":"e6e5fbd3b8ec","level":"INFO","thread":"EthScheduler-Timer-0","class":"FullSyncTargetManager","message":"No sync target, waiting for peers. Current peers: 3","throwable":""}
{"timestamp":"2022-09-09T09:35:37,412","container":"e6e5fbd3b8ec","level":"INFO","thread":"EthScheduler-Timer-0","class":"FullSyncTargetManager","message":"No sync target, waiting for peers. Current peers: 3","throwable":""}
{"timestamp":"2022-09-09T09:35:42,418","container":"e6e5fbd3b8ec","level":"INFO","thread":"EthScheduler-Timer-0","class":"FullSyncTargetManager","message":"No sync target, waiting for peers. Current peers: 3","throwable":""}
{"timestamp":"2022-09-09T09:35:47,441","container":"e6e5fbd3b8ec","level":"INFO","thread":"EthScheduler-Timer-0","class":"FullSyncTargetManager","message":"No sync target, waiting for peers. Current peers: 3","throwable":""}
{"timestamp":"2022-09-09T09:35:52,565","container":"e6e5fbd3b8ec","level":"INFO","thread":"EthScheduler-Timer-0","class":"FullSyncTargetManager","message":"No sync target, waiting for peers. Current peers: 3","throwable":""}
{"timestamp":"2022-09-09T09:35:57,603","container":"e6e5fbd3b8ec","level":"INFO","thread":"EthScheduler-Timer-0","class":"FullSyncTargetManager","message":"No sync target, waiting for peers. Current peers: 3","throwable":""}
{"timestamp":"2022-09-09T09:36:02,629","container":"e6e5fbd3b8ec","level":"INFO","thread":"EthScheduler-Timer-0","class":"FullSyncTargetManager","message":"No sync target, waiting for peers. Current peers: 3","throwable":""}
{"timestamp":"2022-09-09T09:36:07,670","container":"e6e5fbd3b8ec","level":"INFO","thread":"EthScheduler-Timer-0","class":"FullSyncTargetManager","message":"No sync target, waiting for peers. Current peers: 3","throwable":""}
{"timestamp":"2022-09-09T09:36:12,746","container":"e6e5fbd3b8ec","level":"INFO","thread":"EthScheduler-Timer-0","class":"FullSyncTargetManager","message":"No sync target, waiting for peers. Current peers: 2","throwable":""}
{"timestamp":"2022-09-09T09:36:20,234","container":"e6e5fbd3b8ec","level":"INFO","thread":"EthScheduler-Timer-0","class":"FullSyncTargetManager","message":"No sync target, waiting for peers. Current peers: 2","throwable":""}
{"timestamp":"2022-09-09T09:36:25,625","container":"e6e5fbd3b8ec","level":"INFO","thread":"EthScheduler-Timer-0","class":"FullSyncTargetManager","message":"No sync target, waiting for peers. Current peers: 1","throwable":""}
{"timestamp":"2022-09-09T09:36:30,775","container":"e6e5fbd3b8ec","level":"INFO","thread":"EthScheduler-Timer-0","class":"FullSyncTargetManager","message":"No sync target, waiting for peers. Current peers: 1","throwable":""}
