{"timestamp":"2022-09-09T09:05:57,847","container":"9a298c63035d","level":"INFO","thread":"main","class":"Besu","message":"Using the Java implementation of alt bn128","throwable":""}
{"timestamp":"2022-09-09T09:05:57,850","container":"9a298c63035d","level":"INFO","thread":"main","class":"Besu","message":"Using the native implementation of the signature algorithm","throwable":""}
{"timestamp":"2022-09-09T09:05:57,856","container":"9a298c63035d","level":"INFO","thread":"main","class":"Besu","message":"Starting Besu version: besu/v22.7.1/linux-aarch_64/openjdk-java-11","throwable":""}
{"timestamp":"2022-09-09T09:05:57,998","container":"9a298c63035d","level":"WARN","thread":"main","class":"Besu","message":"--min-gas-price has been ignored because --miner-enabled was not defined on the command line.","throwable":""}
{"timestamp":"2022-09-09T09:05:58,136","container":"9a298c63035d","level":"WARN","thread":"main","class":"Besu","message":"--graphql-http-host has been ignored because --graphql-http-enabled was not defined on the command line.","throwable":""}
{"timestamp":"2022-09-09T09:05:58,139","container":"9a298c63035d","level":"WARN","thread":"main","class":"Besu","message":"--rpc-ws-host has been ignored because --rpc-ws-enabled was not defined on the command line.","throwable":""}
{"timestamp":"2022-09-09T09:05:58,142","container":"9a298c63035d","level":"INFO","thread":"main","class":"Besu","message":"Static Nodes file = /opt/besu/data/static-nodes.json","throwable":""}
{"timestamp":"2022-09-09T09:05:58,146","container":"9a298c63035d","level":"INFO","thread":"main","class":"StaticNodesParser","message":"StaticNodes file /opt/besu/data/static-nodes.json does not exist, no static connections will be created.","throwable":""}
{"timestamp":"2022-09-09T09:05:58,149","container":"9a298c63035d","level":"INFO","thread":"main","class":"Besu","message":"Connecting to 0 static nodes.","throwable":""}
{"timestamp":"2022-09-09T09:05:58,155","container":"9a298c63035d","level":"INFO","thread":"main","class":"Besu","message":"Security Module: localfile","throwable":""}
{"timestamp":"2022-09-09T09:05:58,190","container":"9a298c63035d","level":"INFO","thread":"main","class":"DatabaseMetadata","message":"Lookup database metadata file in data directory: /opt/besu/data","throwable":""}
{"timestamp":"2022-09-09T09:05:58,242","container":"9a298c63035d","level":"INFO","thread":"main","class":"RocksDBKeyValueStorageFactory","message":"Existing database detected at /opt/besu/data. Version 1","throwable":""}
{"timestamp":"2022-09-09T09:05:58,841","container":"9a298c63035d","level":"INFO","thread":"main","class":"KeyPairUtil","message":"Loaded public key 0x123b42b21c3583d9709369189bda705a9f5af66c77eca8ccc42fa3bb4a22b34bcfd69cd68d54e6470d27d24ffdf8b7942cbc34813bada57ef9f2b2f5fbe8b91b from /opt/besu/config/key","throwable":""}
{"timestamp":"2022-09-09T09:05:58,924","container":"9a298c63035d","level":"INFO","thread":"main","class":"AbstractAltBnPrecompiledContract","message":"Native alt bn128 not available","throwable":""}
{"timestamp":"2022-09-09T09:05:58,926","container":"9a298c63035d","level":"INFO","thread":"main","class":"AbstractAltBnPrecompiledContract","message":"Native alt bn128 not available","throwable":""}
{"timestamp":"2022-09-09T09:05:58,927","container":"9a298c63035d","level":"INFO","thread":"main","class":"AbstractAltBnPrecompiledContract","message":"Native alt bn128 not available","throwable":""}
{"timestamp":"2022-09-09T09:05:58,929","container":"9a298c63035d","level":"INFO","thread":"main","class":"AbstractAltBnPrecompiledContract","message":"Native alt bn128 not available","throwable":""}
{"timestamp":"2022-09-09T09:05:58,929","container":"9a298c63035d","level":"INFO","thread":"main","class":"AbstractAltBnPrecompiledContract","message":"Native alt bn128 not available","throwable":""}
{"timestamp":"2022-09-09T09:05:58,930","container":"9a298c63035d","level":"INFO","thread":"main","class":"AbstractAltBnPrecompiledContract","message":"Native alt bn128 not available","throwable":""}
{"timestamp":"2022-09-09T09:05:58,949","container":"9a298c63035d","level":"INFO","thread":"main","class":"ProtocolScheduleBuilder","message":"Protocol schedule created with milestones: [Berlin: 0]","throwable":""}
{"timestamp":"2022-09-09T09:05:59,025","container":"9a298c63035d","level":"INFO","thread":"main","class":"BesuControllerBuilder","message":"TTD difficulty is not present, creating initial sync phase for PoW","throwable":""}
{"timestamp":"2022-09-09T09:05:59,054","container":"9a298c63035d","level":"INFO","thread":"main","class":"RunnerBuilder","message":"Detecting NAT service.","throwable":""}
{"timestamp":"2022-09-09T09:05:59,118","container":"9a298c63035d","level":"INFO","thread":"main","class":"Runner","message":"Starting external services ... ","throwable":""}
{"timestamp":"2022-09-09T09:05:59,119","container":"9a298c63035d","level":"INFO","thread":"main","class":"JsonRpcHttpService","message":"Starting JSON-RPC service on 0.0.0.0:8545","throwable":""}
{"timestamp":"2022-09-09T09:05:59,190","container":"9a298c63035d","level":"INFO","thread":"vert.x-eventloop-thread-1","class":"JsonRpcHttpService","message":"JSON-RPC service started and listening on 0.0.0.0:8545","throwable":""}
{"timestamp":"2022-09-09T09:05:59,193","container":"9a298c63035d","level":"INFO","thread":"main","class":"AutoTransactionLogBloomCachingService","message":"Starting auto transaction log bloom caching service.","throwable":""}
{"timestamp":"2022-09-09T09:05:59,195","container":"9a298c63035d","level":"INFO","thread":"main","class":"LogBloomCacheMetadata","message":"Lookup cache metadata file in data directory: /opt/besu/data/caches","throwable":""}
{"timestamp":"2022-09-09T09:05:59,203","container":"9a298c63035d","level":"INFO","thread":"main","class":"Runner","message":"Starting Ethereum main loop ... ","throwable":""}
{"timestamp":"2022-09-09T09:05:59,204","container":"9a298c63035d","level":"INFO","thread":"main","class":"DockerNatManager","message":"Starting docker NAT manager.","throwable":""}
{"timestamp":"2022-09-09T09:05:59,227","container":"9a298c63035d","level":"INFO","thread":"main","class":"NetworkRunner","message":"Starting Network.","throwable":""}
{"timestamp":"2022-09-09T09:05:59,243","container":"9a298c63035d","level":"INFO","thread":"nioEventLoopGroup-2-1","class":"RlpxAgent","message":"P2P RLPx agent started and listening on /0.0.0.0:30303.","throwable":""}
{"timestamp":"2022-09-09T09:05:59,245","container":"9a298c63035d","level":"INFO","thread":"main","class":"PeerDiscoveryAgent","message":"Starting peer discovery agent on host=0.0.0.0, port=30303","throwable":""}
{"timestamp":"2022-09-09T09:05:59,268","container":"9a298c63035d","level":"INFO","thread":"vert.x-eventloop-thread-1","class":"VertxPeerDiscoveryAgent","message":"Started peer discovery agent successfully, on effective host=0.0.0.0 and port=30303","throwable":""}
{"timestamp":"2022-09-09T09:05:59,270","container":"9a298c63035d","level":"INFO","thread":"vert.x-eventloop-thread-1","class":"PeerDiscoveryAgent","message":"P2P peer discovery agent started and listening on /0.0.0.0:30303","throwable":""}
{"timestamp":"2022-09-09T09:05:59,310","container":"9a298c63035d","level":"INFO","thread":"vert.x-eventloop-thread-1","class":"PeerDiscoveryAgent","message":"Writing node record to disk. NodeRecord{seq=9, publicKey=0x03123b42b21c3583d9709369189bda705a9f5af66c77eca8ccc42fa3bb4a22b34b, udpAddress=Optional[/172.24.2.0:30303], tcpAddress=Optional[/172.24.2.0:30303], asBase64=-Je4QMjVvu5L1EnDxd69TaZgbz2aPLRMny9Jhhs1gVFBW8d5TRrkLEuHpLmyEuA_N1vfUy2_ZrKP_SUE3k1t4r9Ka08Jg2V0aMfGhDaNz9WAgmlkgnY0gmlwhKwYAgCJc2VjcDI1NmsxoQMSO0KyHDWD2XCTaRib2nBan1r2bHfsqMzEL6O7SiKzS4N0Y3CCdl-DdWRwgnZf, nodeId=0x034d65b01a6cf630ea02b90e2b881785b1e1ac781f3088ba455022367074c656, customFields={tcp=30303, udp=30303, ip=0xac180200, eth=[[0x368dcfd5, 0x]], id=V4, secp256k1=0x03123b42b21c3583d9709369189bda705a9f5af66c77eca8ccc42fa3bb4a22b34b}}","throwable":""}
{"timestamp":"2022-09-09T09:05:59,348","container":"9a298c63035d","level":"INFO","thread":"main","class":"DefaultP2PNetwork","message":"Enode URL enode://123b42b21c3583d9709369189bda705a9f5af66c77eca8ccc42fa3bb4a22b34bcfd69cd68d54e6470d27d24ffdf8b7942cbc34813bada57ef9f2b2f5fbe8b91b@172.24.2.0:30303","throwable":""}
{"timestamp":"2022-09-09T09:05:59,351","container":"9a298c63035d","level":"INFO","thread":"main","class":"DefaultP2PNetwork","message":"Node address 0x2b881785b1e1ac781f3088ba455022367074c656","throwable":""}
{"timestamp":"2022-09-09T09:05:59,354","container":"9a298c63035d","level":"INFO","thread":"main","class":"DefaultSynchronizer","message":"Starting synchronizer.","throwable":""}
{"timestamp":"2022-09-09T09:05:59,359","container":"9a298c63035d","level":"INFO","thread":"main","class":"FullSyncDownloader","message":"Starting full sync.","throwable":""}
{"timestamp":"2022-09-09T09:05:59,363","container":"9a298c63035d","level":"INFO","thread":"main","class":"FullSyncTargetManager","message":"No sync target, waiting for peers. Current peers: 0","throwable":""}
{"timestamp":"2022-09-09T09:05:59,392","container":"9a298c63035d","level":"INFO","thread":"main","class":"Runner","message":"Ethereum main loop is up.","throwable":""}
{"timestamp":"2022-09-09T09:06:03,395","container":"9a298c63035d","level":"INFO","thread":"BftProcessorExecutor-IBFT-0","class":"BftProcessor","message":"Shutting down BFT event processor","throwable":""}
{"timestamp":"2022-09-09T09:06:03,398","container":"9a298c63035d","level":"INFO","thread":"BesuCommand-Shutdown-Hook","class":"DefaultSynchronizer","message":"Stopping synchronizer","throwable":""}
{"timestamp":"2022-09-09T09:06:03,401","container":"9a298c63035d","level":"INFO","thread":"BesuCommand-Shutdown-Hook","class":"NetworkRunner","message":"Stopping Network.","throwable":""}
{"timestamp":"2022-09-09T09:06:03,407","container":"9a298c63035d","level":"INFO","thread":"BesuCommand-Shutdown-Hook","class":"EthProtocolManager","message":"Stopping eth Subprotocol.","throwable":""}
{"timestamp":"2022-09-09T09:06:03,409","container":"9a298c63035d","level":"INFO","thread":"BesuCommand-Shutdown-Hook","class":"EthProtocolManager","message":"eth Subprotocol stopped.","throwable":""}
{"timestamp":"2022-09-09T09:06:03,410","container":"9a298c63035d","level":"INFO","thread":"BesuCommand-Shutdown-Hook","class":"NetworkRunner","message":"Network stopped.","throwable":""}
{"timestamp":"2022-09-09T09:06:03,412","container":"9a298c63035d","level":"INFO","thread":"BesuCommand-Shutdown-Hook","class":"AutoTransactionLogBloomCachingService","message":"Shutting down Auto transaction logs caching service.","throwable":""}
{"timestamp":"2022-09-09T09:06:03,415","container":"9a298c63035d","level":"INFO","thread":"BesuCommand-Shutdown-Hook","class":"DockerNatManager","message":"Stopping docker NAT manager.","throwable":""}
