{"timestamp":"2022-09-09T09:03:17,146","container":"a79860690270","level":"INFO","thread":"main","class":"Besu","message":"Using the Java implementation of alt bn128","throwable":""}
{"timestamp":"2022-09-09T09:03:17,151","container":"a79860690270","level":"INFO","thread":"main","class":"Besu","message":"Using the native implementation of the signature algorithm","throwable":""}
{"timestamp":"2022-09-09T09:03:17,157","container":"a79860690270","level":"INFO","thread":"main","class":"Besu","message":"Starting Besu version: besu/v22.7.1/linux-aarch_64/openjdk-java-11","throwable":""}
{"timestamp":"2022-09-09T09:03:17,310","container":"a79860690270","level":"WARN","thread":"main","class":"Besu","message":"--min-gas-price has been ignored because --miner-enabled was not defined on the command line.","throwable":""}
{"timestamp":"2022-09-09T09:03:17,427","container":"a79860690270","level":"WARN","thread":"main","class":"Besu","message":"--graphql-http-host has been ignored because --graphql-http-enabled was not defined on the command line.","throwable":""}
{"timestamp":"2022-09-09T09:03:17,431","container":"a79860690270","level":"WARN","thread":"main","class":"Besu","message":"--rpc-ws-host has been ignored because --rpc-ws-enabled was not defined on the command line.","throwable":""}
{"timestamp":"2022-09-09T09:03:17,435","container":"a79860690270","level":"INFO","thread":"main","class":"Besu","message":"Static Nodes file = /opt/besu/data/static-nodes.json","throwable":""}
{"timestamp":"2022-09-09T09:03:17,442","container":"a79860690270","level":"INFO","thread":"main","class":"StaticNodesParser","message":"StaticNodes file /opt/besu/data/static-nodes.json does not exist, no static connections will be created.","throwable":""}
{"timestamp":"2022-09-09T09:03:17,447","container":"a79860690270","level":"INFO","thread":"main","class":"Besu","message":"Connecting to 0 static nodes.","throwable":""}
{"timestamp":"2022-09-09T09:03:17,451","container":"a79860690270","level":"INFO","thread":"main","class":"Besu","message":"Security Module: localfile","throwable":""}
{"timestamp":"2022-09-09T09:03:17,466","container":"a79860690270","level":"INFO","thread":"main","class":"DatabaseMetadata","message":"Lookup database metadata file in data directory: /opt/besu/data","throwable":""}
{"timestamp":"2022-09-09T09:03:17,515","container":"a79860690270","level":"INFO","thread":"main","class":"RocksDBKeyValueStorageFactory","message":"Existing database detected at /opt/besu/data. Version 1","throwable":""}
{"timestamp":"2022-09-09T09:03:18,157","container":"a79860690270","level":"INFO","thread":"main","class":"KeyPairUtil","message":"Loaded public key 0x123b42b21c3583d9709369189bda705a9f5af66c77eca8ccc42fa3bb4a22b34bcfd69cd68d54e6470d27d24ffdf8b7942cbc34813bada57ef9f2b2f5fbe8b91b from /opt/besu/config/key","throwable":""}
{"timestamp":"2022-09-09T09:03:18,233","container":"a79860690270","level":"INFO","thread":"main","class":"AbstractAltBnPrecompiledContract","message":"Native alt bn128 not available","throwable":""}
{"timestamp":"2022-09-09T09:03:18,236","container":"a79860690270","level":"INFO","thread":"main","class":"AbstractAltBnPrecompiledContract","message":"Native alt bn128 not available","throwable":""}
{"timestamp":"2022-09-09T09:03:18,238","container":"a79860690270","level":"INFO","thread":"main","class":"AbstractAltBnPrecompiledContract","message":"Native alt bn128 not available","throwable":""}
{"timestamp":"2022-09-09T09:03:18,240","container":"a79860690270","level":"INFO","thread":"main","class":"AbstractAltBnPrecompiledContract","message":"Native alt bn128 not available","throwable":""}
{"timestamp":"2022-09-09T09:03:18,241","container":"a79860690270","level":"INFO","thread":"main","class":"AbstractAltBnPrecompiledContract","message":"Native alt bn128 not available","throwable":""}
{"timestamp":"2022-09-09T09:03:18,242","container":"a79860690270","level":"INFO","thread":"main","class":"AbstractAltBnPrecompiledContract","message":"Native alt bn128 not available","throwable":""}
{"timestamp":"2022-09-09T09:03:18,261","container":"a79860690270","level":"INFO","thread":"main","class":"ProtocolScheduleBuilder","message":"Protocol schedule created with milestones: [Berlin: 0]","throwable":""}
{"timestamp":"2022-09-09T09:03:18,334","container":"a79860690270","level":"INFO","thread":"main","class":"BesuControllerBuilder","message":"TTD difficulty is not present, creating initial sync phase for PoW","throwable":""}
{"timestamp":"2022-09-09T09:03:18,361","container":"a79860690270","level":"INFO","thread":"main","class":"RunnerBuilder","message":"Detecting NAT service.","throwable":""}
{"timestamp":"2022-09-09T09:03:18,440","container":"a79860690270","level":"INFO","thread":"main","class":"Runner","message":"Starting external services ... ","throwable":""}
{"timestamp":"2022-09-09T09:03:18,442","container":"a79860690270","level":"INFO","thread":"main","class":"JsonRpcHttpService","message":"Starting JSON-RPC service on 0.0.0.0:8545","throwable":""}
{"timestamp":"2022-09-09T09:03:18,518","container":"a79860690270","level":"INFO","thread":"vert.x-eventloop-thread-1","class":"JsonRpcHttpService","message":"JSON-RPC service started and listening on 0.0.0.0:8545","throwable":""}
{"timestamp":"2022-09-09T09:03:18,522","container":"a79860690270","level":"INFO","thread":"main","class":"AutoTransactionLogBloomCachingService","message":"Starting auto transaction log bloom caching service.","throwable":""}
{"timestamp":"2022-09-09T09:03:18,525","container":"a79860690270","level":"INFO","thread":"main","class":"LogBloomCacheMetadata","message":"Lookup cache metadata file in data directory: /opt/besu/data/caches","throwable":""}
{"timestamp":"2022-09-09T09:03:18,533","container":"a79860690270","level":"INFO","thread":"main","class":"Runner","message":"Starting Ethereum main loop ... ","throwable":""}
{"timestamp":"2022-09-09T09:03:18,534","container":"a79860690270","level":"INFO","thread":"main","class":"DockerNatManager","message":"Starting docker NAT manager.","throwable":""}
{"timestamp":"2022-09-09T09:03:18,547","container":"a79860690270","level":"INFO","thread":"main","class":"NetworkRunner","message":"Starting Network.","throwable":""}
{"timestamp":"2022-09-09T09:03:18,563","container":"a79860690270","level":"INFO","thread":"nioEventLoopGroup-2-1","class":"RlpxAgent","message":"P2P RLPx agent started and listening on /0.0.0.0:30303.","throwable":""}
{"timestamp":"2022-09-09T09:03:18,564","container":"a79860690270","level":"INFO","thread":"main","class":"PeerDiscoveryAgent","message":"Starting peer discovery agent on host=0.0.0.0, port=30303","throwable":""}
{"timestamp":"2022-09-09T09:03:18,590","container":"a79860690270","level":"INFO","thread":"vert.x-eventloop-thread-1","class":"VertxPeerDiscoveryAgent","message":"Started peer discovery agent successfully, on effective host=0.0.0.0 and port=30303","throwable":""}
{"timestamp":"2022-09-09T09:03:18,592","container":"a79860690270","level":"INFO","thread":"vert.x-eventloop-thread-1","class":"PeerDiscoveryAgent","message":"P2P peer discovery agent started and listening on /0.0.0.0:30303","throwable":""}
{"timestamp":"2022-09-09T09:03:18,626","container":"a79860690270","level":"INFO","thread":"vert.x-eventloop-thread-1","class":"PeerDiscoveryAgent","message":"Writing node record to disk. NodeRecord{seq=7, publicKey=0x03123b42b21c3583d9709369189bda705a9f5af66c77eca8ccc42fa3bb4a22b34b, udpAddress=Optional[/127.0.0.1:30303], tcpAddress=Optional[/127.0.0.1:30303], asBase64=-Je4QB8i7eNDmmdJZznvJV_atD7RvSMXqh8olf8zNfaohPl1JWX3-LgU4YrvpO_xirHqzjSaiawkiWDLUenveu8lca8Hg2V0aMfGhDaNz9WAgmlkgnY0gmlwhH8AAAGJc2VjcDI1NmsxoQMSO0KyHDWD2XCTaRib2nBan1r2bHfsqMzEL6O7SiKzS4N0Y3CCdl-DdWRwgnZf, nodeId=0x034d65b01a6cf630ea02b90e2b881785b1e1ac781f3088ba455022367074c656, customFields={tcp=30303, udp=30303, ip=0x7f000001, eth=[[0x368dcfd5, 0x]], id=V4, secp256k1=0x03123b42b21c3583d9709369189bda705a9f5af66c77eca8ccc42fa3bb4a22b34b}}","throwable":""}
{"timestamp":"2022-09-09T09:03:18,655","container":"a79860690270","level":"INFO","thread":"main","class":"DefaultP2PNetwork","message":"Enode URL enode://123b42b21c3583d9709369189bda705a9f5af66c77eca8ccc42fa3bb4a22b34bcfd69cd68d54e6470d27d24ffdf8b7942cbc34813bada57ef9f2b2f5fbe8b91b@127.0.0.1:30303","throwable":""}
{"timestamp":"2022-09-09T09:03:18,658","container":"a79860690270","level":"INFO","thread":"main","class":"DefaultP2PNetwork","message":"Node address 0x2b881785b1e1ac781f3088ba455022367074c656","throwable":""}
{"timestamp":"2022-09-09T09:03:18,661","container":"a79860690270","level":"INFO","thread":"main","class":"DefaultSynchronizer","message":"Starting synchronizer.","throwable":""}
{"timestamp":"2022-09-09T09:03:18,664","container":"a79860690270","level":"INFO","thread":"main","class":"FullSyncDownloader","message":"Starting full sync.","throwable":""}
{"timestamp":"2022-09-09T09:03:18,666","container":"a79860690270","level":"INFO","thread":"main","class":"FullSyncTargetManager","message":"No sync target, waiting for peers. Current peers: 0","throwable":""}
{"timestamp":"2022-09-09T09:03:18,717","container":"a79860690270","level":"INFO","thread":"main","class":"Runner","message":"Ethereum main loop is up.","throwable":""}
{"timestamp":"2022-09-09T09:03:23,695","container":"a79860690270","level":"INFO","thread":"EthScheduler-Timer-0","class":"FullSyncTargetManager","message":"No sync target, waiting for peers. Current peers: 0","throwable":""}
{"timestamp":"2022-09-09T09:03:28,705","container":"a79860690270","level":"INFO","thread":"EthScheduler-Timer-0","class":"FullSyncTargetManager","message":"No sync target, waiting for peers. Current peers: 0","throwable":""}
{"timestamp":"2022-09-09T09:03:33,710","container":"a79860690270","level":"INFO","thread":"EthScheduler-Timer-0","class":"FullSyncTargetManager","message":"No sync target, waiting for peers. Current peers: 0","throwable":""}
{"timestamp":"2022-09-09T09:03:38,727","container":"a79860690270","level":"INFO","thread":"EthScheduler-Timer-0","class":"FullSyncTargetManager","message":"No sync target, waiting for peers. Current peers: 0","throwable":""}
{"timestamp":"2022-09-09T09:03:43,744","container":"a79860690270","level":"INFO","thread":"EthScheduler-Timer-0","class":"FullSyncTargetManager","message":"No sync target, waiting for peers. Current peers: 0","throwable":""}
{"timestamp":"2022-09-09T09:03:48,762","container":"a79860690270","level":"INFO","thread":"EthScheduler-Timer-0","class":"FullSyncTargetManager","message":"No sync target, waiting for peers. Current peers: 0","throwable":""}
{"timestamp":"2022-09-09T09:03:53,776","container":"a79860690270","level":"INFO","thread":"EthScheduler-Timer-0","class":"FullSyncTargetManager","message":"No sync target, waiting for peers. Current peers: 0","throwable":""}
{"timestamp":"2022-09-09T09:03:58,787","container":"a79860690270","level":"INFO","thread":"EthScheduler-Timer-0","class":"FullSyncTargetManager","message":"No sync target, waiting for peers. Current peers: 0","throwable":""}
{"timestamp":"2022-09-09T09:04:03,799","container":"a79860690270","level":"INFO","thread":"EthScheduler-Timer-0","class":"FullSyncTargetManager","message":"No sync target, waiting for peers. Current peers: 0","throwable":""}
{"timestamp":"2022-09-09T09:04:08,814","container":"a79860690270","level":"INFO","thread":"EthScheduler-Timer-0","class":"FullSyncTargetManager","message":"No sync target, waiting for peers. Current peers: 0","throwable":""}
{"timestamp":"2022-09-09T09:04:13,831","container":"a79860690270","level":"INFO","thread":"EthScheduler-Timer-0","class":"FullSyncTargetManager","message":"No sync target, waiting for peers. Current peers: 0","throwable":""}
{"timestamp":"2022-09-09T09:04:18,845","container":"a79860690270","level":"INFO","thread":"EthScheduler-Timer-0","class":"FullSyncTargetManager","message":"No sync target, waiting for peers. Current peers: 0","throwable":""}
{"timestamp":"2022-09-09T09:04:23,856","container":"a79860690270","level":"INFO","thread":"EthScheduler-Timer-0","class":"FullSyncTargetManager","message":"No sync target, waiting for peers. Current peers: 0","throwable":""}
{"timestamp":"2022-09-09T09:04:28,881","container":"a79860690270","level":"INFO","thread":"EthScheduler-Timer-0","class":"FullSyncTargetManager","message":"No sync target, waiting for peers. Current peers: 0","throwable":""}
{"timestamp":"2022-09-09T09:04:33,904","container":"a79860690270","level":"INFO","thread":"EthScheduler-Timer-0","class":"FullSyncTargetManager","message":"No sync target, waiting for peers. Current peers: 0","throwable":""}
{"timestamp":"2022-09-09T09:04:38,919","container":"a79860690270","level":"INFO","thread":"EthScheduler-Timer-0","class":"FullSyncTargetManager","message":"No sync target, waiting for peers. Current peers: 0","throwable":""}
{"timestamp":"2022-09-09T09:04:43,930","container":"a79860690270","level":"INFO","thread":"EthScheduler-Timer-0","class":"FullSyncTargetManager","message":"No sync target, waiting for peers. Current peers: 0","throwable":""}
{"timestamp":"2022-09-09T09:04:48,944","container":"a79860690270","level":"INFO","thread":"EthScheduler-Timer-0","class":"FullSyncTargetManager","message":"No sync target, waiting for peers. Current peers: 0","throwable":""}
{"timestamp":"2022-09-09T09:04:53,959","container":"a79860690270","level":"INFO","thread":"EthScheduler-Timer-0","class":"FullSyncTargetManager","message":"No sync target, waiting for peers. Current peers: 0","throwable":""}
{"timestamp":"2022-09-09T09:04:53,980","container":"a79860690270","level":"INFO","thread":"BftProcessorExecutor-IBFT-0","class":"BftProcessor","message":"Shutting down BFT event processor","throwable":""}
{"timestamp":"2022-09-09T09:04:53,995","container":"a79860690270","level":"INFO","thread":"BesuCommand-Shutdown-Hook","class":"DefaultSynchronizer","message":"Stopping synchronizer","throwable":""}
{"timestamp":"2022-09-09T09:04:54,009","container":"a79860690270","level":"INFO","thread":"BesuCommand-Shutdown-Hook","class":"NetworkRunner","message":"Stopping Network.","throwable":""}
{"timestamp":"2022-09-09T09:04:54,040","container":"a79860690270","level":"INFO","thread":"BesuCommand-Shutdown-Hook","class":"EthProtocolManager","message":"Stopping eth Subprotocol.","throwable":""}
{"timestamp":"2022-09-09T09:04:54,044","container":"a79860690270","level":"INFO","thread":"BesuCommand-Shutdown-Hook","class":"EthProtocolManager","message":"eth Subprotocol stopped.","throwable":""}
{"timestamp":"2022-09-09T09:04:54,046","container":"a79860690270","level":"INFO","thread":"BesuCommand-Shutdown-Hook","class":"NetworkRunner","message":"Network stopped.","throwable":""}
{"timestamp":"2022-09-09T09:04:54,048","container":"a79860690270","level":"INFO","thread":"BesuCommand-Shutdown-Hook","class":"AutoTransactionLogBloomCachingService","message":"Shutting down Auto transaction logs caching service.","throwable":""}
{"timestamp":"2022-09-09T09:04:54,054","container":"a79860690270","level":"INFO","thread":"BesuCommand-Shutdown-Hook","class":"DockerNatManager","message":"Stopping docker NAT manager.","throwable":""}
