{"timestamp":"2022-09-09T09:07:59,247","container":"74d5cabfd4be","level":"INFO","thread":"main","class":"Besu","message":"Using the Java implementation of alt bn128","throwable":""}
{"timestamp":"2022-09-09T09:07:59,250","container":"74d5cabfd4be","level":"INFO","thread":"main","class":"Besu","message":"Using the native implementation of the signature algorithm","throwable":""}
{"timestamp":"2022-09-09T09:07:59,254","container":"74d5cabfd4be","level":"INFO","thread":"main","class":"Besu","message":"Starting Besu version: besu/v22.7.1/linux-aarch_64/openjdk-java-11","throwable":""}
{"timestamp":"2022-09-09T09:07:59,418","container":"74d5cabfd4be","level":"WARN","thread":"main","class":"Besu","message":"--min-gas-price has been ignored because --miner-enabled was not defined on the command line.","throwable":""}
{"timestamp":"2022-09-09T09:07:59,638","container":"74d5cabfd4be","level":"WARN","thread":"main","class":"Besu","message":"--graphql-http-host has been ignored because --graphql-http-enabled was not defined on the command line.","throwable":""}
{"timestamp":"2022-09-09T09:07:59,656","container":"74d5cabfd4be","level":"WARN","thread":"main","class":"Besu","message":"--rpc-ws-host has been ignored because --rpc-ws-enabled was not defined on the command line.","throwable":""}
{"timestamp":"2022-09-09T09:07:59,680","container":"74d5cabfd4be","level":"INFO","thread":"main","class":"Besu","message":"Static Nodes file = /opt/besu/data/static-nodes.json","throwable":""}
{"timestamp":"2022-09-09T09:07:59,711","container":"74d5cabfd4be","level":"INFO","thread":"main","class":"StaticNodesParser","message":"StaticNodes file /opt/besu/data/static-nodes.json does not exist, no static connections will be created.","throwable":""}
{"timestamp":"2022-09-09T09:07:59,723","container":"74d5cabfd4be","level":"INFO","thread":"main","class":"Besu","message":"Connecting to 0 static nodes.","throwable":""}
{"timestamp":"2022-09-09T09:07:59,733","container":"74d5cabfd4be","level":"INFO","thread":"main","class":"Besu","message":"Security Module: localfile","throwable":""}
{"timestamp":"2022-09-09T09:07:59,773","container":"74d5cabfd4be","level":"INFO","thread":"main","class":"DatabaseMetadata","message":"Lookup database metadata file in data directory: /opt/besu/data","throwable":""}
{"timestamp":"2022-09-09T09:07:59,864","container":"74d5cabfd4be","level":"INFO","thread":"main","class":"RocksDBKeyValueStorageFactory","message":"Existing database detected at /opt/besu/data. Version 1","throwable":""}
{"timestamp":"2022-09-09T09:08:01,606","container":"74d5cabfd4be","level":"INFO","thread":"main","class":"KeyPairUtil","message":"Loaded public key 0xba754200ede0854b7752edeef557e9256548b1fa0d3fcf51dffffdafaa5624650345a5da9cac4a819e99cbddd5e2a28bbb682b1a17e8b595f1a73a441d77c90c from /opt/besu/config/key","throwable":""}
{"timestamp":"2022-09-09T09:08:01,865","container":"74d5cabfd4be","level":"INFO","thread":"main","class":"AbstractAltBnPrecompiledContract","message":"Native alt bn128 not available","throwable":""}
{"timestamp":"2022-09-09T09:08:01,892","container":"74d5cabfd4be","level":"INFO","thread":"main","class":"AbstractAltBnPrecompiledContract","message":"Native alt bn128 not available","throwable":""}
{"timestamp":"2022-09-09T09:08:01,911","container":"74d5cabfd4be","level":"INFO","thread":"main","class":"AbstractAltBnPrecompiledContract","message":"Native alt bn128 not available","throwable":""}
{"timestamp":"2022-09-09T09:08:01,923","container":"74d5cabfd4be","level":"INFO","thread":"main","class":"AbstractAltBnPrecompiledContract","message":"Native alt bn128 not available","throwable":""}
{"timestamp":"2022-09-09T09:08:01,930","container":"74d5cabfd4be","level":"INFO","thread":"main","class":"AbstractAltBnPrecompiledContract","message":"Native alt bn128 not available","throwable":""}
{"timestamp":"2022-09-09T09:08:01,947","container":"74d5cabfd4be","level":"INFO","thread":"main","class":"AbstractAltBnPrecompiledContract","message":"Native alt bn128 not available","throwable":""}
{"timestamp":"2022-09-09T09:08:01,991","container":"74d5cabfd4be","level":"INFO","thread":"main","class":"ProtocolScheduleBuilder","message":"Protocol schedule created with milestones: [Berlin: 0]","throwable":""}
{"timestamp":"2022-09-09T09:08:02,156","container":"74d5cabfd4be","level":"INFO","thread":"main","class":"BesuControllerBuilder","message":"TTD difficulty is not present, creating initial sync phase for PoW","throwable":""}
{"timestamp":"2022-09-09T09:08:02,197","container":"74d5cabfd4be","level":"INFO","thread":"main","class":"RunnerBuilder","message":"Detecting NAT service.","throwable":""}
{"timestamp":"2022-09-09T09:08:02,315","container":"74d5cabfd4be","level":"INFO","thread":"main","class":"Runner","message":"Starting external services ... ","throwable":""}
{"timestamp":"2022-09-09T09:08:02,317","container":"74d5cabfd4be","level":"INFO","thread":"main","class":"JsonRpcHttpService","message":"Starting JSON-RPC service on 0.0.0.0:8546","throwable":""}
{"timestamp":"2022-09-09T09:08:02,465","container":"74d5cabfd4be","level":"INFO","thread":"vert.x-eventloop-thread-1","class":"JsonRpcHttpService","message":"JSON-RPC service started and listening on 0.0.0.0:8546","throwable":""}
{"timestamp":"2022-09-09T09:08:02,470","container":"74d5cabfd4be","level":"INFO","thread":"main","class":"AutoTransactionLogBloomCachingService","message":"Starting auto transaction log bloom caching service.","throwable":""}
{"timestamp":"2022-09-09T09:08:02,478","container":"74d5cabfd4be","level":"INFO","thread":"main","class":"LogBloomCacheMetadata","message":"Lookup cache metadata file in data directory: /opt/besu/data/caches","throwable":""}
{"timestamp":"2022-09-09T09:08:02,548","container":"74d5cabfd4be","level":"INFO","thread":"main","class":"Runner","message":"Starting Ethereum main loop ... ","throwable":""}
{"timestamp":"2022-09-09T09:08:02,553","container":"74d5cabfd4be","level":"INFO","thread":"main","class":"DockerNatManager","message":"Starting docker NAT manager.","throwable":""}
{"timestamp":"2022-09-09T09:08:02,625","container":"74d5cabfd4be","level":"INFO","thread":"main","class":"NetworkRunner","message":"Starting Network.","throwable":""}
{"timestamp":"2022-09-09T09:08:02,660","container":"74d5cabfd4be","level":"INFO","thread":"nioEventLoopGroup-2-1","class":"RlpxAgent","message":"P2P RLPx agent started and listening on /0.0.0.0:30304.","throwable":""}
{"timestamp":"2022-09-09T09:08:02,662","container":"74d5cabfd4be","level":"INFO","thread":"main","class":"PeerDiscoveryAgent","message":"Starting peer discovery agent on host=0.0.0.0, port=30304","throwable":""}
{"timestamp":"2022-09-09T09:08:02,698","container":"74d5cabfd4be","level":"INFO","thread":"vert.x-eventloop-thread-1","class":"VertxPeerDiscoveryAgent","message":"Started peer discovery agent successfully, on effective host=0.0.0.0 and port=30304","throwable":""}
{"timestamp":"2022-09-09T09:08:02,701","container":"74d5cabfd4be","level":"INFO","thread":"vert.x-eventloop-thread-1","class":"PeerDiscoveryAgent","message":"P2P peer discovery agent started and listening on /0.0.0.0:30304","throwable":""}
{"timestamp":"2022-09-09T09:08:02,799","container":"74d5cabfd4be","level":"INFO","thread":"vert.x-eventloop-thread-1","class":"PeerDiscoveryAgent","message":"Writing node record to disk. NodeRecord{seq=4, publicKey=0x02ba754200ede0854b7752edeef557e9256548b1fa0d3fcf51dffffdafaa562465, udpAddress=Optional[/172.24.2.3:30304], tcpAddress=Optional[/172.24.2.3:30304], asBase64=-Je4QGdRCPEyPb5S0MmvRhM80FEhFTAoxld1jqiURnzTOuq3dKSeSPnudq9QpNPZ8NfjfPIyUBbCmufvNy-cv6qYjosEg2V0aMfGhDaNz9WAgmlkgnY0gmlwhKwYAgOJc2VjcDI1NmsxoQK6dUIA7eCFS3dS7e71V-klZUix-g0_z1Hf__2vqlYkZYN0Y3CCdmCDdWRwgnZg, nodeId=0xfff52c5597a228e291b4bf135fc18a0a200d3e9d40eb00ceb44e8623d9b998c2, customFields={tcp=30304, udp=30304, ip=0xac180203, eth=[[0x368dcfd5, 0x]], id=V4, secp256k1=0x02ba754200ede0854b7752edeef557e9256548b1fa0d3fcf51dffffdafaa562465}}","throwable":""}
{"timestamp":"2022-09-09T09:08:02,891","container":"74d5cabfd4be","level":"INFO","thread":"main","class":"DefaultP2PNetwork","message":"Enode URL enode://ba754200ede0854b7752edeef557e9256548b1fa0d3fcf51dffffdafaa5624650345a5da9cac4a819e99cbddd5e2a28bbb682b1a17e8b595f1a73a441d77c90c@172.24.2.3:30304","throwable":""}
{"timestamp":"2022-09-09T09:08:02,899","container":"74d5cabfd4be","level":"INFO","thread":"main","class":"DefaultP2PNetwork","message":"Node address 0x5fc18a0a200d3e9d40eb00ceb44e8623d9b998c2","throwable":""}
{"timestamp":"2022-09-09T09:08:02,901","container":"74d5cabfd4be","level":"INFO","thread":"main","class":"DefaultSynchronizer","message":"Starting synchronizer.","throwable":""}
{"timestamp":"2022-09-09T09:08:02,911","container":"74d5cabfd4be","level":"INFO","thread":"main","class":"FullSyncDownloader","message":"Starting full sync.","throwable":""}
{"timestamp":"2022-09-09T09:08:02,915","container":"74d5cabfd4be","level":"INFO","thread":"main","class":"FullSyncTargetManager","message":"No sync target, waiting for peers. Current peers: 0","throwable":""}
{"timestamp":"2022-09-09T09:08:03,027","container":"74d5cabfd4be","level":"INFO","thread":"main","class":"Runner","message":"Ethereum main loop is up.","throwable":""}
{"timestamp":"2022-09-09T09:08:03,946","container":"74d5cabfd4be","level":"INFO","thread":"nioEventLoopGroup-3-2","class":"FullSyncTargetManager","message":"No sync target, waiting for peers. Current peers: 1","throwable":""}
{"timestamp":"2022-09-09T09:08:08,971","container":"74d5cabfd4be","level":"INFO","thread":"EthScheduler-Timer-0","class":"FullSyncTargetManager","message":"No sync target, waiting for peers. Current peers: 1","throwable":""}
{"timestamp":"2022-09-09T09:08:13,987","container":"74d5cabfd4be","level":"INFO","thread":"EthScheduler-Timer-0","class":"FullSyncTargetManager","message":"No sync target, waiting for peers. Current peers: 1","throwable":""}
{"timestamp":"2022-09-09T09:08:19,003","container":"74d5cabfd4be","level":"INFO","thread":"EthScheduler-Timer-0","class":"FullSyncTargetManager","message":"No sync target, waiting for peers. Current peers: 1","throwable":""}
{"timestamp":"2022-09-09T09:08:24,012","container":"74d5cabfd4be","level":"INFO","thread":"EthScheduler-Timer-0","class":"FullSyncTargetManager","message":"No sync target, waiting for peers. Current peers: 1","throwable":""}
{"timestamp":"2022-09-09T09:08:29,027","container":"74d5cabfd4be","level":"INFO","thread":"EthScheduler-Timer-0","class":"FullSyncTargetManager","message":"No sync target, waiting for peers. Current peers: 1","throwable":""}
{"timestamp":"2022-09-09T09:08:34,042","container":"74d5cabfd4be","level":"INFO","thread":"EthScheduler-Timer-0","class":"FullSyncTargetManager","message":"No sync target, waiting for peers. Current peers: 1","throwable":""}
{"timestamp":"2022-09-09T09:08:39,055","container":"74d5cabfd4be","level":"INFO","thread":"EthScheduler-Timer-0","class":"FullSyncTargetManager","message":"No sync target, waiting for peers. Current peers: 1","throwable":""}
{"timestamp":"2022-09-09T09:08:44,072","container":"74d5cabfd4be","level":"INFO","thread":"EthScheduler-Timer-0","class":"FullSyncTargetManager","message":"No sync target, waiting for peers. Current peers: 1","throwable":""}
{"timestamp":"2022-09-09T09:08:49,089","container":"74d5cabfd4be","level":"INFO","thread":"EthScheduler-Timer-0","class":"FullSyncTargetManager","message":"No sync target, waiting for peers. Current peers: 1","throwable":""}
{"timestamp":"2022-09-09T09:08:54,105","container":"74d5cabfd4be","level":"INFO","thread":"EthScheduler-Timer-0","class":"FullSyncTargetManager","message":"No sync target, waiting for peers. Current peers: 1","throwable":""}
{"timestamp":"2022-09-09T09:08:59,109","container":"74d5cabfd4be","level":"INFO","thread":"EthScheduler-Timer-0","class":"FullSyncTargetManager","message":"No sync target, waiting for peers. Current peers: 1","throwable":""}
{"timestamp":"2022-09-09T09:09:04,118","container":"74d5cabfd4be","level":"INFO","thread":"EthScheduler-Timer-0","class":"FullSyncTargetManager","message":"No sync target, waiting for peers. Current peers: 1","throwable":""}
{"timestamp":"2022-09-09T09:09:09,137","container":"74d5cabfd4be","level":"INFO","thread":"EthScheduler-Timer-0","class":"FullSyncTargetManager","message":"No sync target, waiting for peers. Current peers: 1","throwable":""}
{"timestamp":"2022-09-09T09:09:14,166","container":"74d5cabfd4be","level":"INFO","thread":"EthScheduler-Timer-0","class":"FullSyncTargetManager","message":"No sync target, waiting for peers. Current peers: 1","throwable":""}
{"timestamp":"2022-09-09T09:09:19,185","container":"74d5cabfd4be","level":"INFO","thread":"EthScheduler-Timer-0","class":"FullSyncTargetManager","message":"No sync target, waiting for peers. Current peers: 1","throwable":""}
{"timestamp":"2022-09-09T09:09:24,212","container":"74d5cabfd4be","level":"INFO","thread":"EthScheduler-Timer-0","class":"FullSyncTargetManager","message":"No sync target, waiting for peers. Current peers: 1","throwable":""}
{"timestamp":"2022-09-09T09:09:29,217","container":"74d5cabfd4be","level":"INFO","thread":"EthScheduler-Timer-0","class":"FullSyncTargetManager","message":"No sync target, waiting for peers. Current peers: 1","throwable":""}
{"timestamp":"2022-09-09T09:09:34,231","container":"74d5cabfd4be","level":"INFO","thread":"EthScheduler-Timer-0","class":"FullSyncTargetManager","message":"No sync target, waiting for peers. Current peers: 1","throwable":""}
{"timestamp":"2022-09-09T09:09:39,257","container":"74d5cabfd4be","level":"INFO","thread":"EthScheduler-Timer-0","class":"FullSyncTargetManager","message":"No sync target, waiting for peers. Current peers: 1","throwable":""}
{"timestamp":"2022-09-09T09:09:44,291","container":"74d5cabfd4be","level":"INFO","thread":"EthScheduler-Timer-0","class":"FullSyncTargetManager","message":"No sync target, waiting for peers. Current peers: 1","throwable":""}
{"timestamp":"2022-09-09T09:09:49,309","container":"74d5cabfd4be","level":"INFO","thread":"EthScheduler-Timer-0","class":"FullSyncTargetManager","message":"No sync target, waiting for peers. Current peers: 1","throwable":""}
{"timestamp":"2022-09-09T09:09:54,344","container":"74d5cabfd4be","level":"INFO","thread":"EthScheduler-Timer-0","class":"FullSyncTargetManager","message":"No sync target, waiting for peers. Current peers: 1","throwable":""}
{"timestamp":"2022-09-09T09:09:59,367","container":"74d5cabfd4be","level":"INFO","thread":"EthScheduler-Timer-0","class":"FullSyncTargetManager","message":"No sync target, waiting for peers. Current peers: 1","throwable":""}
{"timestamp":"2022-09-09T09:10:04,377","container":"74d5cabfd4be","level":"INFO","thread":"EthScheduler-Timer-0","class":"FullSyncTargetManager","message":"No sync target, waiting for peers. Current peers: 1","throwable":""}
{"timestamp":"2022-09-09T09:10:09,390","container":"74d5cabfd4be","level":"INFO","thread":"EthScheduler-Timer-0","class":"FullSyncTargetManager","message":"No sync target, waiting for peers. Current peers: 1","throwable":""}
{"timestamp":"2022-09-09T09:10:14,401","container":"74d5cabfd4be","level":"INFO","thread":"EthScheduler-Timer-0","class":"FullSyncTargetManager","message":"No sync target, waiting for peers. Current peers: 1","throwable":""}
{"timestamp":"2022-09-09T09:10:19,411","container":"74d5cabfd4be","level":"INFO","thread":"EthScheduler-Timer-0","class":"FullSyncTargetManager","message":"No sync target, waiting for peers. Current peers: 1","throwable":""}
{"timestamp":"2022-09-09T09:10:24,435","container":"74d5cabfd4be","level":"INFO","thread":"EthScheduler-Timer-0","class":"FullSyncTargetManager","message":"No sync target, waiting for peers. Current peers: 1","throwable":""}
{"timestamp":"2022-09-09T09:10:29,452","container":"74d5cabfd4be","level":"INFO","thread":"EthScheduler-Timer-0","class":"FullSyncTargetManager","message":"No sync target, waiting for peers. Current peers: 1","throwable":""}
{"timestamp":"2022-09-09T09:10:34,464","container":"74d5cabfd4be","level":"INFO","thread":"EthScheduler-Timer-0","class":"FullSyncTargetManager","message":"No sync target, waiting for peers. Current peers: 1","throwable":""}
{"timestamp":"2022-09-09T09:10:39,476","container":"74d5cabfd4be","level":"INFO","thread":"EthScheduler-Timer-0","class":"FullSyncTargetManager","message":"No sync target, waiting for peers. Current peers: 1","throwable":""}
{"timestamp":"2022-09-09T09:10:44,502","container":"74d5cabfd4be","level":"INFO","thread":"EthScheduler-Timer-0","class":"FullSyncTargetManager","message":"No sync target, waiting for peers. Current peers: 1","throwable":""}
{"timestamp":"2022-09-09T09:10:49,518","container":"74d5cabfd4be","level":"INFO","thread":"EthScheduler-Timer-0","class":"FullSyncTargetManager","message":"No sync target, waiting for peers. Current peers: 1","throwable":""}
{"timestamp":"2022-09-09T09:10:54,536","container":"74d5cabfd4be","level":"INFO","thread":"EthScheduler-Timer-0","class":"FullSyncTargetManager","message":"No sync target, waiting for peers. Current peers: 1","throwable":""}
{"timestamp":"2022-09-09T09:10:59,560","container":"74d5cabfd4be","level":"INFO","thread":"EthScheduler-Timer-0","class":"FullSyncTargetManager","message":"No sync target, waiting for peers. Current peers: 1","throwable":""}
{"timestamp":"2022-09-09T09:11:04,581","container":"74d5cabfd4be","level":"INFO","thread":"EthScheduler-Timer-0","class":"FullSyncTargetManager","message":"No sync target, waiting for peers. Current peers: 1","throwable":""}
{"timestamp":"2022-09-09T09:11:09,595","container":"74d5cabfd4be","level":"INFO","thread":"EthScheduler-Timer-0","class":"FullSyncTargetManager","message":"No sync target, waiting for peers. Current peers: 1","throwable":""}
{"timestamp":"2022-09-09T09:11:14,610","container":"74d5cabfd4be","level":"INFO","thread":"EthScheduler-Timer-0","class":"FullSyncTargetManager","message":"No sync target, waiting for peers. Current peers: 1","throwable":""}
{"timestamp":"2022-09-09T09:11:19,627","container":"74d5cabfd4be","level":"INFO","thread":"EthScheduler-Timer-0","class":"FullSyncTargetManager","message":"No sync target, waiting for peers. Current peers: 1","throwable":""}
{"timestamp":"2022-09-09T09:11:24,653","container":"74d5cabfd4be","level":"INFO","thread":"EthScheduler-Timer-0","class":"FullSyncTargetManager","message":"No sync target, waiting for peers. Current peers: 1","throwable":""}
{"timestamp":"2022-09-09T09:11:29,669","container":"74d5cabfd4be","level":"INFO","thread":"EthScheduler-Timer-0","class":"FullSyncTargetManager","message":"No sync target, waiting for peers. Current peers: 1","throwable":""}
{"timestamp":"2022-09-09T09:11:34,690","container":"74d5cabfd4be","level":"INFO","thread":"EthScheduler-Timer-0","class":"FullSyncTargetManager","message":"No sync target, waiting for peers. Current peers: 1","throwable":""}
{"timestamp":"2022-09-09T09:11:39,753","container":"74d5cabfd4be","level":"INFO","thread":"EthScheduler-Timer-0","class":"FullSyncTargetManager","message":"No sync target, waiting for peers. Current peers: 1","throwable":""}
{"timestamp":"2022-09-09T09:11:44,773","container":"74d5cabfd4be","level":"INFO","thread":"EthScheduler-Timer-0","class":"FullSyncTargetManager","message":"No sync target, waiting for peers. Current peers: 1","throwable":""}
{"timestamp":"2022-09-09T09:11:49,909","container":"74d5cabfd4be","level":"INFO","thread":"EthScheduler-Timer-0","class":"FullSyncTargetManager","message":"No sync target, waiting for peers. Current peers: 1","throwable":""}
{"timestamp":"2022-09-09T09:11:54,966","container":"74d5cabfd4be","level":"INFO","thread":"EthScheduler-Timer-0","class":"FullSyncTargetManager","message":"No sync target, waiting for peers. Current peers: 1","throwable":""}
{"timestamp":"2022-09-09T09:11:59,996","container":"74d5cabfd4be","level":"INFO","thread":"EthScheduler-Timer-0","class":"FullSyncTargetManager","message":"No sync target, waiting for peers. Current peers: 1","throwable":""}
{"timestamp":"2022-09-09T09:12:05,044","container":"74d5cabfd4be","level":"INFO","thread":"EthScheduler-Timer-0","class":"FullSyncTargetManager","message":"No sync target, waiting for peers. Current peers: 1","throwable":""}
{"timestamp":"2022-09-09T09:12:10,108","container":"74d5cabfd4be","level":"INFO","thread":"EthScheduler-Timer-0","class":"FullSyncTargetManager","message":"No sync target, waiting for peers. Current peers: 1","throwable":""}
{"timestamp":"2022-09-09T09:12:15,131","container":"74d5cabfd4be","level":"INFO","thread":"EthScheduler-Timer-0","class":"FullSyncTargetManager","message":"No sync target, waiting for peers. Current peers: 1","throwable":""}
{"timestamp":"2022-09-09T09:12:20,158","container":"74d5cabfd4be","level":"INFO","thread":"EthScheduler-Timer-0","class":"FullSyncTargetManager","message":"No sync target, waiting for peers. Current peers: 1","throwable":""}
{"timestamp":"2022-09-09T09:12:25,186","container":"74d5cabfd4be","level":"INFO","thread":"EthScheduler-Timer-0","class":"FullSyncTargetManager","message":"No sync target, waiting for peers. Current peers: 1","throwable":""}
{"timestamp":"2022-09-09T09:12:30,209","container":"74d5cabfd4be","level":"INFO","thread":"EthScheduler-Timer-0","class":"FullSyncTargetManager","message":"No sync target, waiting for peers. Current peers: 1","throwable":""}
{"timestamp":"2022-09-09T09:12:35,244","container":"74d5cabfd4be","level":"INFO","thread":"EthScheduler-Timer-0","class":"FullSyncTargetManager","message":"No sync target, waiting for peers. Current peers: 1","throwable":""}
{"timestamp":"2022-09-09T09:12:40,277","container":"74d5cabfd4be","level":"INFO","thread":"EthScheduler-Timer-0","class":"FullSyncTargetManager","message":"No sync target, waiting for peers. Current peers: 1","throwable":""}
{"timestamp":"2022-09-09T09:12:45,298","container":"74d5cabfd4be","level":"INFO","thread":"EthScheduler-Timer-0","class":"FullSyncTargetManager","message":"No sync target, waiting for peers. Current peers: 1","throwable":""}
{"timestamp":"2022-09-09T09:12:50,308","container":"74d5cabfd4be","level":"INFO","thread":"EthScheduler-Timer-0","class":"FullSyncTargetManager","message":"No sync target, waiting for peers. Current peers: 1","throwable":""}
{"timestamp":"2022-09-09T09:12:55,337","container":"74d5cabfd4be","level":"INFO","thread":"EthScheduler-Timer-0","class":"FullSyncTargetManager","message":"No sync target, waiting for peers. Current peers: 1","throwable":""}
{"timestamp":"2022-09-09T09:13:00,340","container":"74d5cabfd4be","level":"INFO","thread":"EthScheduler-Timer-0","class":"FullSyncTargetManager","message":"No sync target, waiting for peers. Current peers: 1","throwable":""}
{"timestamp":"2022-09-09T09:13:05,348","container":"74d5cabfd4be","level":"INFO","thread":"EthScheduler-Timer-0","class":"FullSyncTargetManager","message":"No sync target, waiting for peers. Current peers: 1","throwable":""}
{"timestamp":"2022-09-09T09:13:10,369","container":"74d5cabfd4be","level":"INFO","thread":"EthScheduler-Timer-0","class":"FullSyncTargetManager","message":"No sync target, waiting for peers. Current peers: 1","throwable":""}
{"timestamp":"2022-09-09T09:13:15,378","container":"74d5cabfd4be","level":"INFO","thread":"EthScheduler-Timer-0","class":"FullSyncTargetManager","message":"No sync target, waiting for peers. Current peers: 1","throwable":""}
{"timestamp":"2022-09-09T09:13:20,422","container":"74d5cabfd4be","level":"INFO","thread":"EthScheduler-Timer-0","class":"FullSyncTargetManager","message":"No sync target, waiting for peers. Current peers: 1","throwable":""}
{"timestamp":"2022-09-09T09:13:25,447","container":"74d5cabfd4be","level":"INFO","thread":"EthScheduler-Timer-0","class":"FullSyncTargetManager","message":"No sync target, waiting for peers. Current peers: 1","throwable":""}
{"timestamp":"2022-09-09T09:13:30,466","container":"74d5cabfd4be","level":"INFO","thread":"EthScheduler-Timer-0","class":"FullSyncTargetManager","message":"No sync target, waiting for peers. Current peers: 1","throwable":""}
{"timestamp":"2022-09-09T09:13:35,481","container":"74d5cabfd4be","level":"INFO","thread":"EthScheduler-Timer-0","class":"FullSyncTargetManager","message":"No sync target, waiting for peers. Current peers: 1","throwable":""}
{"timestamp":"2022-09-09T09:13:40,491","container":"74d5cabfd4be","level":"INFO","thread":"EthScheduler-Timer-0","class":"FullSyncTargetManager","message":"No sync target, waiting for peers. Current peers: 1","throwable":""}
{"timestamp":"2022-09-09T09:13:45,500","container":"74d5cabfd4be","level":"INFO","thread":"EthScheduler-Timer-0","class":"FullSyncTargetManager","message":"No sync target, waiting for peers. Current peers: 1","throwable":""}
{"timestamp":"2022-09-09T09:13:50,523","container":"74d5cabfd4be","level":"INFO","thread":"EthScheduler-Timer-0","class":"FullSyncTargetManager","message":"No sync target, waiting for peers. Current peers: 1","throwable":""}
{"timestamp":"2022-09-09T09:13:55,538","container":"74d5cabfd4be","level":"INFO","thread":"EthScheduler-Timer-0","class":"FullSyncTargetManager","message":"No sync target, waiting for peers. Current peers: 1","throwable":""}
{"timestamp":"2022-09-09T09:14:00,561","container":"74d5cabfd4be","level":"INFO","thread":"EthScheduler-Timer-0","class":"FullSyncTargetManager","message":"No sync target, waiting for peers. Current peers: 1","throwable":""}
{"timestamp":"2022-09-09T09:14:05,579","container":"74d5cabfd4be","level":"INFO","thread":"EthScheduler-Timer-0","class":"FullSyncTargetManager","message":"No sync target, waiting for peers. Current peers: 1","throwable":""}
{"timestamp":"2022-09-09T09:14:10,623","container":"74d5cabfd4be","level":"INFO","thread":"EthScheduler-Timer-0","class":"FullSyncTargetManager","message":"No sync target, waiting for peers. Current peers: 1","throwable":""}
{"timestamp":"2022-09-09T09:14:15,650","container":"74d5cabfd4be","level":"INFO","thread":"EthScheduler-Timer-0","class":"FullSyncTargetManager","message":"No sync target, waiting for peers. Current peers: 1","throwable":""}
{"timestamp":"2022-09-09T09:14:20,690","container":"74d5cabfd4be","level":"INFO","thread":"EthScheduler-Timer-0","class":"FullSyncTargetManager","message":"No sync target, waiting for peers. Current peers: 1","throwable":""}
{"timestamp":"2022-09-09T09:14:25,732","container":"74d5cabfd4be","level":"INFO","thread":"EthScheduler-Timer-0","class":"FullSyncTargetManager","message":"No sync target, waiting for peers. Current peers: 1","throwable":""}
{"timestamp":"2022-09-09T09:14:30,744","container":"74d5cabfd4be","level":"INFO","thread":"EthScheduler-Timer-0","class":"FullSyncTargetManager","message":"No sync target, waiting for peers. Current peers: 1","throwable":""}
{"timestamp":"2022-09-09T09:14:35,798","container":"74d5cabfd4be","level":"INFO","thread":"EthScheduler-Timer-0","class":"FullSyncTargetManager","message":"No sync target, waiting for peers. Current peers: 1","throwable":""}
{"timestamp":"2022-09-09T09:14:40,846","container":"74d5cabfd4be","level":"INFO","thread":"EthScheduler-Timer-0","class":"FullSyncTargetManager","message":"No sync target, waiting for peers. Current peers: 1","throwable":""}
{"timestamp":"2022-09-09T09:14:45,924","container":"74d5cabfd4be","level":"INFO","thread":"EthScheduler-Timer-0","class":"FullSyncTargetManager","message":"No sync target, waiting for peers. Current peers: 1","throwable":""}
{"timestamp":"2022-09-09T09:14:50,954","container":"74d5cabfd4be","level":"INFO","thread":"EthScheduler-Timer-0","class":"FullSyncTargetManager","message":"No sync target, waiting for peers. Current peers: 1","throwable":""}
{"timestamp":"2022-09-09T09:14:55,974","container":"74d5cabfd4be","level":"INFO","thread":"EthScheduler-Timer-0","class":"FullSyncTargetManager","message":"No sync target, waiting for peers. Current peers: 1","throwable":""}
{"timestamp":"2022-09-09T09:15:01,008","container":"74d5cabfd4be","level":"INFO","thread":"EthScheduler-Timer-0","class":"FullSyncTargetManager","message":"No sync target, waiting for peers. Current peers: 1","throwable":""}
{"timestamp":"2022-09-09T09:15:06,048","container":"74d5cabfd4be","level":"INFO","thread":"EthScheduler-Timer-0","class":"FullSyncTargetManager","message":"No sync target, waiting for peers. Current peers: 1","throwable":""}
{"timestamp":"2022-09-09T09:15:11,087","container":"74d5cabfd4be","level":"INFO","thread":"EthScheduler-Timer-0","class":"FullSyncTargetManager","message":"No sync target, waiting for peers. Current peers: 1","throwable":""}
{"timestamp":"2022-09-09T09:15:16,113","container":"74d5cabfd4be","level":"INFO","thread":"EthScheduler-Timer-0","class":"FullSyncTargetManager","message":"No sync target, waiting for peers. Current peers: 1","throwable":""}
{"timestamp":"2022-09-09T09:15:21,154","container":"74d5cabfd4be","level":"INFO","thread":"EthScheduler-Timer-0","class":"FullSyncTargetManager","message":"No sync target, waiting for peers. Current peers: 1","throwable":""}
{"timestamp":"2022-09-09T09:15:26,174","container":"74d5cabfd4be","level":"INFO","thread":"EthScheduler-Timer-0","class":"FullSyncTargetManager","message":"No sync target, waiting for peers. Current peers: 1","throwable":""}
{"timestamp":"2022-09-09T09:15:31,189","container":"74d5cabfd4be","level":"INFO","thread":"EthScheduler-Timer-0","class":"FullSyncTargetManager","message":"No sync target, waiting for peers. Current peers: 1","throwable":""}
{"timestamp":"2022-09-09T09:15:36,203","container":"74d5cabfd4be","level":"INFO","thread":"EthScheduler-Timer-0","class":"FullSyncTargetManager","message":"No sync target, waiting for peers. Current peers: 1","throwable":""}
{"timestamp":"2022-09-09T09:15:41,261","container":"74d5cabfd4be","level":"INFO","thread":"EthScheduler-Timer-0","class":"FullSyncTargetManager","message":"No sync target, waiting for peers. Current peers: 1","throwable":""}
{"timestamp":"2022-09-09T09:15:46,426","container":"74d5cabfd4be","level":"INFO","thread":"EthScheduler-Timer-0","class":"FullSyncTargetManager","message":"No sync target, waiting for peers. Current peers: 1","throwable":""}
{"timestamp":"2022-09-09T09:15:51,514","container":"74d5cabfd4be","level":"INFO","thread":"EthScheduler-Timer-0","class":"FullSyncTargetManager","message":"No sync target, waiting for peers. Current peers: 1","throwable":""}
{"timestamp":"2022-09-09T09:15:56,528","container":"74d5cabfd4be","level":"INFO","thread":"EthScheduler-Timer-0","class":"FullSyncTargetManager","message":"No sync target, waiting for peers. Current peers: 1","throwable":""}
{"timestamp":"2022-09-09T09:16:01,542","container":"74d5cabfd4be","level":"INFO","thread":"EthScheduler-Timer-0","class":"FullSyncTargetManager","message":"No sync target, waiting for peers. Current peers: 1","throwable":""}
{"timestamp":"2022-09-09T09:16:06,571","container":"74d5cabfd4be","level":"INFO","thread":"EthScheduler-Timer-0","class":"FullSyncTargetManager","message":"No sync target, waiting for peers. Current peers: 1","throwable":""}
{"timestamp":"2022-09-09T09:16:11,601","container":"74d5cabfd4be","level":"INFO","thread":"EthScheduler-Timer-0","class":"FullSyncTargetManager","message":"No sync target, waiting for peers. Current peers: 1","throwable":""}
{"timestamp":"2022-09-09T09:16:16,616","container":"74d5cabfd4be","level":"INFO","thread":"EthScheduler-Timer-0","class":"FullSyncTargetManager","message":"No sync target, waiting for peers. Current peers: 1","throwable":""}
{"timestamp":"2022-09-09T09:16:21,647","container":"74d5cabfd4be","level":"INFO","thread":"EthScheduler-Timer-0","class":"FullSyncTargetManager","message":"No sync target, waiting for peers. Current peers: 1","throwable":""}
{"timestamp":"2022-09-09T09:16:26,661","container":"74d5cabfd4be","level":"INFO","thread":"EthScheduler-Timer-0","class":"FullSyncTargetManager","message":"No sync target, waiting for peers. Current peers: 1","throwable":""}
{"timestamp":"2022-09-09T09:16:31,677","container":"74d5cabfd4be","level":"INFO","thread":"EthScheduler-Timer-0","class":"FullSyncTargetManager","message":"No sync target, waiting for peers. Current peers: 1","throwable":""}
{"timestamp":"2022-09-09T09:16:36,697","container":"74d5cabfd4be","level":"INFO","thread":"EthScheduler-Timer-0","class":"FullSyncTargetManager","message":"No sync target, waiting for peers. Current peers: 1","throwable":""}
{"timestamp":"2022-09-09T09:16:41,730","container":"74d5cabfd4be","level":"INFO","thread":"EthScheduler-Timer-0","class":"FullSyncTargetManager","message":"No sync target, waiting for peers. Current peers: 1","throwable":""}
{"timestamp":"2022-09-09T09:16:46,740","container":"74d5cabfd4be","level":"INFO","thread":"EthScheduler-Timer-0","class":"FullSyncTargetManager","message":"No sync target, waiting for peers. Current peers: 1","throwable":""}
{"timestamp":"2022-09-09T09:16:51,767","container":"74d5cabfd4be","level":"INFO","thread":"EthScheduler-Timer-0","class":"FullSyncTargetManager","message":"No sync target, waiting for peers. Current peers: 1","throwable":""}
{"timestamp":"2022-09-09T09:16:56,794","container":"74d5cabfd4be","level":"INFO","thread":"EthScheduler-Timer-0","class":"FullSyncTargetManager","message":"No sync target, waiting for peers. Current peers: 1","throwable":""}
{"timestamp":"2022-09-09T09:17:01,877","container":"74d5cabfd4be","level":"INFO","thread":"EthScheduler-Timer-0","class":"FullSyncTargetManager","message":"No sync target, waiting for peers. Current peers: 1","throwable":""}
{"timestamp":"2022-09-09T09:17:06,924","container":"74d5cabfd4be","level":"INFO","thread":"EthScheduler-Timer-0","class":"FullSyncTargetManager","message":"No sync target, waiting for peers. Current peers: 1","throwable":""}
{"timestamp":"2022-09-09T09:17:11,942","container":"74d5cabfd4be","level":"INFO","thread":"EthScheduler-Timer-0","class":"FullSyncTargetManager","message":"No sync target, waiting for peers. Current peers: 1","throwable":""}
{"timestamp":"2022-09-09T09:17:16,957","container":"74d5cabfd4be","level":"INFO","thread":"EthScheduler-Timer-0","class":"FullSyncTargetManager","message":"No sync target, waiting for peers. Current peers: 1","throwable":""}
{"timestamp":"2022-09-09T09:17:21,981","container":"74d5cabfd4be","level":"INFO","thread":"EthScheduler-Timer-0","class":"FullSyncTargetManager","message":"No sync target, waiting for peers. Current peers: 1","throwable":""}
{"timestamp":"2022-09-09T09:17:27,006","container":"74d5cabfd4be","level":"INFO","thread":"EthScheduler-Timer-0","class":"FullSyncTargetManager","message":"No sync target, waiting for peers. Current peers: 1","throwable":""}
{"timestamp":"2022-09-09T09:17:32,050","container":"74d5cabfd4be","level":"INFO","thread":"EthScheduler-Timer-0","class":"FullSyncTargetManager","message":"No sync target, waiting for peers. Current peers: 1","throwable":""}
{"timestamp":"2022-09-09T09:17:37,071","container":"74d5cabfd4be","level":"INFO","thread":"EthScheduler-Timer-0","class":"FullSyncTargetManager","message":"No sync target, waiting for peers. Current peers: 1","throwable":""}
{"timestamp":"2022-09-09T09:17:42,086","container":"74d5cabfd4be","level":"INFO","thread":"EthScheduler-Timer-0","class":"FullSyncTargetManager","message":"No sync target, waiting for peers. Current peers: 1","throwable":""}
{"timestamp":"2022-09-09T09:17:47,103","container":"74d5cabfd4be","level":"INFO","thread":"EthScheduler-Timer-0","class":"FullSyncTargetManager","message":"No sync target, waiting for peers. Current peers: 1","throwable":""}
{"timestamp":"2022-09-09T09:17:52,120","container":"74d5cabfd4be","level":"INFO","thread":"EthScheduler-Timer-0","class":"FullSyncTargetManager","message":"No sync target, waiting for peers. Current peers: 1","throwable":""}
{"timestamp":"2022-09-09T09:17:57,140","container":"74d5cabfd4be","level":"INFO","thread":"EthScheduler-Timer-0","class":"FullSyncTargetManager","message":"No sync target, waiting for peers. Current peers: 1","throwable":""}
{"timestamp":"2022-09-09T09:18:02,159","container":"74d5cabfd4be","level":"INFO","thread":"EthScheduler-Timer-0","class":"FullSyncTargetManager","message":"No sync target, waiting for peers. Current peers: 1","throwable":""}
{"timestamp":"2022-09-09T09:18:07,172","container":"74d5cabfd4be","level":"INFO","thread":"EthScheduler-Timer-0","class":"FullSyncTargetManager","message":"No sync target, waiting for peers. Current peers: 1","throwable":""}
{"timestamp":"2022-09-09T09:18:12,224","container":"74d5cabfd4be","level":"INFO","thread":"EthScheduler-Timer-0","class":"FullSyncTargetManager","message":"No sync target, waiting for peers. Current peers: 1","throwable":""}
{"timestamp":"2022-09-09T09:18:17,264","container":"74d5cabfd4be","level":"INFO","thread":"EthScheduler-Timer-0","class":"FullSyncTargetManager","message":"No sync target, waiting for peers. Current peers: 1","throwable":""}
{"timestamp":"2022-09-09T09:18:22,276","container":"74d5cabfd4be","level":"INFO","thread":"EthScheduler-Timer-0","class":"FullSyncTargetManager","message":"No sync target, waiting for peers. Current peers: 1","throwable":""}
{"timestamp":"2022-09-09T09:18:27,344","container":"74d5cabfd4be","level":"INFO","thread":"EthScheduler-Timer-0","class":"FullSyncTargetManager","message":"No sync target, waiting for peers. Current peers: 1","throwable":""}
{"timestamp":"2022-09-09T09:18:30,045","container":"74d5cabfd4be","level":"INFO","thread":"nioEventLoopGroup-3-4","class":"FullSyncTargetManager","message":"No sync target, waiting for peers. Current peers: 2","throwable":""}
{"timestamp":"2022-09-09T09:18:35,067","container":"74d5cabfd4be","level":"INFO","thread":"EthScheduler-Timer-0","class":"FullSyncTargetManager","message":"No sync target, waiting for peers. Current peers: 2","throwable":""}
{"timestamp":"2022-09-09T09:18:40,078","container":"74d5cabfd4be","level":"INFO","thread":"EthScheduler-Timer-0","class":"FullSyncTargetManager","message":"No sync target, waiting for peers. Current peers: 2","throwable":""}
{"timestamp":"2022-09-09T09:18:45,087","container":"74d5cabfd4be","level":"INFO","thread":"EthScheduler-Timer-0","class":"FullSyncTargetManager","message":"No sync target, waiting for peers. Current peers: 2","throwable":""}
{"timestamp":"2022-09-09T09:18:50,097","container":"74d5cabfd4be","level":"INFO","thread":"EthScheduler-Timer-0","class":"FullSyncTargetManager","message":"No sync target, waiting for peers. Current peers: 2","throwable":""}
{"timestamp":"2022-09-09T09:18:55,102","container":"74d5cabfd4be","level":"INFO","thread":"EthScheduler-Timer-0","class":"FullSyncTargetManager","message":"No sync target, waiting for peers. Current peers: 2","throwable":""}
{"timestamp":"2022-09-09T09:19:00,119","container":"74d5cabfd4be","level":"INFO","thread":"EthScheduler-Timer-0","class":"FullSyncTargetManager","message":"No sync target, waiting for peers. Current peers: 2","throwable":""}
{"timestamp":"2022-09-09T09:19:05,130","container":"74d5cabfd4be","level":"INFO","thread":"EthScheduler-Timer-0","class":"FullSyncTargetManager","message":"No sync target, waiting for peers. Current peers: 2","throwable":""}
{"timestamp":"2022-09-09T09:19:10,158","container":"74d5cabfd4be","level":"INFO","thread":"EthScheduler-Timer-0","class":"FullSyncTargetManager","message":"No sync target, waiting for peers. Current peers: 2","throwable":""}
{"timestamp":"2022-09-09T09:19:15,170","container":"74d5cabfd4be","level":"INFO","thread":"EthScheduler-Timer-0","class":"FullSyncTargetManager","message":"No sync target, waiting for peers. Current peers: 2","throwable":""}
{"timestamp":"2022-09-09T09:19:20,255","container":"74d5cabfd4be","level":"INFO","thread":"EthScheduler-Timer-0","class":"FullSyncTargetManager","message":"No sync target, waiting for peers. Current peers: 2","throwable":""}
{"timestamp":"2022-09-09T09:19:25,330","container":"74d5cabfd4be","level":"INFO","thread":"EthScheduler-Timer-0","class":"FullSyncTargetManager","message":"No sync target, waiting for peers. Current peers: 2","throwable":""}
{"timestamp":"2022-09-09T09:19:30,375","container":"74d5cabfd4be","level":"INFO","thread":"EthScheduler-Timer-0","class":"FullSyncTargetManager","message":"No sync target, waiting for peers. Current peers: 2","throwable":""}
{"timestamp":"2022-09-09T09:19:35,391","container":"74d5cabfd4be","level":"INFO","thread":"EthScheduler-Timer-0","class":"FullSyncTargetManager","message":"No sync target, waiting for peers. Current peers: 2","throwable":""}
{"timestamp":"2022-09-09T09:19:40,403","container":"74d5cabfd4be","level":"INFO","thread":"EthScheduler-Timer-0","class":"FullSyncTargetManager","message":"No sync target, waiting for peers. Current peers: 2","throwable":""}
{"timestamp":"2022-09-09T09:19:45,423","container":"74d5cabfd4be","level":"INFO","thread":"EthScheduler-Timer-0","class":"FullSyncTargetManager","message":"No sync target, waiting for peers. Current peers: 2","throwable":""}
{"timestamp":"2022-09-09T09:19:50,445","container":"74d5cabfd4be","level":"INFO","thread":"EthScheduler-Timer-0","class":"FullSyncTargetManager","message":"No sync target, waiting for peers. Current peers: 2","throwable":""}
{"timestamp":"2022-09-09T09:19:55,456","container":"74d5cabfd4be","level":"INFO","thread":"EthScheduler-Timer-0","class":"FullSyncTargetManager","message":"No sync target, waiting for peers. Current peers: 2","throwable":""}
{"timestamp":"2022-09-09T09:20:00,487","container":"74d5cabfd4be","level":"INFO","thread":"EthScheduler-Timer-0","class":"FullSyncTargetManager","message":"No sync target, waiting for peers. Current peers: 2","throwable":""}
{"timestamp":"2022-09-09T09:20:05,509","container":"74d5cabfd4be","level":"INFO","thread":"EthScheduler-Timer-0","class":"FullSyncTargetManager","message":"No sync target, waiting for peers. Current peers: 2","throwable":""}
{"timestamp":"2022-09-09T09:20:10,529","container":"74d5cabfd4be","level":"INFO","thread":"EthScheduler-Timer-0","class":"FullSyncTargetManager","message":"No sync target, waiting for peers. Current peers: 2","throwable":""}
{"timestamp":"2022-09-09T09:20:15,549","container":"74d5cabfd4be","level":"INFO","thread":"EthScheduler-Timer-0","class":"FullSyncTargetManager","message":"No sync target, waiting for peers. Current peers: 2","throwable":""}
{"timestamp":"2022-09-09T09:20:20,583","container":"74d5cabfd4be","level":"INFO","thread":"EthScheduler-Timer-0","class":"FullSyncTargetManager","message":"No sync target, waiting for peers. Current peers: 2","throwable":""}
{"timestamp":"2022-09-09T09:20:25,607","container":"74d5cabfd4be","level":"INFO","thread":"EthScheduler-Timer-0","class":"FullSyncTargetManager","message":"No sync target, waiting for peers. Current peers: 2","throwable":""}
{"timestamp":"2022-09-09T09:20:30,627","container":"74d5cabfd4be","level":"INFO","thread":"EthScheduler-Timer-0","class":"FullSyncTargetManager","message":"No sync target, waiting for peers. Current peers: 2","throwable":""}
{"timestamp":"2022-09-09T09:20:35,659","container":"74d5cabfd4be","level":"INFO","thread":"EthScheduler-Timer-0","class":"FullSyncTargetManager","message":"No sync target, waiting for peers. Current peers: 2","throwable":""}
{"timestamp":"2022-09-09T09:20:40,677","container":"74d5cabfd4be","level":"INFO","thread":"EthScheduler-Timer-0","class":"FullSyncTargetManager","message":"No sync target, waiting for peers. Current peers: 2","throwable":""}
{"timestamp":"2022-09-09T09:20:45,708","container":"74d5cabfd4be","level":"INFO","thread":"EthScheduler-Timer-0","class":"FullSyncTargetManager","message":"No sync target, waiting for peers. Current peers: 2","throwable":""}
{"timestamp":"2022-09-09T09:20:50,727","container":"74d5cabfd4be","level":"INFO","thread":"EthScheduler-Timer-0","class":"FullSyncTargetManager","message":"No sync target, waiting for peers. Current peers: 2","throwable":""}
{"timestamp":"2022-09-09T09:20:55,751","container":"74d5cabfd4be","level":"INFO","thread":"EthScheduler-Timer-0","class":"FullSyncTargetManager","message":"No sync target, waiting for peers. Current peers: 2","throwable":""}
{"timestamp":"2022-09-09T09:21:00,756","container":"74d5cabfd4be","level":"INFO","thread":"EthScheduler-Timer-0","class":"FullSyncTargetManager","message":"No sync target, waiting for peers. Current peers: 2","throwable":""}
{"timestamp":"2022-09-09T09:21:05,846","container":"74d5cabfd4be","level":"INFO","thread":"EthScheduler-Timer-0","class":"FullSyncTargetManager","message":"No sync target, waiting for peers. Current peers: 2","throwable":""}
{"timestamp":"2022-09-09T09:21:10,997","container":"74d5cabfd4be","level":"INFO","thread":"EthScheduler-Timer-0","class":"FullSyncTargetManager","message":"No sync target, waiting for peers. Current peers: 2","throwable":""}
{"timestamp":"2022-09-09T09:21:16,023","container":"74d5cabfd4be","level":"INFO","thread":"EthScheduler-Timer-0","class":"FullSyncTargetManager","message":"No sync target, waiting for peers. Current peers: 2","throwable":""}
{"timestamp":"2022-09-09T09:21:21,045","container":"74d5cabfd4be","level":"INFO","thread":"EthScheduler-Timer-0","class":"FullSyncTargetManager","message":"No sync target, waiting for peers. Current peers: 2","throwable":""}
{"timestamp":"2022-09-09T09:21:26,069","container":"74d5cabfd4be","level":"INFO","thread":"EthScheduler-Timer-0","class":"FullSyncTargetManager","message":"No sync target, waiting for peers. Current peers: 2","throwable":""}
{"timestamp":"2022-09-09T09:21:31,084","container":"74d5cabfd4be","level":"INFO","thread":"EthScheduler-Timer-0","class":"FullSyncTargetManager","message":"No sync target, waiting for peers. Current peers: 2","throwable":""}
{"timestamp":"2022-09-09T09:21:36,113","container":"74d5cabfd4be","level":"INFO","thread":"EthScheduler-Timer-0","class":"FullSyncTargetManager","message":"No sync target, waiting for peers. Current peers: 2","throwable":""}
{"timestamp":"2022-09-09T09:21:41,142","container":"74d5cabfd4be","level":"INFO","thread":"EthScheduler-Timer-0","class":"FullSyncTargetManager","message":"No sync target, waiting for peers. Current peers: 2","throwable":""}
{"timestamp":"2022-09-09T09:21:46,158","container":"74d5cabfd4be","level":"INFO","thread":"EthScheduler-Timer-0","class":"FullSyncTargetManager","message":"No sync target, waiting for peers. Current peers: 2","throwable":""}
{"timestamp":"2022-09-09T09:21:51,175","container":"74d5cabfd4be","level":"INFO","thread":"EthScheduler-Timer-0","class":"FullSyncTargetManager","message":"No sync target, waiting for peers. Current peers: 2","throwable":""}
{"timestamp":"2022-09-09T09:21:56,178","container":"74d5cabfd4be","level":"INFO","thread":"EthScheduler-Timer-0","class":"FullSyncTargetManager","message":"No sync target, waiting for peers. Current peers: 2","throwable":""}
{"timestamp":"2022-09-09T09:22:01,183","container":"74d5cabfd4be","level":"INFO","thread":"EthScheduler-Timer-0","class":"FullSyncTargetManager","message":"No sync target, waiting for peers. Current peers: 2","throwable":""}
{"timestamp":"2022-09-09T09:22:06,202","container":"74d5cabfd4be","level":"INFO","thread":"EthScheduler-Timer-0","class":"FullSyncTargetManager","message":"No sync target, waiting for peers. Current peers: 2","throwable":""}
{"timestamp":"2022-09-09T09:22:11,229","container":"74d5cabfd4be","level":"INFO","thread":"EthScheduler-Timer-0","class":"FullSyncTargetManager","message":"No sync target, waiting for peers. Current peers: 2","throwable":""}
{"timestamp":"2022-09-09T09:22:16,265","container":"74d5cabfd4be","level":"INFO","thread":"EthScheduler-Timer-0","class":"FullSyncTargetManager","message":"No sync target, waiting for peers. Current peers: 2","throwable":""}
{"timestamp":"2022-09-09T09:22:21,281","container":"74d5cabfd4be","level":"INFO","thread":"EthScheduler-Timer-0","class":"FullSyncTargetManager","message":"No sync target, waiting for peers. Current peers: 2","throwable":""}
{"timestamp":"2022-09-09T09:22:26,299","container":"74d5cabfd4be","level":"INFO","thread":"EthScheduler-Timer-0","class":"FullSyncTargetManager","message":"No sync target, waiting for peers. Current peers: 2","throwable":""}
{"timestamp":"2022-09-09T09:22:31,318","container":"74d5cabfd4be","level":"INFO","thread":"EthScheduler-Timer-0","class":"FullSyncTargetManager","message":"No sync target, waiting for peers. Current peers: 2","throwable":""}
{"timestamp":"2022-09-09T09:22:36,338","container":"74d5cabfd4be","level":"INFO","thread":"EthScheduler-Timer-0","class":"FullSyncTargetManager","message":"No sync target, waiting for peers. Current peers: 2","throwable":""}
{"timestamp":"2022-09-09T09:22:41,364","container":"74d5cabfd4be","level":"INFO","thread":"EthScheduler-Timer-0","class":"FullSyncTargetManager","message":"No sync target, waiting for peers. Current peers: 2","throwable":""}
{"timestamp":"2022-09-09T09:22:46,378","container":"74d5cabfd4be","level":"INFO","thread":"EthScheduler-Timer-0","class":"FullSyncTargetManager","message":"No sync target, waiting for peers. Current peers: 2","throwable":""}
{"timestamp":"2022-09-09T09:22:51,389","container":"74d5cabfd4be","level":"INFO","thread":"EthScheduler-Timer-0","class":"FullSyncTargetManager","message":"No sync target, waiting for peers. Current peers: 2","throwable":""}
{"timestamp":"2022-09-09T09:22:56,442","container":"74d5cabfd4be","level":"INFO","thread":"EthScheduler-Timer-0","class":"FullSyncTargetManager","message":"No sync target, waiting for peers. Current peers: 2","throwable":""}
{"timestamp":"2022-09-09T09:23:01,446","container":"74d5cabfd4be","level":"INFO","thread":"EthScheduler-Timer-0","class":"FullSyncTargetManager","message":"No sync target, waiting for peers. Current peers: 2","throwable":""}
{"timestamp":"2022-09-09T09:23:06,453","container":"74d5cabfd4be","level":"INFO","thread":"EthScheduler-Timer-0","class":"FullSyncTargetManager","message":"No sync target, waiting for peers. Current peers: 2","throwable":""}
{"timestamp":"2022-09-09T09:23:11,460","container":"74d5cabfd4be","level":"INFO","thread":"EthScheduler-Timer-0","class":"FullSyncTargetManager","message":"No sync target, waiting for peers. Current peers: 2","throwable":""}
{"timestamp":"2022-09-09T09:23:16,463","container":"74d5cabfd4be","level":"INFO","thread":"EthScheduler-Timer-0","class":"FullSyncTargetManager","message":"No sync target, waiting for peers. Current peers: 2","throwable":""}
{"timestamp":"2022-09-09T09:23:21,614","container":"74d5cabfd4be","level":"INFO","thread":"EthScheduler-Timer-0","class":"FullSyncTargetManager","message":"No sync target, waiting for peers. Current peers: 2","throwable":""}
{"timestamp":"2022-09-09T09:23:26,659","container":"74d5cabfd4be","level":"INFO","thread":"EthScheduler-Timer-0","class":"FullSyncTargetManager","message":"No sync target, waiting for peers. Current peers: 2","throwable":""}
{"timestamp":"2022-09-09T09:23:31,705","container":"74d5cabfd4be","level":"INFO","thread":"EthScheduler-Timer-0","class":"FullSyncTargetManager","message":"No sync target, waiting for peers. Current peers: 2","throwable":""}
{"timestamp":"2022-09-09T09:23:36,736","container":"74d5cabfd4be","level":"INFO","thread":"EthScheduler-Timer-0","class":"FullSyncTargetManager","message":"No sync target, waiting for peers. Current peers: 2","throwable":""}
{"timestamp":"2022-09-09T09:23:41,787","container":"74d5cabfd4be","level":"INFO","thread":"EthScheduler-Timer-0","class":"FullSyncTargetManager","message":"No sync target, waiting for peers. Current peers: 2","throwable":""}
{"timestamp":"2022-09-09T09:23:46,856","container":"74d5cabfd4be","level":"INFO","thread":"EthScheduler-Timer-0","class":"FullSyncTargetManager","message":"No sync target, waiting for peers. Current peers: 2","throwable":""}
{"timestamp":"2022-09-09T09:23:51,926","container":"74d5cabfd4be","level":"INFO","thread":"EthScheduler-Timer-0","class":"FullSyncTargetManager","message":"No sync target, waiting for peers. Current peers: 2","throwable":""}
{"timestamp":"2022-09-09T09:23:56,936","container":"74d5cabfd4be","level":"INFO","thread":"EthScheduler-Timer-0","class":"FullSyncTargetManager","message":"No sync target, waiting for peers. Current peers: 2","throwable":""}
{"timestamp":"2022-09-09T09:24:01,942","container":"74d5cabfd4be","level":"INFO","thread":"EthScheduler-Timer-0","class":"FullSyncTargetManager","message":"No sync target, waiting for peers. Current peers: 2","throwable":""}
{"timestamp":"2022-09-09T09:24:06,996","container":"74d5cabfd4be","level":"INFO","thread":"EthScheduler-Timer-0","class":"FullSyncTargetManager","message":"No sync target, waiting for peers. Current peers: 2","throwable":""}
{"timestamp":"2022-09-09T09:24:12,020","container":"74d5cabfd4be","level":"INFO","thread":"EthScheduler-Timer-0","class":"FullSyncTargetManager","message":"No sync target, waiting for peers. Current peers: 2","throwable":""}
{"timestamp":"2022-09-09T09:24:17,047","container":"74d5cabfd4be","level":"INFO","thread":"EthScheduler-Timer-0","class":"FullSyncTargetManager","message":"No sync target, waiting for peers. Current peers: 2","throwable":""}
{"timestamp":"2022-09-09T09:24:22,093","container":"74d5cabfd4be","level":"INFO","thread":"EthScheduler-Timer-0","class":"FullSyncTargetManager","message":"No sync target, waiting for peers. Current peers: 2","throwable":""}
{"timestamp":"2022-09-09T09:24:27,124","container":"74d5cabfd4be","level":"INFO","thread":"EthScheduler-Timer-0","class":"FullSyncTargetManager","message":"No sync target, waiting for peers. Current peers: 2","throwable":""}
{"timestamp":"2022-09-09T09:24:32,136","container":"74d5cabfd4be","level":"INFO","thread":"EthScheduler-Timer-0","class":"FullSyncTargetManager","message":"No sync target, waiting for peers. Current peers: 2","throwable":""}
{"timestamp":"2022-09-09T09:24:37,149","container":"74d5cabfd4be","level":"INFO","thread":"EthScheduler-Timer-0","class":"FullSyncTargetManager","message":"No sync target, waiting for peers. Current peers: 2","throwable":""}
{"timestamp":"2022-09-09T09:24:42,166","container":"74d5cabfd4be","level":"INFO","thread":"EthScheduler-Timer-0","class":"FullSyncTargetManager","message":"No sync target, waiting for peers. Current peers: 2","throwable":""}
{"timestamp":"2022-09-09T09:24:47,186","container":"74d5cabfd4be","level":"INFO","thread":"EthScheduler-Timer-0","class":"FullSyncTargetManager","message":"No sync target, waiting for peers. Current peers: 2","throwable":""}
{"timestamp":"2022-09-09T09:24:52,225","container":"74d5cabfd4be","level":"INFO","thread":"EthScheduler-Timer-0","class":"FullSyncTargetManager","message":"No sync target, waiting for peers. Current peers: 2","throwable":""}
{"timestamp":"2022-09-09T09:24:57,339","container":"74d5cabfd4be","level":"INFO","thread":"EthScheduler-Timer-0","class":"FullSyncTargetManager","message":"No sync target, waiting for peers. Current peers: 2","throwable":""}
{"timestamp":"2022-09-09T09:25:00,942","container":"74d5cabfd4be","level":"INFO","thread":"nioEventLoopGroup-3-5","class":"RlpxAgent","message":"comparing timestamps 1662715500864 with 1662715109668","throwable":""}
{"timestamp":"2022-09-09T09:25:02,413","container":"74d5cabfd4be","level":"INFO","thread":"EthScheduler-Timer-0","class":"FullSyncTargetManager","message":"No sync target, waiting for peers. Current peers: 2","throwable":""}
{"timestamp":"2022-09-09T09:25:07,461","container":"74d5cabfd4be","level":"INFO","thread":"EthScheduler-Timer-0","class":"FullSyncTargetManager","message":"No sync target, waiting for peers. Current peers: 2","throwable":""}
{"timestamp":"2022-09-09T09:25:12,471","container":"74d5cabfd4be","level":"INFO","thread":"EthScheduler-Timer-0","class":"FullSyncTargetManager","message":"No sync target, waiting for peers. Current peers: 2","throwable":""}
{"timestamp":"2022-09-09T09:25:17,481","container":"74d5cabfd4be","level":"INFO","thread":"EthScheduler-Timer-0","class":"FullSyncTargetManager","message":"No sync target, waiting for peers. Current peers: 2","throwable":""}
{"timestamp":"2022-09-09T09:25:22,494","container":"74d5cabfd4be","level":"INFO","thread":"EthScheduler-Timer-0","class":"FullSyncTargetManager","message":"No sync target, waiting for peers. Current peers: 2","throwable":""}
{"timestamp":"2022-09-09T09:25:27,504","container":"74d5cabfd4be","level":"INFO","thread":"EthScheduler-Timer-0","class":"FullSyncTargetManager","message":"No sync target, waiting for peers. Current peers: 2","throwable":""}
{"timestamp":"2022-09-09T09:25:32,501","container":"74d5cabfd4be","level":"INFO","thread":"EthScheduler-Timer-0","class":"FullSyncTargetManager","message":"No sync target, waiting for peers. Current peers: 2","throwable":""}
{"timestamp":"2022-09-09T09:25:37,510","container":"74d5cabfd4be","level":"INFO","thread":"EthScheduler-Timer-0","class":"FullSyncTargetManager","message":"No sync target, waiting for peers. Current peers: 2","throwable":""}
{"timestamp":"2022-09-09T09:25:42,517","container":"74d5cabfd4be","level":"INFO","thread":"EthScheduler-Timer-0","class":"FullSyncTargetManager","message":"No sync target, waiting for peers. Current peers: 2","throwable":""}
{"timestamp":"2022-09-09T09:25:47,528","container":"74d5cabfd4be","level":"INFO","thread":"EthScheduler-Timer-0","class":"FullSyncTargetManager","message":"No sync target, waiting for peers. Current peers: 2","throwable":""}
{"timestamp":"2022-09-09T09:25:52,544","container":"74d5cabfd4be","level":"INFO","thread":"EthScheduler-Timer-0","class":"FullSyncTargetManager","message":"No sync target, waiting for peers. Current peers: 2","throwable":""}
{"timestamp":"2022-09-09T09:25:57,559","container":"74d5cabfd4be","level":"INFO","thread":"EthScheduler-Timer-0","class":"FullSyncTargetManager","message":"No sync target, waiting for peers. Current peers: 2","throwable":""}
{"timestamp":"2022-09-09T09:26:02,565","container":"74d5cabfd4be","level":"INFO","thread":"EthScheduler-Timer-0","class":"FullSyncTargetManager","message":"No sync target, waiting for peers. Current peers: 2","throwable":""}
{"timestamp":"2022-09-09T09:26:07,577","container":"74d5cabfd4be","level":"INFO","thread":"EthScheduler-Timer-0","class":"FullSyncTargetManager","message":"No sync target, waiting for peers. Current peers: 2","throwable":""}
{"timestamp":"2022-09-09T09:26:12,594","container":"74d5cabfd4be","level":"INFO","thread":"EthScheduler-Timer-0","class":"FullSyncTargetManager","message":"No sync target, waiting for peers. Current peers: 2","throwable":""}
{"timestamp":"2022-09-09T09:26:17,628","container":"74d5cabfd4be","level":"INFO","thread":"EthScheduler-Timer-0","class":"FullSyncTargetManager","message":"No sync target, waiting for peers. Current peers: 2","throwable":""}
{"timestamp":"2022-09-09T09:26:22,706","container":"74d5cabfd4be","level":"INFO","thread":"EthScheduler-Timer-0","class":"FullSyncTargetManager","message":"No sync target, waiting for peers. Current peers: 2","throwable":""}
{"timestamp":"2022-09-09T09:26:23,216","container":"74d5cabfd4be","level":"INFO","thread":"nioEventLoopGroup-3-7","class":"FullSyncTargetManager","message":"No sync target, waiting for peers. Current peers: 4","throwable":""}
{"timestamp":"2022-09-09T09:26:28,274","container":"74d5cabfd4be","level":"INFO","thread":"EthScheduler-Timer-0","class":"FullSyncTargetManager","message":"No sync target, waiting for peers. Current peers: 4","throwable":""}
{"timestamp":"2022-09-09T09:26:33,298","container":"74d5cabfd4be","level":"INFO","thread":"EthScheduler-Timer-0","class":"FullSyncTargetManager","message":"No sync target, waiting for peers. Current peers: 4","throwable":""}
{"timestamp":"2022-09-09T09:26:38,306","container":"74d5cabfd4be","level":"INFO","thread":"EthScheduler-Timer-0","class":"FullSyncTargetManager","message":"No sync target, waiting for peers. Current peers: 4","throwable":""}
{"timestamp":"2022-09-09T09:26:43,314","container":"74d5cabfd4be","level":"INFO","thread":"EthScheduler-Timer-0","class":"FullSyncTargetManager","message":"No sync target, waiting for peers. Current peers: 4","throwable":""}
{"timestamp":"2022-09-09T09:26:48,326","container":"74d5cabfd4be","level":"INFO","thread":"EthScheduler-Timer-0","class":"FullSyncTargetManager","message":"No sync target, waiting for peers. Current peers: 4","throwable":""}
{"timestamp":"2022-09-09T09:26:53,347","container":"74d5cabfd4be","level":"INFO","thread":"EthScheduler-Timer-0","class":"FullSyncTargetManager","message":"No sync target, waiting for peers. Current peers: 4","throwable":""}
{"timestamp":"2022-09-09T09:26:58,384","container":"74d5cabfd4be","level":"INFO","thread":"EthScheduler-Timer-0","class":"FullSyncTargetManager","message":"No sync target, waiting for peers. Current peers: 4","throwable":""}
{"timestamp":"2022-09-09T09:27:03,395","container":"74d5cabfd4be","level":"INFO","thread":"EthScheduler-Timer-0","class":"FullSyncTargetManager","message":"No sync target, waiting for peers. Current peers: 4","throwable":""}
{"timestamp":"2022-09-09T09:27:08,402","container":"74d5cabfd4be","level":"INFO","thread":"EthScheduler-Timer-0","class":"FullSyncTargetManager","message":"No sync target, waiting for peers. Current peers: 4","throwable":""}
{"timestamp":"2022-09-09T09:27:13,414","container":"74d5cabfd4be","level":"INFO","thread":"EthScheduler-Timer-0","class":"FullSyncTargetManager","message":"No sync target, waiting for peers. Current peers: 4","throwable":""}
{"timestamp":"2022-09-09T09:27:18,444","container":"74d5cabfd4be","level":"INFO","thread":"EthScheduler-Timer-0","class":"FullSyncTargetManager","message":"No sync target, waiting for peers. Current peers: 4","throwable":""}
{"timestamp":"2022-09-09T09:27:23,457","container":"74d5cabfd4be","level":"INFO","thread":"EthScheduler-Timer-0","class":"FullSyncTargetManager","message":"No sync target, waiting for peers. Current peers: 4","throwable":""}
{"timestamp":"2022-09-09T09:27:28,496","container":"74d5cabfd4be","level":"INFO","thread":"EthScheduler-Timer-0","class":"FullSyncTargetManager","message":"No sync target, waiting for peers. Current peers: 4","throwable":""}
{"timestamp":"2022-09-09T09:27:33,518","container":"74d5cabfd4be","level":"INFO","thread":"EthScheduler-Timer-0","class":"FullSyncTargetManager","message":"No sync target, waiting for peers. Current peers: 4","throwable":""}
{"timestamp":"2022-09-09T09:27:38,544","container":"74d5cabfd4be","level":"INFO","thread":"EthScheduler-Timer-0","class":"FullSyncTargetManager","message":"No sync target, waiting for peers. Current peers: 4","throwable":""}
{"timestamp":"2022-09-09T09:27:43,580","container":"74d5cabfd4be","level":"INFO","thread":"EthScheduler-Timer-0","class":"FullSyncTargetManager","message":"No sync target, waiting for peers. Current peers: 4","throwable":""}
{"timestamp":"2022-09-09T09:27:48,630","container":"74d5cabfd4be","level":"INFO","thread":"EthScheduler-Timer-0","class":"FullSyncTargetManager","message":"No sync target, waiting for peers. Current peers: 4","throwable":""}
{"timestamp":"2022-09-09T09:27:53,651","container":"74d5cabfd4be","level":"INFO","thread":"EthScheduler-Timer-0","class":"FullSyncTargetManager","message":"No sync target, waiting for peers. Current peers: 4","throwable":""}
{"timestamp":"2022-09-09T09:27:58,676","container":"74d5cabfd4be","level":"INFO","thread":"EthScheduler-Timer-0","class":"FullSyncTargetManager","message":"No sync target, waiting for peers. Current peers: 4","throwable":""}
{"timestamp":"2022-09-09T09:28:03,721","container":"74d5cabfd4be","level":"INFO","thread":"EthScheduler-Timer-0","class":"FullSyncTargetManager","message":"No sync target, waiting for peers. Current peers: 4","throwable":""}
{"timestamp":"2022-09-09T09:28:09,802","container":"74d5cabfd4be","level":"INFO","thread":"EthScheduler-Timer-0","class":"FullSyncTargetManager","message":"No sync target, waiting for peers. Current peers: 4","throwable":""}
{"timestamp":"2022-09-09T09:28:14,860","container":"74d5cabfd4be","level":"INFO","thread":"EthScheduler-Timer-0","class":"FullSyncTargetManager","message":"No sync target, waiting for peers. Current peers: 4","throwable":""}
{"timestamp":"2022-09-09T09:28:19,883","container":"74d5cabfd4be","level":"INFO","thread":"EthScheduler-Timer-0","class":"FullSyncTargetManager","message":"No sync target, waiting for peers. Current peers: 4","throwable":""}
{"timestamp":"2022-09-09T09:28:24,907","container":"74d5cabfd4be","level":"INFO","thread":"EthScheduler-Timer-0","class":"FullSyncTargetManager","message":"No sync target, waiting for peers. Current peers: 4","throwable":""}
{"timestamp":"2022-09-09T09:28:29,930","container":"74d5cabfd4be","level":"INFO","thread":"EthScheduler-Timer-0","class":"FullSyncTargetManager","message":"No sync target, waiting for peers. Current peers: 4","throwable":""}
{"timestamp":"2022-09-09T09:28:34,944","container":"74d5cabfd4be","level":"INFO","thread":"EthScheduler-Timer-0","class":"FullSyncTargetManager","message":"No sync target, waiting for peers. Current peers: 4","throwable":""}
{"timestamp":"2022-09-09T09:28:39,962","container":"74d5cabfd4be","level":"INFO","thread":"EthScheduler-Timer-0","class":"FullSyncTargetManager","message":"No sync target, waiting for peers. Current peers: 4","throwable":""}
{"timestamp":"2022-09-09T09:28:44,971","container":"74d5cabfd4be","level":"INFO","thread":"EthScheduler-Timer-0","class":"FullSyncTargetManager","message":"No sync target, waiting for peers. Current peers: 4","throwable":""}
{"timestamp":"2022-09-09T09:28:49,987","container":"74d5cabfd4be","level":"INFO","thread":"EthScheduler-Timer-0","class":"FullSyncTargetManager","message":"No sync target, waiting for peers. Current peers: 4","throwable":""}
{"timestamp":"2022-09-09T09:28:55,022","container":"74d5cabfd4be","level":"INFO","thread":"EthScheduler-Timer-0","class":"FullSyncTargetManager","message":"No sync target, waiting for peers. Current peers: 3","throwable":""}
{"timestamp":"2022-09-09T09:29:00,079","container":"74d5cabfd4be","level":"INFO","thread":"EthScheduler-Timer-0","class":"FullSyncTargetManager","message":"No sync target, waiting for peers. Current peers: 3","throwable":""}
{"timestamp":"2022-09-09T09:29:05,119","container":"74d5cabfd4be","level":"INFO","thread":"EthScheduler-Timer-0","class":"FullSyncTargetManager","message":"No sync target, waiting for peers. Current peers: 3","throwable":""}
{"timestamp":"2022-09-09T09:29:10,163","container":"74d5cabfd4be","level":"INFO","thread":"EthScheduler-Timer-0","class":"FullSyncTargetManager","message":"No sync target, waiting for peers. Current peers: 3","throwable":""}
{"timestamp":"2022-09-09T09:29:15,189","container":"74d5cabfd4be","level":"INFO","thread":"EthScheduler-Timer-0","class":"FullSyncTargetManager","message":"No sync target, waiting for peers. Current peers: 3","throwable":""}
{"timestamp":"2022-09-09T09:29:20,202","container":"74d5cabfd4be","level":"INFO","thread":"EthScheduler-Timer-0","class":"FullSyncTargetManager","message":"No sync target, waiting for peers. Current peers: 3","throwable":""}
{"timestamp":"2022-09-09T09:29:20,456","container":"74d5cabfd4be","level":"INFO","thread":"nioEventLoopGroup-3-9","class":"FullSyncTargetManager","message":"No sync target, waiting for peers. Current peers: 4","throwable":""}
{"timestamp":"2022-09-09T09:29:25,486","container":"74d5cabfd4be","level":"INFO","thread":"EthScheduler-Timer-0","class":"FullSyncTargetManager","message":"No sync target, waiting for peers. Current peers: 4","throwable":""}
{"timestamp":"2022-09-09T09:29:30,500","container":"74d5cabfd4be","level":"INFO","thread":"EthScheduler-Timer-0","class":"FullSyncTargetManager","message":"No sync target, waiting for peers. Current peers: 4","throwable":""}
{"timestamp":"2022-09-09T09:29:35,529","container":"74d5cabfd4be","level":"INFO","thread":"EthScheduler-Timer-0","class":"FullSyncTargetManager","message":"No sync target, waiting for peers. Current peers: 4","throwable":""}
{"timestamp":"2022-09-09T09:29:40,565","container":"74d5cabfd4be","level":"INFO","thread":"EthScheduler-Timer-0","class":"FullSyncTargetManager","message":"No sync target, waiting for peers. Current peers: 4","throwable":""}
{"timestamp":"2022-09-09T09:29:45,589","container":"74d5cabfd4be","level":"INFO","thread":"EthScheduler-Timer-0","class":"FullSyncTargetManager","message":"No sync target, waiting for peers. Current peers: 4","throwable":""}
{"timestamp":"2022-09-09T09:29:50,594","container":"74d5cabfd4be","level":"INFO","thread":"EthScheduler-Timer-0","class":"FullSyncTargetManager","message":"No sync target, waiting for peers. Current peers: 4","throwable":""}
{"timestamp":"2022-09-09T09:29:55,609","container":"74d5cabfd4be","level":"INFO","thread":"EthScheduler-Timer-0","class":"FullSyncTargetManager","message":"No sync target, waiting for peers. Current peers: 4","throwable":""}
{"timestamp":"2022-09-09T09:30:00,623","container":"74d5cabfd4be","level":"INFO","thread":"EthScheduler-Timer-0","class":"FullSyncTargetManager","message":"No sync target, waiting for peers. Current peers: 4","throwable":""}
{"timestamp":"2022-09-09T09:30:05,637","container":"74d5cabfd4be","level":"INFO","thread":"EthScheduler-Timer-0","class":"FullSyncTargetManager","message":"No sync target, waiting for peers. Current peers: 4","throwable":""}
{"timestamp":"2022-09-09T09:30:10,664","container":"74d5cabfd4be","level":"INFO","thread":"EthScheduler-Timer-0","class":"FullSyncTargetManager","message":"No sync target, waiting for peers. Current peers: 4","throwable":""}
{"timestamp":"2022-09-09T09:30:15,681","container":"74d5cabfd4be","level":"INFO","thread":"EthScheduler-Timer-0","class":"FullSyncTargetManager","message":"No sync target, waiting for peers. Current peers: 4","throwable":""}
{"timestamp":"2022-09-09T09:30:20,705","container":"74d5cabfd4be","level":"INFO","thread":"EthScheduler-Timer-0","class":"FullSyncTargetManager","message":"No sync target, waiting for peers. Current peers: 4","throwable":""}
{"timestamp":"2022-09-09T09:30:25,716","container":"74d5cabfd4be","level":"INFO","thread":"EthScheduler-Timer-0","class":"FullSyncTargetManager","message":"No sync target, waiting for peers. Current peers: 4","throwable":""}
{"timestamp":"2022-09-09T09:30:30,722","container":"74d5cabfd4be","level":"INFO","thread":"EthScheduler-Timer-0","class":"FullSyncTargetManager","message":"No sync target, waiting for peers. Current peers: 4","throwable":""}
{"timestamp":"2022-09-09T09:30:35,731","container":"74d5cabfd4be","level":"INFO","thread":"EthScheduler-Timer-0","class":"FullSyncTargetManager","message":"No sync target, waiting for peers. Current peers: 4","throwable":""}
{"timestamp":"2022-09-09T09:30:40,740","container":"74d5cabfd4be","level":"INFO","thread":"EthScheduler-Timer-0","class":"FullSyncTargetManager","message":"No sync target, waiting for peers. Current peers: 4","throwable":""}
{"timestamp":"2022-09-09T09:30:45,754","container":"74d5cabfd4be","level":"INFO","thread":"EthScheduler-Timer-0","class":"FullSyncTargetManager","message":"No sync target, waiting for peers. Current peers: 4","throwable":""}
{"timestamp":"2022-09-09T09:30:50,769","container":"74d5cabfd4be","level":"INFO","thread":"EthScheduler-Timer-0","class":"FullSyncTargetManager","message":"No sync target, waiting for peers. Current peers: 4","throwable":""}
{"timestamp":"2022-09-09T09:30:55,793","container":"74d5cabfd4be","level":"INFO","thread":"EthScheduler-Timer-0","class":"FullSyncTargetManager","message":"No sync target, waiting for peers. Current peers: 4","throwable":""}
{"timestamp":"2022-09-09T09:31:00,836","container":"74d5cabfd4be","level":"INFO","thread":"EthScheduler-Timer-0","class":"FullSyncTargetManager","message":"No sync target, waiting for peers. Current peers: 4","throwable":""}
{"timestamp":"2022-09-09T09:31:05,887","container":"74d5cabfd4be","level":"INFO","thread":"EthScheduler-Timer-0","class":"FullSyncTargetManager","message":"No sync target, waiting for peers. Current peers: 4","throwable":""}
{"timestamp":"2022-09-09T09:31:10,919","container":"74d5cabfd4be","level":"INFO","thread":"EthScheduler-Timer-0","class":"FullSyncTargetManager","message":"No sync target, waiting for peers. Current peers: 4","throwable":""}
{"timestamp":"2022-09-09T09:31:15,949","container":"74d5cabfd4be","level":"INFO","thread":"EthScheduler-Timer-0","class":"FullSyncTargetManager","message":"No sync target, waiting for peers. Current peers: 4","throwable":""}
{"timestamp":"2022-09-09T09:31:20,957","container":"74d5cabfd4be","level":"INFO","thread":"EthScheduler-Timer-0","class":"FullSyncTargetManager","message":"No sync target, waiting for peers. Current peers: 4","throwable":""}
{"timestamp":"2022-09-09T09:31:25,967","container":"74d5cabfd4be","level":"INFO","thread":"EthScheduler-Timer-0","class":"FullSyncTargetManager","message":"No sync target, waiting for peers. Current peers: 4","throwable":""}
{"timestamp":"2022-09-09T09:31:30,978","container":"74d5cabfd4be","level":"INFO","thread":"EthScheduler-Timer-0","class":"FullSyncTargetManager","message":"No sync target, waiting for peers. Current peers: 4","throwable":""}
{"timestamp":"2022-09-09T09:31:35,990","container":"74d5cabfd4be","level":"INFO","thread":"EthScheduler-Timer-0","class":"FullSyncTargetManager","message":"No sync target, waiting for peers. Current peers: 4","throwable":""}
{"timestamp":"2022-09-09T09:31:41,004","container":"74d5cabfd4be","level":"INFO","thread":"EthScheduler-Timer-0","class":"FullSyncTargetManager","message":"No sync target, waiting for peers. Current peers: 4","throwable":""}
{"timestamp":"2022-09-09T09:31:46,019","container":"74d5cabfd4be","level":"INFO","thread":"EthScheduler-Timer-0","class":"FullSyncTargetManager","message":"No sync target, waiting for peers. Current peers: 4","throwable":""}
{"timestamp":"2022-09-09T09:31:51,032","container":"74d5cabfd4be","level":"INFO","thread":"EthScheduler-Timer-0","class":"FullSyncTargetManager","message":"No sync target, waiting for peers. Current peers: 4","throwable":""}
{"timestamp":"2022-09-09T09:31:56,042","container":"74d5cabfd4be","level":"INFO","thread":"EthScheduler-Timer-0","class":"FullSyncTargetManager","message":"No sync target, waiting for peers. Current peers: 4","throwable":""}
{"timestamp":"2022-09-09T09:32:01,048","container":"74d5cabfd4be","level":"INFO","thread":"EthScheduler-Timer-0","class":"FullSyncTargetManager","message":"No sync target, waiting for peers. Current peers: 4","throwable":""}
{"timestamp":"2022-09-09T09:32:06,062","container":"74d5cabfd4be","level":"INFO","thread":"EthScheduler-Timer-0","class":"FullSyncTargetManager","message":"No sync target, waiting for peers. Current peers: 4","throwable":""}
{"timestamp":"2022-09-09T09:32:11,099","container":"74d5cabfd4be","level":"INFO","thread":"EthScheduler-Timer-0","class":"FullSyncTargetManager","message":"No sync target, waiting for peers. Current peers: 4","throwable":""}
{"timestamp":"2022-09-09T09:32:16,125","container":"74d5cabfd4be","level":"INFO","thread":"EthScheduler-Timer-0","class":"FullSyncTargetManager","message":"No sync target, waiting for peers. Current peers: 4","throwable":""}
{"timestamp":"2022-09-09T09:32:21,161","container":"74d5cabfd4be","level":"INFO","thread":"EthScheduler-Timer-0","class":"FullSyncTargetManager","message":"No sync target, waiting for peers. Current peers: 4","throwable":""}
{"timestamp":"2022-09-09T09:32:26,170","container":"74d5cabfd4be","level":"INFO","thread":"EthScheduler-Timer-0","class":"FullSyncTargetManager","message":"No sync target, waiting for peers. Current peers: 4","throwable":""}
{"timestamp":"2022-09-09T09:32:31,181","container":"74d5cabfd4be","level":"INFO","thread":"EthScheduler-Timer-0","class":"FullSyncTargetManager","message":"No sync target, waiting for peers. Current peers: 4","throwable":""}
{"timestamp":"2022-09-09T09:32:36,186","container":"74d5cabfd4be","level":"INFO","thread":"EthScheduler-Timer-0","class":"FullSyncTargetManager","message":"No sync target, waiting for peers. Current peers: 4","throwable":""}
{"timestamp":"2022-09-09T09:32:41,210","container":"74d5cabfd4be","level":"INFO","thread":"EthScheduler-Timer-0","class":"FullSyncTargetManager","message":"No sync target, waiting for peers. Current peers: 4","throwable":""}
{"timestamp":"2022-09-09T09:32:46,244","container":"74d5cabfd4be","level":"INFO","thread":"EthScheduler-Timer-0","class":"FullSyncTargetManager","message":"No sync target, waiting for peers. Current peers: 4","throwable":""}
{"timestamp":"2022-09-09T09:32:51,256","container":"74d5cabfd4be","level":"INFO","thread":"EthScheduler-Timer-0","class":"FullSyncTargetManager","message":"No sync target, waiting for peers. Current peers: 4","throwable":""}
{"timestamp":"2022-09-09T09:32:56,263","container":"74d5cabfd4be","level":"INFO","thread":"EthScheduler-Timer-0","class":"FullSyncTargetManager","message":"No sync target, waiting for peers. Current peers: 4","throwable":""}
{"timestamp":"2022-09-09T09:33:01,277","container":"74d5cabfd4be","level":"INFO","thread":"EthScheduler-Timer-0","class":"FullSyncTargetManager","message":"No sync target, waiting for peers. Current peers: 4","throwable":""}
{"timestamp":"2022-09-09T09:33:06,288","container":"74d5cabfd4be","level":"INFO","thread":"EthScheduler-Timer-0","class":"FullSyncTargetManager","message":"No sync target, waiting for peers. Current peers: 4","throwable":""}
{"timestamp":"2022-09-09T09:33:11,305","container":"74d5cabfd4be","level":"INFO","thread":"EthScheduler-Timer-0","class":"FullSyncTargetManager","message":"No sync target, waiting for peers. Current peers: 4","throwable":""}
{"timestamp":"2022-09-09T09:33:16,349","container":"74d5cabfd4be","level":"INFO","thread":"EthScheduler-Timer-0","class":"FullSyncTargetManager","message":"No sync target, waiting for peers. Current peers: 4","throwable":""}
{"timestamp":"2022-09-09T09:33:21,358","container":"74d5cabfd4be","level":"INFO","thread":"EthScheduler-Timer-0","class":"FullSyncTargetManager","message":"No sync target, waiting for peers. Current peers: 4","throwable":""}
{"timestamp":"2022-09-09T09:33:26,365","container":"74d5cabfd4be","level":"INFO","thread":"EthScheduler-Timer-0","class":"FullSyncTargetManager","message":"No sync target, waiting for peers. Current peers: 4","throwable":""}
{"timestamp":"2022-09-09T09:33:31,366","container":"74d5cabfd4be","level":"INFO","thread":"EthScheduler-Timer-0","class":"FullSyncTargetManager","message":"No sync target, waiting for peers. Current peers: 4","throwable":""}
{"timestamp":"2022-09-09T09:33:36,384","container":"74d5cabfd4be","level":"INFO","thread":"EthScheduler-Timer-0","class":"FullSyncTargetManager","message":"No sync target, waiting for peers. Current peers: 4","throwable":""}
{"timestamp":"2022-09-09T09:33:41,411","container":"74d5cabfd4be","level":"INFO","thread":"EthScheduler-Timer-0","class":"FullSyncTargetManager","message":"No sync target, waiting for peers. Current peers: 4","throwable":""}
{"timestamp":"2022-09-09T09:33:46,429","container":"74d5cabfd4be","level":"INFO","thread":"EthScheduler-Timer-0","class":"FullSyncTargetManager","message":"No sync target, waiting for peers. Current peers: 4","throwable":""}
{"timestamp":"2022-09-09T09:33:51,441","container":"74d5cabfd4be","level":"INFO","thread":"EthScheduler-Timer-0","class":"FullSyncTargetManager","message":"No sync target, waiting for peers. Current peers: 4","throwable":""}
{"timestamp":"2022-09-09T09:33:56,517","container":"74d5cabfd4be","level":"INFO","thread":"EthScheduler-Timer-0","class":"FullSyncTargetManager","message":"No sync target, waiting for peers. Current peers: 4","throwable":""}
{"timestamp":"2022-09-09T09:34:01,583","container":"74d5cabfd4be","level":"INFO","thread":"EthScheduler-Timer-0","class":"FullSyncTargetManager","message":"No sync target, waiting for peers. Current peers: 4","throwable":""}
{"timestamp":"2022-09-09T09:34:06,595","container":"74d5cabfd4be","level":"INFO","thread":"EthScheduler-Timer-0","class":"FullSyncTargetManager","message":"No sync target, waiting for peers. Current peers: 4","throwable":""}
{"timestamp":"2022-09-09T09:34:11,630","container":"74d5cabfd4be","level":"INFO","thread":"EthScheduler-Timer-0","class":"FullSyncTargetManager","message":"No sync target, waiting for peers. Current peers: 4","throwable":""}
{"timestamp":"2022-09-09T09:34:16,652","container":"74d5cabfd4be","level":"INFO","thread":"EthScheduler-Timer-0","class":"FullSyncTargetManager","message":"No sync target, waiting for peers. Current peers: 4","throwable":""}
{"timestamp":"2022-09-09T09:34:21,678","container":"74d5cabfd4be","level":"INFO","thread":"EthScheduler-Timer-0","class":"FullSyncTargetManager","message":"No sync target, waiting for peers. Current peers: 4","throwable":""}
{"timestamp":"2022-09-09T09:34:26,724","container":"74d5cabfd4be","level":"INFO","thread":"EthScheduler-Timer-0","class":"FullSyncTargetManager","message":"No sync target, waiting for peers. Current peers: 4","throwable":""}
{"timestamp":"2022-09-09T09:34:31,782","container":"74d5cabfd4be","level":"INFO","thread":"EthScheduler-Timer-0","class":"FullSyncTargetManager","message":"No sync target, waiting for peers. Current peers: 4","throwable":""}
{"timestamp":"2022-09-09T09:34:36,814","container":"74d5cabfd4be","level":"INFO","thread":"EthScheduler-Timer-0","class":"FullSyncTargetManager","message":"No sync target, waiting for peers. Current peers: 4","throwable":""}
{"timestamp":"2022-09-09T09:34:41,828","container":"74d5cabfd4be","level":"INFO","thread":"EthScheduler-Timer-0","class":"FullSyncTargetManager","message":"No sync target, waiting for peers. Current peers: 4","throwable":""}
{"timestamp":"2022-09-09T09:34:46,837","container":"74d5cabfd4be","level":"INFO","thread":"EthScheduler-Timer-0","class":"FullSyncTargetManager","message":"No sync target, waiting for peers. Current peers: 4","throwable":""}
{"timestamp":"2022-09-09T09:34:51,886","container":"74d5cabfd4be","level":"INFO","thread":"EthScheduler-Timer-0","class":"FullSyncTargetManager","message":"No sync target, waiting for peers. Current peers: 4","throwable":""}
{"timestamp":"2022-09-09T09:34:57,027","container":"74d5cabfd4be","level":"INFO","thread":"EthScheduler-Timer-0","class":"FullSyncTargetManager","message":"No sync target, waiting for peers. Current peers: 4","throwable":""}
{"timestamp":"2022-09-09T09:35:02,140","container":"74d5cabfd4be","level":"INFO","thread":"EthScheduler-Timer-0","class":"FullSyncTargetManager","message":"No sync target, waiting for peers. Current peers: 4","throwable":""}
{"timestamp":"2022-09-09T09:35:07,205","container":"74d5cabfd4be","level":"INFO","thread":"EthScheduler-Timer-0","class":"FullSyncTargetManager","message":"No sync target, waiting for peers. Current peers: 4","throwable":""}
{"timestamp":"2022-09-09T09:35:12,276","container":"74d5cabfd4be","level":"INFO","thread":"EthScheduler-Timer-0","class":"FullSyncTargetManager","message":"No sync target, waiting for peers. Current peers: 4","throwable":""}
{"timestamp":"2022-09-09T09:35:17,321","container":"74d5cabfd4be","level":"INFO","thread":"EthScheduler-Timer-0","class":"FullSyncTargetManager","message":"No sync target, waiting for peers. Current peers: 4","throwable":""}
{"timestamp":"2022-09-09T09:35:22,349","container":"74d5cabfd4be","level":"INFO","thread":"EthScheduler-Timer-0","class":"FullSyncTargetManager","message":"No sync target, waiting for peers. Current peers: 4","throwable":""}
{"timestamp":"2022-09-09T09:35:27,367","container":"74d5cabfd4be","level":"INFO","thread":"EthScheduler-Timer-0","class":"FullSyncTargetManager","message":"No sync target, waiting for peers. Current peers: 4","throwable":""}
{"timestamp":"2022-09-09T09:35:32,393","container":"74d5cabfd4be","level":"INFO","thread":"EthScheduler-Timer-0","class":"FullSyncTargetManager","message":"No sync target, waiting for peers. Current peers: 4","throwable":""}
{"timestamp":"2022-09-09T09:35:37,428","container":"74d5cabfd4be","level":"INFO","thread":"EthScheduler-Timer-0","class":"FullSyncTargetManager","message":"No sync target, waiting for peers. Current peers: 4","throwable":""}
{"timestamp":"2022-09-09T09:35:42,432","container":"74d5cabfd4be","level":"INFO","thread":"EthScheduler-Timer-0","class":"FullSyncTargetManager","message":"No sync target, waiting for peers. Current peers: 4","throwable":""}
{"timestamp":"2022-09-09T09:35:47,454","container":"74d5cabfd4be","level":"INFO","thread":"EthScheduler-Timer-0","class":"FullSyncTargetManager","message":"No sync target, waiting for peers. Current peers: 4","throwable":""}
{"timestamp":"2022-09-09T09:35:52,573","container":"74d5cabfd4be","level":"INFO","thread":"EthScheduler-Timer-0","class":"FullSyncTargetManager","message":"No sync target, waiting for peers. Current peers: 4","throwable":""}
{"timestamp":"2022-09-09T09:35:57,604","container":"74d5cabfd4be","level":"INFO","thread":"EthScheduler-Timer-0","class":"FullSyncTargetManager","message":"No sync target, waiting for peers. Current peers: 4","throwable":""}
{"timestamp":"2022-09-09T09:36:02,629","container":"74d5cabfd4be","level":"INFO","thread":"EthScheduler-Timer-0","class":"FullSyncTargetManager","message":"No sync target, waiting for peers. Current peers: 4","throwable":""}
{"timestamp":"2022-09-09T09:36:07,665","container":"74d5cabfd4be","level":"INFO","thread":"EthScheduler-Timer-0","class":"FullSyncTargetManager","message":"No sync target, waiting for peers. Current peers: 4","throwable":""}
{"timestamp":"2022-09-09T09:36:12,776","container":"74d5cabfd4be","level":"INFO","thread":"EthScheduler-Timer-0","class":"FullSyncTargetManager","message":"No sync target, waiting for peers. Current peers: 3","throwable":""}
{"timestamp":"2022-09-09T09:36:20,294","container":"74d5cabfd4be","level":"INFO","thread":"EthScheduler-Timer-0","class":"FullSyncTargetManager","message":"No sync target, waiting for peers. Current peers: 3","throwable":""}
{"timestamp":"2022-09-09T09:36:20,871","container":"74d5cabfd4be","level":"INFO","thread":"BftProcessorExecutor-IBFT-0","class":"BftProcessor","message":"Shutting down BFT event processor","throwable":""}
{"timestamp":"2022-09-09T09:36:21,096","container":"74d5cabfd4be","level":"INFO","thread":"BesuCommand-Shutdown-Hook","class":"DefaultSynchronizer","message":"Stopping synchronizer","throwable":""}
{"timestamp":"2022-09-09T09:36:21,150","container":"74d5cabfd4be","level":"INFO","thread":"BesuCommand-Shutdown-Hook","class":"NetworkRunner","message":"Stopping Network.","throwable":""}
