{"timestamp":"2022-09-09T07:00:51,074","container":"98e43c5fd018","level":"INFO","thread":"main","class":"Besu","message":"Using the Java implementation of alt bn128","throwable":""}
{"timestamp":"2022-09-09T07:00:51,077","container":"98e43c5fd018","level":"INFO","thread":"main","class":"Besu","message":"Using the native implementation of the signature algorithm","throwable":""}
{"timestamp":"2022-09-09T07:00:51,081","container":"98e43c5fd018","level":"INFO","thread":"main","class":"Besu","message":"Starting Besu version: besu/v22.7.1/linux-aarch_64/openjdk-java-11","throwable":""}
{"timestamp":"2022-09-09T07:00:51,212","container":"98e43c5fd018","level":"WARN","thread":"main","class":"Besu","message":"--min-gas-price has been ignored because --miner-enabled was not defined on the command line.","throwable":""}
{"timestamp":"2022-09-09T07:00:51,343","container":"98e43c5fd018","level":"WARN","thread":"main","class":"Besu","message":"--graphql-http-host has been ignored because --graphql-http-enabled was not defined on the command line.","throwable":""}
{"timestamp":"2022-09-09T07:00:51,346","container":"98e43c5fd018","level":"WARN","thread":"main","class":"Besu","message":"--rpc-ws-host has been ignored because --rpc-ws-enabled was not defined on the command line.","throwable":""}
{"timestamp":"2022-09-09T07:00:51,348","container":"98e43c5fd018","level":"INFO","thread":"main","class":"Besu","message":"Static Nodes file = /opt/besu/data/static-nodes.json","throwable":""}
{"timestamp":"2022-09-09T07:00:51,352","container":"98e43c5fd018","level":"INFO","thread":"main","class":"StaticNodesParser","message":"StaticNodes file /opt/besu/data/static-nodes.json does not exist, no static connections will be created.","throwable":""}
{"timestamp":"2022-09-09T07:00:51,353","container":"98e43c5fd018","level":"INFO","thread":"main","class":"Besu","message":"Connecting to 0 static nodes.","throwable":""}
{"timestamp":"2022-09-09T07:00:51,356","container":"98e43c5fd018","level":"INFO","thread":"main","class":"Besu","message":"Security Module: localfile","throwable":""}
{"timestamp":"2022-09-09T07:00:51,366","container":"98e43c5fd018","level":"INFO","thread":"main","class":"RocksDBKeyValueStorageFactory","message":"No existing database detected at /opt/besu/data. Using version 1","throwable":""}
{"timestamp":"2022-09-09T07:00:52,123","container":"98e43c5fd018","level":"INFO","thread":"main","class":"KeyPairUtil","message":"Loaded public key 0xba754200ede0854b7752edeef557e9256548b1fa0d3fcf51dffffdafaa5624650345a5da9cac4a819e99cbddd5e2a28bbb682b1a17e8b595f1a73a441d77c90c from /opt/besu/config/key","throwable":""}
{"timestamp":"2022-09-09T07:00:52,216","container":"98e43c5fd018","level":"INFO","thread":"main","class":"AbstractAltBnPrecompiledContract","message":"Native alt bn128 not available","throwable":""}
{"timestamp":"2022-09-09T07:00:52,218","container":"98e43c5fd018","level":"INFO","thread":"main","class":"AbstractAltBnPrecompiledContract","message":"Native alt bn128 not available","throwable":""}
{"timestamp":"2022-09-09T07:00:52,220","container":"98e43c5fd018","level":"INFO","thread":"main","class":"AbstractAltBnPrecompiledContract","message":"Native alt bn128 not available","throwable":""}
{"timestamp":"2022-09-09T07:00:52,221","container":"98e43c5fd018","level":"INFO","thread":"main","class":"AbstractAltBnPrecompiledContract","message":"Native alt bn128 not available","throwable":""}
{"timestamp":"2022-09-09T07:00:52,222","container":"98e43c5fd018","level":"INFO","thread":"main","class":"AbstractAltBnPrecompiledContract","message":"Native alt bn128 not available","throwable":""}
{"timestamp":"2022-09-09T07:00:52,223","container":"98e43c5fd018","level":"INFO","thread":"main","class":"AbstractAltBnPrecompiledContract","message":"Native alt bn128 not available","throwable":""}
{"timestamp":"2022-09-09T07:00:52,238","container":"98e43c5fd018","level":"INFO","thread":"main","class":"ProtocolScheduleBuilder","message":"Protocol schedule created with milestones: [Berlin: 0]","throwable":""}
{"timestamp":"2022-09-09T07:00:52,307","container":"98e43c5fd018","level":"INFO","thread":"main","class":"BesuControllerBuilder","message":"TTD difficulty is not present, creating initial sync phase for PoW","throwable":""}
{"timestamp":"2022-09-09T07:00:52,332","container":"98e43c5fd018","level":"INFO","thread":"main","class":"RunnerBuilder","message":"Detecting NAT service.","throwable":""}
{"timestamp":"2022-09-09T07:00:52,446","container":"98e43c5fd018","level":"INFO","thread":"main","class":"Runner","message":"Starting external services ... ","throwable":""}
{"timestamp":"2022-09-09T07:00:52,449","container":"98e43c5fd018","level":"INFO","thread":"main","class":"JsonRpcHttpService","message":"Starting JSON-RPC service on 0.0.0.0:8546","throwable":""}
{"timestamp":"2022-09-09T07:00:52,536","container":"98e43c5fd018","level":"INFO","thread":"vert.x-eventloop-thread-1","class":"JsonRpcHttpService","message":"JSON-RPC service started and listening on 0.0.0.0:8546","throwable":""}
{"timestamp":"2022-09-09T07:00:52,543","container":"98e43c5fd018","level":"INFO","thread":"main","class":"AutoTransactionLogBloomCachingService","message":"Starting auto transaction log bloom caching service.","throwable":""}
{"timestamp":"2022-09-09T07:00:52,552","container":"98e43c5fd018","level":"INFO","thread":"main","class":"LogBloomCacheMetadata","message":"Lookup cache metadata file in data directory: /opt/besu/data/caches","throwable":""}
{"timestamp":"2022-09-09T07:00:52,589","container":"98e43c5fd018","level":"INFO","thread":"main","class":"Runner","message":"Starting Ethereum main loop ... ","throwable":""}
{"timestamp":"2022-09-09T07:00:52,591","container":"98e43c5fd018","level":"INFO","thread":"main","class":"DockerNatManager","message":"Starting docker NAT manager.","throwable":""}
{"timestamp":"2022-09-09T07:00:52,634","container":"98e43c5fd018","level":"INFO","thread":"main","class":"NetworkRunner","message":"Starting Network.","throwable":""}
{"timestamp":"2022-09-09T07:00:52,655","container":"98e43c5fd018","level":"INFO","thread":"nioEventLoopGroup-2-1","class":"RlpxAgent","message":"P2P RLPx agent started and listening on /0.0.0.0:30304.","throwable":""}
{"timestamp":"2022-09-09T07:00:52,657","container":"98e43c5fd018","level":"INFO","thread":"main","class":"PeerDiscoveryAgent","message":"Starting peer discovery agent on host=0.0.0.0, port=30304","throwable":""}
{"timestamp":"2022-09-09T07:00:52,679","container":"98e43c5fd018","level":"INFO","thread":"vert.x-eventloop-thread-1","class":"VertxPeerDiscoveryAgent","message":"Started peer discovery agent successfully, on effective host=0.0.0.0 and port=30304","throwable":""}
{"timestamp":"2022-09-09T07:00:52,680","container":"98e43c5fd018","level":"INFO","thread":"vert.x-eventloop-thread-1","class":"PeerDiscoveryAgent","message":"P2P peer discovery agent started and listening on /0.0.0.0:30304","throwable":""}
{"timestamp":"2022-09-09T07:00:52,712","container":"98e43c5fd018","level":"INFO","thread":"vert.x-eventloop-thread-1","class":"PeerDiscoveryAgent","message":"Writing node record to disk. NodeRecord{seq=1, publicKey=0x02ba754200ede0854b7752edeef557e9256548b1fa0d3fcf51dffffdafaa562465, udpAddress=Optional[/127.0.0.1:30304], tcpAddress=Optional[/127.0.0.1:30304], asBase64=-Je4QD4wxxg-xYJhP_jGTFo-kV5tM2up0l90w323udCeGm9QQdQ6egYeHa2No3TvcRAGR-HQsBXXKTU0F2EQRBrTARkBg2V0aMfGhDaNz9WAgmlkgnY0gmlwhH8AAAGJc2VjcDI1NmsxoQK6dUIA7eCFS3dS7e71V-klZUix-g0_z1Hf__2vqlYkZYN0Y3CCdmCDdWRwgnZg, nodeId=0xfff52c5597a228e291b4bf135fc18a0a200d3e9d40eb00ceb44e8623d9b998c2, customFields={tcp=30304, udp=30304, ip=0x7f000001, eth=[[0x368dcfd5, 0x]], id=V4, secp256k1=0x02ba754200ede0854b7752edeef557e9256548b1fa0d3fcf51dffffdafaa562465}}","throwable":""}
{"timestamp":"2022-09-09T07:00:52,737","container":"98e43c5fd018","level":"INFO","thread":"main","class":"DefaultP2PNetwork","message":"Enode URL enode://ba754200ede0854b7752edeef557e9256548b1fa0d3fcf51dffffdafaa5624650345a5da9cac4a819e99cbddd5e2a28bbb682b1a17e8b595f1a73a441d77c90c@127.0.0.1:30304","throwable":""}
{"timestamp":"2022-09-09T07:00:52,739","container":"98e43c5fd018","level":"INFO","thread":"main","class":"DefaultP2PNetwork","message":"Node address 0x5fc18a0a200d3e9d40eb00ceb44e8623d9b998c2","throwable":""}
{"timestamp":"2022-09-09T07:00:52,742","container":"98e43c5fd018","level":"INFO","thread":"main","class":"DefaultSynchronizer","message":"Starting synchronizer.","throwable":""}
{"timestamp":"2022-09-09T07:00:52,743","container":"98e43c5fd018","level":"INFO","thread":"main","class":"FullSyncDownloader","message":"Starting full sync.","throwable":""}
{"timestamp":"2022-09-09T07:00:52,745","container":"98e43c5fd018","level":"INFO","thread":"main","class":"FullSyncTargetManager","message":"No sync target, waiting for peers. Current peers: 0","throwable":""}
{"timestamp":"2022-09-09T07:00:52,763","container":"98e43c5fd018","level":"INFO","thread":"main","class":"Runner","message":"Ethereum main loop is up.","throwable":""}
{"timestamp":"2022-09-09T07:00:57,799","container":"98e43c5fd018","level":"INFO","thread":"EthScheduler-Timer-0","class":"FullSyncTargetManager","message":"No sync target, waiting for peers. Current peers: 0","throwable":""}
{"timestamp":"2022-09-09T07:01:02,818","container":"98e43c5fd018","level":"INFO","thread":"EthScheduler-Timer-0","class":"FullSyncTargetManager","message":"No sync target, waiting for peers. Current peers: 0","throwable":""}
{"timestamp":"2022-09-09T07:01:07,832","container":"98e43c5fd018","level":"INFO","thread":"EthScheduler-Timer-0","class":"FullSyncTargetManager","message":"No sync target, waiting for peers. Current peers: 0","throwable":""}
{"timestamp":"2022-09-09T07:01:12,845","container":"98e43c5fd018","level":"INFO","thread":"EthScheduler-Timer-0","class":"FullSyncTargetManager","message":"No sync target, waiting for peers. Current peers: 0","throwable":""}
{"timestamp":"2022-09-09T07:01:17,857","container":"98e43c5fd018","level":"INFO","thread":"EthScheduler-Timer-0","class":"FullSyncTargetManager","message":"No sync target, waiting for peers. Current peers: 0","throwable":""}
{"timestamp":"2022-09-09T07:01:22,869","container":"98e43c5fd018","level":"INFO","thread":"EthScheduler-Timer-0","class":"FullSyncTargetManager","message":"No sync target, waiting for peers. Current peers: 0","throwable":""}
{"timestamp":"2022-09-09T07:01:27,883","container":"98e43c5fd018","level":"INFO","thread":"EthScheduler-Timer-0","class":"FullSyncTargetManager","message":"No sync target, waiting for peers. Current peers: 0","throwable":""}
{"timestamp":"2022-09-09T07:01:32,893","container":"98e43c5fd018","level":"INFO","thread":"EthScheduler-Timer-0","class":"FullSyncTargetManager","message":"No sync target, waiting for peers. Current peers: 0","throwable":""}
{"timestamp":"2022-09-09T07:01:37,911","container":"98e43c5fd018","level":"INFO","thread":"EthScheduler-Timer-0","class":"FullSyncTargetManager","message":"No sync target, waiting for peers. Current peers: 0","throwable":""}
{"timestamp":"2022-09-09T07:01:42,929","container":"98e43c5fd018","level":"INFO","thread":"EthScheduler-Timer-0","class":"FullSyncTargetManager","message":"No sync target, waiting for peers. Current peers: 0","throwable":""}
{"timestamp":"2022-09-09T07:01:47,965","container":"98e43c5fd018","level":"INFO","thread":"EthScheduler-Timer-0","class":"FullSyncTargetManager","message":"No sync target, waiting for peers. Current peers: 0","throwable":""}
{"timestamp":"2022-09-09T07:01:52,985","container":"98e43c5fd018","level":"INFO","thread":"EthScheduler-Timer-0","class":"FullSyncTargetManager","message":"No sync target, waiting for peers. Current peers: 0","throwable":""}
{"timestamp":"2022-09-09T07:01:57,999","container":"98e43c5fd018","level":"INFO","thread":"EthScheduler-Timer-0","class":"FullSyncTargetManager","message":"No sync target, waiting for peers. Current peers: 0","throwable":""}
{"timestamp":"2022-09-09T07:02:03,015","container":"98e43c5fd018","level":"INFO","thread":"EthScheduler-Timer-0","class":"FullSyncTargetManager","message":"No sync target, waiting for peers. Current peers: 0","throwable":""}
{"timestamp":"2022-09-09T07:02:08,078","container":"98e43c5fd018","level":"INFO","thread":"EthScheduler-Timer-0","class":"FullSyncTargetManager","message":"No sync target, waiting for peers. Current peers: 0","throwable":""}
{"timestamp":"2022-09-09T07:02:13,129","container":"98e43c5fd018","level":"INFO","thread":"EthScheduler-Timer-0","class":"FullSyncTargetManager","message":"No sync target, waiting for peers. Current peers: 0","throwable":""}
{"timestamp":"2022-09-09T07:02:18,144","container":"98e43c5fd018","level":"INFO","thread":"EthScheduler-Timer-0","class":"FullSyncTargetManager","message":"No sync target, waiting for peers. Current peers: 0","throwable":""}
{"timestamp":"2022-09-09T07:02:23,157","container":"98e43c5fd018","level":"INFO","thread":"EthScheduler-Timer-0","class":"FullSyncTargetManager","message":"No sync target, waiting for peers. Current peers: 0","throwable":""}
{"timestamp":"2022-09-09T07:02:28,181","container":"98e43c5fd018","level":"INFO","thread":"EthScheduler-Timer-0","class":"FullSyncTargetManager","message":"No sync target, waiting for peers. Current peers: 0","throwable":""}
{"timestamp":"2022-09-09T07:02:33,204","container":"98e43c5fd018","level":"INFO","thread":"EthScheduler-Timer-0","class":"FullSyncTargetManager","message":"No sync target, waiting for peers. Current peers: 0","throwable":""}
{"timestamp":"2022-09-09T07:02:38,215","container":"98e43c5fd018","level":"INFO","thread":"EthScheduler-Timer-0","class":"FullSyncTargetManager","message":"No sync target, waiting for peers. Current peers: 0","throwable":""}
{"timestamp":"2022-09-09T07:02:43,232","container":"98e43c5fd018","level":"INFO","thread":"EthScheduler-Timer-0","class":"FullSyncTargetManager","message":"No sync target, waiting for peers. Current peers: 0","throwable":""}
{"timestamp":"2022-09-09T07:02:48,267","container":"98e43c5fd018","level":"INFO","thread":"EthScheduler-Timer-0","class":"FullSyncTargetManager","message":"No sync target, waiting for peers. Current peers: 0","throwable":""}
{"timestamp":"2022-09-09T07:02:53,284","container":"98e43c5fd018","level":"INFO","thread":"EthScheduler-Timer-0","class":"FullSyncTargetManager","message":"No sync target, waiting for peers. Current peers: 0","throwable":""}
{"timestamp":"2022-09-09T07:02:58,331","container":"98e43c5fd018","level":"INFO","thread":"EthScheduler-Timer-0","class":"FullSyncTargetManager","message":"No sync target, waiting for peers. Current peers: 0","throwable":""}
{"timestamp":"2022-09-09T07:03:03,353","container":"98e43c5fd018","level":"INFO","thread":"EthScheduler-Timer-0","class":"FullSyncTargetManager","message":"No sync target, waiting for peers. Current peers: 0","throwable":""}
{"timestamp":"2022-09-09T07:03:08,374","container":"98e43c5fd018","level":"INFO","thread":"EthScheduler-Timer-0","class":"FullSyncTargetManager","message":"No sync target, waiting for peers. Current peers: 0","throwable":""}
{"timestamp":"2022-09-09T07:03:13,383","container":"98e43c5fd018","level":"INFO","thread":"EthScheduler-Timer-0","class":"FullSyncTargetManager","message":"No sync target, waiting for peers. Current peers: 0","throwable":""}
{"timestamp":"2022-09-09T07:03:18,396","container":"98e43c5fd018","level":"INFO","thread":"EthScheduler-Timer-0","class":"FullSyncTargetManager","message":"No sync target, waiting for peers. Current peers: 0","throwable":""}
{"timestamp":"2022-09-09T07:03:23,408","container":"98e43c5fd018","level":"INFO","thread":"EthScheduler-Timer-0","class":"FullSyncTargetManager","message":"No sync target, waiting for peers. Current peers: 0","throwable":""}
{"timestamp":"2022-09-09T07:03:28,433","container":"98e43c5fd018","level":"INFO","thread":"EthScheduler-Timer-0","class":"FullSyncTargetManager","message":"No sync target, waiting for peers. Current peers: 0","throwable":""}
{"timestamp":"2022-09-09T07:03:33,458","container":"98e43c5fd018","level":"INFO","thread":"EthScheduler-Timer-0","class":"FullSyncTargetManager","message":"No sync target, waiting for peers. Current peers: 0","throwable":""}
{"timestamp":"2022-09-09T07:03:38,468","container":"98e43c5fd018","level":"INFO","thread":"EthScheduler-Timer-0","class":"FullSyncTargetManager","message":"No sync target, waiting for peers. Current peers: 0","throwable":""}
{"timestamp":"2022-09-09T07:03:41,601","container":"98e43c5fd018","level":"INFO","thread":"BftProcessorExecutor-IBFT-0","class":"BftProcessor","message":"Shutting down BFT event processor","throwable":""}
{"timestamp":"2022-09-09T07:03:41,621","container":"98e43c5fd018","level":"INFO","thread":"BesuCommand-Shutdown-Hook","class":"DefaultSynchronizer","message":"Stopping synchronizer","throwable":""}
{"timestamp":"2022-09-09T07:03:41,635","container":"98e43c5fd018","level":"INFO","thread":"BesuCommand-Shutdown-Hook","class":"NetworkRunner","message":"Stopping Network.","throwable":""}
{"timestamp":"2022-09-09T07:03:41,684","container":"98e43c5fd018","level":"INFO","thread":"BesuCommand-Shutdown-Hook","class":"EthProtocolManager","message":"Stopping eth Subprotocol.","throwable":""}
{"timestamp":"2022-09-09T07:03:41,692","container":"98e43c5fd018","level":"INFO","thread":"BesuCommand-Shutdown-Hook","class":"EthProtocolManager","message":"eth Subprotocol stopped.","throwable":""}
{"timestamp":"2022-09-09T07:03:41,694","container":"98e43c5fd018","level":"INFO","thread":"BesuCommand-Shutdown-Hook","class":"NetworkRunner","message":"Network stopped.","throwable":""}
{"timestamp":"2022-09-09T07:03:41,696","container":"98e43c5fd018","level":"INFO","thread":"BesuCommand-Shutdown-Hook","class":"AutoTransactionLogBloomCachingService","message":"Shutting down Auto transaction logs caching service.","throwable":""}
{"timestamp":"2022-09-09T07:03:41,698","container":"98e43c5fd018","level":"INFO","thread":"BesuCommand-Shutdown-Hook","class":"DockerNatManager","message":"Stopping docker NAT manager.","throwable":""}
