{"timestamp":"2022-09-09T09:24:55,260","container":"43def527fed0","level":"INFO","thread":"main","class":"Besu","message":"Using the Java implementation of alt bn128","throwable":""}
{"timestamp":"2022-09-09T09:24:55,263","container":"43def527fed0","level":"INFO","thread":"main","class":"Besu","message":"Using the native implementation of the signature algorithm","throwable":""}
{"timestamp":"2022-09-09T09:24:55,267","container":"43def527fed0","level":"INFO","thread":"main","class":"Besu","message":"Starting Besu version: besu/v22.7.1/linux-aarch_64/openjdk-java-11","throwable":""}
{"timestamp":"2022-09-09T09:24:55,449","container":"43def527fed0","level":"WARN","thread":"main","class":"Besu","message":"--min-gas-price has been ignored because --miner-enabled was not defined on the command line.","throwable":""}
{"timestamp":"2022-09-09T09:24:55,569","container":"43def527fed0","level":"WARN","thread":"main","class":"Besu","message":"--graphql-http-host has been ignored because --graphql-http-enabled was not defined on the command line.","throwable":""}
{"timestamp":"2022-09-09T09:24:55,572","container":"43def527fed0","level":"WARN","thread":"main","class":"Besu","message":"--rpc-ws-host has been ignored because --rpc-ws-enabled was not defined on the command line.","throwable":""}
{"timestamp":"2022-09-09T09:24:55,575","container":"43def527fed0","level":"INFO","thread":"main","class":"Besu","message":"Static Nodes file = /opt/besu/data/static-nodes.json","throwable":""}
{"timestamp":"2022-09-09T09:24:55,580","container":"43def527fed0","level":"INFO","thread":"main","class":"StaticNodesParser","message":"StaticNodes file /opt/besu/data/static-nodes.json does not exist, no static connections will be created.","throwable":""}
{"timestamp":"2022-09-09T09:24:55,582","container":"43def527fed0","level":"INFO","thread":"main","class":"Besu","message":"Connecting to 0 static nodes.","throwable":""}
{"timestamp":"2022-09-09T09:24:55,589","container":"43def527fed0","level":"INFO","thread":"main","class":"Besu","message":"Security Module: localfile","throwable":""}
{"timestamp":"2022-09-09T09:24:55,613","container":"43def527fed0","level":"INFO","thread":"main","class":"RocksDBKeyValueStorageFactory","message":"No existing database detected at /opt/besu/data. Using version 1","throwable":""}
{"timestamp":"2022-09-09T09:24:56,710","container":"43def527fed0","level":"INFO","thread":"main","class":"KeyPairUtil","message":"Loaded public key 0x195afe43e261e8d92682c6e9443b20a4537fa3c2685e6bb1a7506230868b5db13af2247d866ef707a9c49dbdab84dfd3339d0fca4513ee32bd0131328eed24d4 from /opt/besu/config/key","throwable":""}
{"timestamp":"2022-09-09T09:24:56,941","container":"43def527fed0","level":"INFO","thread":"main","class":"AbstractAltBnPrecompiledContract","message":"Native alt bn128 not available","throwable":""}
{"timestamp":"2022-09-09T09:24:56,959","container":"43def527fed0","level":"INFO","thread":"main","class":"AbstractAltBnPrecompiledContract","message":"Native alt bn128 not available","throwable":""}
{"timestamp":"2022-09-09T09:24:56,965","container":"43def527fed0","level":"INFO","thread":"main","class":"AbstractAltBnPrecompiledContract","message":"Native alt bn128 not available","throwable":""}
{"timestamp":"2022-09-09T09:24:56,966","container":"43def527fed0","level":"INFO","thread":"main","class":"AbstractAltBnPrecompiledContract","message":"Native alt bn128 not available","throwable":""}
{"timestamp":"2022-09-09T09:24:56,968","container":"43def527fed0","level":"INFO","thread":"main","class":"AbstractAltBnPrecompiledContract","message":"Native alt bn128 not available","throwable":""}
{"timestamp":"2022-09-09T09:24:56,970","container":"43def527fed0","level":"INFO","thread":"main","class":"AbstractAltBnPrecompiledContract","message":"Native alt bn128 not available","throwable":""}
{"timestamp":"2022-09-09T09:24:56,993","container":"43def527fed0","level":"INFO","thread":"main","class":"ProtocolScheduleBuilder","message":"Protocol schedule created with milestones: [Berlin: 0]","throwable":""}
{"timestamp":"2022-09-09T09:24:57,111","container":"43def527fed0","level":"INFO","thread":"main","class":"BesuControllerBuilder","message":"TTD difficulty is not present, creating initial sync phase for PoW","throwable":""}
{"timestamp":"2022-09-09T09:24:57,180","container":"43def527fed0","level":"INFO","thread":"main","class":"RunnerBuilder","message":"Detecting NAT service.","throwable":""}
{"timestamp":"2022-09-09T09:24:57,660","container":"43def527fed0","level":"INFO","thread":"main","class":"Runner","message":"Starting external services ... ","throwable":""}
{"timestamp":"2022-09-09T09:24:57,849","container":"43def527fed0","level":"INFO","thread":"main","class":"JsonRpcHttpService","message":"Starting JSON-RPC service on 0.0.0.0:8548","throwable":""}
{"timestamp":"2022-09-09T09:24:57,991","container":"43def527fed0","level":"INFO","thread":"vert.x-eventloop-thread-1","class":"JsonRpcHttpService","message":"JSON-RPC service started and listening on 0.0.0.0:8548","throwable":""}
{"timestamp":"2022-09-09T09:24:57,996","container":"43def527fed0","level":"INFO","thread":"main","class":"AutoTransactionLogBloomCachingService","message":"Starting auto transaction log bloom caching service.","throwable":""}
{"timestamp":"2022-09-09T09:24:58,015","container":"43def527fed0","level":"INFO","thread":"main","class":"LogBloomCacheMetadata","message":"Lookup cache metadata file in data directory: /opt/besu/data/caches","throwable":""}
{"timestamp":"2022-09-09T09:24:58,037","container":"43def527fed0","level":"INFO","thread":"main","class":"Runner","message":"Starting Ethereum main loop ... ","throwable":""}
{"timestamp":"2022-09-09T09:24:58,038","container":"43def527fed0","level":"INFO","thread":"main","class":"DockerNatManager","message":"Starting docker NAT manager.","throwable":""}
{"timestamp":"2022-09-09T09:24:58,085","container":"43def527fed0","level":"INFO","thread":"main","class":"NetworkRunner","message":"Starting Network.","throwable":""}
{"timestamp":"2022-09-09T09:24:58,118","container":"43def527fed0","level":"INFO","thread":"nioEventLoopGroup-2-1","class":"RlpxAgent","message":"P2P RLPx agent started and listening on /0.0.0.0:30306.","throwable":""}
{"timestamp":"2022-09-09T09:24:58,123","container":"43def527fed0","level":"INFO","thread":"main","class":"PeerDiscoveryAgent","message":"Starting peer discovery agent on host=0.0.0.0, port=30306","throwable":""}
{"timestamp":"2022-09-09T09:24:58,156","container":"43def527fed0","level":"INFO","thread":"vert.x-eventloop-thread-1","class":"VertxPeerDiscoveryAgent","message":"Started peer discovery agent successfully, on effective host=0.0.0.0 and port=30306","throwable":""}
{"timestamp":"2022-09-09T09:24:58,158","container":"43def527fed0","level":"INFO","thread":"vert.x-eventloop-thread-1","class":"PeerDiscoveryAgent","message":"P2P peer discovery agent started and listening on /0.0.0.0:30306","throwable":""}
{"timestamp":"2022-09-09T09:24:58,209","container":"43def527fed0","level":"INFO","thread":"vert.x-eventloop-thread-1","class":"PeerDiscoveryAgent","message":"Writing node record to disk. NodeRecord{seq=1, publicKey=0x02195afe43e261e8d92682c6e9443b20a4537fa3c2685e6bb1a7506230868b5db1, udpAddress=Optional[/172.24.2.5:30306], tcpAddress=Optional[/172.24.2.5:30306], asBase64=-Je4QICnj4EUIIECktBDB_skT6E5gZqm_9uPY_k0Ec3TgTSuBtewbnTTb4H8y4sTB-f9q7K-hnRTfc2ZSAcDzoktOEIBg2V0aMfGhDaNz9WAgmlkgnY0gmlwhKwYAgWJc2VjcDI1NmsxoQIZWv5D4mHo2SaCxulEOyCkU3-jwmhea7GnUGIwhotdsYN0Y3CCdmKDdWRwgnZi, nodeId=0x71b578a6a86141b326da3ea07e324116a0f8e78985c337b272a7d90e39d92402, customFields={tcp=30306, udp=30306, ip=0xac180205, eth=[[0x368dcfd5, 0x]], id=V4, secp256k1=0x02195afe43e261e8d92682c6e9443b20a4537fa3c2685e6bb1a7506230868b5db1}}","throwable":""}
{"timestamp":"2022-09-09T09:24:58,292","container":"43def527fed0","level":"INFO","thread":"main","class":"DefaultP2PNetwork","message":"Enode URL enode://195afe43e261e8d92682c6e9443b20a4537fa3c2685e6bb1a7506230868b5db13af2247d866ef707a9c49dbdab84dfd3339d0fca4513ee32bd0131328eed24d4@172.24.2.5:30306","throwable":""}
{"timestamp":"2022-09-09T09:24:58,296","container":"43def527fed0","level":"INFO","thread":"main","class":"DefaultP2PNetwork","message":"Node address 0x7e324116a0f8e78985c337b272a7d90e39d92402","throwable":""}
{"timestamp":"2022-09-09T09:24:58,316","container":"43def527fed0","level":"INFO","thread":"main","class":"DefaultSynchronizer","message":"Starting synchronizer.","throwable":""}
{"timestamp":"2022-09-09T09:24:58,321","container":"43def527fed0","level":"INFO","thread":"main","class":"FullSyncDownloader","message":"Starting full sync.","throwable":""}
{"timestamp":"2022-09-09T09:24:58,324","container":"43def527fed0","level":"INFO","thread":"main","class":"FullSyncTargetManager","message":"No sync target, waiting for peers. Current peers: 0","throwable":""}
{"timestamp":"2022-09-09T09:24:58,484","container":"43def527fed0","level":"INFO","thread":"main","class":"Runner","message":"Ethereum main loop is up.","throwable":""}
{"timestamp":"2022-09-09T09:25:03,335","container":"43def527fed0","level":"INFO","thread":"EthScheduler-Timer-0","class":"FullSyncTargetManager","message":"No sync target, waiting for peers. Current peers: 0","throwable":""}
{"timestamp":"2022-09-09T09:25:08,351","container":"43def527fed0","level":"INFO","thread":"EthScheduler-Timer-0","class":"FullSyncTargetManager","message":"No sync target, waiting for peers. Current peers: 0","throwable":""}
{"timestamp":"2022-09-09T09:25:13,363","container":"43def527fed0","level":"INFO","thread":"EthScheduler-Timer-0","class":"FullSyncTargetManager","message":"No sync target, waiting for peers. Current peers: 0","throwable":""}
{"timestamp":"2022-09-09T09:25:18,390","container":"43def527fed0","level":"INFO","thread":"EthScheduler-Timer-0","class":"FullSyncTargetManager","message":"No sync target, waiting for peers. Current peers: 0","throwable":""}
{"timestamp":"2022-09-09T09:25:20,619","container":"43def527fed0","level":"INFO","thread":"BftProcessorExecutor-IBFT-0","class":"BftProcessor","message":"Shutting down BFT event processor","throwable":""}
{"timestamp":"2022-09-09T09:25:20,636","container":"43def527fed0","level":"INFO","thread":"BesuCommand-Shutdown-Hook","class":"DefaultSynchronizer","message":"Stopping synchronizer","throwable":""}
{"timestamp":"2022-09-09T09:25:20,648","container":"43def527fed0","level":"INFO","thread":"BesuCommand-Shutdown-Hook","class":"NetworkRunner","message":"Stopping Network.","throwable":""}
{"timestamp":"2022-09-09T09:25:20,668","container":"43def527fed0","level":"INFO","thread":"BesuCommand-Shutdown-Hook","class":"EthProtocolManager","message":"Stopping eth Subprotocol.","throwable":""}
{"timestamp":"2022-09-09T09:25:20,679","container":"43def527fed0","level":"INFO","thread":"BesuCommand-Shutdown-Hook","class":"EthProtocolManager","message":"eth Subprotocol stopped.","throwable":""}
{"timestamp":"2022-09-09T09:25:20,685","container":"43def527fed0","level":"INFO","thread":"BesuCommand-Shutdown-Hook","class":"NetworkRunner","message":"Network stopped.","throwable":""}
{"timestamp":"2022-09-09T09:25:20,687","container":"43def527fed0","level":"INFO","thread":"BesuCommand-Shutdown-Hook","class":"AutoTransactionLogBloomCachingService","message":"Shutting down Auto transaction logs caching service.","throwable":""}
{"timestamp":"2022-09-09T09:25:20,690","container":"43def527fed0","level":"INFO","thread":"BesuCommand-Shutdown-Hook","class":"DockerNatManager","message":"Stopping docker NAT manager.","throwable":""}
