{"timestamp":"2022-09-09T09:29:17,433","container":"401c2753d77e","level":"INFO","thread":"main","class":"Besu","message":"Using the Java implementation of alt bn128","throwable":""}
{"timestamp":"2022-09-09T09:29:17,438","container":"401c2753d77e","level":"INFO","thread":"main","class":"Besu","message":"Using the native implementation of the signature algorithm","throwable":""}
{"timestamp":"2022-09-09T09:29:17,443","container":"401c2753d77e","level":"INFO","thread":"main","class":"Besu","message":"Starting Besu version: besu/v22.7.1/linux-aarch_64/openjdk-java-11","throwable":""}
{"timestamp":"2022-09-09T09:29:17,650","container":"401c2753d77e","level":"WARN","thread":"main","class":"Besu","message":"--min-gas-price has been ignored because --miner-enabled was not defined on the command line.","throwable":""}
{"timestamp":"2022-09-09T09:29:17,832","container":"401c2753d77e","level":"WARN","thread":"main","class":"Besu","message":"--graphql-http-host has been ignored because --graphql-http-enabled was not defined on the command line.","throwable":""}
{"timestamp":"2022-09-09T09:29:17,836","container":"401c2753d77e","level":"WARN","thread":"main","class":"Besu","message":"--rpc-ws-host has been ignored because --rpc-ws-enabled was not defined on the command line.","throwable":""}
{"timestamp":"2022-09-09T09:29:17,844","container":"401c2753d77e","level":"INFO","thread":"main","class":"Besu","message":"Static Nodes file = /opt/besu/data/static-nodes.json","throwable":""}
{"timestamp":"2022-09-09T09:29:17,857","container":"401c2753d77e","level":"INFO","thread":"main","class":"StaticNodesParser","message":"StaticNodes file /opt/besu/data/static-nodes.json does not exist, no static connections will be created.","throwable":""}
{"timestamp":"2022-09-09T09:29:17,861","container":"401c2753d77e","level":"INFO","thread":"main","class":"Besu","message":"Connecting to 0 static nodes.","throwable":""}
{"timestamp":"2022-09-09T09:29:17,875","container":"401c2753d77e","level":"INFO","thread":"main","class":"Besu","message":"Security Module: localfile","throwable":""}
{"timestamp":"2022-09-09T09:29:17,905","container":"401c2753d77e","level":"INFO","thread":"main","class":"RocksDBKeyValueStorageFactory","message":"No existing database detected at /opt/besu/data. Using version 1","throwable":""}
{"timestamp":"2022-09-09T09:29:19,165","container":"401c2753d77e","level":"INFO","thread":"main","class":"KeyPairUtil","message":"Loaded public key 0x75136ed12cb4152ba8395b6db2a101ff6c61145801dda37d3e1128b45cbbf1dba77b191184ab3e2ab39fcfe6cc98ddbc47b1b15f2dc317b36cee19a79365e630 from /opt/besu/config/key","throwable":""}
{"timestamp":"2022-09-09T09:29:19,323","container":"401c2753d77e","level":"INFO","thread":"main","class":"AbstractAltBnPrecompiledContract","message":"Native alt bn128 not available","throwable":""}
{"timestamp":"2022-09-09T09:29:19,328","container":"401c2753d77e","level":"INFO","thread":"main","class":"AbstractAltBnPrecompiledContract","message":"Native alt bn128 not available","throwable":""}
{"timestamp":"2022-09-09T09:29:19,330","container":"401c2753d77e","level":"INFO","thread":"main","class":"AbstractAltBnPrecompiledContract","message":"Native alt bn128 not available","throwable":""}
{"timestamp":"2022-09-09T09:29:19,332","container":"401c2753d77e","level":"INFO","thread":"main","class":"AbstractAltBnPrecompiledContract","message":"Native alt bn128 not available","throwable":""}
{"timestamp":"2022-09-09T09:29:19,333","container":"401c2753d77e","level":"INFO","thread":"main","class":"AbstractAltBnPrecompiledContract","message":"Native alt bn128 not available","throwable":""}
{"timestamp":"2022-09-09T09:29:19,334","container":"401c2753d77e","level":"INFO","thread":"main","class":"AbstractAltBnPrecompiledContract","message":"Native alt bn128 not available","throwable":""}
{"timestamp":"2022-09-09T09:29:19,363","container":"401c2753d77e","level":"INFO","thread":"main","class":"ProtocolScheduleBuilder","message":"Protocol schedule created with milestones: [Berlin: 0]","throwable":""}
{"timestamp":"2022-09-09T09:29:19,439","container":"401c2753d77e","level":"INFO","thread":"main","class":"BesuControllerBuilder","message":"TTD difficulty is not present, creating initial sync phase for PoW","throwable":""}
{"timestamp":"2022-09-09T09:29:19,474","container":"401c2753d77e","level":"INFO","thread":"main","class":"RunnerBuilder","message":"Detecting NAT service.","throwable":""}
{"timestamp":"2022-09-09T09:29:19,575","container":"401c2753d77e","level":"INFO","thread":"main","class":"Runner","message":"Starting external services ... ","throwable":""}
{"timestamp":"2022-09-09T09:29:19,580","container":"401c2753d77e","level":"INFO","thread":"main","class":"JsonRpcHttpService","message":"Starting JSON-RPC service on 0.0.0.0:8548","throwable":""}
{"timestamp":"2022-09-09T09:29:19,693","container":"401c2753d77e","level":"INFO","thread":"vert.x-eventloop-thread-1","class":"JsonRpcHttpService","message":"JSON-RPC service started and listening on 0.0.0.0:8548","throwable":""}
{"timestamp":"2022-09-09T09:29:19,702","container":"401c2753d77e","level":"INFO","thread":"main","class":"AutoTransactionLogBloomCachingService","message":"Starting auto transaction log bloom caching service.","throwable":""}
{"timestamp":"2022-09-09T09:29:19,737","container":"401c2753d77e","level":"INFO","thread":"main","class":"LogBloomCacheMetadata","message":"Lookup cache metadata file in data directory: /opt/besu/data/caches","throwable":""}
{"timestamp":"2022-09-09T09:29:19,769","container":"401c2753d77e","level":"INFO","thread":"main","class":"Runner","message":"Starting Ethereum main loop ... ","throwable":""}
{"timestamp":"2022-09-09T09:29:19,771","container":"401c2753d77e","level":"INFO","thread":"main","class":"DockerNatManager","message":"Starting docker NAT manager.","throwable":""}
{"timestamp":"2022-09-09T09:29:19,812","container":"401c2753d77e","level":"INFO","thread":"main","class":"NetworkRunner","message":"Starting Network.","throwable":""}
{"timestamp":"2022-09-09T09:29:19,836","container":"401c2753d77e","level":"INFO","thread":"nioEventLoopGroup-2-1","class":"RlpxAgent","message":"P2P RLPx agent started and listening on /0.0.0.0:30306.","throwable":""}
{"timestamp":"2022-09-09T09:29:19,840","container":"401c2753d77e","level":"INFO","thread":"main","class":"PeerDiscoveryAgent","message":"Starting peer discovery agent on host=0.0.0.0, port=30306","throwable":""}
{"timestamp":"2022-09-09T09:29:19,879","container":"401c2753d77e","level":"INFO","thread":"vert.x-eventloop-thread-1","class":"VertxPeerDiscoveryAgent","message":"Started peer discovery agent successfully, on effective host=0.0.0.0 and port=30306","throwable":""}
{"timestamp":"2022-09-09T09:29:19,884","container":"401c2753d77e","level":"INFO","thread":"vert.x-eventloop-thread-1","class":"PeerDiscoveryAgent","message":"P2P peer discovery agent started and listening on /0.0.0.0:30306","throwable":""}
{"timestamp":"2022-09-09T09:29:19,931","container":"401c2753d77e","level":"INFO","thread":"vert.x-eventloop-thread-1","class":"PeerDiscoveryAgent","message":"Writing node record to disk. NodeRecord{seq=1, publicKey=0x0275136ed12cb4152ba8395b6db2a101ff6c61145801dda37d3e1128b45cbbf1db, udpAddress=Optional[/172.24.2.5:30306], tcpAddress=Optional[/172.24.2.5:30306], asBase64=-Je4QNe_rnc_C8xI83iImKpPiistmhPVk8oqIxDWj38F8JnZdu0Uxphc_iND6HQzEW0okdXTZ25bak_21NlYOcxYmt4Bg2V0aMfGhDaNz9WAgmlkgnY0gmlwhKwYAgWJc2VjcDI1NmsxoQJ1E27RLLQVK6g5W22yoQH_bGEUWAHdo30-ESi0XLvx24N0Y3CCdmKDdWRwgnZi, nodeId=0xcff53bee99f33d15d53ee88a14aeed018ec70f8c947377c8bbffc1207bb53b94, customFields={tcp=30306, udp=30306, ip=0xac180205, eth=[[0x368dcfd5, 0x]], id=V4, secp256k1=0x0275136ed12cb4152ba8395b6db2a101ff6c61145801dda37d3e1128b45cbbf1db}}","throwable":""}
{"timestamp":"2022-09-09T09:29:19,974","container":"401c2753d77e","level":"INFO","thread":"main","class":"DefaultP2PNetwork","message":"Enode URL enode://75136ed12cb4152ba8395b6db2a101ff6c61145801dda37d3e1128b45cbbf1dba77b191184ab3e2ab39fcfe6cc98ddbc47b1b15f2dc317b36cee19a79365e630@172.24.2.5:30306","throwable":""}
{"timestamp":"2022-09-09T09:29:19,976","container":"401c2753d77e","level":"INFO","thread":"main","class":"DefaultP2PNetwork","message":"Node address 0x14aeed018ec70f8c947377c8bbffc1207bb53b94","throwable":""}
{"timestamp":"2022-09-09T09:29:19,982","container":"401c2753d77e","level":"INFO","thread":"main","class":"DefaultSynchronizer","message":"Starting synchronizer.","throwable":""}
{"timestamp":"2022-09-09T09:29:19,987","container":"401c2753d77e","level":"INFO","thread":"main","class":"FullSyncDownloader","message":"Starting full sync.","throwable":""}
{"timestamp":"2022-09-09T09:29:19,993","container":"401c2753d77e","level":"INFO","thread":"main","class":"FullSyncTargetManager","message":"No sync target, waiting for peers. Current peers: 0","throwable":""}
{"timestamp":"2022-09-09T09:29:20,051","container":"401c2753d77e","level":"INFO","thread":"main","class":"Runner","message":"Ethereum main loop is up.","throwable":""}
{"timestamp":"2022-09-09T09:29:20,478","container":"401c2753d77e","level":"INFO","thread":"nioEventLoopGroup-3-1","class":"FullSyncTargetManager","message":"No sync target, waiting for peers. Current peers: 2","throwable":""}
{"timestamp":"2022-09-09T09:29:25,518","container":"401c2753d77e","level":"INFO","thread":"EthScheduler-Timer-0","class":"FullSyncTargetManager","message":"No sync target, waiting for peers. Current peers: 2","throwable":""}
{"timestamp":"2022-09-09T09:29:30,536","container":"401c2753d77e","level":"INFO","thread":"EthScheduler-Timer-0","class":"FullSyncTargetManager","message":"No sync target, waiting for peers. Current peers: 2","throwable":""}
{"timestamp":"2022-09-09T09:29:35,547","container":"401c2753d77e","level":"INFO","thread":"EthScheduler-Timer-0","class":"FullSyncTargetManager","message":"No sync target, waiting for peers. Current peers: 2","throwable":""}
{"timestamp":"2022-09-09T09:29:40,559","container":"401c2753d77e","level":"INFO","thread":"EthScheduler-Timer-0","class":"FullSyncTargetManager","message":"No sync target, waiting for peers. Current peers: 2","throwable":""}
{"timestamp":"2022-09-09T09:29:45,583","container":"401c2753d77e","level":"INFO","thread":"EthScheduler-Timer-0","class":"FullSyncTargetManager","message":"No sync target, waiting for peers. Current peers: 2","throwable":""}
{"timestamp":"2022-09-09T09:29:50,592","container":"401c2753d77e","level":"INFO","thread":"EthScheduler-Timer-0","class":"FullSyncTargetManager","message":"No sync target, waiting for peers. Current peers: 2","throwable":""}
{"timestamp":"2022-09-09T09:29:55,603","container":"401c2753d77e","level":"INFO","thread":"EthScheduler-Timer-0","class":"FullSyncTargetManager","message":"No sync target, waiting for peers. Current peers: 2","throwable":""}
{"timestamp":"2022-09-09T09:30:00,621","container":"401c2753d77e","level":"INFO","thread":"EthScheduler-Timer-0","class":"FullSyncTargetManager","message":"No sync target, waiting for peers. Current peers: 2","throwable":""}
{"timestamp":"2022-09-09T09:30:05,638","container":"401c2753d77e","level":"INFO","thread":"EthScheduler-Timer-0","class":"FullSyncTargetManager","message":"No sync target, waiting for peers. Current peers: 2","throwable":""}
{"timestamp":"2022-09-09T09:30:10,666","container":"401c2753d77e","level":"INFO","thread":"EthScheduler-Timer-0","class":"FullSyncTargetManager","message":"No sync target, waiting for peers. Current peers: 2","throwable":""}
{"timestamp":"2022-09-09T09:30:15,681","container":"401c2753d77e","level":"INFO","thread":"EthScheduler-Timer-0","class":"FullSyncTargetManager","message":"No sync target, waiting for peers. Current peers: 2","throwable":""}
{"timestamp":"2022-09-09T09:30:20,698","container":"401c2753d77e","level":"INFO","thread":"EthScheduler-Timer-0","class":"FullSyncTargetManager","message":"No sync target, waiting for peers. Current peers: 2","throwable":""}
{"timestamp":"2022-09-09T09:30:25,705","container":"401c2753d77e","level":"INFO","thread":"EthScheduler-Timer-0","class":"FullSyncTargetManager","message":"No sync target, waiting for peers. Current peers: 2","throwable":""}
{"timestamp":"2022-09-09T09:30:30,728","container":"401c2753d77e","level":"INFO","thread":"EthScheduler-Timer-0","class":"FullSyncTargetManager","message":"No sync target, waiting for peers. Current peers: 2","throwable":""}
{"timestamp":"2022-09-09T09:30:35,736","container":"401c2753d77e","level":"INFO","thread":"EthScheduler-Timer-0","class":"FullSyncTargetManager","message":"No sync target, waiting for peers. Current peers: 2","throwable":""}
{"timestamp":"2022-09-09T09:30:40,752","container":"401c2753d77e","level":"INFO","thread":"EthScheduler-Timer-0","class":"FullSyncTargetManager","message":"No sync target, waiting for peers. Current peers: 2","throwable":""}
{"timestamp":"2022-09-09T09:30:45,764","container":"401c2753d77e","level":"INFO","thread":"EthScheduler-Timer-0","class":"FullSyncTargetManager","message":"No sync target, waiting for peers. Current peers: 2","throwable":""}
{"timestamp":"2022-09-09T09:30:50,772","container":"401c2753d77e","level":"INFO","thread":"EthScheduler-Timer-0","class":"FullSyncTargetManager","message":"No sync target, waiting for peers. Current peers: 2","throwable":""}
{"timestamp":"2022-09-09T09:30:55,794","container":"401c2753d77e","level":"INFO","thread":"EthScheduler-Timer-0","class":"FullSyncTargetManager","message":"No sync target, waiting for peers. Current peers: 2","throwable":""}
{"timestamp":"2022-09-09T09:31:00,849","container":"401c2753d77e","level":"INFO","thread":"EthScheduler-Timer-0","class":"FullSyncTargetManager","message":"No sync target, waiting for peers. Current peers: 2","throwable":""}
{"timestamp":"2022-09-09T09:31:05,886","container":"401c2753d77e","level":"INFO","thread":"EthScheduler-Timer-0","class":"FullSyncTargetManager","message":"No sync target, waiting for peers. Current peers: 2","throwable":""}
{"timestamp":"2022-09-09T09:31:10,923","container":"401c2753d77e","level":"INFO","thread":"EthScheduler-Timer-0","class":"FullSyncTargetManager","message":"No sync target, waiting for peers. Current peers: 2","throwable":""}
{"timestamp":"2022-09-09T09:31:15,931","container":"401c2753d77e","level":"INFO","thread":"EthScheduler-Timer-0","class":"FullSyncTargetManager","message":"No sync target, waiting for peers. Current peers: 2","throwable":""}
{"timestamp":"2022-09-09T09:31:20,945","container":"401c2753d77e","level":"INFO","thread":"EthScheduler-Timer-0","class":"FullSyncTargetManager","message":"No sync target, waiting for peers. Current peers: 2","throwable":""}
{"timestamp":"2022-09-09T09:31:25,957","container":"401c2753d77e","level":"INFO","thread":"EthScheduler-Timer-0","class":"FullSyncTargetManager","message":"No sync target, waiting for peers. Current peers: 2","throwable":""}
{"timestamp":"2022-09-09T09:31:30,966","container":"401c2753d77e","level":"INFO","thread":"EthScheduler-Timer-0","class":"FullSyncTargetManager","message":"No sync target, waiting for peers. Current peers: 2","throwable":""}
{"timestamp":"2022-09-09T09:31:35,976","container":"401c2753d77e","level":"INFO","thread":"EthScheduler-Timer-0","class":"FullSyncTargetManager","message":"No sync target, waiting for peers. Current peers: 2","throwable":""}
{"timestamp":"2022-09-09T09:31:40,986","container":"401c2753d77e","level":"INFO","thread":"EthScheduler-Timer-0","class":"FullSyncTargetManager","message":"No sync target, waiting for peers. Current peers: 2","throwable":""}
{"timestamp":"2022-09-09T09:31:45,995","container":"401c2753d77e","level":"INFO","thread":"EthScheduler-Timer-0","class":"FullSyncTargetManager","message":"No sync target, waiting for peers. Current peers: 2","throwable":""}
{"timestamp":"2022-09-09T09:31:51,020","container":"401c2753d77e","level":"INFO","thread":"EthScheduler-Timer-0","class":"FullSyncTargetManager","message":"No sync target, waiting for peers. Current peers: 2","throwable":""}
{"timestamp":"2022-09-09T09:31:56,043","container":"401c2753d77e","level":"INFO","thread":"EthScheduler-Timer-0","class":"FullSyncTargetManager","message":"No sync target, waiting for peers. Current peers: 2","throwable":""}
{"timestamp":"2022-09-09T09:32:01,057","container":"401c2753d77e","level":"INFO","thread":"EthScheduler-Timer-0","class":"FullSyncTargetManager","message":"No sync target, waiting for peers. Current peers: 2","throwable":""}
{"timestamp":"2022-09-09T09:32:06,078","container":"401c2753d77e","level":"INFO","thread":"EthScheduler-Timer-0","class":"FullSyncTargetManager","message":"No sync target, waiting for peers. Current peers: 2","throwable":""}
{"timestamp":"2022-09-09T09:32:11,101","container":"401c2753d77e","level":"INFO","thread":"EthScheduler-Timer-0","class":"FullSyncTargetManager","message":"No sync target, waiting for peers. Current peers: 2","throwable":""}
{"timestamp":"2022-09-09T09:32:16,125","container":"401c2753d77e","level":"INFO","thread":"EthScheduler-Timer-0","class":"FullSyncTargetManager","message":"No sync target, waiting for peers. Current peers: 2","throwable":""}
{"timestamp":"2022-09-09T09:32:21,152","container":"401c2753d77e","level":"INFO","thread":"EthScheduler-Timer-0","class":"FullSyncTargetManager","message":"No sync target, waiting for peers. Current peers: 2","throwable":""}
{"timestamp":"2022-09-09T09:32:26,164","container":"401c2753d77e","level":"INFO","thread":"EthScheduler-Timer-0","class":"FullSyncTargetManager","message":"No sync target, waiting for peers. Current peers: 2","throwable":""}
{"timestamp":"2022-09-09T09:32:31,177","container":"401c2753d77e","level":"INFO","thread":"EthScheduler-Timer-0","class":"FullSyncTargetManager","message":"No sync target, waiting for peers. Current peers: 2","throwable":""}
{"timestamp":"2022-09-09T09:32:36,186","container":"401c2753d77e","level":"INFO","thread":"EthScheduler-Timer-0","class":"FullSyncTargetManager","message":"No sync target, waiting for peers. Current peers: 2","throwable":""}
{"timestamp":"2022-09-09T09:32:41,217","container":"401c2753d77e","level":"INFO","thread":"EthScheduler-Timer-0","class":"FullSyncTargetManager","message":"No sync target, waiting for peers. Current peers: 2","throwable":""}
{"timestamp":"2022-09-09T09:32:46,247","container":"401c2753d77e","level":"INFO","thread":"EthScheduler-Timer-0","class":"FullSyncTargetManager","message":"No sync target, waiting for peers. Current peers: 2","throwable":""}
{"timestamp":"2022-09-09T09:32:51,258","container":"401c2753d77e","level":"INFO","thread":"EthScheduler-Timer-0","class":"FullSyncTargetManager","message":"No sync target, waiting for peers. Current peers: 2","throwable":""}
{"timestamp":"2022-09-09T09:32:56,265","container":"401c2753d77e","level":"INFO","thread":"EthScheduler-Timer-0","class":"FullSyncTargetManager","message":"No sync target, waiting for peers. Current peers: 2","throwable":""}
{"timestamp":"2022-09-09T09:33:01,279","container":"401c2753d77e","level":"INFO","thread":"EthScheduler-Timer-0","class":"FullSyncTargetManager","message":"No sync target, waiting for peers. Current peers: 2","throwable":""}
{"timestamp":"2022-09-09T09:33:06,288","container":"401c2753d77e","level":"INFO","thread":"EthScheduler-Timer-0","class":"FullSyncTargetManager","message":"No sync target, waiting for peers. Current peers: 2","throwable":""}
{"timestamp":"2022-09-09T09:33:11,305","container":"401c2753d77e","level":"INFO","thread":"EthScheduler-Timer-0","class":"FullSyncTargetManager","message":"No sync target, waiting for peers. Current peers: 2","throwable":""}
{"timestamp":"2022-09-09T09:33:16,327","container":"401c2753d77e","level":"INFO","thread":"EthScheduler-Timer-0","class":"FullSyncTargetManager","message":"No sync target, waiting for peers. Current peers: 2","throwable":""}
{"timestamp":"2022-09-09T09:33:21,351","container":"401c2753d77e","level":"INFO","thread":"EthScheduler-Timer-0","class":"FullSyncTargetManager","message":"No sync target, waiting for peers. Current peers: 2","throwable":""}
{"timestamp":"2022-09-09T09:33:26,359","container":"401c2753d77e","level":"INFO","thread":"EthScheduler-Timer-0","class":"FullSyncTargetManager","message":"No sync target, waiting for peers. Current peers: 2","throwable":""}
{"timestamp":"2022-09-09T09:33:31,366","container":"401c2753d77e","level":"INFO","thread":"EthScheduler-Timer-0","class":"FullSyncTargetManager","message":"No sync target, waiting for peers. Current peers: 2","throwable":""}
{"timestamp":"2022-09-09T09:33:36,378","container":"401c2753d77e","level":"INFO","thread":"EthScheduler-Timer-0","class":"FullSyncTargetManager","message":"No sync target, waiting for peers. Current peers: 2","throwable":""}
{"timestamp":"2022-09-09T09:33:41,399","container":"401c2753d77e","level":"INFO","thread":"EthScheduler-Timer-0","class":"FullSyncTargetManager","message":"No sync target, waiting for peers. Current peers: 2","throwable":""}
{"timestamp":"2022-09-09T09:33:46,414","container":"401c2753d77e","level":"INFO","thread":"EthScheduler-Timer-0","class":"FullSyncTargetManager","message":"No sync target, waiting for peers. Current peers: 2","throwable":""}
{"timestamp":"2022-09-09T09:33:51,442","container":"401c2753d77e","level":"INFO","thread":"EthScheduler-Timer-0","class":"FullSyncTargetManager","message":"No sync target, waiting for peers. Current peers: 2","throwable":""}
{"timestamp":"2022-09-09T09:33:56,518","container":"401c2753d77e","level":"INFO","thread":"EthScheduler-Timer-0","class":"FullSyncTargetManager","message":"No sync target, waiting for peers. Current peers: 2","throwable":""}
{"timestamp":"2022-09-09T09:34:01,580","container":"401c2753d77e","level":"INFO","thread":"EthScheduler-Timer-0","class":"FullSyncTargetManager","message":"No sync target, waiting for peers. Current peers: 2","throwable":""}
{"timestamp":"2022-09-09T09:34:06,597","container":"401c2753d77e","level":"INFO","thread":"EthScheduler-Timer-0","class":"FullSyncTargetManager","message":"No sync target, waiting for peers. Current peers: 2","throwable":""}
{"timestamp":"2022-09-09T09:34:11,635","container":"401c2753d77e","level":"INFO","thread":"EthScheduler-Timer-0","class":"FullSyncTargetManager","message":"No sync target, waiting for peers. Current peers: 2","throwable":""}
{"timestamp":"2022-09-09T09:34:16,660","container":"401c2753d77e","level":"INFO","thread":"EthScheduler-Timer-0","class":"FullSyncTargetManager","message":"No sync target, waiting for peers. Current peers: 2","throwable":""}
{"timestamp":"2022-09-09T09:34:21,678","container":"401c2753d77e","level":"INFO","thread":"EthScheduler-Timer-0","class":"FullSyncTargetManager","message":"No sync target, waiting for peers. Current peers: 2","throwable":""}
{"timestamp":"2022-09-09T09:34:26,735","container":"401c2753d77e","level":"INFO","thread":"EthScheduler-Timer-0","class":"FullSyncTargetManager","message":"No sync target, waiting for peers. Current peers: 2","throwable":""}
{"timestamp":"2022-09-09T09:34:31,791","container":"401c2753d77e","level":"INFO","thread":"EthScheduler-Timer-0","class":"FullSyncTargetManager","message":"No sync target, waiting for peers. Current peers: 2","throwable":""}
{"timestamp":"2022-09-09T09:34:36,831","container":"401c2753d77e","level":"INFO","thread":"EthScheduler-Timer-0","class":"FullSyncTargetManager","message":"No sync target, waiting for peers. Current peers: 2","throwable":""}
{"timestamp":"2022-09-09T09:34:41,840","container":"401c2753d77e","level":"INFO","thread":"EthScheduler-Timer-0","class":"FullSyncTargetManager","message":"No sync target, waiting for peers. Current peers: 2","throwable":""}
{"timestamp":"2022-09-09T09:34:46,847","container":"401c2753d77e","level":"INFO","thread":"EthScheduler-Timer-0","class":"FullSyncTargetManager","message":"No sync target, waiting for peers. Current peers: 2","throwable":""}
{"timestamp":"2022-09-09T09:34:51,918","container":"401c2753d77e","level":"INFO","thread":"EthScheduler-Timer-0","class":"FullSyncTargetManager","message":"No sync target, waiting for peers. Current peers: 2","throwable":""}
{"timestamp":"2022-09-09T09:34:56,983","container":"401c2753d77e","level":"INFO","thread":"EthScheduler-Timer-0","class":"FullSyncTargetManager","message":"No sync target, waiting for peers. Current peers: 2","throwable":""}
{"timestamp":"2022-09-09T09:35:02,184","container":"401c2753d77e","level":"INFO","thread":"EthScheduler-Timer-0","class":"FullSyncTargetManager","message":"No sync target, waiting for peers. Current peers: 2","throwable":""}
{"timestamp":"2022-09-09T09:35:07,224","container":"401c2753d77e","level":"INFO","thread":"EthScheduler-Timer-0","class":"FullSyncTargetManager","message":"No sync target, waiting for peers. Current peers: 2","throwable":""}
{"timestamp":"2022-09-09T09:35:12,283","container":"401c2753d77e","level":"INFO","thread":"EthScheduler-Timer-0","class":"FullSyncTargetManager","message":"No sync target, waiting for peers. Current peers: 2","throwable":""}
{"timestamp":"2022-09-09T09:35:17,317","container":"401c2753d77e","level":"INFO","thread":"EthScheduler-Timer-0","class":"FullSyncTargetManager","message":"No sync target, waiting for peers. Current peers: 2","throwable":""}
{"timestamp":"2022-09-09T09:35:22,341","container":"401c2753d77e","level":"INFO","thread":"EthScheduler-Timer-0","class":"FullSyncTargetManager","message":"No sync target, waiting for peers. Current peers: 2","throwable":""}
{"timestamp":"2022-09-09T09:35:27,363","container":"401c2753d77e","level":"INFO","thread":"EthScheduler-Timer-0","class":"FullSyncTargetManager","message":"No sync target, waiting for peers. Current peers: 2","throwable":""}
{"timestamp":"2022-09-09T09:35:32,389","container":"401c2753d77e","level":"INFO","thread":"EthScheduler-Timer-0","class":"FullSyncTargetManager","message":"No sync target, waiting for peers. Current peers: 2","throwable":""}
{"timestamp":"2022-09-09T09:35:37,413","container":"401c2753d77e","level":"INFO","thread":"EthScheduler-Timer-0","class":"FullSyncTargetManager","message":"No sync target, waiting for peers. Current peers: 2","throwable":""}
{"timestamp":"2022-09-09T09:35:42,425","container":"401c2753d77e","level":"INFO","thread":"EthScheduler-Timer-0","class":"FullSyncTargetManager","message":"No sync target, waiting for peers. Current peers: 2","throwable":""}
{"timestamp":"2022-09-09T09:35:47,441","container":"401c2753d77e","level":"INFO","thread":"EthScheduler-Timer-0","class":"FullSyncTargetManager","message":"No sync target, waiting for peers. Current peers: 2","throwable":""}
{"timestamp":"2022-09-09T09:35:52,559","container":"401c2753d77e","level":"INFO","thread":"EthScheduler-Timer-0","class":"FullSyncTargetManager","message":"No sync target, waiting for peers. Current peers: 2","throwable":""}
{"timestamp":"2022-09-09T09:35:57,598","container":"401c2753d77e","level":"INFO","thread":"EthScheduler-Timer-0","class":"FullSyncTargetManager","message":"No sync target, waiting for peers. Current peers: 2","throwable":""}
{"timestamp":"2022-09-09T09:36:02,629","container":"401c2753d77e","level":"INFO","thread":"EthScheduler-Timer-0","class":"FullSyncTargetManager","message":"No sync target, waiting for peers. Current peers: 2","throwable":""}
{"timestamp":"2022-09-09T09:36:07,663","container":"401c2753d77e","level":"INFO","thread":"EthScheduler-Timer-0","class":"FullSyncTargetManager","message":"No sync target, waiting for peers. Current peers: 2","throwable":""}
{"timestamp":"2022-09-09T09:36:12,690","container":"401c2753d77e","level":"INFO","thread":"EthScheduler-Timer-0","class":"FullSyncTargetManager","message":"No sync target, waiting for peers. Current peers: 2","throwable":""}
{"timestamp":"2022-09-09T09:36:20,245","container":"401c2753d77e","level":"INFO","thread":"EthScheduler-Timer-0","class":"FullSyncTargetManager","message":"No sync target, waiting for peers. Current peers: 2","throwable":""}
{"timestamp":"2022-09-09T09:36:25,617","container":"401c2753d77e","level":"INFO","thread":"EthScheduler-Timer-0","class":"FullSyncTargetManager","message":"No sync target, waiting for peers. Current peers: 1","throwable":""}
{"timestamp":"2022-09-09T09:36:30,731","container":"401c2753d77e","level":"INFO","thread":"EthScheduler-Timer-0","class":"FullSyncTargetManager","message":"No sync target, waiting for peers. Current peers: 1","throwable":""}
