{"timestamp":"2022-09-09T09:26:19,144","container":"71845c04e206","level":"INFO","thread":"main","class":"Besu","message":"Using the Java implementation of alt bn128","throwable":""}
{"timestamp":"2022-09-09T09:26:19,153","container":"71845c04e206","level":"INFO","thread":"main","class":"Besu","message":"Using the native implementation of the signature algorithm","throwable":""}
{"timestamp":"2022-09-09T09:26:19,167","container":"71845c04e206","level":"INFO","thread":"main","class":"Besu","message":"Starting Besu version: besu/v22.7.1/linux-aarch_64/openjdk-java-11","throwable":""}
{"timestamp":"2022-09-09T09:26:19,346","container":"71845c04e206","level":"WARN","thread":"main","class":"Besu","message":"--min-gas-price has been ignored because --miner-enabled was not defined on the command line.","throwable":""}
{"timestamp":"2022-09-09T09:26:19,496","container":"71845c04e206","level":"WARN","thread":"main","class":"Besu","message":"--graphql-http-host has been ignored because --graphql-http-enabled was not defined on the command line.","throwable":""}
{"timestamp":"2022-09-09T09:26:19,499","container":"71845c04e206","level":"WARN","thread":"main","class":"Besu","message":"--rpc-ws-host has been ignored because --rpc-ws-enabled was not defined on the command line.","throwable":""}
{"timestamp":"2022-09-09T09:26:19,503","container":"71845c04e206","level":"INFO","thread":"main","class":"Besu","message":"Static Nodes file = /opt/besu/data/static-nodes.json","throwable":""}
{"timestamp":"2022-09-09T09:26:19,508","container":"71845c04e206","level":"INFO","thread":"main","class":"StaticNodesParser","message":"StaticNodes file /opt/besu/data/static-nodes.json does not exist, no static connections will be created.","throwable":""}
{"timestamp":"2022-09-09T09:26:19,510","container":"71845c04e206","level":"INFO","thread":"main","class":"Besu","message":"Connecting to 0 static nodes.","throwable":""}
{"timestamp":"2022-09-09T09:26:19,513","container":"71845c04e206","level":"INFO","thread":"main","class":"Besu","message":"Security Module: localfile","throwable":""}
{"timestamp":"2022-09-09T09:26:19,534","container":"71845c04e206","level":"INFO","thread":"main","class":"RocksDBKeyValueStorageFactory","message":"No existing database detected at /opt/besu/data. Using version 1","throwable":""}
{"timestamp":"2022-09-09T09:26:20,683","container":"71845c04e206","level":"INFO","thread":"main","class":"KeyPairUtil","message":"Loaded public key 0x75136ed12cb4152ba8395b6db2a101ff6c61145801dda37d3e1128b45cbbf1dba77b191184ab3e2ab39fcfe6cc98ddbc47b1b15f2dc317b36cee19a79365e630 from /opt/besu/config/key","throwable":""}
{"timestamp":"2022-09-09T09:26:20,832","container":"71845c04e206","level":"INFO","thread":"main","class":"AbstractAltBnPrecompiledContract","message":"Native alt bn128 not available","throwable":""}
{"timestamp":"2022-09-09T09:26:20,839","container":"71845c04e206","level":"INFO","thread":"main","class":"AbstractAltBnPrecompiledContract","message":"Native alt bn128 not available","throwable":""}
{"timestamp":"2022-09-09T09:26:20,847","container":"71845c04e206","level":"INFO","thread":"main","class":"AbstractAltBnPrecompiledContract","message":"Native alt bn128 not available","throwable":""}
{"timestamp":"2022-09-09T09:26:20,852","container":"71845c04e206","level":"INFO","thread":"main","class":"AbstractAltBnPrecompiledContract","message":"Native alt bn128 not available","throwable":""}
{"timestamp":"2022-09-09T09:26:20,859","container":"71845c04e206","level":"INFO","thread":"main","class":"AbstractAltBnPrecompiledContract","message":"Native alt bn128 not available","throwable":""}
{"timestamp":"2022-09-09T09:26:20,865","container":"71845c04e206","level":"INFO","thread":"main","class":"AbstractAltBnPrecompiledContract","message":"Native alt bn128 not available","throwable":""}
{"timestamp":"2022-09-09T09:26:20,925","container":"71845c04e206","level":"INFO","thread":"main","class":"ProtocolScheduleBuilder","message":"Protocol schedule created with milestones: [Berlin: 0]","throwable":""}
{"timestamp":"2022-09-09T09:26:21,109","container":"71845c04e206","level":"INFO","thread":"main","class":"BesuControllerBuilder","message":"TTD difficulty is not present, creating initial sync phase for PoW","throwable":""}
{"timestamp":"2022-09-09T09:26:21,145","container":"71845c04e206","level":"INFO","thread":"main","class":"RunnerBuilder","message":"Detecting NAT service.","throwable":""}
{"timestamp":"2022-09-09T09:26:21,242","container":"71845c04e206","level":"INFO","thread":"main","class":"Runner","message":"Starting external services ... ","throwable":""}
{"timestamp":"2022-09-09T09:26:21,244","container":"71845c04e206","level":"INFO","thread":"main","class":"JsonRpcHttpService","message":"Starting JSON-RPC service on 0.0.0.0:8548","throwable":""}
{"timestamp":"2022-09-09T09:26:21,334","container":"71845c04e206","level":"INFO","thread":"vert.x-eventloop-thread-1","class":"JsonRpcHttpService","message":"JSON-RPC service started and listening on 0.0.0.0:8548","throwable":""}
{"timestamp":"2022-09-09T09:26:21,338","container":"71845c04e206","level":"INFO","thread":"main","class":"AutoTransactionLogBloomCachingService","message":"Starting auto transaction log bloom caching service.","throwable":""}
{"timestamp":"2022-09-09T09:26:21,348","container":"71845c04e206","level":"INFO","thread":"main","class":"LogBloomCacheMetadata","message":"Lookup cache metadata file in data directory: /opt/besu/data/caches","throwable":""}
{"timestamp":"2022-09-09T09:26:21,374","container":"71845c04e206","level":"INFO","thread":"main","class":"Runner","message":"Starting Ethereum main loop ... ","throwable":""}
{"timestamp":"2022-09-09T09:26:21,377","container":"71845c04e206","level":"INFO","thread":"main","class":"DockerNatManager","message":"Starting docker NAT manager.","throwable":""}
{"timestamp":"2022-09-09T09:26:21,448","container":"71845c04e206","level":"INFO","thread":"main","class":"NetworkRunner","message":"Starting Network.","throwable":""}
{"timestamp":"2022-09-09T09:26:21,479","container":"71845c04e206","level":"INFO","thread":"nioEventLoopGroup-2-1","class":"RlpxAgent","message":"P2P RLPx agent started and listening on /0.0.0.0:30306.","throwable":""}
{"timestamp":"2022-09-09T09:26:21,481","container":"71845c04e206","level":"INFO","thread":"main","class":"PeerDiscoveryAgent","message":"Starting peer discovery agent on host=0.0.0.0, port=30306","throwable":""}
{"timestamp":"2022-09-09T09:26:21,544","container":"71845c04e206","level":"INFO","thread":"vert.x-eventloop-thread-1","class":"VertxPeerDiscoveryAgent","message":"Started peer discovery agent successfully, on effective host=0.0.0.0 and port=30306","throwable":""}
{"timestamp":"2022-09-09T09:26:21,547","container":"71845c04e206","level":"INFO","thread":"vert.x-eventloop-thread-1","class":"PeerDiscoveryAgent","message":"P2P peer discovery agent started and listening on /0.0.0.0:30306","throwable":""}
{"timestamp":"2022-09-09T09:26:21,620","container":"71845c04e206","level":"INFO","thread":"vert.x-eventloop-thread-1","class":"PeerDiscoveryAgent","message":"Writing node record to disk. NodeRecord{seq=1, publicKey=0x0275136ed12cb4152ba8395b6db2a101ff6c61145801dda37d3e1128b45cbbf1db, udpAddress=Optional[/172.24.2.5:30306], tcpAddress=Optional[/172.24.2.5:30306], asBase64=-Je4QNe_rnc_C8xI83iImKpPiistmhPVk8oqIxDWj38F8JnZdu0Uxphc_iND6HQzEW0okdXTZ25bak_21NlYOcxYmt4Bg2V0aMfGhDaNz9WAgmlkgnY0gmlwhKwYAgWJc2VjcDI1NmsxoQJ1E27RLLQVK6g5W22yoQH_bGEUWAHdo30-ESi0XLvx24N0Y3CCdmKDdWRwgnZi, nodeId=0xcff53bee99f33d15d53ee88a14aeed018ec70f8c947377c8bbffc1207bb53b94, customFields={tcp=30306, udp=30306, ip=0xac180205, eth=[[0x368dcfd5, 0x]], id=V4, secp256k1=0x0275136ed12cb4152ba8395b6db2a101ff6c61145801dda37d3e1128b45cbbf1db}}","throwable":""}
{"timestamp":"2022-09-09T09:26:21,788","container":"71845c04e206","level":"INFO","thread":"main","class":"DefaultP2PNetwork","message":"Enode URL enode://75136ed12cb4152ba8395b6db2a101ff6c61145801dda37d3e1128b45cbbf1dba77b191184ab3e2ab39fcfe6cc98ddbc47b1b15f2dc317b36cee19a79365e630@172.24.2.5:30306","throwable":""}
{"timestamp":"2022-09-09T09:26:21,795","container":"71845c04e206","level":"INFO","thread":"main","class":"DefaultP2PNetwork","message":"Node address 0x14aeed018ec70f8c947377c8bbffc1207bb53b94","throwable":""}
{"timestamp":"2022-09-09T09:26:21,837","container":"71845c04e206","level":"INFO","thread":"main","class":"DefaultSynchronizer","message":"Starting synchronizer.","throwable":""}
{"timestamp":"2022-09-09T09:26:21,875","container":"71845c04e206","level":"INFO","thread":"main","class":"FullSyncDownloader","message":"Starting full sync.","throwable":""}
{"timestamp":"2022-09-09T09:26:21,879","container":"71845c04e206","level":"INFO","thread":"main","class":"FullSyncTargetManager","message":"No sync target, waiting for peers. Current peers: 0","throwable":""}
{"timestamp":"2022-09-09T09:26:22,130","container":"71845c04e206","level":"INFO","thread":"main","class":"Runner","message":"Ethereum main loop is up.","throwable":""}
{"timestamp":"2022-09-09T09:26:23,246","container":"71845c04e206","level":"INFO","thread":"nioEventLoopGroup-3-3","class":"FullSyncTargetManager","message":"No sync target, waiting for peers. Current peers: 2","throwable":""}
{"timestamp":"2022-09-09T09:26:28,302","container":"71845c04e206","level":"INFO","thread":"EthScheduler-Timer-0","class":"FullSyncTargetManager","message":"No sync target, waiting for peers. Current peers: 2","throwable":""}
{"timestamp":"2022-09-09T09:26:33,313","container":"71845c04e206","level":"INFO","thread":"EthScheduler-Timer-0","class":"FullSyncTargetManager","message":"No sync target, waiting for peers. Current peers: 2","throwable":""}
{"timestamp":"2022-09-09T09:26:38,321","container":"71845c04e206","level":"INFO","thread":"EthScheduler-Timer-0","class":"FullSyncTargetManager","message":"No sync target, waiting for peers. Current peers: 2","throwable":""}
{"timestamp":"2022-09-09T09:26:43,330","container":"71845c04e206","level":"INFO","thread":"EthScheduler-Timer-0","class":"FullSyncTargetManager","message":"No sync target, waiting for peers. Current peers: 2","throwable":""}
{"timestamp":"2022-09-09T09:26:48,338","container":"71845c04e206","level":"INFO","thread":"EthScheduler-Timer-0","class":"FullSyncTargetManager","message":"No sync target, waiting for peers. Current peers: 2","throwable":""}
{"timestamp":"2022-09-09T09:26:53,379","container":"71845c04e206","level":"INFO","thread":"EthScheduler-Timer-0","class":"FullSyncTargetManager","message":"No sync target, waiting for peers. Current peers: 2","throwable":""}
{"timestamp":"2022-09-09T09:26:58,388","container":"71845c04e206","level":"INFO","thread":"EthScheduler-Timer-0","class":"FullSyncTargetManager","message":"No sync target, waiting for peers. Current peers: 2","throwable":""}
{"timestamp":"2022-09-09T09:27:03,403","container":"71845c04e206","level":"INFO","thread":"EthScheduler-Timer-0","class":"FullSyncTargetManager","message":"No sync target, waiting for peers. Current peers: 2","throwable":""}
{"timestamp":"2022-09-09T09:27:08,413","container":"71845c04e206","level":"INFO","thread":"EthScheduler-Timer-0","class":"FullSyncTargetManager","message":"No sync target, waiting for peers. Current peers: 2","throwable":""}
{"timestamp":"2022-09-09T09:27:13,433","container":"71845c04e206","level":"INFO","thread":"EthScheduler-Timer-0","class":"FullSyncTargetManager","message":"No sync target, waiting for peers. Current peers: 2","throwable":""}
{"timestamp":"2022-09-09T09:27:18,449","container":"71845c04e206","level":"INFO","thread":"EthScheduler-Timer-0","class":"FullSyncTargetManager","message":"No sync target, waiting for peers. Current peers: 2","throwable":""}
{"timestamp":"2022-09-09T09:27:23,463","container":"71845c04e206","level":"INFO","thread":"EthScheduler-Timer-0","class":"FullSyncTargetManager","message":"No sync target, waiting for peers. Current peers: 2","throwable":""}
{"timestamp":"2022-09-09T09:27:28,532","container":"71845c04e206","level":"INFO","thread":"EthScheduler-Timer-0","class":"FullSyncTargetManager","message":"No sync target, waiting for peers. Current peers: 2","throwable":""}
{"timestamp":"2022-09-09T09:27:33,542","container":"71845c04e206","level":"INFO","thread":"EthScheduler-Timer-0","class":"FullSyncTargetManager","message":"No sync target, waiting for peers. Current peers: 2","throwable":""}
{"timestamp":"2022-09-09T09:27:38,566","container":"71845c04e206","level":"INFO","thread":"EthScheduler-Timer-0","class":"FullSyncTargetManager","message":"No sync target, waiting for peers. Current peers: 2","throwable":""}
{"timestamp":"2022-09-09T09:27:43,591","container":"71845c04e206","level":"INFO","thread":"EthScheduler-Timer-0","class":"FullSyncTargetManager","message":"No sync target, waiting for peers. Current peers: 2","throwable":""}
{"timestamp":"2022-09-09T09:27:48,623","container":"71845c04e206","level":"INFO","thread":"EthScheduler-Timer-0","class":"FullSyncTargetManager","message":"No sync target, waiting for peers. Current peers: 2","throwable":""}
{"timestamp":"2022-09-09T09:27:53,647","container":"71845c04e206","level":"INFO","thread":"EthScheduler-Timer-0","class":"FullSyncTargetManager","message":"No sync target, waiting for peers. Current peers: 2","throwable":""}
{"timestamp":"2022-09-09T09:27:58,668","container":"71845c04e206","level":"INFO","thread":"EthScheduler-Timer-0","class":"FullSyncTargetManager","message":"No sync target, waiting for peers. Current peers: 2","throwable":""}
{"timestamp":"2022-09-09T09:28:03,741","container":"71845c04e206","level":"INFO","thread":"EthScheduler-Timer-0","class":"FullSyncTargetManager","message":"No sync target, waiting for peers. Current peers: 2","throwable":""}
{"timestamp":"2022-09-09T09:28:09,781","container":"71845c04e206","level":"INFO","thread":"EthScheduler-Timer-0","class":"FullSyncTargetManager","message":"No sync target, waiting for peers. Current peers: 2","throwable":""}
{"timestamp":"2022-09-09T09:28:14,864","container":"71845c04e206","level":"INFO","thread":"EthScheduler-Timer-0","class":"FullSyncTargetManager","message":"No sync target, waiting for peers. Current peers: 2","throwable":""}
{"timestamp":"2022-09-09T09:28:19,879","container":"71845c04e206","level":"INFO","thread":"EthScheduler-Timer-0","class":"FullSyncTargetManager","message":"No sync target, waiting for peers. Current peers: 2","throwable":""}
{"timestamp":"2022-09-09T09:28:24,899","container":"71845c04e206","level":"INFO","thread":"EthScheduler-Timer-0","class":"FullSyncTargetManager","message":"No sync target, waiting for peers. Current peers: 2","throwable":""}
{"timestamp":"2022-09-09T09:28:29,932","container":"71845c04e206","level":"INFO","thread":"EthScheduler-Timer-0","class":"FullSyncTargetManager","message":"No sync target, waiting for peers. Current peers: 2","throwable":""}
{"timestamp":"2022-09-09T09:28:34,947","container":"71845c04e206","level":"INFO","thread":"EthScheduler-Timer-0","class":"FullSyncTargetManager","message":"No sync target, waiting for peers. Current peers: 2","throwable":""}
{"timestamp":"2022-09-09T09:28:39,962","container":"71845c04e206","level":"INFO","thread":"EthScheduler-Timer-0","class":"FullSyncTargetManager","message":"No sync target, waiting for peers. Current peers: 2","throwable":""}
{"timestamp":"2022-09-09T09:28:44,972","container":"71845c04e206","level":"INFO","thread":"EthScheduler-Timer-0","class":"FullSyncTargetManager","message":"No sync target, waiting for peers. Current peers: 2","throwable":""}
{"timestamp":"2022-09-09T09:28:49,987","container":"71845c04e206","level":"INFO","thread":"EthScheduler-Timer-0","class":"FullSyncTargetManager","message":"No sync target, waiting for peers. Current peers: 2","throwable":""}
{"timestamp":"2022-09-09T09:28:51,877","container":"71845c04e206","level":"INFO","thread":"BftProcessorExecutor-IBFT-0","class":"BftProcessor","message":"Shutting down BFT event processor","throwable":""}
{"timestamp":"2022-09-09T09:28:51,889","container":"71845c04e206","level":"INFO","thread":"BesuCommand-Shutdown-Hook","class":"DefaultSynchronizer","message":"Stopping synchronizer","throwable":""}
{"timestamp":"2022-09-09T09:28:51,895","container":"71845c04e206","level":"INFO","thread":"BesuCommand-Shutdown-Hook","class":"NetworkRunner","message":"Stopping Network.","throwable":""}
{"timestamp":"2022-09-09T09:28:51,952","container":"71845c04e206","level":"INFO","thread":"BesuCommand-Shutdown-Hook","class":"EthProtocolManager","message":"Stopping eth Subprotocol.","throwable":""}
{"timestamp":"2022-09-09T09:28:51,980","container":"71845c04e206","level":"INFO","thread":"BesuCommand-Shutdown-Hook","class":"EthProtocolManager","message":"eth Subprotocol stopped.","throwable":""}
{"timestamp":"2022-09-09T09:28:51,987","container":"71845c04e206","level":"INFO","thread":"BesuCommand-Shutdown-Hook","class":"NetworkRunner","message":"Network stopped.","throwable":""}
{"timestamp":"2022-09-09T09:28:52,000","container":"71845c04e206","level":"INFO","thread":"BesuCommand-Shutdown-Hook","class":"AutoTransactionLogBloomCachingService","message":"Shutting down Auto transaction logs caching service.","throwable":""}
{"timestamp":"2022-09-09T09:28:52,007","container":"71845c04e206","level":"INFO","thread":"BesuCommand-Shutdown-Hook","class":"DockerNatManager","message":"Stopping docker NAT manager.","throwable":""}
