{"timestamp":"2022-09-09T09:54:34,297","container":"8f9496ccead8","level":"INFO","thread":"main","class":"Besu","message":"Using the Java implementation of alt bn128","throwable":""}
{"timestamp":"2022-09-09T09:54:34,302","container":"8f9496ccead8","level":"INFO","thread":"main","class":"Besu","message":"Using the native implementation of the signature algorithm","throwable":""}
{"timestamp":"2022-09-09T09:54:34,306","container":"8f9496ccead8","level":"INFO","thread":"main","class":"Besu","message":"Starting Besu version: besu/v22.7.1/linux-aarch_64/openjdk-java-11","throwable":""}
{"timestamp":"2022-09-09T09:54:34,530","container":"8f9496ccead8","level":"WARN","thread":"main","class":"Besu","message":"--min-gas-price has been ignored because --miner-enabled was not defined on the command line.","throwable":""}
{"timestamp":"2022-09-09T09:54:34,960","container":"8f9496ccead8","level":"WARN","thread":"main","class":"Besu","message":"--graphql-http-host has been ignored because --graphql-http-enabled was not defined on the command line.","throwable":""}
{"timestamp":"2022-09-09T09:54:34,968","container":"8f9496ccead8","level":"WARN","thread":"main","class":"Besu","message":"--rpc-ws-host has been ignored because --rpc-ws-enabled was not defined on the command line.","throwable":""}
{"timestamp":"2022-09-09T09:54:35,009","container":"8f9496ccead8","level":"WARN","thread":"main","class":"Besu","message":"Permissions are disabled. Cannot enable PERM APIs when not using Permissions.","throwable":""}
{"timestamp":"2022-09-09T09:54:35,015","container":"8f9496ccead8","level":"INFO","thread":"main","class":"Besu","message":"Static Nodes file = /opt/besu/data/static-nodes.json","throwable":""}
{"timestamp":"2022-09-09T09:54:35,024","container":"8f9496ccead8","level":"INFO","thread":"main","class":"StaticNodesParser","message":"StaticNodes file /opt/besu/data/static-nodes.json does not exist, no static connections will be created.","throwable":""}
{"timestamp":"2022-09-09T09:54:35,031","container":"8f9496ccead8","level":"INFO","thread":"main","class":"Besu","message":"Connecting to 0 static nodes.","throwable":""}
{"timestamp":"2022-09-09T09:54:35,048","container":"8f9496ccead8","level":"INFO","thread":"main","class":"Besu","message":"Security Module: localfile","throwable":""}
{"timestamp":"2022-09-09T09:54:35,084","container":"8f9496ccead8","level":"INFO","thread":"main","class":"RocksDBKeyValueStorageFactory","message":"No existing database detected at /opt/besu/data. Using version 1","throwable":""}
{"timestamp":"2022-09-09T09:54:36,957","container":"8f9496ccead8","level":"INFO","thread":"main","class":"KeyPairUtil","message":"Loaded public key 0x75136ed12cb4152ba8395b6db2a101ff6c61145801dda37d3e1128b45cbbf1dba77b191184ab3e2ab39fcfe6cc98ddbc47b1b15f2dc317b36cee19a79365e630 from /opt/besu/config/key","throwable":""}
{"timestamp":"2022-09-09T09:54:36,992","container":"8f9496ccead8","level":"WARN","thread":"main","class":"Besu","message":"Privacy is disabled. Cannot use EEA/PRIV API methods when not using Privacy.","throwable":""}
{"timestamp":"2022-09-09T09:54:37,215","container":"8f9496ccead8","level":"INFO","thread":"main","class":"AbstractAltBnPrecompiledContract","message":"Native alt bn128 not available","throwable":""}
{"timestamp":"2022-09-09T09:54:37,220","container":"8f9496ccead8","level":"INFO","thread":"main","class":"AbstractAltBnPrecompiledContract","message":"Native alt bn128 not available","throwable":""}
{"timestamp":"2022-09-09T09:54:37,222","container":"8f9496ccead8","level":"INFO","thread":"main","class":"AbstractAltBnPrecompiledContract","message":"Native alt bn128 not available","throwable":""}
{"timestamp":"2022-09-09T09:54:37,224","container":"8f9496ccead8","level":"INFO","thread":"main","class":"AbstractAltBnPrecompiledContract","message":"Native alt bn128 not available","throwable":""}
{"timestamp":"2022-09-09T09:54:37,232","container":"8f9496ccead8","level":"INFO","thread":"main","class":"AbstractAltBnPrecompiledContract","message":"Native alt bn128 not available","throwable":""}
{"timestamp":"2022-09-09T09:54:37,236","container":"8f9496ccead8","level":"INFO","thread":"main","class":"AbstractAltBnPrecompiledContract","message":"Native alt bn128 not available","throwable":""}
{"timestamp":"2022-09-09T09:54:37,291","container":"8f9496ccead8","level":"INFO","thread":"main","class":"ProtocolScheduleBuilder","message":"Protocol schedule created with milestones: [Berlin: 0]","throwable":""}
{"timestamp":"2022-09-09T09:54:37,471","container":"8f9496ccead8","level":"INFO","thread":"main","class":"BesuControllerBuilder","message":"TTD difficulty is not present, creating initial sync phase for PoW","throwable":""}
{"timestamp":"2022-09-09T09:54:37,584","container":"8f9496ccead8","level":"INFO","thread":"main","class":"RunnerBuilder","message":"Detecting NAT service.","throwable":""}
{"timestamp":"2022-09-09T09:54:37,766","container":"8f9496ccead8","level":"INFO","thread":"main","class":"Runner","message":"Starting external services ... ","throwable":""}
{"timestamp":"2022-09-09T09:54:37,772","container":"8f9496ccead8","level":"INFO","thread":"main","class":"JsonRpcHttpService","message":"Starting JSON-RPC service on 0.0.0.0:8548","throwable":""}
{"timestamp":"2022-09-09T09:54:37,901","container":"8f9496ccead8","level":"INFO","thread":"vert.x-eventloop-thread-1","class":"JsonRpcHttpService","message":"JSON-RPC service started and listening on 0.0.0.0:8548","throwable":""}
{"timestamp":"2022-09-09T09:54:37,908","container":"8f9496ccead8","level":"INFO","thread":"main","class":"AutoTransactionLogBloomCachingService","message":"Starting auto transaction log bloom caching service.","throwable":""}
{"timestamp":"2022-09-09T09:54:37,922","container":"8f9496ccead8","level":"INFO","thread":"main","class":"LogBloomCacheMetadata","message":"Lookup cache metadata file in data directory: /opt/besu/data/caches","throwable":""}
{"timestamp":"2022-09-09T09:54:37,958","container":"8f9496ccead8","level":"INFO","thread":"main","class":"Runner","message":"Starting Ethereum main loop ... ","throwable":""}
{"timestamp":"2022-09-09T09:54:37,960","container":"8f9496ccead8","level":"INFO","thread":"main","class":"DockerNatManager","message":"Starting docker NAT manager.","throwable":""}
{"timestamp":"2022-09-09T09:54:37,984","container":"8f9496ccead8","level":"INFO","thread":"main","class":"NetworkRunner","message":"Starting Network.","throwable":""}
{"timestamp":"2022-09-09T09:54:38,006","container":"8f9496ccead8","level":"INFO","thread":"nioEventLoopGroup-2-1","class":"RlpxAgent","message":"P2P RLPx agent started and listening on /0.0.0.0:30306.","throwable":""}
{"timestamp":"2022-09-09T09:54:38,010","container":"8f9496ccead8","level":"INFO","thread":"main","class":"PeerDiscoveryAgent","message":"Starting peer discovery agent on host=0.0.0.0, port=30306","throwable":""}
{"timestamp":"2022-09-09T09:54:38,073","container":"8f9496ccead8","level":"INFO","thread":"vert.x-eventloop-thread-1","class":"VertxPeerDiscoveryAgent","message":"Started peer discovery agent successfully, on effective host=0.0.0.0 and port=30306","throwable":""}
{"timestamp":"2022-09-09T09:54:38,077","container":"8f9496ccead8","level":"INFO","thread":"vert.x-eventloop-thread-1","class":"PeerDiscoveryAgent","message":"P2P peer discovery agent started and listening on /0.0.0.0:30306","throwable":""}
{"timestamp":"2022-09-09T09:54:38,129","container":"8f9496ccead8","level":"INFO","thread":"vert.x-eventloop-thread-1","class":"PeerDiscoveryAgent","message":"Writing node record to disk. NodeRecord{seq=1, publicKey=0x0275136ed12cb4152ba8395b6db2a101ff6c61145801dda37d3e1128b45cbbf1db, udpAddress=Optional[/172.24.2.5:30306], tcpAddress=Optional[/172.24.2.5:30306], asBase64=-Je4QIJnxKfxyYu-dVBEaEeNpnWLqJoVzTXOoLXBuanXBBpYZrE0F0C8g78jr60ftXrOIZY08kE359gphSODSXM_HLoBg2V0aMfGhI6V42aAgmlkgnY0gmlwhKwYAgWJc2VjcDI1NmsxoQJ1E27RLLQVK6g5W22yoQH_bGEUWAHdo30-ESi0XLvx24N0Y3CCdmKDdWRwgnZi, nodeId=0xcff53bee99f33d15d53ee88a14aeed018ec70f8c947377c8bbffc1207bb53b94, customFields={tcp=30306, udp=30306, ip=0xac180205, eth=[[0x8e95e366, 0x]], id=V4, secp256k1=0x0275136ed12cb4152ba8395b6db2a101ff6c61145801dda37d3e1128b45cbbf1db}}","throwable":""}
{"timestamp":"2022-09-09T09:54:38,161","container":"8f9496ccead8","level":"INFO","thread":"main","class":"DefaultP2PNetwork","message":"Enode URL enode://75136ed12cb4152ba8395b6db2a101ff6c61145801dda37d3e1128b45cbbf1dba77b191184ab3e2ab39fcfe6cc98ddbc47b1b15f2dc317b36cee19a79365e630@172.24.2.5:30306","throwable":""}
{"timestamp":"2022-09-09T09:54:38,163","container":"8f9496ccead8","level":"INFO","thread":"main","class":"DefaultP2PNetwork","message":"Node address 0x14aeed018ec70f8c947377c8bbffc1207bb53b94","throwable":""}
{"timestamp":"2022-09-09T09:54:38,186","container":"8f9496ccead8","level":"INFO","thread":"main","class":"DefaultSynchronizer","message":"Starting synchronizer.","throwable":""}
{"timestamp":"2022-09-09T09:54:38,196","container":"8f9496ccead8","level":"INFO","thread":"main","class":"FullSyncDownloader","message":"Starting full sync.","throwable":""}
{"timestamp":"2022-09-09T09:54:38,199","container":"8f9496ccead8","level":"INFO","thread":"main","class":"FullSyncTargetManager","message":"No sync target, waiting for peers. Current peers: 0","throwable":""}
{"timestamp":"2022-09-09T09:54:38,242","container":"8f9496ccead8","level":"INFO","thread":"main","class":"Runner","message":"Ethereum main loop is up.","throwable":""}
{"timestamp":"2022-09-09T09:54:38,950","container":"8f9496ccead8","level":"INFO","thread":"nioEventLoopGroup-3-5","class":"FullSyncTargetManager","message":"No sync target, waiting for peers. Current peers: 5","throwable":""}
{"timestamp":"2022-09-09T09:54:38,961","container":"8f9496ccead8","level":"INFO","thread":"nioEventLoopGroup-3-4","class":"FullSyncTargetManager","message":"No sync target, waiting for peers. Current peers: 5","throwable":""}
{"timestamp":"2022-09-09T09:54:44,011","container":"8f9496ccead8","level":"INFO","thread":"EthScheduler-Timer-0","class":"FullSyncTargetManager","message":"No sync target, waiting for peers. Current peers: 5","throwable":""}
{"timestamp":"2022-09-09T09:54:49,021","container":"8f9496ccead8","level":"INFO","thread":"EthScheduler-Timer-0","class":"FullSyncTargetManager","message":"No sync target, waiting for peers. Current peers: 5","throwable":""}
{"timestamp":"2022-09-09T09:54:50,478","container":"8f9496ccead8","level":"INFO","thread":"BftProcessorExecutor-IBFT-0","class":"IbftRound","message":"Importing block to chain. round=ConsensusRoundIdentifier{Sequence=1, Round=2}, hash=0x6a835a2d78fbcf20ff6b7f8d15a8242b5d64c0b3c674a3e859a393d1b5b635ce","throwable":""}
{"timestamp":"2022-09-09T09:54:50,641","container":"8f9496ccead8","level":"INFO","thread":"BftProcessorExecutor-IBFT-0","class":"IbftBesuControllerBuilder","message":"Imported #1 / 0 tx / 0 pending / 0 (0.0%) gas / (0x6a835a2d78fbcf20ff6b7f8d15a8242b5d64c0b3c674a3e859a393d1b5b635ce)","throwable":""}
{"timestamp":"2022-09-09T09:54:52,136","container":"8f9496ccead8","level":"INFO","thread":"BftProcessorExecutor-IBFT-0","class":"IbftBesuControllerBuilder","message":"Imported #2 / 0 tx / 0 pending / 0 (0.0%) gas / (0xc73c4ee0a10aed9845e6f3f7829da05bb55b9e763150eda1b67cb7acb46e1c71)","throwable":""}
{"timestamp":"2022-09-09T09:54:54,123","container":"8f9496ccead8","level":"INFO","thread":"BftProcessorExecutor-IBFT-0","class":"IbftBesuControllerBuilder","message":"Produced #3 / 0 tx / 0 pending / 0 (0.0%) gas / (0xe0ed56a32f0b4e763c44492cac47d5fce10517df48e8d30198f41017955a505a)","throwable":""}
{"timestamp":"2022-09-09T09:54:56,181","container":"8f9496ccead8","level":"INFO","thread":"BftProcessorExecutor-IBFT-0","class":"IbftBesuControllerBuilder","message":"Imported #4 / 0 tx / 0 pending / 0 (0.0%) gas / (0x4f5953616da9aae49283ac127c07a757150e055a37e1b7e66176301e979ddc94)","throwable":""}
{"timestamp":"2022-09-09T09:54:58,102","container":"8f9496ccead8","level":"INFO","thread":"BftProcessorExecutor-IBFT-0","class":"IbftBesuControllerBuilder","message":"Imported #5 / 0 tx / 0 pending / 0 (0.0%) gas / (0x36d9b289c32de95ed49b18a6f7a9c8305255107bcb0c6ae38baed3b13f4bf6a6)","throwable":""}
{"timestamp":"2022-09-09T09:54:58,118","container":"8f9496ccead8","level":"INFO","thread":"EthScheduler-Workers-0","class":"PersistBlockTask","message":"Imported #5 / 0 tx / 0 om / 0 (0.0%) gas / (0x36d9b289c32de95ed49b18a6f7a9c8305255107bcb0c6ae38baed3b13f4bf6a6) in 0.001s. Peers: 5","throwable":""}
{"timestamp":"2022-09-09T09:55:00,160","container":"8f9496ccead8","level":"INFO","thread":"BftProcessorExecutor-IBFT-0","class":"IbftBesuControllerBuilder","message":"Imported #6 / 0 tx / 0 pending / 0 (0.0%) gas / (0xa3c9cc14af2bafcb6393fd7f373ba5d7fdddd6b2be0c62ee5bd215aa9b2a5a3f)","throwable":""}
{"timestamp":"2022-09-09T09:55:02,106","container":"8f9496ccead8","level":"INFO","thread":"BftProcessorExecutor-IBFT-0","class":"IbftBesuControllerBuilder","message":"Produced #7 / 0 tx / 0 pending / 0 (0.0%) gas / (0x04a20958481a8e42da944e257850af319a446be1a7efeb8bab71600ddb404428)","throwable":""}
{"timestamp":"2022-09-09T09:55:04,116","container":"8f9496ccead8","level":"INFO","thread":"BftProcessorExecutor-IBFT-0","class":"IbftBesuControllerBuilder","message":"Imported #8 / 0 tx / 0 pending / 0 (0.0%) gas / (0xadb2159890b83a4dca7fb8aacee6d0848eebb99c77f3994aa13aa34bb42bc0e9)","throwable":""}
{"timestamp":"2022-09-09T09:55:06,066","container":"8f9496ccead8","level":"INFO","thread":"BftProcessorExecutor-IBFT-0","class":"IbftBesuControllerBuilder","message":"Imported #9 / 0 tx / 0 pending / 0 (0.0%) gas / (0x51a07ea39cb5e416a6322d8baaf0d3e5ce0193de8a095bbb59600ea00e9ec7a7)","throwable":""}
{"timestamp":"2022-09-09T09:55:08,055","container":"8f9496ccead8","level":"INFO","thread":"BftProcessorExecutor-IBFT-0","class":"IbftBesuControllerBuilder","message":"Imported #10 / 0 tx / 0 pending / 0 (0.0%) gas / (0x99de080fa8afd88cbbc381001d8287a7d47b75100d51afbb5442f10700424f14)","throwable":""}
{"timestamp":"2022-09-09T09:55:10,106","container":"8f9496ccead8","level":"INFO","thread":"BftProcessorExecutor-IBFT-0","class":"IbftBesuControllerBuilder","message":"Produced #11 / 0 tx / 0 pending / 0 (0.0%) gas / (0xaa45cbfd89d813c81cda178ccd7dad806f5afef5b3b4f6757a83b7fd17cfe12c)","throwable":""}
{"timestamp":"2022-09-09T09:55:12,141","container":"8f9496ccead8","level":"INFO","thread":"BftProcessorExecutor-IBFT-0","class":"IbftBesuControllerBuilder","message":"Imported #12 / 0 tx / 0 pending / 0 (0.0%) gas / (0x039b7148a9849ded8a31384423ea67bc05446c9f727297d5c35075b5a5c60113)","throwable":""}
{"timestamp":"2022-09-09T09:55:12,141","container":"8f9496ccead8","level":"INFO","thread":"EthScheduler-Workers-2","class":"PersistBlockTask","message":"Imported #12 / 0 tx / 0 om / 0 (0.0%) gas / (0x039b7148a9849ded8a31384423ea67bc05446c9f727297d5c35075b5a5c60113) in 0.011s. Peers: 5","throwable":""}
{"timestamp":"2022-09-09T09:55:14,160","container":"8f9496ccead8","level":"INFO","thread":"BftProcessorExecutor-IBFT-0","class":"IbftBesuControllerBuilder","message":"Imported #13 / 0 tx / 0 pending / 0 (0.0%) gas / (0xadde07ca0fe65b3dc02141adfbaf3639389f2a5196a5e86f27968af310e7b94a)","throwable":""}
{"timestamp":"2022-09-09T09:55:16,099","container":"8f9496ccead8","level":"INFO","thread":"BftProcessorExecutor-IBFT-0","class":"IbftBesuControllerBuilder","message":"Imported #14 / 0 tx / 0 pending / 0 (0.0%) gas / (0x4af33d0c70be7b7b222a4f641344563c3e1dfc8fab30f0861ba40ead330e0e79)","throwable":""}
{"timestamp":"2022-09-09T09:55:18,100","container":"8f9496ccead8","level":"INFO","thread":"BftProcessorExecutor-IBFT-0","class":"IbftBesuControllerBuilder","message":"Produced #15 / 0 tx / 0 pending / 0 (0.0%) gas / (0x26a8217e466f70b8228edf03a9bc7e129f61498fa6791b4a98bc1a5cfad101ea)","throwable":""}
{"timestamp":"2022-09-09T09:55:20,104","container":"8f9496ccead8","level":"INFO","thread":"BftProcessorExecutor-IBFT-0","class":"IbftBesuControllerBuilder","message":"Imported #16 / 0 tx / 0 pending / 0 (0.0%) gas / (0x92990cf1e51d57bf41c2340881853622724d4f569278d06cd805317ca81d8df7)","throwable":""}
{"timestamp":"2022-09-09T09:55:22,093","container":"8f9496ccead8","level":"INFO","thread":"BftProcessorExecutor-IBFT-0","class":"IbftBesuControllerBuilder","message":"Imported #17 / 0 tx / 0 pending / 0 (0.0%) gas / (0x191955df9f8f52254a6f3113fb431c1cc4ef2f4fc3f625c090ac5b8753da8f70)","throwable":""}
{"timestamp":"2022-09-09T09:55:24,171","container":"8f9496ccead8","level":"INFO","thread":"BftProcessorExecutor-IBFT-0","class":"IbftBesuControllerBuilder","message":"Imported #18 / 0 tx / 0 pending / 0 (0.0%) gas / (0x3ad22d69aaf9703bf7dd65f4617786c57d8c0a0ea3ec72430643f054ac184d6c)","throwable":""}
{"timestamp":"2022-09-09T09:55:26,098","container":"8f9496ccead8","level":"INFO","thread":"BftProcessorExecutor-IBFT-0","class":"IbftBesuControllerBuilder","message":"Produced #19 / 0 tx / 0 pending / 0 (0.0%) gas / (0xe1a7682d45d1ee38dca7c787608b59e1d42bd247b0bfcf92ea05f675851c701a)","throwable":""}
{"timestamp":"2022-09-09T09:55:28,102","container":"8f9496ccead8","level":"INFO","thread":"BftProcessorExecutor-IBFT-0","class":"IbftBesuControllerBuilder","message":"Imported #20 / 0 tx / 0 pending / 0 (0.0%) gas / (0x91c4f7386dce0a234c6993a0d1c17c322acc30d4daffadc2514a1278ca3c2f2f)","throwable":""}
{"timestamp":"2022-09-09T09:55:30,131","container":"8f9496ccead8","level":"INFO","thread":"BftProcessorExecutor-IBFT-0","class":"IbftBesuControllerBuilder","message":"Imported #21 / 0 tx / 0 pending / 0 (0.0%) gas / (0x58acb73080e879f940f76da25ecb927a996d7cbae7efcab5a31e72cfe033adec)","throwable":""}
{"timestamp":"2022-09-09T09:55:32,124","container":"8f9496ccead8","level":"INFO","thread":"BftProcessorExecutor-IBFT-0","class":"IbftBesuControllerBuilder","message":"Imported #22 / 0 tx / 0 pending / 0 (0.0%) gas / (0x40d87b25433c2b0f58346bf44efacc61d988d20ea8b62ce3692051a3f9f10879)","throwable":""}
{"timestamp":"2022-09-09T09:55:34,100","container":"8f9496ccead8","level":"INFO","thread":"BftProcessorExecutor-IBFT-0","class":"IbftBesuControllerBuilder","message":"Produced #23 / 0 tx / 0 pending / 0 (0.0%) gas / (0x57484940b3cc567b49f8c260da1e548726e7f375bec4e64f91892f52a8a879fe)","throwable":""}
{"timestamp":"2022-09-09T09:55:36,104","container":"8f9496ccead8","level":"INFO","thread":"BftProcessorExecutor-IBFT-0","class":"IbftBesuControllerBuilder","message":"Imported #24 / 0 tx / 0 pending / 0 (0.0%) gas / (0xb8e8cc5090cc7ea971383e4414323299b05dcc0e4a493ad02dfb7baf4c29a5af)","throwable":""}
{"timestamp":"2022-09-09T09:55:38,142","container":"8f9496ccead8","level":"INFO","thread":"BftProcessorExecutor-IBFT-0","class":"IbftBesuControllerBuilder","message":"Imported #25 / 0 tx / 0 pending / 0 (0.0%) gas / (0xb0bb4837f4569125be6880c88a95d82836c3f6b2c28fcf1db7a5c062270fc5cd)","throwable":""}
{"timestamp":"2022-09-09T09:55:40,430","container":"8f9496ccead8","level":"INFO","thread":"BftProcessorExecutor-IBFT-0","class":"IbftBesuControllerBuilder","message":"Imported #26 / 0 tx / 0 pending / 0 (0.0%) gas / (0x7c12fe7b91becfc143bab9ddb1231cd1f0e4bcd990eda601b1e54021fffed48a)","throwable":""}
{"timestamp":"2022-09-09T09:55:40,431","container":"8f9496ccead8","level":"INFO","thread":"EthScheduler-Workers-1","class":"PersistBlockTask","message":"Imported #26 / 0 tx / 0 om / 0 (0.0%) gas / (0x7c12fe7b91becfc143bab9ddb1231cd1f0e4bcd990eda601b1e54021fffed48a) in 0.029s. Peers: 5","throwable":""}
{"timestamp":"2022-09-09T09:55:42,359","container":"8f9496ccead8","level":"INFO","thread":"BftProcessorExecutor-IBFT-0","class":"IbftBesuControllerBuilder","message":"Produced #27 / 0 tx / 0 pending / 0 (0.0%) gas / (0xeb3052e5aafb0efb697719b0af1604e8679b6691cbc14e2cedce39bad0a4b70a)","throwable":""}
{"timestamp":"2022-09-09T09:55:44,263","container":"8f9496ccead8","level":"INFO","thread":"BftProcessorExecutor-IBFT-0","class":"IbftBesuControllerBuilder","message":"Imported #28 / 0 tx / 0 pending / 0 (0.0%) gas / (0xa4430134a81589830c8f5f2b32d48960f68896fc4c4e0aac4223f92bb60c51f2)","throwable":""}
{"timestamp":"2022-09-09T09:55:46,152","container":"8f9496ccead8","level":"INFO","thread":"BftProcessorExecutor-IBFT-0","class":"IbftBesuControllerBuilder","message":"Imported #29 / 0 tx / 0 pending / 0 (0.0%) gas / (0xa2b5128b566c27484426b5ee80740de35f98d8aa5549ee0d42e734fe0d6abce4)","throwable":""}
{"timestamp":"2022-09-09T09:55:48,283","container":"8f9496ccead8","level":"INFO","thread":"BftProcessorExecutor-IBFT-0","class":"IbftBesuControllerBuilder","message":"Imported #30 / 0 tx / 0 pending / 0 (0.0%) gas / (0x22c4266e7494f8190c8b4a1b8d7fccbfaca5d52340df846bb5e52d0cf94eb494)","throwable":""}
{"timestamp":"2022-09-09T09:55:50,130","container":"8f9496ccead8","level":"INFO","thread":"BftProcessorExecutor-IBFT-0","class":"IbftBesuControllerBuilder","message":"Produced #31 / 0 tx / 0 pending / 0 (0.0%) gas / (0x960c88d4775ef5c12c021a21dee703f614d287031d27eb262ed26a223577b442)","throwable":""}
{"timestamp":"2022-09-09T09:55:52,174","container":"8f9496ccead8","level":"INFO","thread":"BftProcessorExecutor-IBFT-0","class":"IbftBesuControllerBuilder","message":"Imported #32 / 0 tx / 0 pending / 0 (0.0%) gas / (0xb629c6f0a3a1ebfcb6dbb6b1dd42abe204fda88c256ae8aa1e7b389bf46de12b)","throwable":""}
{"timestamp":"2022-09-09T09:55:54,291","container":"8f9496ccead8","level":"INFO","thread":"BftProcessorExecutor-IBFT-0","class":"IbftBesuControllerBuilder","message":"Imported #33 / 0 tx / 0 pending / 0 (0.0%) gas / (0xa59ad80c08b2faecd6897dde5fdec89fd498d473604dfa3346885ffe5e2e268b)","throwable":""}
{"timestamp":"2022-09-09T09:55:56,209","container":"8f9496ccead8","level":"INFO","thread":"BftProcessorExecutor-IBFT-0","class":"IbftBesuControllerBuilder","message":"Imported #34 / 0 tx / 0 pending / 0 (0.0%) gas / (0xced2708b3136b164d7238ab979c07d3536e6e19720c9e830116c54d439929550)","throwable":""}
{"timestamp":"2022-09-09T09:55:58,079","container":"8f9496ccead8","level":"INFO","thread":"BftProcessorExecutor-IBFT-0","class":"IbftBesuControllerBuilder","message":"Produced #35 / 0 tx / 0 pending / 0 (0.0%) gas / (0xddea19cb03dcb2a1e7ea0e5258ff284ccdace12fa78d1040c36ea6413dcf356c)","throwable":""}
{"timestamp":"2022-09-09T09:56:00,132","container":"8f9496ccead8","level":"INFO","thread":"BftProcessorExecutor-IBFT-0","class":"IbftBesuControllerBuilder","message":"Imported #36 / 0 tx / 0 pending / 0 (0.0%) gas / (0x4d37282d0f6c7c7693aeb4672fc1e49663cb58162a774181ffddf33df454694f)","throwable":""}
{"timestamp":"2022-09-09T09:56:02,132","container":"8f9496ccead8","level":"INFO","thread":"BftProcessorExecutor-IBFT-0","class":"IbftBesuControllerBuilder","message":"Imported #37 / 0 tx / 0 pending / 0 (0.0%) gas / (0x566e8bd113fc2bdfadf832c4ebb8dffa4685d26315e1114557ad2fc7787ff2bc)","throwable":""}
{"timestamp":"2022-09-09T09:56:04,087","container":"8f9496ccead8","level":"INFO","thread":"BftProcessorExecutor-IBFT-0","class":"IbftBesuControllerBuilder","message":"Imported #38 / 0 tx / 0 pending / 0 (0.0%) gas / (0x302fe7c72540271e0dcd3a5a547db9f31158b66fe26760bc2111bd099c2e0790)","throwable":""}
{"timestamp":"2022-09-09T09:56:06,144","container":"8f9496ccead8","level":"INFO","thread":"BftProcessorExecutor-IBFT-0","class":"IbftBesuControllerBuilder","message":"Produced #39 / 0 tx / 0 pending / 0 (0.0%) gas / (0xae36beffdd9fe7afffdcef10a1a125ef40d03bab87acd1a68d055e105d633326)","throwable":""}
{"timestamp":"2022-09-09T09:56:06,141","container":"8f9496ccead8","level":"INFO","thread":"EthScheduler-Workers-3","class":"PersistBlockTask","message":"Imported #39 / 0 tx / 0 om / 0 (0.0%) gas / (0xae36beffdd9fe7afffdcef10a1a125ef40d03bab87acd1a68d055e105d633326) in 0.011s. Peers: 5","throwable":""}
{"timestamp":"2022-09-09T09:56:08,071","container":"8f9496ccead8","level":"INFO","thread":"BftProcessorExecutor-IBFT-0","class":"IbftBesuControllerBuilder","message":"Imported #40 / 0 tx / 0 pending / 0 (0.0%) gas / (0xe53911dfc31c0cfecea5c5914ad02e0a57507de417d0bce22acd3ff86e314be7)","throwable":""}
{"timestamp":"2022-09-09T09:56:08,075","container":"8f9496ccead8","level":"INFO","thread":"EthScheduler-Workers-0","class":"PersistBlockTask","message":"Imported #40 / 0 tx / 0 om / 0 (0.0%) gas / (0xe53911dfc31c0cfecea5c5914ad02e0a57507de417d0bce22acd3ff86e314be7) in 0.025s. Peers: 5","throwable":""}
{"timestamp":"2022-09-09T09:56:10,084","container":"8f9496ccead8","level":"INFO","thread":"BftProcessorExecutor-IBFT-0","class":"IbftBesuControllerBuilder","message":"Imported #41 / 0 tx / 0 pending / 0 (0.0%) gas / (0x405b3f94cefa6c6e47e6309a0352c1b6ecb82b8e13d77f9907c19b801a219775)","throwable":""}
{"timestamp":"2022-09-09T09:56:12,068","container":"8f9496ccead8","level":"INFO","thread":"BftProcessorExecutor-IBFT-0","class":"IbftBesuControllerBuilder","message":"Imported #42 / 0 tx / 0 pending / 0 (0.0%) gas / (0xc570379252549fc53807ac34997e34963a092b253c38d489120901c4723f8ed1)","throwable":""}
{"timestamp":"2022-09-09T09:56:14,129","container":"8f9496ccead8","level":"INFO","thread":"BftProcessorExecutor-IBFT-0","class":"IbftBesuControllerBuilder","message":"Produced #43 / 0 tx / 0 pending / 0 (0.0%) gas / (0x8634734ddd40c42767fbab1ecedff1134b2f6c69af53660de108e0fe563d1271)","throwable":""}
{"timestamp":"2022-09-09T09:56:16,080","container":"8f9496ccead8","level":"INFO","thread":"BftProcessorExecutor-IBFT-0","class":"IbftBesuControllerBuilder","message":"Imported #44 / 0 tx / 0 pending / 0 (0.0%) gas / (0x02cd294e2454b61bcd7aeba60fc43745f3f1cf1cdbb9cf9c5b61e22dc26bc41d)","throwable":""}
{"timestamp":"2022-09-09T09:56:18,147","container":"8f9496ccead8","level":"INFO","thread":"BftProcessorExecutor-IBFT-0","class":"IbftBesuControllerBuilder","message":"Imported #45 / 0 tx / 0 pending / 0 (0.0%) gas / (0xaf494c03c5d022a3ec674129009e6b559a226c0937453ccf1501895a2f869dff)","throwable":""}
{"timestamp":"2022-09-09T09:56:20,081","container":"8f9496ccead8","level":"INFO","thread":"BftProcessorExecutor-IBFT-0","class":"IbftBesuControllerBuilder","message":"Imported #46 / 0 tx / 0 pending / 0 (0.0%) gas / (0x88a33d08d370a266a10241bb4919ea796278db7097181ffdfc17cea5688bc3ed)","throwable":""}
{"timestamp":"2022-09-09T09:56:22,111","container":"8f9496ccead8","level":"INFO","thread":"BftProcessorExecutor-IBFT-0","class":"IbftBesuControllerBuilder","message":"Produced #47 / 0 tx / 0 pending / 0 (0.0%) gas / (0x1d1377e109fff2bfbec47b3f5f2524501776cbc4a2ac0759d297def2f3e527ef)","throwable":""}
{"timestamp":"2022-09-09T09:56:22,112","container":"8f9496ccead8","level":"INFO","thread":"EthScheduler-Workers-2","class":"PersistBlockTask","message":"Imported #47 / 0 tx / 0 om / 0 (0.0%) gas / (0x1d1377e109fff2bfbec47b3f5f2524501776cbc4a2ac0759d297def2f3e527ef) in 0.013s. Peers: 5","throwable":""}
{"timestamp":"2022-09-09T09:56:24,087","container":"8f9496ccead8","level":"INFO","thread":"BftProcessorExecutor-IBFT-0","class":"IbftBesuControllerBuilder","message":"Imported #48 / 0 tx / 0 pending / 0 (0.0%) gas / (0xa6167d7821f62e0034f1d7f03444c27a7604d267defb6260da59758baacbd177)","throwable":""}
{"timestamp":"2022-09-09T09:56:26,135","container":"8f9496ccead8","level":"INFO","thread":"BftProcessorExecutor-IBFT-0","class":"IbftBesuControllerBuilder","message":"Imported #49 / 0 tx / 0 pending / 0 (0.0%) gas / (0x5804162b1ac20c4739195f09348f30617f74bf0869b868d7f92856216fc9d58b)","throwable":""}
{"timestamp":"2022-09-09T09:56:28,090","container":"8f9496ccead8","level":"INFO","thread":"BftProcessorExecutor-IBFT-0","class":"IbftBesuControllerBuilder","message":"Imported #50 / 0 tx / 0 pending / 0 (0.0%) gas / (0xd6120756b83d9d51e78d5ba9ff0ff7ce60ddf29dc5da2fd95ebc64c4e11903bd)","throwable":""}
{"timestamp":"2022-09-09T09:56:30,139","container":"8f9496ccead8","level":"INFO","thread":"BftProcessorExecutor-IBFT-0","class":"IbftBesuControllerBuilder","message":"Produced #51 / 0 tx / 0 pending / 0 (0.0%) gas / (0xe15d534d973239b409bb25113f7d30c05e2ec529d9acdcbf75bab453519e8473)","throwable":""}
{"timestamp":"2022-09-09T09:56:32,122","container":"8f9496ccead8","level":"INFO","thread":"BftProcessorExecutor-IBFT-0","class":"IbftBesuControllerBuilder","message":"Imported #52 / 0 tx / 0 pending / 0 (0.0%) gas / (0x096c06c51b70edced253df973d8cbc3dc15247e1be6055ed40e0e42072e04a18)","throwable":""}
{"timestamp":"2022-09-09T09:56:34,090","container":"8f9496ccead8","level":"INFO","thread":"BftProcessorExecutor-IBFT-0","class":"IbftBesuControllerBuilder","message":"Imported #53 / 0 tx / 0 pending / 0 (0.0%) gas / (0xfc9910511bfe9d1bbf80ee5d9996db700c327b7e6142574ac02eb0db31c67627)","throwable":""}
{"timestamp":"2022-09-09T09:56:36,103","container":"8f9496ccead8","level":"INFO","thread":"BftProcessorExecutor-IBFT-0","class":"IbftBesuControllerBuilder","message":"Imported #54 / 0 tx / 0 pending / 0 (0.0%) gas / (0xc3f5d134cc53de73a1bda70432d353777772cd85fb9a2f00a7542caf3aa98fa4)","throwable":""}
{"timestamp":"2022-09-09T09:56:38,080","container":"8f9496ccead8","level":"INFO","thread":"BftProcessorExecutor-IBFT-0","class":"IbftBesuControllerBuilder","message":"Produced #55 / 0 tx / 0 pending / 0 (0.0%) gas / (0x755eb93e269d4688725b47904636e46f21dd5e7fecd2b1689ff0338ac190a361)","throwable":""}
{"timestamp":"2022-09-09T09:56:40,081","container":"8f9496ccead8","level":"INFO","thread":"BftProcessorExecutor-IBFT-0","class":"IbftBesuControllerBuilder","message":"Imported #56 / 0 tx / 0 pending / 0 (0.0%) gas / (0x44d5e15de389ba74299f1845234814d95626b6186aa1ae470d8e01727398549d)","throwable":""}
{"timestamp":"2022-09-09T09:56:42,110","container":"8f9496ccead8","level":"INFO","thread":"BftProcessorExecutor-IBFT-0","class":"IbftBesuControllerBuilder","message":"Imported #57 / 0 tx / 0 pending / 0 (0.0%) gas / (0x7c7a7024f8196f9901b8f20df4f3fac7d48a9c1427e2206decc9b9b9278a09a5)","throwable":""}
{"timestamp":"2022-09-09T09:56:44,060","container":"8f9496ccead8","level":"INFO","thread":"BftProcessorExecutor-IBFT-0","class":"IbftBesuControllerBuilder","message":"Imported #58 / 0 tx / 0 pending / 0 (0.0%) gas / (0x7aa0109db3e38d9e827b5698ca89491f07f5ca15854b6658daf7f4b4458963e8)","throwable":""}
{"timestamp":"2022-09-09T09:56:46,092","container":"8f9496ccead8","level":"INFO","thread":"BftProcessorExecutor-IBFT-0","class":"IbftBesuControllerBuilder","message":"Produced #59 / 0 tx / 0 pending / 0 (0.0%) gas / (0xe321967d8f9a8ee2e3a8fe96a3ef5a571d31e5ea3e45aca0f54de029c544146e)","throwable":""}
{"timestamp":"2022-09-09T09:56:48,102","container":"8f9496ccead8","level":"INFO","thread":"BftProcessorExecutor-IBFT-0","class":"IbftBesuControllerBuilder","message":"Imported #60 / 0 tx / 0 pending / 0 (0.0%) gas / (0x409bb8e8ad9b9e2d1223acad0155bb92b302317a23f6982b93b2a1d55f541084)","throwable":""}
{"timestamp":"2022-09-09T09:56:48,102","container":"8f9496ccead8","level":"INFO","thread":"EthScheduler-Workers-1","class":"PersistBlockTask","message":"Imported #60 / 0 tx / 0 om / 0 (0.0%) gas / (0x409bb8e8ad9b9e2d1223acad0155bb92b302317a23f6982b93b2a1d55f541084) in 0.010s. Peers: 5","throwable":""}
{"timestamp":"2022-09-09T09:56:50,120","container":"8f9496ccead8","level":"INFO","thread":"BftProcessorExecutor-IBFT-0","class":"IbftBesuControllerBuilder","message":"Imported #61 / 0 tx / 0 pending / 0 (0.0%) gas / (0x7e8dfd27cfd939687047f3ad1610e48781b556f20542ea1a244184fcd3cbb9a1)","throwable":""}
{"timestamp":"2022-09-09T09:56:52,081","container":"8f9496ccead8","level":"INFO","thread":"BftProcessorExecutor-IBFT-0","class":"IbftBesuControllerBuilder","message":"Imported #62 / 0 tx / 0 pending / 0 (0.0%) gas / (0x30523a61a9084a9bb4acfa1c3d7139263325858b6dac5ebb2cca938413e66359)","throwable":""}
{"timestamp":"2022-09-09T09:56:54,152","container":"8f9496ccead8","level":"INFO","thread":"EthScheduler-Workers-3","class":"PersistBlockTask","message":"Imported #63 / 0 tx / 0 om / 0 (0.0%) gas / (0x1115556669a65852477a4cf30078958acd61ad50af2ca4d60d9a7d71590a4242) in 0.034s. Peers: 5","throwable":""}
{"timestamp":"2022-09-09T09:56:54,153","container":"8f9496ccead8","level":"INFO","thread":"BftProcessorExecutor-IBFT-0","class":"IbftBesuControllerBuilder","message":"Produced #63 / 0 tx / 0 pending / 0 (0.0%) gas / (0x1115556669a65852477a4cf30078958acd61ad50af2ca4d60d9a7d71590a4242)","throwable":""}
{"timestamp":"2022-09-09T09:56:56,234","container":"8f9496ccead8","level":"INFO","thread":"BftProcessorExecutor-IBFT-0","class":"IbftBesuControllerBuilder","message":"Imported #64 / 0 tx / 0 pending / 0 (0.0%) gas / (0x6b6fce1bdf1391593c04148aa142122ab76cc586fa2d8151a33058af375a3647)","throwable":""}
{"timestamp":"2022-09-09T09:56:58,127","container":"8f9496ccead8","level":"INFO","thread":"BftProcessorExecutor-IBFT-0","class":"IbftBesuControllerBuilder","message":"Imported #65 / 0 tx / 0 pending / 0 (0.0%) gas / (0xb9ce05b3ec66658605885026608166ca41f61337445c346faf0b91e642669319)","throwable":""}
{"timestamp":"2022-09-09T09:57:00,430","container":"8f9496ccead8","level":"INFO","thread":"BftProcessorExecutor-IBFT-0","class":"IbftBesuControllerBuilder","message":"Imported #66 / 0 tx / 0 pending / 0 (0.0%) gas / (0x2458820c992c29b141cb43b9394aeaba61f9eb6f8f7505160309130c15626ffd)","throwable":""}
{"timestamp":"2022-09-09T09:57:02,198","container":"8f9496ccead8","level":"INFO","thread":"BftProcessorExecutor-IBFT-0","class":"IbftBesuControllerBuilder","message":"Produced #67 / 0 tx / 0 pending / 0 (0.0%) gas / (0xecd1b2e52f265a0bdafe70c0a60784d6fe44f630aba7ed81af8fbef76dc56094)","throwable":""}
{"timestamp":"2022-09-09T09:57:04,147","container":"8f9496ccead8","level":"INFO","thread":"BftProcessorExecutor-IBFT-0","class":"IbftBesuControllerBuilder","message":"Imported #68 / 0 tx / 0 pending / 0 (0.0%) gas / (0x901fc93da1f68746ae9edff71a043d591ad19fb4e601966a7c119ae8d3dfdc7c)","throwable":""}
{"timestamp":"2022-09-09T09:57:04,147","container":"8f9496ccead8","level":"INFO","thread":"EthScheduler-Workers-0","class":"PersistBlockTask","message":"Imported #68 / 0 tx / 0 om / 0 (0.0%) gas / (0x901fc93da1f68746ae9edff71a043d591ad19fb4e601966a7c119ae8d3dfdc7c) in 0.008s. Peers: 5","throwable":""}
{"timestamp":"2022-09-09T09:57:06,096","container":"8f9496ccead8","level":"INFO","thread":"BftProcessorExecutor-IBFT-0","class":"IbftBesuControllerBuilder","message":"Imported #69 / 0 tx / 0 pending / 0 (0.0%) gas / (0xde9cd1b1c5117bb207996759e9b5264617351302c428f80f36ae7eaf324455f1)","throwable":""}
{"timestamp":"2022-09-09T09:57:08,209","container":"8f9496ccead8","level":"INFO","thread":"BftProcessorExecutor-IBFT-0","class":"IbftBesuControllerBuilder","message":"Imported #70 / 0 tx / 0 pending / 0 (0.0%) gas / (0xf40034b34edaebb6a3470c0d82f51669936cb11d8f1d2d00bd3cee0d8733b932)","throwable":""}
{"timestamp":"2022-09-09T09:57:10,407","container":"8f9496ccead8","level":"INFO","thread":"BftProcessorExecutor-IBFT-0","class":"IbftBesuControllerBuilder","message":"Produced #71 / 0 tx / 0 pending / 0 (0.0%) gas / (0xc31028fc4a6f842c15db3d476fa23ae4c3d5a0f9b36ed4c645fc75881531e27f)","throwable":""}
{"timestamp":"2022-09-09T09:57:12,188","container":"8f9496ccead8","level":"INFO","thread":"BftProcessorExecutor-IBFT-0","class":"IbftBesuControllerBuilder","message":"Imported #72 / 0 tx / 0 pending / 0 (0.0%) gas / (0xbc1702cda16402d8e26d0ffb720e01180094b365cce5abcc8b8bb2b9b12a314b)","throwable":""}
{"timestamp":"2022-09-09T09:57:14,480","container":"8f9496ccead8","level":"INFO","thread":"BftProcessorExecutor-IBFT-0","class":"IbftBesuControllerBuilder","message":"Imported #73 / 0 tx / 0 pending / 0 (0.0%) gas / (0x841dc59239dea9b741aae6bdcdab67a7ad73ab3d1ab0e15d6444469d01c5862d)","throwable":""}
{"timestamp":"2022-09-09T09:57:16,194","container":"8f9496ccead8","level":"INFO","thread":"BftProcessorExecutor-IBFT-0","class":"IbftBesuControllerBuilder","message":"Imported #74 / 0 tx / 0 pending / 0 (0.0%) gas / (0x73529a88bb16dce9b9e1da7e52791cb7577d2c4570aedc83cd4320fdf34b76aa)","throwable":""}
{"timestamp":"2022-09-09T09:57:16,202","container":"8f9496ccead8","level":"INFO","thread":"EthScheduler-Workers-2","class":"PersistBlockTask","message":"Imported #74 / 0 tx / 0 om / 0 (0.0%) gas / (0x73529a88bb16dce9b9e1da7e52791cb7577d2c4570aedc83cd4320fdf34b76aa) in 0.047s. Peers: 5","throwable":""}
{"timestamp":"2022-09-09T09:57:18,134","container":"8f9496ccead8","level":"INFO","thread":"BftProcessorExecutor-IBFT-0","class":"IbftBesuControllerBuilder","message":"Produced #75 / 0 tx / 0 pending / 0 (0.0%) gas / (0x2fd757926e7159c1555a83ba204374dbdbfdbee9b80b6ef0fc3634001b5a6360)","throwable":""}
{"timestamp":"2022-09-09T09:57:20,092","container":"8f9496ccead8","level":"INFO","thread":"BftProcessorExecutor-IBFT-0","class":"IbftBesuControllerBuilder","message":"Imported #76 / 0 tx / 0 pending / 0 (0.0%) gas / (0xf319510d4e55823a37eac4f1a1c8db5d074c80f5b122f03a24c7776172202a75)","throwable":""}
{"timestamp":"2022-09-09T09:57:22,077","container":"8f9496ccead8","level":"INFO","thread":"EthScheduler-Workers-1","class":"PersistBlockTask","message":"Imported #77 / 0 tx / 0 om / 0 (0.0%) gas / (0xeb14d1fa3aed71fd1640c578e2eb6a51b417afe79f17ccb2d549ea3f75e19848) in 0.010s. Peers: 5","throwable":""}
{"timestamp":"2022-09-09T09:57:24,081","container":"8f9496ccead8","level":"INFO","thread":"BftProcessorExecutor-IBFT-0","class":"IbftBesuControllerBuilder","message":"Imported #78 / 0 tx / 0 pending / 0 (0.0%) gas / (0x0719d776597f3c221713224fdfb424f48b19c3f679fcac76612d5630a62ef07c)","throwable":""}
{"timestamp":"2022-09-09T09:57:26,080","container":"8f9496ccead8","level":"INFO","thread":"BftProcessorExecutor-IBFT-0","class":"IbftBesuControllerBuilder","message":"Produced #79 / 0 tx / 0 pending / 0 (0.0%) gas / (0x94ed6d998fa7d7fac891558c0adc6c1bce84f438490ffd23feace1650a9f188c)","throwable":""}
{"timestamp":"2022-09-09T09:57:28,066","container":"8f9496ccead8","level":"INFO","thread":"BftProcessorExecutor-IBFT-0","class":"IbftBesuControllerBuilder","message":"Imported #80 / 0 tx / 0 pending / 0 (0.0%) gas / (0xfb7476a586b05e7ca008baabe31e04c4e5b0a27aab0efc06d5f0ef84e75026b2)","throwable":""}
{"timestamp":"2022-09-09T09:57:30,180","container":"8f9496ccead8","level":"INFO","thread":"BftProcessorExecutor-IBFT-0","class":"IbftBesuControllerBuilder","message":"Imported #81 / 0 tx / 0 pending / 0 (0.0%) gas / (0x56d45b69dc8031d558f48ee869ebe1b0cc8db8182796728bbddaa2ec5a5accf5)","throwable":""}
{"timestamp":"2022-09-09T09:57:32,078","container":"8f9496ccead8","level":"INFO","thread":"BftProcessorExecutor-IBFT-0","class":"IbftBesuControllerBuilder","message":"Imported #82 / 0 tx / 0 pending / 0 (0.0%) gas / (0xd0ef20e00309f8d6c1a971f640f0de388c3232ee9a3a635689acc8f4ad94a526)","throwable":""}
{"timestamp":"2022-09-09T09:57:34,143","container":"8f9496ccead8","level":"INFO","thread":"BftProcessorExecutor-IBFT-0","class":"IbftBesuControllerBuilder","message":"Produced #83 / 0 tx / 0 pending / 0 (0.0%) gas / (0x5106015511425f22cc47556f0b9ee2c24d97252e9cb5e251bc1fcf053e747c39)","throwable":""}
{"timestamp":"2022-09-09T09:57:36,186","container":"8f9496ccead8","level":"INFO","thread":"BftProcessorExecutor-IBFT-0","class":"IbftBesuControllerBuilder","message":"Imported #84 / 0 tx / 0 pending / 0 (0.0%) gas / (0xa13a02b652b348596c9802e7037c133e4a040038fea6f1bb582d50beec798110)","throwable":""}
{"timestamp":"2022-09-09T09:57:38,162","container":"8f9496ccead8","level":"INFO","thread":"EthScheduler-Workers-3","class":"PersistBlockTask","message":"Imported #85 / 0 tx / 0 om / 0 (0.0%) gas / (0x968e7060693e537f034b71117abed2865ed680f16e9dfd91ebde4d633e111420) in 0.008s. Peers: 5","throwable":""}
{"timestamp":"2022-09-09T09:57:38,167","container":"8f9496ccead8","level":"INFO","thread":"BftProcessorExecutor-IBFT-0","class":"IbftBesuControllerBuilder","message":"Imported #85 / 0 tx / 0 pending / 0 (0.0%) gas / (0x968e7060693e537f034b71117abed2865ed680f16e9dfd91ebde4d633e111420)","throwable":""}
{"timestamp":"2022-09-09T09:57:40,068","container":"8f9496ccead8","level":"INFO","thread":"BftProcessorExecutor-IBFT-0","class":"IbftBesuControllerBuilder","message":"Imported #86 / 0 tx / 0 pending / 0 (0.0%) gas / (0x007f4bb72f92171ea51e3340701a72aa51c08eca091ff079b4dad85d30ea81ac)","throwable":""}
{"timestamp":"2022-09-09T09:57:42,097","container":"8f9496ccead8","level":"INFO","thread":"BftProcessorExecutor-IBFT-0","class":"IbftBesuControllerBuilder","message":"Produced #87 / 0 tx / 0 pending / 0 (0.0%) gas / (0xab3f4023630a13b2c0ab18398f89f9762c84f54a076e4d8646c228140b09b1cc)","throwable":""}
{"timestamp":"2022-09-09T09:57:42,097","container":"8f9496ccead8","level":"INFO","thread":"EthScheduler-Workers-0","class":"PersistBlockTask","message":"Imported #87 / 0 tx / 0 om / 0 (0.0%) gas / (0xab3f4023630a13b2c0ab18398f89f9762c84f54a076e4d8646c228140b09b1cc) in 0.008s. Peers: 5","throwable":""}
{"timestamp":"2022-09-09T09:57:44,068","container":"8f9496ccead8","level":"INFO","thread":"BftProcessorExecutor-IBFT-0","class":"IbftBesuControllerBuilder","message":"Imported #88 / 0 tx / 0 pending / 0 (0.0%) gas / (0xa062ae32599e64b9c26b3af3f0e33717439468a1430435bd66dd0d01df0dcc01)","throwable":""}
{"timestamp":"2022-09-09T09:57:46,075","container":"8f9496ccead8","level":"INFO","thread":"BftProcessorExecutor-IBFT-0","class":"IbftBesuControllerBuilder","message":"Imported #89 / 0 tx / 0 pending / 0 (0.0%) gas / (0x329476a3cd010efe36d0ec1c5ba0df40e37bacfb5fee9b17aa4734319ec19d8c)","throwable":""}
{"timestamp":"2022-09-09T09:57:48,073","container":"8f9496ccead8","level":"INFO","thread":"BftProcessorExecutor-IBFT-0","class":"IbftBesuControllerBuilder","message":"Imported #90 / 0 tx / 0 pending / 0 (0.0%) gas / (0xc4d0cb4fb103a7a3bd605697fa0eb46081f0833bfae56aa3a2eb807c90c75aa1)","throwable":""}
{"timestamp":"2022-09-09T09:57:50,108","container":"8f9496ccead8","level":"INFO","thread":"BftProcessorExecutor-IBFT-0","class":"IbftBesuControllerBuilder","message":"Produced #91 / 0 tx / 0 pending / 0 (0.0%) gas / (0xf139146232db4144854d1fa14b2b27a5936a6ff622c7bac5efb29ad951252d87)","throwable":""}
{"timestamp":"2022-09-09T09:57:52,506","container":"8f9496ccead8","level":"INFO","thread":"BftProcessorExecutor-IBFT-0","class":"IbftBesuControllerBuilder","message":"Imported #92 / 0 tx / 0 pending / 0 (0.0%) gas / (0x3696df0e98dae277fe906ac63127ddf685c7048f08e06c947b4c3d5c5d610c57)","throwable":""}
{"timestamp":"2022-09-09T09:57:54,077","container":"8f9496ccead8","level":"INFO","thread":"BftProcessorExecutor-IBFT-0","class":"IbftBesuControllerBuilder","message":"Imported #93 / 0 tx / 0 pending / 0 (0.0%) gas / (0x61e8ddfaec0ad0795bd3d047608129c1ae7c1e8b242ecc5c4d5a33fef4e6e5b2)","throwable":""}
{"timestamp":"2022-09-09T09:57:56,104","container":"8f9496ccead8","level":"INFO","thread":"BftProcessorExecutor-IBFT-0","class":"IbftBesuControllerBuilder","message":"Imported #94 / 0 tx / 0 pending / 0 (0.0%) gas / (0x63dddba15de8fae9ecf1190dce1b5d26e7226736b3ef56117f8cbe10aa391ba8)","throwable":""}
{"timestamp":"2022-09-09T09:57:58,111","container":"8f9496ccead8","level":"INFO","thread":"EthScheduler-Workers-2","class":"PersistBlockTask","message":"Imported #95 / 0 tx / 0 om / 0 (0.0%) gas / (0xfdcf783bffdd2b1604846390ce9770a77fa8dc56d5adca3e01e3d099c893bd18) in 0.007s. Peers: 5","throwable":""}
{"timestamp":"2022-09-09T09:57:58,114","container":"8f9496ccead8","level":"INFO","thread":"BftProcessorExecutor-IBFT-0","class":"IbftBesuControllerBuilder","message":"Produced #95 / 0 tx / 0 pending / 0 (0.0%) gas / (0xfdcf783bffdd2b1604846390ce9770a77fa8dc56d5adca3e01e3d099c893bd18)","throwable":""}
{"timestamp":"2022-09-09T09:58:00,053","container":"8f9496ccead8","level":"INFO","thread":"BftProcessorExecutor-IBFT-0","class":"IbftBesuControllerBuilder","message":"Imported #96 / 0 tx / 0 pending / 0 (0.0%) gas / (0x9ae07d070c595e72394cef7ba1245e5e1291e2a5e7d9cc2943fa3781bba68668)","throwable":""}
{"timestamp":"2022-09-09T09:58:02,113","container":"8f9496ccead8","level":"INFO","thread":"BftProcessorExecutor-IBFT-0","class":"IbftBesuControllerBuilder","message":"Imported #97 / 0 tx / 0 pending / 0 (0.0%) gas / (0x62ce9a41c176120a99fd65a93d826ddbee1a113d5c0fd81ccec6ad2a77d7ed69)","throwable":""}
{"timestamp":"2022-09-09T09:58:04,073","container":"8f9496ccead8","level":"INFO","thread":"BftProcessorExecutor-IBFT-0","class":"IbftBesuControllerBuilder","message":"Imported #98 / 0 tx / 0 pending / 0 (0.0%) gas / (0xb39e9fdab93b8660c4fdb11db853acb865ab0315f2fe1513ed9867a4b4045f11)","throwable":""}
{"timestamp":"2022-09-09T09:58:06,075","container":"8f9496ccead8","level":"INFO","thread":"BftProcessorExecutor-IBFT-0","class":"IbftBesuControllerBuilder","message":"Produced #99 / 0 tx / 0 pending / 0 (0.0%) gas / (0x511c044e32dc33fe9cabfe38f129019d5508fde6c0d2696e0fc83ed366ae4bc2)","throwable":""}
{"timestamp":"2022-09-09T09:58:06,085","container":"8f9496ccead8","level":"INFO","thread":"EthScheduler-Workers-1","class":"PersistBlockTask","message":"Imported #99 / 0 tx / 0 om / 0 (0.0%) gas / (0x511c044e32dc33fe9cabfe38f129019d5508fde6c0d2696e0fc83ed366ae4bc2) in 0.006s. Peers: 5","throwable":""}
{"timestamp":"2022-09-09T09:58:08,093","container":"8f9496ccead8","level":"INFO","thread":"BftProcessorExecutor-IBFT-0","class":"IbftBesuControllerBuilder","message":"Imported #100 / 0 tx / 0 pending / 0 (0.0%) gas / (0xb52f97c3800d24440f04fd6e408322d143b8932d2c85bb49be51b23d260eeffe)","throwable":""}
{"timestamp":"2022-09-09T09:58:10,181","container":"8f9496ccead8","level":"INFO","thread":"BftProcessorExecutor-IBFT-0","class":"IbftBesuControllerBuilder","message":"Imported #101 / 0 tx / 0 pending / 0 (0.0%) gas / (0x0569c023f3e1cb6a2c8a01466b9664b54c84678a69b85d89407f7f3b53e116e7)","throwable":""}
{"timestamp":"2022-09-09T09:58:12,077","container":"8f9496ccead8","level":"INFO","thread":"BftProcessorExecutor-IBFT-0","class":"IbftBesuControllerBuilder","message":"Imported #102 / 0 tx / 0 pending / 0 (0.0%) gas / (0xefa0800a948092aa071601c94a15d53c6a888f4c6d9a36e1ab296ce90da3ea97)","throwable":""}
{"timestamp":"2022-09-09T09:58:14,140","container":"8f9496ccead8","level":"INFO","thread":"BftProcessorExecutor-IBFT-0","class":"IbftBesuControllerBuilder","message":"Produced #103 / 0 tx / 0 pending / 0 (0.0%) gas / (0xed13d0335b0bc8f5f761200c7f9d50b513bc75be8d7f75d91e24cb7ec6c5adec)","throwable":""}
{"timestamp":"2022-09-09T09:58:16,138","container":"8f9496ccead8","level":"INFO","thread":"BftProcessorExecutor-IBFT-0","class":"IbftBesuControllerBuilder","message":"Imported #104 / 0 tx / 0 pending / 0 (0.0%) gas / (0x442ed72679d00b7ea86c4aeb0835a9c3f06e00113da867adb89b178a1048a2d4)","throwable":""}
{"timestamp":"2022-09-09T09:58:18,128","container":"8f9496ccead8","level":"INFO","thread":"BftProcessorExecutor-IBFT-0","class":"IbftBesuControllerBuilder","message":"Imported #105 / 0 tx / 0 pending / 0 (0.0%) gas / (0xa862229324ace6fc85e5441762a683cb7231675053aaf1f06ebc5335a42f1779)","throwable":""}
{"timestamp":"2022-09-09T09:58:18,130","container":"8f9496ccead8","level":"INFO","thread":"EthScheduler-Workers-3","class":"PersistBlockTask","message":"Imported #105 / 0 tx / 0 om / 0 (0.0%) gas / (0xa862229324ace6fc85e5441762a683cb7231675053aaf1f06ebc5335a42f1779) in 0.012s. Peers: 5","throwable":""}
{"timestamp":"2022-09-09T09:58:20,194","container":"8f9496ccead8","level":"INFO","thread":"BftProcessorExecutor-IBFT-0","class":"IbftBesuControllerBuilder","message":"Imported #106 / 0 tx / 0 pending / 0 (0.0%) gas / (0xf71ecffe29b2019bf29c2f4deb837f6afa132cec9bc5b423cff616194a855ce8)","throwable":""}
{"timestamp":"2022-09-09T09:58:22,063","container":"8f9496ccead8","level":"INFO","thread":"BftProcessorExecutor-IBFT-0","class":"IbftBesuControllerBuilder","message":"Produced #107 / 0 tx / 0 pending / 0 (0.0%) gas / (0xe5956ecb0eeb93b350d45924e05a62711a53ab01ad08125e456503c77d9c96f8)","throwable":""}
{"timestamp":"2022-09-09T09:58:24,079","container":"8f9496ccead8","level":"INFO","thread":"BftProcessorExecutor-IBFT-0","class":"IbftBesuControllerBuilder","message":"Imported #108 / 0 tx / 0 pending / 0 (0.0%) gas / (0xa26cb453b6906d04bc5159135dcbf785a2eaf3d63eaf209c72c716bd8fc99635)","throwable":""}
{"timestamp":"2022-09-09T09:58:26,088","container":"8f9496ccead8","level":"INFO","thread":"BftProcessorExecutor-IBFT-0","class":"IbftBesuControllerBuilder","message":"Imported #109 / 0 tx / 0 pending / 0 (0.0%) gas / (0x5eced69a801d0d1c809e389a7773e041db1c66237d3437eeb4ef964833745292)","throwable":""}
{"timestamp":"2022-09-09T09:58:26,093","container":"8f9496ccead8","level":"INFO","thread":"EthScheduler-Workers-0","class":"PersistBlockTask","message":"Imported #109 / 0 tx / 0 om / 0 (0.0%) gas / (0x5eced69a801d0d1c809e389a7773e041db1c66237d3437eeb4ef964833745292) in 0.004s. Peers: 5","throwable":""}
{"timestamp":"2022-09-09T09:58:28,060","container":"8f9496ccead8","level":"INFO","thread":"BftProcessorExecutor-IBFT-0","class":"IbftBesuControllerBuilder","message":"Imported #110 / 0 tx / 0 pending / 0 (0.0%) gas / (0xa29340ed2e417afae0adc0399cf1a03b40bb226919d23c211a9049aa652b3ff0)","throwable":""}
{"timestamp":"2022-09-09T09:58:30,060","container":"8f9496ccead8","level":"INFO","thread":"BftProcessorExecutor-IBFT-0","class":"IbftBesuControllerBuilder","message":"Produced #111 / 0 tx / 0 pending / 0 (0.0%) gas / (0xc667490a95d564b37171e2fd8428c2e8efaa4b68de5694cb1670adf71bbe69a3)","throwable":""}
{"timestamp":"2022-09-09T09:58:32,076","container":"8f9496ccead8","level":"INFO","thread":"BftProcessorExecutor-IBFT-0","class":"IbftBesuControllerBuilder","message":"Imported #112 / 0 tx / 0 pending / 0 (0.0%) gas / (0x785959af08df0242b4f152ccb209017db701878a573344cf898e03c3aa42157d)","throwable":""}
{"timestamp":"2022-09-09T09:58:34,119","container":"8f9496ccead8","level":"INFO","thread":"EthScheduler-Workers-2","class":"PersistBlockTask","message":"Imported #113 / 0 tx / 0 om / 0 (0.0%) gas / (0x4ace4f501d63fa9fceba28a34fe6564e059160b4c5458bc11d00d554beece158) in 0.018s. Peers: 5","throwable":""}
{"timestamp":"2022-09-09T09:58:36,085","container":"8f9496ccead8","level":"INFO","thread":"BftProcessorExecutor-IBFT-0","class":"IbftBesuControllerBuilder","message":"Imported #114 / 0 tx / 0 pending / 0 (0.0%) gas / (0x243d5161e1e6b2c1f595e753ba12cda768ab786376d99e3dca7a0b7e7f114719)","throwable":""}
{"timestamp":"2022-09-09T09:58:38,088","container":"8f9496ccead8","level":"INFO","thread":"BftProcessorExecutor-IBFT-0","class":"IbftBesuControllerBuilder","message":"Produced #115 / 0 tx / 0 pending / 0 (0.0%) gas / (0x6a2e1c7855dae0cb0e71e70c7b54d1f9d3c9ba793b5d646445ac8e902345b424)","throwable":""}
{"timestamp":"2022-09-09T09:58:40,075","container":"8f9496ccead8","level":"INFO","thread":"BftProcessorExecutor-IBFT-0","class":"IbftBesuControllerBuilder","message":"Imported #116 / 0 tx / 0 pending / 0 (0.0%) gas / (0xbaa8d4f5ed3a41a820e1ea0d0dd68991cbb451d8b7c86e8becc8ad9390604fa6)","throwable":""}
{"timestamp":"2022-09-09T09:58:42,087","container":"8f9496ccead8","level":"INFO","thread":"BftProcessorExecutor-IBFT-0","class":"IbftBesuControllerBuilder","message":"Imported #117 / 0 tx / 0 pending / 0 (0.0%) gas / (0x1e33afa15083dc8dcf21be2964ccbb1197cbac77dd68b78cc8a3c1f1d68923bf)","throwable":""}
{"timestamp":"2022-09-09T09:58:44,077","container":"8f9496ccead8","level":"INFO","thread":"BftProcessorExecutor-IBFT-0","class":"IbftBesuControllerBuilder","message":"Imported #118 / 0 tx / 0 pending / 0 (0.0%) gas / (0x3410b88596dc8ea47650ec01b557626073ff31f1c2d1df3be0a9cd99b2292c1c)","throwable":""}
{"timestamp":"2022-09-09T09:58:46,070","container":"8f9496ccead8","level":"INFO","thread":"BftProcessorExecutor-IBFT-0","class":"IbftBesuControllerBuilder","message":"Produced #119 / 0 tx / 0 pending / 0 (0.0%) gas / (0xa3bf9390f85a0209036f6485895205a5d647fdc6bfbfb21f0ad3524f2394110f)","throwable":""}
{"timestamp":"2022-09-09T09:58:48,091","container":"8f9496ccead8","level":"INFO","thread":"BftProcessorExecutor-IBFT-0","class":"IbftBesuControllerBuilder","message":"Imported #120 / 0 tx / 0 pending / 0 (0.0%) gas / (0x2e0a4573e09078dd1a56685327b33ebb91d5126715b1d370e20335e1c01b18a0)","throwable":""}
{"timestamp":"2022-09-09T09:58:50,089","container":"8f9496ccead8","level":"INFO","thread":"EthScheduler-Workers-1","class":"PersistBlockTask","message":"Imported #121 / 0 tx / 0 om / 0 (0.0%) gas / (0xb4d796c719fb3ebd6168b27fe8adc30106df640dfc8db654c745823ff8b87b2c) in 0.014s. Peers: 5","throwable":""}
{"timestamp":"2022-09-09T09:58:50,091","container":"8f9496ccead8","level":"INFO","thread":"BftProcessorExecutor-IBFT-0","class":"IbftBesuControllerBuilder","message":"Imported #121 / 0 tx / 0 pending / 0 (0.0%) gas / (0xb4d796c719fb3ebd6168b27fe8adc30106df640dfc8db654c745823ff8b87b2c)","throwable":""}
{"timestamp":"2022-09-09T09:58:52,089","container":"8f9496ccead8","level":"INFO","thread":"BftProcessorExecutor-IBFT-0","class":"IbftBesuControllerBuilder","message":"Imported #122 / 0 tx / 0 pending / 0 (0.0%) gas / (0x76ada6f877024525c2f9008a769624c7c4225204c6354cace55e3a5788117fd9)","throwable":""}
{"timestamp":"2022-09-09T09:58:54,068","container":"8f9496ccead8","level":"INFO","thread":"BftProcessorExecutor-IBFT-0","class":"IbftBesuControllerBuilder","message":"Produced #123 / 0 tx / 0 pending / 0 (0.0%) gas / (0x1e137e4eacc6981541d1301fdd03d238d445a0cb859019d34e231ee9e66b6aab)","throwable":""}
{"timestamp":"2022-09-09T09:58:56,063","container":"8f9496ccead8","level":"INFO","thread":"BftProcessorExecutor-IBFT-0","class":"IbftBesuControllerBuilder","message":"Imported #124 / 0 tx / 0 pending / 0 (0.0%) gas / (0xefd092cec06d2acce6d24aef537ed44849383b1726b3fc171693fc65e63757ef)","throwable":""}
{"timestamp":"2022-09-09T09:58:58,065","container":"8f9496ccead8","level":"INFO","thread":"BftProcessorExecutor-IBFT-0","class":"IbftBesuControllerBuilder","message":"Imported #125 / 0 tx / 0 pending / 0 (0.0%) gas / (0xf7839bc2f3ca33e1f437d49b15ad6e226906e05662157f8a8ce09995204f5e64)","throwable":""}
{"timestamp":"2022-09-09T09:59:00,096","container":"8f9496ccead8","level":"INFO","thread":"BftProcessorExecutor-IBFT-0","class":"IbftBesuControllerBuilder","message":"Imported #126 / 0 tx / 0 pending / 0 (0.0%) gas / (0x5f8c8aa00fb46f6b318dd90277ed44e0b85c0a07b4753e87d81a7ae53c1f5bb5)","throwable":""}
{"timestamp":"2022-09-09T09:59:02,114","container":"8f9496ccead8","level":"INFO","thread":"BftProcessorExecutor-IBFT-0","class":"IbftBesuControllerBuilder","message":"Produced #127 / 0 tx / 0 pending / 0 (0.0%) gas / (0x941d93adf639f3492057716a9770f4c15d7e8a7c8efe57f385ae5854d358afac)","throwable":""}
{"timestamp":"2022-09-09T09:59:04,076","container":"8f9496ccead8","level":"INFO","thread":"EthScheduler-Workers-3","class":"PersistBlockTask","message":"Imported #128 / 0 tx / 0 om / 0 (0.0%) gas / (0xdc7c790965fb390a4710b74e4c95cfc5e4994636130024c12dc4dd929718426c) in 0.010s. Peers: 5","throwable":""}
{"timestamp":"2022-09-09T09:59:04,076","container":"8f9496ccead8","level":"INFO","thread":"BftProcessorExecutor-IBFT-0","class":"IbftBesuControllerBuilder","message":"Imported #128 / 0 tx / 0 pending / 0 (0.0%) gas / (0xdc7c790965fb390a4710b74e4c95cfc5e4994636130024c12dc4dd929718426c)","throwable":""}
{"timestamp":"2022-09-09T09:59:06,104","container":"8f9496ccead8","level":"INFO","thread":"BftProcessorExecutor-IBFT-0","class":"IbftBesuControllerBuilder","message":"Imported #129 / 0 tx / 0 pending / 0 (0.0%) gas / (0xe5de82b3b6546f16cb51bd77fa3ed927659a23c8511a305bc087490b1a594680)","throwable":""}
{"timestamp":"2022-09-09T09:59:06,106","container":"8f9496ccead8","level":"INFO","thread":"EthScheduler-Workers-0","class":"PersistBlockTask","message":"Imported #129 / 0 tx / 0 om / 0 (0.0%) gas / (0xe5de82b3b6546f16cb51bd77fa3ed927659a23c8511a305bc087490b1a594680) in 0.016s. Peers: 5","throwable":""}
{"timestamp":"2022-09-09T09:59:08,076","container":"8f9496ccead8","level":"INFO","thread":"BftProcessorExecutor-IBFT-0","class":"IbftBesuControllerBuilder","message":"Imported #130 / 0 tx / 0 pending / 0 (0.0%) gas / (0xc418bcfcb0ceaf208d72a272081238d4203f35f7ea94008976ba1cefdfeaa5d1)","throwable":""}
{"timestamp":"2022-09-09T09:59:10,669","container":"8f9496ccead8","level":"INFO","thread":"BftProcessorExecutor-IBFT-0","class":"IbftBesuControllerBuilder","message":"Produced #131 / 0 tx / 0 pending / 0 (0.0%) gas / (0x25e65bd6019631eb6c361adbe172c264d62f03d5e28a08a7e9c97f9ba73adff9)","throwable":""}
{"timestamp":"2022-09-09T09:59:12,110","container":"8f9496ccead8","level":"INFO","thread":"BftProcessorExecutor-IBFT-0","class":"IbftBesuControllerBuilder","message":"Imported #132 / 0 tx / 0 pending / 0 (0.0%) gas / (0x7a32bad9d742b5254463fad3d6abfa36ff612e557aa8dff4c07cfd024446a24d)","throwable":""}
{"timestamp":"2022-09-09T09:59:14,127","container":"8f9496ccead8","level":"INFO","thread":"BftProcessorExecutor-IBFT-0","class":"IbftBesuControllerBuilder","message":"Imported #133 / 0 tx / 0 pending / 0 (0.0%) gas / (0xf44156f7082354b8bbcb2be1d77a1f61dce0efa6edbb77f3e72c564c0dd2e840)","throwable":""}
{"timestamp":"2022-09-09T09:59:16,214","container":"8f9496ccead8","level":"INFO","thread":"BftProcessorExecutor-IBFT-0","class":"IbftBesuControllerBuilder","message":"Imported #134 / 0 tx / 0 pending / 0 (0.0%) gas / (0x48d6128a437ad791203b323792cc20d7e408ec9a50d4ffb069fc8013b276cbf8)","throwable":""}
{"timestamp":"2022-09-09T09:59:18,661","container":"8f9496ccead8","level":"INFO","thread":"BftProcessorExecutor-IBFT-0","class":"IbftBesuControllerBuilder","message":"Produced #135 / 0 tx / 0 pending / 0 (0.0%) gas / (0xd58f6a0b29c4e5fb90ffa8a106d498157ce9c2ce2eefb7f6d1340789d57b239f)","throwable":""}
{"timestamp":"2022-09-09T09:59:20,155","container":"8f9496ccead8","level":"INFO","thread":"BftProcessorExecutor-IBFT-0","class":"IbftBesuControllerBuilder","message":"Imported #136 / 0 tx / 0 pending / 0 (0.0%) gas / (0xe5fd292098a59a512449520371004b0c6b25c4fd88cdeeb29fbf45e7dab5f3c1)","throwable":""}
{"timestamp":"2022-09-09T09:59:22,303","container":"8f9496ccead8","level":"INFO","thread":"BftProcessorExecutor-IBFT-0","class":"IbftBesuControllerBuilder","message":"Imported #137 / 0 tx / 0 pending / 0 (0.0%) gas / (0x7d3a20044f8fed07f245c63661df952d1e8376df506a735d5ff18a857ae625ad)","throwable":""}
{"timestamp":"2022-09-09T09:59:24,327","container":"8f9496ccead8","level":"INFO","thread":"EthScheduler-Workers-2","class":"PersistBlockTask","message":"Imported #138 / 0 tx / 0 om / 0 (0.0%) gas / (0xe073468dd090e2afbb4730cd13caa652610d7dbc2a9a22488dc7e7c11fcb9d65) in 0.014s. Peers: 5","throwable":""}
{"timestamp":"2022-09-09T09:59:26,187","container":"8f9496ccead8","level":"INFO","thread":"BftProcessorExecutor-IBFT-0","class":"IbftBesuControllerBuilder","message":"Produced #139 / 0 tx / 0 pending / 0 (0.0%) gas / (0x2cc24b6117e52a9abde24bfca9d788e172f413539ac46e8c5b66bbd287823cfc)","throwable":""}
{"timestamp":"2022-09-09T09:59:28,242","container":"8f9496ccead8","level":"INFO","thread":"BftProcessorExecutor-IBFT-0","class":"IbftBesuControllerBuilder","message":"Imported #140 / 0 tx / 0 pending / 0 (0.0%) gas / (0xfd7d25f6a46ccc5d3f11bce0b5b335f6c0f4677fce353b4fd39a2fe957f6a2bd)","throwable":""}
{"timestamp":"2022-09-09T09:59:28,244","container":"8f9496ccead8","level":"INFO","thread":"EthScheduler-Workers-1","class":"PersistBlockTask","message":"Imported #140 / 0 tx / 0 om / 0 (0.0%) gas / (0xfd7d25f6a46ccc5d3f11bce0b5b335f6c0f4677fce353b4fd39a2fe957f6a2bd) in 0.002s. Peers: 5","throwable":""}
{"timestamp":"2022-09-09T09:59:30,134","container":"8f9496ccead8","level":"INFO","thread":"BftProcessorExecutor-IBFT-0","class":"IbftBesuControllerBuilder","message":"Imported #141 / 0 tx / 0 pending / 0 (0.0%) gas / (0x433dd930e7f679a6bf44be5fdf366454f117050c4c2a48710ad2044f57f77c9e)","throwable":""}
{"timestamp":"2022-09-09T09:59:32,050","container":"8f9496ccead8","level":"INFO","thread":"BftProcessorExecutor-IBFT-0","class":"IbftBesuControllerBuilder","message":"Imported #142 / 0 tx / 0 pending / 0 (0.0%) gas / (0x3ea1166427dc8ac2b45c75fdb832e8df7fd35455a3db41b90a25956dd5927fb0)","throwable":""}
{"timestamp":"2022-09-09T09:59:34,092","container":"8f9496ccead8","level":"INFO","thread":"EthScheduler-Workers-3","class":"PersistBlockTask","message":"Imported #143 / 0 tx / 0 om / 0 (0.0%) gas / (0x73dece6d73314a4179a30ac2d58282d95ca89bbaf63d5beafeb06f6b65dc05d6) in 0.007s. Peers: 5","throwable":""}
{"timestamp":"2022-09-09T09:59:34,093","container":"8f9496ccead8","level":"INFO","thread":"BftProcessorExecutor-IBFT-0","class":"IbftBesuControllerBuilder","message":"Produced #143 / 0 tx / 0 pending / 0 (0.0%) gas / (0x73dece6d73314a4179a30ac2d58282d95ca89bbaf63d5beafeb06f6b65dc05d6)","throwable":""}
{"timestamp":"2022-09-09T09:59:36,114","container":"8f9496ccead8","level":"INFO","thread":"BftProcessorExecutor-IBFT-0","class":"IbftBesuControllerBuilder","message":"Imported #144 / 0 tx / 0 pending / 0 (0.0%) gas / (0xb63bf9fddb788750bdf711e80fac0fb35f641d0dbc1965a03c7f3ae81e39feb8)","throwable":""}
{"timestamp":"2022-09-09T09:59:38,092","container":"8f9496ccead8","level":"INFO","thread":"EthScheduler-Workers-0","class":"PersistBlockTask","message":"Imported #145 / 0 tx / 0 om / 0 (0.0%) gas / (0x2011e164a7b7c581396d06311be90ebd643091b1bf1b4134eb9e165d66eb9a8b) in 0.001s. Peers: 5","throwable":""}
{"timestamp":"2022-09-09T09:59:38,093","container":"8f9496ccead8","level":"INFO","thread":"BftProcessorExecutor-IBFT-0","class":"IbftBesuControllerBuilder","message":"Imported #145 / 0 tx / 0 pending / 0 (0.0%) gas / (0x2011e164a7b7c581396d06311be90ebd643091b1bf1b4134eb9e165d66eb9a8b)","throwable":""}
{"timestamp":"2022-09-09T09:59:40,103","container":"8f9496ccead8","level":"INFO","thread":"EthScheduler-Workers-2","class":"PersistBlockTask","message":"Imported #146 / 0 tx / 0 om / 0 (0.0%) gas / (0xe0c65c61419f7190bc1611b6cdea03626d0b23efa6af6a46aaab1b9aa547d536) in 0.021s. Peers: 5","throwable":""}
{"timestamp":"2022-09-09T09:59:40,103","container":"8f9496ccead8","level":"INFO","thread":"BftProcessorExecutor-IBFT-0","class":"IbftBesuControllerBuilder","message":"Imported #146 / 0 tx / 0 pending / 0 (0.0%) gas / (0xe0c65c61419f7190bc1611b6cdea03626d0b23efa6af6a46aaab1b9aa547d536)","throwable":""}
{"timestamp":"2022-09-09T09:59:42,088","container":"8f9496ccead8","level":"INFO","thread":"BftProcessorExecutor-IBFT-0","class":"IbftBesuControllerBuilder","message":"Produced #147 / 0 tx / 0 pending / 0 (0.0%) gas / (0xfcf4ae487e03ba4392893086a495dd776cb61197b042bd6ccfae66dfe3aeb225)","throwable":""}
{"timestamp":"2022-09-09T09:59:42,090","container":"8f9496ccead8","level":"INFO","thread":"EthScheduler-Workers-1","class":"PersistBlockTask","message":"Imported #147 / 0 tx / 0 om / 0 (0.0%) gas / (0xfcf4ae487e03ba4392893086a495dd776cb61197b042bd6ccfae66dfe3aeb225) in 0.010s. Peers: 5","throwable":""}
{"timestamp":"2022-09-09T09:59:44,080","container":"8f9496ccead8","level":"INFO","thread":"BftProcessorExecutor-IBFT-0","class":"IbftBesuControllerBuilder","message":"Imported #148 / 0 tx / 0 pending / 0 (0.0%) gas / (0x451f62d7e6c65e3485db5b465b9a3d8e7469917927a71b4662918821f9242a71)","throwable":""}
{"timestamp":"2022-09-09T09:59:46,042","container":"8f9496ccead8","level":"INFO","thread":"BftProcessorExecutor-IBFT-0","class":"IbftBesuControllerBuilder","message":"Imported #149 / 0 tx / 0 pending / 0 (0.0%) gas / (0x1d7049dbda2e33dd152bfbbf849a17b396043d50075c5a58ffd659f8266db827)","throwable":""}
{"timestamp":"2022-09-09T09:59:48,075","container":"8f9496ccead8","level":"INFO","thread":"BftProcessorExecutor-IBFT-0","class":"IbftBesuControllerBuilder","message":"Imported #150 / 0 tx / 0 pending / 0 (0.0%) gas / (0x912da7725ae04b8beb8464e8e638c3fee50db2cc61073fd41bf96d2027048c47)","throwable":""}
{"timestamp":"2022-09-09T09:59:50,076","container":"8f9496ccead8","level":"INFO","thread":"BftProcessorExecutor-IBFT-0","class":"IbftBesuControllerBuilder","message":"Produced #151 / 0 tx / 0 pending / 0 (0.0%) gas / (0xdda658c193ff6466acc08065a06aae48eda92b38813ed3c9e1c093dd4ad01264)","throwable":""}
{"timestamp":"2022-09-09T09:59:52,123","container":"8f9496ccead8","level":"INFO","thread":"BftProcessorExecutor-IBFT-0","class":"IbftBesuControllerBuilder","message":"Imported #152 / 0 tx / 0 pending / 0 (0.0%) gas / (0xd6dfeb7d293bad869dc1d3f36383c125b63b2e7ad24aa2a4f7165c95bf6c0b68)","throwable":""}
{"timestamp":"2022-09-09T09:59:54,112","container":"8f9496ccead8","level":"INFO","thread":"BftProcessorExecutor-IBFT-0","class":"IbftBesuControllerBuilder","message":"Imported #153 / 0 tx / 0 pending / 0 (0.0%) gas / (0x650598c6e7dc9a9467a48af9dd7b0b57df1a78eeb3fe175f8955ff5f372d324b)","throwable":""}
{"timestamp":"2022-09-09T09:59:54,114","container":"8f9496ccead8","level":"INFO","thread":"EthScheduler-Workers-3","class":"PersistBlockTask","message":"Imported #153 / 0 tx / 0 om / 0 (0.0%) gas / (0x650598c6e7dc9a9467a48af9dd7b0b57df1a78eeb3fe175f8955ff5f372d324b) in 0.011s. Peers: 5","throwable":""}
{"timestamp":"2022-09-09T09:59:56,151","container":"8f9496ccead8","level":"INFO","thread":"BftProcessorExecutor-IBFT-0","class":"IbftBesuControllerBuilder","message":"Imported #154 / 0 tx / 0 pending / 0 (0.0%) gas / (0x724bcb51128d32a5d2212f5d7c3504e3a0366892c1250fcf9556862e893c323c)","throwable":""}
{"timestamp":"2022-09-09T09:59:58,088","container":"8f9496ccead8","level":"INFO","thread":"BftProcessorExecutor-IBFT-0","class":"IbftBesuControllerBuilder","message":"Produced #155 / 0 tx / 0 pending / 0 (0.0%) gas / (0xe8b02d6d1c8e869325080273dc7befd25cc96eb3215ed9809e8c66ddcf776188)","throwable":""}
{"timestamp":"2022-09-09T10:00:00,185","container":"8f9496ccead8","level":"INFO","thread":"BftProcessorExecutor-IBFT-0","class":"IbftBesuControllerBuilder","message":"Imported #156 / 0 tx / 0 pending / 0 (0.0%) gas / (0x03ada892aae00f8b0a4815e66b398956c4581583557790971d10a001e3b60dd4)","throwable":""}
{"timestamp":"2022-09-09T10:00:00,187","container":"8f9496ccead8","level":"INFO","thread":"EthScheduler-Workers-0","class":"PersistBlockTask","message":"Imported #156 / 0 tx / 0 om / 0 (0.0%) gas / (0x03ada892aae00f8b0a4815e66b398956c4581583557790971d10a001e3b60dd4) in 0.042s. Peers: 5","throwable":""}
{"timestamp":"2022-09-09T10:00:02,134","container":"8f9496ccead8","level":"INFO","thread":"EthScheduler-Workers-2","class":"PersistBlockTask","message":"Imported #157 / 0 tx / 0 om / 0 (0.0%) gas / (0x3a5ec8fe93d4e5152590eb073adeaeaefc0f58a7c15ecf179dd0db68537ade96) in 0.012s. Peers: 5","throwable":""}
{"timestamp":"2022-09-09T10:00:02,134","container":"8f9496ccead8","level":"INFO","thread":"BftProcessorExecutor-IBFT-0","class":"IbftBesuControllerBuilder","message":"Imported #157 / 0 tx / 0 pending / 0 (0.0%) gas / (0x3a5ec8fe93d4e5152590eb073adeaeaefc0f58a7c15ecf179dd0db68537ade96)","throwable":""}
{"timestamp":"2022-09-09T10:00:04,257","container":"8f9496ccead8","level":"INFO","thread":"BftProcessorExecutor-IBFT-0","class":"IbftBesuControllerBuilder","message":"Imported #158 / 0 tx / 0 pending / 0 (0.0%) gas / (0xdfc2fcc31c597e24d9fdb8d6f5661a6146a2e5da6f55b5c456cac4325557165e)","throwable":""}
{"timestamp":"2022-09-09T10:00:06,334","container":"8f9496ccead8","level":"INFO","thread":"BftProcessorExecutor-IBFT-0","class":"IbftBesuControllerBuilder","message":"Produced #159 / 0 tx / 0 pending / 0 (0.0%) gas / (0x70a80902dc0941646d782c621a9353ee49a8ce497c9122e790059f0d36500081)","throwable":""}
{"timestamp":"2022-09-09T10:00:08,371","container":"8f9496ccead8","level":"INFO","thread":"BftProcessorExecutor-IBFT-0","class":"IbftBesuControllerBuilder","message":"Imported #160 / 0 tx / 0 pending / 0 (0.0%) gas / (0x8efc82b34649933f747d1a02020ba66bd44b4d5281a4c6eee8a5a10c7896e96c)","throwable":""}
{"timestamp":"2022-09-09T10:00:10,410","container":"8f9496ccead8","level":"INFO","thread":"BftProcessorExecutor-IBFT-0","class":"IbftBesuControllerBuilder","message":"Imported #161 / 0 tx / 0 pending / 0 (0.0%) gas / (0xdacc37ec28346a53271c0b6f604e99312511ec4bf4ba7b0c9c7873431595526d)","throwable":""}
{"timestamp":"2022-09-09T10:00:12,059","container":"8f9496ccead8","level":"INFO","thread":"BftProcessorExecutor-IBFT-0","class":"IbftBesuControllerBuilder","message":"Imported #162 / 0 tx / 0 pending / 0 (0.0%) gas / (0x6e79831545bcbf274424d4f4bfb15e843e65d4dd835a7551452a882aabb2306c)","throwable":""}
{"timestamp":"2022-09-09T10:00:14,593","container":"8f9496ccead8","level":"INFO","thread":"BftProcessorExecutor-IBFT-0","class":"IbftBesuControllerBuilder","message":"Produced #163 / 0 tx / 0 pending / 0 (0.0%) gas / (0xb72c3d3ecea9311b649af7dbe030fec84e7cfd5427d42d89e779d1dac1aa93a7)","throwable":""}
{"timestamp":"2022-09-09T10:00:14,593","container":"8f9496ccead8","level":"INFO","thread":"EthScheduler-Workers-1","class":"PersistBlockTask","message":"Imported #163 / 0 tx / 0 om / 0 (0.0%) gas / (0xb72c3d3ecea9311b649af7dbe030fec84e7cfd5427d42d89e779d1dac1aa93a7) in 0.012s. Peers: 5","throwable":""}
{"timestamp":"2022-09-09T10:00:16,065","container":"8f9496ccead8","level":"INFO","thread":"BftProcessorExecutor-IBFT-0","class":"IbftBesuControllerBuilder","message":"Imported #164 / 0 tx / 0 pending / 0 (0.0%) gas / (0xebb3300679463ddc86254b05c83b64950efcfedb1bbb80ed74d448c84a7f1f29)","throwable":""}
{"timestamp":"2022-09-09T10:00:18,197","container":"8f9496ccead8","level":"INFO","thread":"EthScheduler-Workers-3","class":"PersistBlockTask","message":"Imported #165 / 0 tx / 0 om / 0 (0.0%) gas / (0x5b7d3bcaf39d574817edbea03974ba2f7caf6b0f5fae35825c59c5441acbd455) in 0.028s. Peers: 5","throwable":""}
{"timestamp":"2022-09-09T10:00:18,197","container":"8f9496ccead8","level":"INFO","thread":"BftProcessorExecutor-IBFT-0","class":"IbftBesuControllerBuilder","message":"Imported #165 / 0 tx / 0 pending / 0 (0.0%) gas / (0x5b7d3bcaf39d574817edbea03974ba2f7caf6b0f5fae35825c59c5441acbd455)","throwable":""}
{"timestamp":"2022-09-09T10:00:20,087","container":"8f9496ccead8","level":"INFO","thread":"BftProcessorExecutor-IBFT-0","class":"IbftBesuControllerBuilder","message":"Imported #166 / 0 tx / 0 pending / 0 (0.0%) gas / (0xade3596ef975209aca8131b051ab1097b4877340f06aa15206ae8c86d8c9c094)","throwable":""}
{"timestamp":"2022-09-09T10:00:22,127","container":"8f9496ccead8","level":"INFO","thread":"BftProcessorExecutor-IBFT-0","class":"IbftBesuControllerBuilder","message":"Produced #167 / 0 tx / 0 pending / 0 (0.0%) gas / (0x6d8baaddef407d1308563f3d95a1e45da67382bc57f86762b7e9f6a5d150712a)","throwable":""}
{"timestamp":"2022-09-09T10:00:24,164","container":"8f9496ccead8","level":"INFO","thread":"BftProcessorExecutor-IBFT-0","class":"IbftBesuControllerBuilder","message":"Imported #168 / 0 tx / 0 pending / 0 (0.0%) gas / (0x5630841f2dee48b5789afb341a2872851cf7e231e6018c85e94492374599bff8)","throwable":""}
{"timestamp":"2022-09-09T10:00:26,116","container":"8f9496ccead8","level":"INFO","thread":"BftProcessorExecutor-IBFT-0","class":"IbftBesuControllerBuilder","message":"Imported #169 / 0 tx / 0 pending / 0 (0.0%) gas / (0xf3fa11c1381a1dcb5a4534a037fe8f4a6b7d92e66ddc64867a1635810ad488b6)","throwable":""}
{"timestamp":"2022-09-09T10:00:28,129","container":"8f9496ccead8","level":"INFO","thread":"BftProcessorExecutor-IBFT-0","class":"IbftBesuControllerBuilder","message":"Imported #170 / 0 tx / 0 pending / 0 (0.0%) gas / (0x7dc92d56f7aff9ad7b5f58f0b857933c0ffd3bff7be24f703c52470e5f80cd4a)","throwable":""}
{"timestamp":"2022-09-09T10:00:30,254","container":"8f9496ccead8","level":"INFO","thread":"BftProcessorExecutor-IBFT-0","class":"IbftBesuControllerBuilder","message":"Produced #171 / 0 tx / 0 pending / 0 (0.0%) gas / (0x12197817c4ef16be998045a8d747d3b9463e693ef10ecc2224b9305820f4bbc2)","throwable":""}
{"timestamp":"2022-09-09T10:00:32,172","container":"8f9496ccead8","level":"INFO","thread":"BftProcessorExecutor-IBFT-0","class":"IbftBesuControllerBuilder","message":"Imported #172 / 0 tx / 0 pending / 0 (0.0%) gas / (0x0a59b14c43de6cfd6587405052396a7213921b53a7a54f4349daeda83f29cf0a)","throwable":""}
{"timestamp":"2022-09-09T10:00:34,870","container":"8f9496ccead8","level":"INFO","thread":"BftProcessorExecutor-IBFT-0","class":"IbftBesuControllerBuilder","message":"Imported #173 / 0 tx / 0 pending / 0 (0.0%) gas / (0x39cc916c81d356af25f13e6e1e0c10b4b040a01e4693178051684076cccf01d8)","throwable":""}
{"timestamp":"2022-09-09T10:00:37,039","container":"8f9496ccead8","level":"INFO","thread":"BftProcessorExecutor-IBFT-0","class":"IbftBesuControllerBuilder","message":"Imported #174 / 0 tx / 0 pending / 0 (0.0%) gas / (0x52c6718eba8d83b4da0e7e1d2bd1c922a479660ef6e46f09794a47830f86d101)","throwable":""}
{"timestamp":"2022-09-09T10:00:40,051","container":"8f9496ccead8","level":"INFO","thread":"BftProcessorExecutor-IBFT-0","class":"IbftBesuControllerBuilder","message":"Produced #175 / 0 tx / 0 pending / 0 (0.0%) gas / (0xc6d3882d1b33035a2694e12db635a2d9ba29ce418ff2bddc0bb90e26ec9fd759)","throwable":""}
{"timestamp":"2022-09-09T10:00:40,504","container":"8f9496ccead8","level":"INFO","thread":"BftProcessorExecutor-IBFT-0","class":"IbftBesuControllerBuilder","message":"Imported #176 / 0 tx / 0 pending / 0 (0.0%) gas / (0x479a6ead104418a1b1f5a522f0f27c1113f50ad1acd32335f5c5806ea704786e)","throwable":""}
{"timestamp":"2022-09-09T10:00:42,243","container":"8f9496ccead8","level":"INFO","thread":"BftProcessorExecutor-IBFT-0","class":"IbftBesuControllerBuilder","message":"Imported #177 / 0 tx / 0 pending / 0 (0.0%) gas / (0xe0a5c8c67037529d01a41be1586edcc29662fcab1d956fbae3bacfc21a5da37e)","throwable":""}
{"timestamp":"2022-09-09T10:00:44,416","container":"8f9496ccead8","level":"INFO","thread":"BftProcessorExecutor-IBFT-0","class":"IbftBesuControllerBuilder","message":"Imported #178 / 0 tx / 0 pending / 0 (0.0%) gas / (0xa82db0aad51c0300acacb68ce36c884eda950340bf186c153e8b8484b4e7a070)","throwable":""}
{"timestamp":"2022-09-09T10:00:46,336","container":"8f9496ccead8","level":"INFO","thread":"BftProcessorExecutor-IBFT-0","class":"IbftBesuControllerBuilder","message":"Produced #179 / 0 tx / 0 pending / 0 (0.0%) gas / (0xf34866fb1d18abc7c2e7f7f776f3f8e49e480d2972e8d47beb207037ab711801)","throwable":""}
{"timestamp":"2022-09-09T10:00:48,439","container":"8f9496ccead8","level":"INFO","thread":"BftProcessorExecutor-IBFT-0","class":"IbftBesuControllerBuilder","message":"Imported #180 / 0 tx / 0 pending / 0 (0.0%) gas / (0x7e11d322f6e4e3edc73d6103d1b16c7da39ada12e9fd5aaaf052847eb3e2e782)","throwable":""}
{"timestamp":"2022-09-09T10:00:50,391","container":"8f9496ccead8","level":"INFO","thread":"BftProcessorExecutor-IBFT-0","class":"IbftBesuControllerBuilder","message":"Imported #181 / 0 tx / 0 pending / 0 (0.0%) gas / (0xce05646b8b83e03e07c44c77e54ecea3b1eab654def4debae2c0e113fcb1f690)","throwable":""}
{"timestamp":"2022-09-09T10:00:52,361","container":"8f9496ccead8","level":"INFO","thread":"BftProcessorExecutor-IBFT-0","class":"IbftBesuControllerBuilder","message":"Imported #182 / 0 tx / 0 pending / 0 (0.0%) gas / (0x5c3999feb413e0df530704bb3ff676fe383be56ee047b3b3cc5fc0f13b7748f0)","throwable":""}
{"timestamp":"2022-09-09T10:00:54,399","container":"8f9496ccead8","level":"INFO","thread":"BftProcessorExecutor-IBFT-0","class":"IbftBesuControllerBuilder","message":"Produced #183 / 0 tx / 0 pending / 0 (0.0%) gas / (0x0c6bbfbd333d2c4aabff1edcea2eeb148c98889f58a978507322dd739b74cabb)","throwable":""}
{"timestamp":"2022-09-09T10:00:56,403","container":"8f9496ccead8","level":"INFO","thread":"BftProcessorExecutor-IBFT-0","class":"IbftBesuControllerBuilder","message":"Imported #184 / 0 tx / 0 pending / 0 (0.0%) gas / (0x0fbea1fbfbfbacff4873625a5b78ef41cae76109cfcf8697eba357fbcaf63d06)","throwable":""}
{"timestamp":"2022-09-09T10:00:58,539","container":"8f9496ccead8","level":"INFO","thread":"BftProcessorExecutor-IBFT-0","class":"IbftBesuControllerBuilder","message":"Imported #185 / 0 tx / 0 pending / 0 (0.0%) gas / (0x51bcc5d7545bc501083ac4a6bf62cbe26483a2d9b52469f9e4ae08a0b02c3a08)","throwable":""}
{"timestamp":"2022-09-09T10:01:00,558","container":"8f9496ccead8","level":"INFO","thread":"BftProcessorExecutor-IBFT-0","class":"IbftBesuControllerBuilder","message":"Imported #186 / 0 tx / 0 pending / 0 (0.0%) gas / (0xf3f317830d31775c89c0fd775a621faf2a0ecda4cb4b4d32eb08815036f461dd)","throwable":""}
{"timestamp":"2022-09-09T10:01:02,639","container":"8f9496ccead8","level":"INFO","thread":"BftProcessorExecutor-IBFT-0","class":"IbftBesuControllerBuilder","message":"Produced #187 / 0 tx / 0 pending / 0 (0.0%) gas / (0x85bfc75a6483d8555feca17f6471f09954d9230e90dc002fd9d95a2f2f9f1791)","throwable":""}
{"timestamp":"2022-09-09T10:01:04,264","container":"8f9496ccead8","level":"INFO","thread":"BftProcessorExecutor-IBFT-0","class":"IbftBesuControllerBuilder","message":"Imported #188 / 0 tx / 0 pending / 0 (0.0%) gas / (0xc6f98b222765dd02a8ce42b3cbf806c0dc30f7a09464ebe60a36d00db864ecc9)","throwable":""}
{"timestamp":"2022-09-09T10:01:06,252","container":"8f9496ccead8","level":"INFO","thread":"EthScheduler-Workers-0","class":"PersistBlockTask","message":"Imported #189 / 0 tx / 0 om / 0 (0.0%) gas / (0xce993f672f18fd823e0968507829b36e047155076feb41e246d59231ca0bff47) in 0.021s. Peers: 5","throwable":""}
{"timestamp":"2022-09-09T10:01:06,252","container":"8f9496ccead8","level":"INFO","thread":"BftProcessorExecutor-IBFT-0","class":"IbftBesuControllerBuilder","message":"Imported #189 / 0 tx / 0 pending / 0 (0.0%) gas / (0xce993f672f18fd823e0968507829b36e047155076feb41e246d59231ca0bff47)","throwable":""}
{"timestamp":"2022-09-09T10:01:08,676","container":"8f9496ccead8","level":"INFO","thread":"BftProcessorExecutor-IBFT-0","class":"IbftBesuControllerBuilder","message":"Imported #190 / 0 tx / 0 pending / 0 (0.0%) gas / (0x2866b7d7dcef8603b22c9651b18451558d9856fe0e178664ac38c96be02294b8)","throwable":""}
{"timestamp":"2022-09-09T10:01:10,461","container":"8f9496ccead8","level":"INFO","thread":"BftProcessorExecutor-IBFT-0","class":"IbftBesuControllerBuilder","message":"Produced #191 / 0 tx / 0 pending / 0 (0.0%) gas / (0x71cdd8ccaa8b2cacb26ba6d65229ad1e4fcbf03a5c6d1123d5d923baf2d8c0f0)","throwable":""}
{"timestamp":"2022-09-09T10:01:12,346","container":"8f9496ccead8","level":"INFO","thread":"BftProcessorExecutor-IBFT-0","class":"IbftBesuControllerBuilder","message":"Imported #192 / 0 tx / 0 pending / 0 (0.0%) gas / (0xc4c8c509e2a5c0cb57eb252f3cd869714ac54037ff1cda6407e0b811a0e5f59b)","throwable":""}
{"timestamp":"2022-09-09T10:01:14,080","container":"8f9496ccead8","level":"INFO","thread":"BftProcessorExecutor-IBFT-0","class":"IbftBesuControllerBuilder","message":"Imported #193 / 0 tx / 0 pending / 0 (0.0%) gas / (0x71469d6e4a629456957239893186a5f8d2fee969fe855f91580df729a33442d5)","throwable":""}
{"timestamp":"2022-09-09T10:01:16,190","container":"8f9496ccead8","level":"INFO","thread":"BftProcessorExecutor-IBFT-0","class":"IbftBesuControllerBuilder","message":"Imported #194 / 0 tx / 0 pending / 0 (0.0%) gas / (0xc953f7a02ef66ea7c9ed43a26433706875d5cff5cfb2c941810eed3bc138cc76)","throwable":""}
{"timestamp":"2022-09-09T10:01:18,335","container":"8f9496ccead8","level":"INFO","thread":"BftProcessorExecutor-IBFT-0","class":"IbftBesuControllerBuilder","message":"Produced #195 / 0 tx / 0 pending / 0 (0.0%) gas / (0xa65c12a8252ea9e3783dbefe8cd5c302bf5e58e54c3e032339f9bdbc5ea5a548)","throwable":""}
{"timestamp":"2022-09-09T10:01:21,810","container":"8f9496ccead8","level":"INFO","thread":"BftProcessorExecutor-IBFT-0","class":"IbftBesuControllerBuilder","message":"Imported #196 / 1 tx / 0 pending / 136,945 (2.9%) gas / (0x14316428688ae477e66522628edee5e7cef49a251f6c00222e90f007cd67d3ab)","throwable":""}
{"timestamp":"2022-09-09T10:01:22,069","container":"8f9496ccead8","level":"INFO","thread":"EthScheduler-Workers-0","class":"PersistBlockTask","message":"Imported #197 / 0 tx / 0 om / 0 (0.0%) gas / (0x00cc5edd22befcf0b94a5bcd0b752b210b1d02941703d2caaf314ebf9c405b9c) in 0.016s. Peers: 5","throwable":""}
{"timestamp":"2022-09-09T10:01:22,070","container":"8f9496ccead8","level":"INFO","thread":"BftProcessorExecutor-IBFT-0","class":"IbftBesuControllerBuilder","message":"Imported #197 / 0 tx / 0 pending / 0 (0.0%) gas / (0x00cc5edd22befcf0b94a5bcd0b752b210b1d02941703d2caaf314ebf9c405b9c)","throwable":""}
{"timestamp":"2022-09-09T10:01:24,335","container":"8f9496ccead8","level":"INFO","thread":"BftProcessorExecutor-IBFT-0","class":"IbftBesuControllerBuilder","message":"Imported #198 / 0 tx / 0 pending / 0 (0.0%) gas / (0x063fa31c61c04a1e7eb2f67a5927dc282139929aa649f52aad779ffa996d1343)","throwable":""}
{"timestamp":"2022-09-09T10:01:26,122","container":"8f9496ccead8","level":"INFO","thread":"BftProcessorExecutor-IBFT-0","class":"IbftBesuControllerBuilder","message":"Produced #199 / 0 tx / 0 pending / 0 (0.0%) gas / (0x110c890ef462a75ba9d3fba7422c1fc42d0d9446f7d34c0bd2dd9da346235453)","throwable":""}
{"timestamp":"2022-09-09T10:01:28,309","container":"8f9496ccead8","level":"INFO","thread":"BftProcessorExecutor-IBFT-0","class":"IbftBesuControllerBuilder","message":"Imported #200 / 0 tx / 0 pending / 0 (0.0%) gas / (0xf8dd01826b7d1f530545cab9bec0a4b961fd027f4765ba8cd55fcefdc8290755)","throwable":""}
{"timestamp":"2022-09-09T10:01:30,169","container":"8f9496ccead8","level":"INFO","thread":"BftProcessorExecutor-IBFT-0","class":"IbftBesuControllerBuilder","message":"Imported #201 / 0 tx / 0 pending / 0 (0.0%) gas / (0xad7b004b8ac4e2c00e1a8cf2a2fec4b715ebe16bebbfa1cdcb2e684aa97a4c1a)","throwable":""}
{"timestamp":"2022-09-09T10:01:30,171","container":"8f9496ccead8","level":"INFO","thread":"EthScheduler-Workers-3","class":"PersistBlockTask","message":"Imported #201 / 0 tx / 0 om / 0 (0.0%) gas / (0xad7b004b8ac4e2c00e1a8cf2a2fec4b715ebe16bebbfa1cdcb2e684aa97a4c1a) in 0.014s. Peers: 5","throwable":""}
{"timestamp":"2022-09-09T10:01:32,115","container":"8f9496ccead8","level":"INFO","thread":"BftProcessorExecutor-IBFT-0","class":"IbftBesuControllerBuilder","message":"Imported #202 / 0 tx / 0 pending / 0 (0.0%) gas / (0xd931170025d80d2d2a4e96ccd0f60a2e0e40a9f6e519e9b5de362bcfa3d5955d)","throwable":""}
{"timestamp":"2022-09-09T10:01:34,571","container":"8f9496ccead8","level":"INFO","thread":"BftProcessorExecutor-IBFT-0","class":"IbftBesuControllerBuilder","message":"Produced #203 / 0 tx / 0 pending / 0 (0.0%) gas / (0xe95d9c15226848ae7ba7d5c59a1dc0a232851ec082fda6a862edc788b379e6b7)","throwable":""}
{"timestamp":"2022-09-09T10:01:36,584","container":"8f9496ccead8","level":"INFO","thread":"BftProcessorExecutor-IBFT-0","class":"IbftBesuControllerBuilder","message":"Imported #204 / 0 tx / 0 pending / 0 (0.0%) gas / (0x0af68239607259f91f033eebd16a9534850a532690177c90055ea49c84502383)","throwable":""}
{"timestamp":"2022-09-09T10:01:36,584","container":"8f9496ccead8","level":"INFO","thread":"EthScheduler-Workers-1","class":"PersistBlockTask","message":"Imported #204 / 0 tx / 0 om / 0 (0.0%) gas / (0x0af68239607259f91f033eebd16a9534850a532690177c90055ea49c84502383) in 0.103s. Peers: 5","throwable":""}
{"timestamp":"2022-09-09T10:01:38,053","container":"8f9496ccead8","level":"INFO","thread":"BftProcessorExecutor-IBFT-0","class":"IbftBesuControllerBuilder","message":"Imported #205 / 0 tx / 0 pending / 0 (0.0%) gas / (0x6b9287e2dfdeec6fc2903ecad6c2c1ee551dc14f672607f76353fb63d364922a)","throwable":""}
{"timestamp":"2022-09-09T10:01:40,137","container":"8f9496ccead8","level":"INFO","thread":"BftProcessorExecutor-IBFT-0","class":"IbftBesuControllerBuilder","message":"Imported #206 / 0 tx / 0 pending / 0 (0.0%) gas / (0x3553c0fe8edf210ef11c2ee607009184b63eb487c1bb1f8cd5fe9395e741ab92)","throwable":""}
{"timestamp":"2022-09-09T10:01:42,144","container":"8f9496ccead8","level":"INFO","thread":"BftProcessorExecutor-IBFT-0","class":"IbftBesuControllerBuilder","message":"Produced #207 / 0 tx / 0 pending / 0 (0.0%) gas / (0xc8d0dc7642c303fbf25bc57f5049331521422ff1bc6a948eb4c926c0bdf3c63c)","throwable":""}
{"timestamp":"2022-09-09T10:01:44,073","container":"8f9496ccead8","level":"INFO","thread":"BftProcessorExecutor-IBFT-0","class":"IbftBesuControllerBuilder","message":"Imported #208 / 0 tx / 0 pending / 0 (0.0%) gas / (0x8a9e6f4ae5020bf8803560372486454031abbd16a8d17901d70eb4f1e741e8d9)","throwable":""}
{"timestamp":"2022-09-09T10:01:46,150","container":"8f9496ccead8","level":"INFO","thread":"BftProcessorExecutor-IBFT-0","class":"IbftBesuControllerBuilder","message":"Imported #209 / 0 tx / 0 pending / 0 (0.0%) gas / (0xfc4d8b2a603283cc12bb3996c761ee1674bf75d35a2e3c0107f73d5a71d73ea4)","throwable":""}
{"timestamp":"2022-09-09T10:01:48,099","container":"8f9496ccead8","level":"INFO","thread":"EthScheduler-Workers-2","class":"PersistBlockTask","message":"Imported #210 / 0 tx / 0 om / 0 (0.0%) gas / (0x21f92e242b4949318f6df8a72699cf02594ba70d56d968199a3c442e4f2598e7) in 0.017s. Peers: 5","throwable":""}
{"timestamp":"2022-09-09T10:01:48,100","container":"8f9496ccead8","level":"INFO","thread":"BftProcessorExecutor-IBFT-0","class":"IbftBesuControllerBuilder","message":"Imported #210 / 0 tx / 0 pending / 0 (0.0%) gas / (0x21f92e242b4949318f6df8a72699cf02594ba70d56d968199a3c442e4f2598e7)","throwable":""}
{"timestamp":"2022-09-09T10:01:50,092","container":"8f9496ccead8","level":"INFO","thread":"BftProcessorExecutor-IBFT-0","class":"IbftBesuControllerBuilder","message":"Produced #211 / 0 tx / 0 pending / 0 (0.0%) gas / (0x4f813d54509bb5595e0be079e4a77c8480b1c039ddb70b611602f9481be74d33)","throwable":""}
{"timestamp":"2022-09-09T10:01:52,107","container":"8f9496ccead8","level":"INFO","thread":"BftProcessorExecutor-IBFT-0","class":"IbftBesuControllerBuilder","message":"Imported #212 / 0 tx / 0 pending / 0 (0.0%) gas / (0xfe6b13b89407a1f331d2f764ddcc53598349abc5b5e587b450708a2ec22ba3b7)","throwable":""}
{"timestamp":"2022-09-09T10:01:54,195","container":"8f9496ccead8","level":"INFO","thread":"BftProcessorExecutor-IBFT-0","class":"IbftBesuControllerBuilder","message":"Imported #213 / 0 tx / 0 pending / 0 (0.0%) gas / (0x9edab273a7fd432accb5c05812bf64548c654b50bb0485b4985edcb7b7ceae2e)","throwable":""}
{"timestamp":"2022-09-09T10:01:56,098","container":"8f9496ccead8","level":"INFO","thread":"BftProcessorExecutor-IBFT-0","class":"IbftBesuControllerBuilder","message":"Imported #214 / 0 tx / 0 pending / 0 (0.0%) gas / (0xdd0d5dd9ca64c563af1832c4a9a36d15a9b9fe7e2fb1ae22fe7d4cd33c29cc18)","throwable":""}
{"timestamp":"2022-09-09T10:01:58,092","container":"8f9496ccead8","level":"INFO","thread":"BftProcessorExecutor-IBFT-0","class":"IbftBesuControllerBuilder","message":"Produced #215 / 0 tx / 0 pending / 0 (0.0%) gas / (0xfb7c059a287ebe78962e0cc72b8b1ef4c463da1d74f066cf692aea9c66c52f5f)","throwable":""}
{"timestamp":"2022-09-09T10:02:00,270","container":"8f9496ccead8","level":"INFO","thread":"BftProcessorExecutor-IBFT-0","class":"IbftBesuControllerBuilder","message":"Imported #216 / 0 tx / 0 pending / 0 (0.0%) gas / (0xda4bd51e2df39d8afdfc9acaab3fbae8e72d5393f37aca1651aedca90318083a)","throwable":""}
{"timestamp":"2022-09-09T10:02:02,296","container":"8f9496ccead8","level":"INFO","thread":"BftProcessorExecutor-IBFT-0","class":"IbftBesuControllerBuilder","message":"Imported #217 / 0 tx / 0 pending / 0 (0.0%) gas / (0x3fbc424f53905f32ae869d73c13cf30d676443e53c0fae846eeaf899840d329c)","throwable":""}
{"timestamp":"2022-09-09T10:02:04,139","container":"8f9496ccead8","level":"INFO","thread":"BftProcessorExecutor-IBFT-0","class":"IbftBesuControllerBuilder","message":"Imported #218 / 0 tx / 0 pending / 0 (0.0%) gas / (0xe862607b4e6f912e5a2adae9909c33d8eef9a49a1f8aed6db61d6247a1fd9c7f)","throwable":""}
{"timestamp":"2022-09-09T10:02:06,089","container":"8f9496ccead8","level":"INFO","thread":"BftProcessorExecutor-IBFT-0","class":"IbftBesuControllerBuilder","message":"Produced #219 / 0 tx / 0 pending / 0 (0.0%) gas / (0x2537456a4beb0c239cd9ad5c984900daf1741ed851e8e1d9cb5cd423db535441)","throwable":""}
{"timestamp":"2022-09-09T10:02:08,286","container":"8f9496ccead8","level":"INFO","thread":"BftProcessorExecutor-IBFT-0","class":"IbftBesuControllerBuilder","message":"Imported #220 / 0 tx / 0 pending / 0 (0.0%) gas / (0xfa651f2d0fd486c6a95b8396be9b13ad7001261f3331f16ec5ec8b03f9da4dc5)","throwable":""}
{"timestamp":"2022-09-09T10:02:10,144","container":"8f9496ccead8","level":"INFO","thread":"BftProcessorExecutor-IBFT-0","class":"IbftBesuControllerBuilder","message":"Imported #221 / 0 tx / 0 pending / 0 (0.0%) gas / (0x05826bbb8b3360be225a682a3858315629a63eabd3e159bcf71452e1d063a236)","throwable":""}
{"timestamp":"2022-09-09T10:02:12,322","container":"8f9496ccead8","level":"INFO","thread":"EthScheduler-Workers-2","class":"PersistBlockTask","message":"Imported #222 / 1 tx / 0 om / 44,915 (1.0%) gas / (0xc4f86e60d12ab476dc06977a7c9e0064cf845444a62cf2e239716c911f39dc9b) in 0.011s. Peers: 5","throwable":""}
{"timestamp":"2022-09-09T10:02:12,323","container":"8f9496ccead8","level":"INFO","thread":"BftProcessorExecutor-IBFT-0","class":"IbftBesuControllerBuilder","message":"Imported #222 / 1 tx / 0 pending / 44,915 (1.0%) gas / (0xc4f86e60d12ab476dc06977a7c9e0064cf845444a62cf2e239716c911f39dc9b)","throwable":""}
{"timestamp":"2022-09-09T10:02:14,230","container":"8f9496ccead8","level":"INFO","thread":"BftProcessorExecutor-IBFT-0","class":"IbftBesuControllerBuilder","message":"Produced #223 / 0 tx / 0 pending / 0 (0.0%) gas / (0xf1647a0e6f2f4938bb562ead44deecb28b9528f129d2a39b2c6bdb8ba3f94fe5)","throwable":""}
{"timestamp":"2022-09-09T10:02:16,123","container":"8f9496ccead8","level":"INFO","thread":"BftProcessorExecutor-IBFT-0","class":"IbftBesuControllerBuilder","message":"Imported #224 / 0 tx / 0 pending / 0 (0.0%) gas / (0xc78b8e252c88cd35551b6d77e0ab686f9b9c918cdc5bc8baaa9e142b906d2a10)","throwable":""}
{"timestamp":"2022-09-09T10:02:18,123","container":"8f9496ccead8","level":"INFO","thread":"BftProcessorExecutor-IBFT-0","class":"IbftBesuControllerBuilder","message":"Imported #225 / 0 tx / 0 pending / 0 (0.0%) gas / (0x766baecc764b2eb96eb41352c8cb8b1a0646dd979344e9749c095915e3c83805)","throwable":""}
{"timestamp":"2022-09-09T10:02:20,234","container":"8f9496ccead8","level":"INFO","thread":"BftProcessorExecutor-IBFT-0","class":"IbftBesuControllerBuilder","message":"Imported #226 / 0 tx / 0 pending / 0 (0.0%) gas / (0x985770744abd43946cef1dc6af751fe09f779a50c13ce9f3a8b3a2e1acd023c9)","throwable":""}
{"timestamp":"2022-09-09T10:02:22,087","container":"8f9496ccead8","level":"INFO","thread":"BftProcessorExecutor-IBFT-0","class":"IbftBesuControllerBuilder","message":"Produced #227 / 0 tx / 0 pending / 0 (0.0%) gas / (0xad4e4f41aee2eaf4e4c562d609ae72e9d5dd1b8afaa976ad20cee5877d1f1aba)","throwable":""}
{"timestamp":"2022-09-09T10:02:24,085","container":"8f9496ccead8","level":"INFO","thread":"BftProcessorExecutor-IBFT-0","class":"IbftBesuControllerBuilder","message":"Imported #228 / 0 tx / 0 pending / 0 (0.0%) gas / (0x87986923a9bf9d68b64a061e227ffc9226e27b1e5cda0b4b6d775448dc70454e)","throwable":""}
{"timestamp":"2022-09-09T10:02:26,095","container":"8f9496ccead8","level":"INFO","thread":"BftProcessorExecutor-IBFT-0","class":"IbftBesuControllerBuilder","message":"Imported #229 / 0 tx / 0 pending / 0 (0.0%) gas / (0x9de1ea00edfb044776f9ac41bf94e3051fa16bc12e80e7add627f7b55f04cdce)","throwable":""}
{"timestamp":"2022-09-09T10:02:26,097","container":"8f9496ccead8","level":"INFO","thread":"EthScheduler-Workers-3","class":"PersistBlockTask","message":"Imported #229 / 0 tx / 0 om / 0 (0.0%) gas / (0x9de1ea00edfb044776f9ac41bf94e3051fa16bc12e80e7add627f7b55f04cdce) in 0.023s. Peers: 5","throwable":""}
{"timestamp":"2022-09-09T10:02:28,138","container":"8f9496ccead8","level":"INFO","thread":"BftProcessorExecutor-IBFT-0","class":"IbftBesuControllerBuilder","message":"Imported #230 / 0 tx / 0 pending / 0 (0.0%) gas / (0x18bff69bfe2a8b5bb5a88824b8c8feaf5b4908efd0d4ad818c96960b599788e0)","throwable":""}
{"timestamp":"2022-09-09T10:02:29,662","container":"8f9496ccead8","level":"INFO","thread":"BftProcessorExecutor-IBFT-0","class":"BftProcessor","message":"Shutting down BFT event processor","throwable":""}
{"timestamp":"2022-09-09T10:02:29,676","container":"8f9496ccead8","level":"INFO","thread":"BesuCommand-Shutdown-Hook","class":"DefaultSynchronizer","message":"Stopping synchronizer","throwable":""}
{"timestamp":"2022-09-09T10:02:29,691","container":"8f9496ccead8","level":"INFO","thread":"BesuCommand-Shutdown-Hook","class":"NetworkRunner","message":"Stopping Network.","throwable":""}
{"timestamp":"2022-09-09T10:02:29,755","container":"8f9496ccead8","level":"INFO","thread":"BesuCommand-Shutdown-Hook","class":"EthProtocolManager","message":"Stopping eth Subprotocol.","throwable":""}
{"timestamp":"2022-09-09T10:02:29,818","container":"8f9496ccead8","level":"INFO","thread":"BesuCommand-Shutdown-Hook","class":"EthProtocolManager","message":"eth Subprotocol stopped.","throwable":""}
{"timestamp":"2022-09-09T10:02:29,822","container":"8f9496ccead8","level":"INFO","thread":"BesuCommand-Shutdown-Hook","class":"NetworkRunner","message":"Network stopped.","throwable":""}
{"timestamp":"2022-09-09T10:02:29,830","container":"8f9496ccead8","level":"INFO","thread":"BesuCommand-Shutdown-Hook","class":"AutoTransactionLogBloomCachingService","message":"Shutting down Auto transaction logs caching service.","throwable":""}
{"timestamp":"2022-09-09T10:02:29,900","container":"8f9496ccead8","level":"INFO","thread":"BesuCommand-Shutdown-Hook","class":"DockerNatManager","message":"Stopping docker NAT manager.","throwable":""}
