{"timestamp":"2022-09-09T09:47:13,633","container":"e28556f74779","level":"INFO","thread":"main","class":"Besu","message":"Using the Java implementation of alt bn128","throwable":""}
{"timestamp":"2022-09-09T09:47:13,642","container":"e28556f74779","level":"INFO","thread":"main","class":"Besu","message":"Using the native implementation of the signature algorithm","throwable":""}
{"timestamp":"2022-09-09T09:47:13,649","container":"e28556f74779","level":"INFO","thread":"main","class":"Besu","message":"Starting Besu version: besu/v22.7.1/linux-aarch_64/openjdk-java-11","throwable":""}
{"timestamp":"2022-09-09T09:47:13,826","container":"e28556f74779","level":"WARN","thread":"main","class":"Besu","message":"--min-gas-price has been ignored because --miner-enabled was not defined on the command line.","throwable":""}
{"timestamp":"2022-09-09T09:47:14,000","container":"e28556f74779","level":"WARN","thread":"main","class":"Besu","message":"--graphql-http-host has been ignored because --graphql-http-enabled was not defined on the command line.","throwable":""}
{"timestamp":"2022-09-09T09:47:14,003","container":"e28556f74779","level":"WARN","thread":"main","class":"Besu","message":"--rpc-ws-host has been ignored because --rpc-ws-enabled was not defined on the command line.","throwable":""}
{"timestamp":"2022-09-09T09:47:14,006","container":"e28556f74779","level":"INFO","thread":"main","class":"Besu","message":"Static Nodes file = /opt/besu/data/static-nodes.json","throwable":""}
{"timestamp":"2022-09-09T09:47:14,010","container":"e28556f74779","level":"INFO","thread":"main","class":"StaticNodesParser","message":"StaticNodes file /opt/besu/data/static-nodes.json does not exist, no static connections will be created.","throwable":""}
{"timestamp":"2022-09-09T09:47:14,011","container":"e28556f74779","level":"INFO","thread":"main","class":"Besu","message":"Connecting to 0 static nodes.","throwable":""}
{"timestamp":"2022-09-09T09:47:14,014","container":"e28556f74779","level":"INFO","thread":"main","class":"Besu","message":"Security Module: localfile","throwable":""}
{"timestamp":"2022-09-09T09:47:14,032","container":"e28556f74779","level":"INFO","thread":"main","class":"RocksDBKeyValueStorageFactory","message":"No existing database detected at /opt/besu/data. Using version 1","throwable":""}
{"timestamp":"2022-09-09T09:47:14,825","container":"e28556f74779","level":"INFO","thread":"main","class":"KeyPairUtil","message":"Loaded public key 0x75136ed12cb4152ba8395b6db2a101ff6c61145801dda37d3e1128b45cbbf1dba77b191184ab3e2ab39fcfe6cc98ddbc47b1b15f2dc317b36cee19a79365e630 from /opt/besu/config/key","throwable":""}
{"timestamp":"2022-09-09T09:47:14,938","container":"e28556f74779","level":"INFO","thread":"main","class":"AbstractAltBnPrecompiledContract","message":"Native alt bn128 not available","throwable":""}
{"timestamp":"2022-09-09T09:47:14,940","container":"e28556f74779","level":"INFO","thread":"main","class":"AbstractAltBnPrecompiledContract","message":"Native alt bn128 not available","throwable":""}
{"timestamp":"2022-09-09T09:47:14,941","container":"e28556f74779","level":"INFO","thread":"main","class":"AbstractAltBnPrecompiledContract","message":"Native alt bn128 not available","throwable":""}
{"timestamp":"2022-09-09T09:47:14,942","container":"e28556f74779","level":"INFO","thread":"main","class":"AbstractAltBnPrecompiledContract","message":"Native alt bn128 not available","throwable":""}
{"timestamp":"2022-09-09T09:47:14,943","container":"e28556f74779","level":"INFO","thread":"main","class":"AbstractAltBnPrecompiledContract","message":"Native alt bn128 not available","throwable":""}
{"timestamp":"2022-09-09T09:47:14,943","container":"e28556f74779","level":"INFO","thread":"main","class":"AbstractAltBnPrecompiledContract","message":"Native alt bn128 not available","throwable":""}
{"timestamp":"2022-09-09T09:47:14,961","container":"e28556f74779","level":"INFO","thread":"main","class":"ProtocolScheduleBuilder","message":"Protocol schedule created with milestones: [Berlin: 0]","throwable":""}
{"timestamp":"2022-09-09T09:47:15,028","container":"e28556f74779","level":"INFO","thread":"main","class":"BesuControllerBuilder","message":"TTD difficulty is not present, creating initial sync phase for PoW","throwable":""}
{"timestamp":"2022-09-09T09:47:15,053","container":"e28556f74779","level":"INFO","thread":"main","class":"RunnerBuilder","message":"Detecting NAT service.","throwable":""}
{"timestamp":"2022-09-09T09:47:15,132","container":"e28556f74779","level":"INFO","thread":"main","class":"Runner","message":"Starting external services ... ","throwable":""}
{"timestamp":"2022-09-09T09:47:15,134","container":"e28556f74779","level":"INFO","thread":"main","class":"JsonRpcHttpService","message":"Starting JSON-RPC service on 0.0.0.0:8548","throwable":""}
{"timestamp":"2022-09-09T09:47:15,208","container":"e28556f74779","level":"INFO","thread":"vert.x-eventloop-thread-1","class":"JsonRpcHttpService","message":"JSON-RPC service started and listening on 0.0.0.0:8548","throwable":""}
{"timestamp":"2022-09-09T09:47:15,212","container":"e28556f74779","level":"INFO","thread":"main","class":"AutoTransactionLogBloomCachingService","message":"Starting auto transaction log bloom caching service.","throwable":""}
{"timestamp":"2022-09-09T09:47:15,217","container":"e28556f74779","level":"INFO","thread":"main","class":"LogBloomCacheMetadata","message":"Lookup cache metadata file in data directory: /opt/besu/data/caches","throwable":""}
{"timestamp":"2022-09-09T09:47:15,230","container":"e28556f74779","level":"INFO","thread":"main","class":"Runner","message":"Starting Ethereum main loop ... ","throwable":""}
{"timestamp":"2022-09-09T09:47:15,231","container":"e28556f74779","level":"INFO","thread":"main","class":"DockerNatManager","message":"Starting docker NAT manager.","throwable":""}
{"timestamp":"2022-09-09T09:47:15,277","container":"e28556f74779","level":"INFO","thread":"main","class":"NetworkRunner","message":"Starting Network.","throwable":""}
{"timestamp":"2022-09-09T09:47:15,288","container":"e28556f74779","level":"INFO","thread":"nioEventLoopGroup-2-1","class":"RlpxAgent","message":"P2P RLPx agent started and listening on /0.0.0.0:30306.","throwable":""}
{"timestamp":"2022-09-09T09:47:15,290","container":"e28556f74779","level":"INFO","thread":"main","class":"PeerDiscoveryAgent","message":"Starting peer discovery agent on host=0.0.0.0, port=30306","throwable":""}
{"timestamp":"2022-09-09T09:47:15,318","container":"e28556f74779","level":"INFO","thread":"vert.x-eventloop-thread-1","class":"VertxPeerDiscoveryAgent","message":"Started peer discovery agent successfully, on effective host=0.0.0.0 and port=30306","throwable":""}
{"timestamp":"2022-09-09T09:47:15,320","container":"e28556f74779","level":"INFO","thread":"vert.x-eventloop-thread-1","class":"PeerDiscoveryAgent","message":"P2P peer discovery agent started and listening on /0.0.0.0:30306","throwable":""}
{"timestamp":"2022-09-09T09:47:15,352","container":"e28556f74779","level":"INFO","thread":"vert.x-eventloop-thread-1","class":"PeerDiscoveryAgent","message":"Writing node record to disk. NodeRecord{seq=1, publicKey=0x0275136ed12cb4152ba8395b6db2a101ff6c61145801dda37d3e1128b45cbbf1db, udpAddress=Optional[/172.24.2.5:30306], tcpAddress=Optional[/172.24.2.5:30306], asBase64=-Je4QIJnxKfxyYu-dVBEaEeNpnWLqJoVzTXOoLXBuanXBBpYZrE0F0C8g78jr60ftXrOIZY08kE359gphSODSXM_HLoBg2V0aMfGhI6V42aAgmlkgnY0gmlwhKwYAgWJc2VjcDI1NmsxoQJ1E27RLLQVK6g5W22yoQH_bGEUWAHdo30-ESi0XLvx24N0Y3CCdmKDdWRwgnZi, nodeId=0xcff53bee99f33d15d53ee88a14aeed018ec70f8c947377c8bbffc1207bb53b94, customFields={tcp=30306, udp=30306, ip=0xac180205, eth=[[0x8e95e366, 0x]], id=V4, secp256k1=0x0275136ed12cb4152ba8395b6db2a101ff6c61145801dda37d3e1128b45cbbf1db}}","throwable":""}
{"timestamp":"2022-09-09T09:47:15,376","container":"e28556f74779","level":"INFO","thread":"main","class":"DefaultP2PNetwork","message":"Enode URL enode://75136ed12cb4152ba8395b6db2a101ff6c61145801dda37d3e1128b45cbbf1dba77b191184ab3e2ab39fcfe6cc98ddbc47b1b15f2dc317b36cee19a79365e630@172.24.2.5:30306","throwable":""}
{"timestamp":"2022-09-09T09:47:15,377","container":"e28556f74779","level":"INFO","thread":"main","class":"DefaultP2PNetwork","message":"Node address 0x14aeed018ec70f8c947377c8bbffc1207bb53b94","throwable":""}
{"timestamp":"2022-09-09T09:47:15,382","container":"e28556f74779","level":"INFO","thread":"main","class":"DefaultSynchronizer","message":"Starting synchronizer.","throwable":""}
{"timestamp":"2022-09-09T09:47:15,384","container":"e28556f74779","level":"INFO","thread":"main","class":"FullSyncDownloader","message":"Starting full sync.","throwable":""}
{"timestamp":"2022-09-09T09:47:15,386","container":"e28556f74779","level":"INFO","thread":"main","class":"FullSyncTargetManager","message":"No sync target, waiting for peers. Current peers: 0","throwable":""}
{"timestamp":"2022-09-09T09:47:15,410","container":"e28556f74779","level":"INFO","thread":"main","class":"Runner","message":"Ethereum main loop is up.","throwable":""}
{"timestamp":"2022-09-09T09:47:16,312","container":"e28556f74779","level":"INFO","thread":"nioEventLoopGroup-3-3","class":"FullSyncTargetManager","message":"No sync target, waiting for peers. Current peers: 4","throwable":""}
{"timestamp":"2022-09-09T09:47:21,373","container":"e28556f74779","level":"INFO","thread":"EthScheduler-Timer-0","class":"FullSyncTargetManager","message":"No sync target, waiting for peers. Current peers: 4","throwable":""}
{"timestamp":"2022-09-09T09:47:26,386","container":"e28556f74779","level":"INFO","thread":"EthScheduler-Timer-0","class":"FullSyncTargetManager","message":"No sync target, waiting for peers. Current peers: 4","throwable":""}
{"timestamp":"2022-09-09T09:47:31,404","container":"e28556f74779","level":"INFO","thread":"EthScheduler-Timer-0","class":"FullSyncTargetManager","message":"No sync target, waiting for peers. Current peers: 4","throwable":""}
{"timestamp":"2022-09-09T09:47:36,423","container":"e28556f74779","level":"INFO","thread":"EthScheduler-Timer-0","class":"FullSyncTargetManager","message":"No sync target, waiting for peers. Current peers: 4","throwable":""}
{"timestamp":"2022-09-09T09:47:41,438","container":"e28556f74779","level":"INFO","thread":"EthScheduler-Timer-0","class":"FullSyncTargetManager","message":"No sync target, waiting for peers. Current peers: 4","throwable":""}
{"timestamp":"2022-09-09T09:47:46,458","container":"e28556f74779","level":"INFO","thread":"EthScheduler-Timer-0","class":"FullSyncTargetManager","message":"No sync target, waiting for peers. Current peers: 4","throwable":""}
{"timestamp":"2022-09-09T09:47:51,466","container":"e28556f74779","level":"INFO","thread":"EthScheduler-Timer-0","class":"FullSyncTargetManager","message":"No sync target, waiting for peers. Current peers: 4","throwable":""}
{"timestamp":"2022-09-09T09:47:56,480","container":"e28556f74779","level":"INFO","thread":"EthScheduler-Timer-0","class":"FullSyncTargetManager","message":"No sync target, waiting for peers. Current peers: 4","throwable":""}
{"timestamp":"2022-09-09T09:48:01,491","container":"e28556f74779","level":"INFO","thread":"EthScheduler-Timer-0","class":"FullSyncTargetManager","message":"No sync target, waiting for peers. Current peers: 4","throwable":""}
{"timestamp":"2022-09-09T09:48:06,500","container":"e28556f74779","level":"INFO","thread":"EthScheduler-Timer-0","class":"FullSyncTargetManager","message":"No sync target, waiting for peers. Current peers: 4","throwable":""}
{"timestamp":"2022-09-09T09:48:11,520","container":"e28556f74779","level":"INFO","thread":"EthScheduler-Timer-0","class":"FullSyncTargetManager","message":"No sync target, waiting for peers. Current peers: 4","throwable":""}
{"timestamp":"2022-09-09T09:48:15,823","container":"e28556f74779","level":"INFO","thread":"BftProcessorExecutor-IBFT-0","class":"IbftRound","message":"Importing block to chain. round=ConsensusRoundIdentifier{Sequence=1, Round=4}, hash=0x884d272466bb7a85e4ef233cbed4e7b50bb823f63691f2c49074d68b7ed1b7e4","throwable":""}
{"timestamp":"2022-09-09T09:48:16,275","container":"e28556f74779","level":"INFO","thread":"BftProcessorExecutor-IBFT-0","class":"IbftBesuControllerBuilder","message":"Produced #1 / 0 tx / 0 pending / 0 (0.0%) gas / (0x884d272466bb7a85e4ef233cbed4e7b50bb823f63691f2c49074d68b7ed1b7e4)","throwable":""}
{"timestamp":"2022-09-09T09:48:16,533","container":"e28556f74779","level":"INFO","thread":"EthScheduler-Timer-0","class":"FullSyncTargetManager","message":"No sync target, waiting for peers. Current peers: 4","throwable":""}
{"timestamp":"2022-09-09T09:48:17,205","container":"e28556f74779","level":"INFO","thread":"BftProcessorExecutor-IBFT-0","class":"IbftBesuControllerBuilder","message":"Imported #2 / 0 tx / 0 pending / 0 (0.0%) gas / (0xee2ac9684cb954aec5720df532b302512cd1608307fc02101b4e9ea130758dbb)","throwable":""}
{"timestamp":"2022-09-09T09:48:19,323","container":"e28556f74779","level":"INFO","thread":"BftProcessorExecutor-IBFT-0","class":"IbftBesuControllerBuilder","message":"Imported #3 / 0 tx / 0 pending / 0 (0.0%) gas / (0xcc27c04d61ed3e1f364dccf537f633ec852bc83b2cae17eca55014698e2c671f)","throwable":""}
{"timestamp":"2022-09-09T09:48:21,316","container":"e28556f74779","level":"INFO","thread":"BftProcessorExecutor-IBFT-0","class":"IbftBesuControllerBuilder","message":"Imported #4 / 0 tx / 0 pending / 0 (0.0%) gas / (0xb7613517e129d5385b03de379d67c4729cf37aa7e7ff23dc024c690a613d4dfd)","throwable":""}
{"timestamp":"2022-09-09T09:48:23,627","container":"e28556f74779","level":"INFO","thread":"BftProcessorExecutor-IBFT-0","class":"IbftBesuControllerBuilder","message":"Produced #5 / 0 tx / 0 pending / 0 (0.0%) gas / (0x309fa99e1803f6bfae7866f1324f8435bf8a2d710aa0ca76cb47c01cafa1472d)","throwable":""}
{"timestamp":"2022-09-09T09:48:25,178","container":"e28556f74779","level":"INFO","thread":"BftProcessorExecutor-IBFT-0","class":"IbftBesuControllerBuilder","message":"Imported #6 / 0 tx / 0 pending / 0 (0.0%) gas / (0xb81fa06f232dbb8f3f53b5268ba44c25154b374617ed4e6248d148f5514fba82)","throwable":""}
{"timestamp":"2022-09-09T09:48:27,162","container":"e28556f74779","level":"INFO","thread":"BftProcessorExecutor-IBFT-0","class":"IbftBesuControllerBuilder","message":"Imported #7 / 0 tx / 0 pending / 0 (0.0%) gas / (0xc816e69a77477a357b9ed55564c33d4dbc569c1e77a92913890bf3ab3a599c9f)","throwable":""}
{"timestamp":"2022-09-09T09:48:29,103","container":"e28556f74779","level":"INFO","thread":"BftProcessorExecutor-IBFT-0","class":"IbftBesuControllerBuilder","message":"Imported #8 / 0 tx / 0 pending / 0 (0.0%) gas / (0x332c58233f0af1be99f0955a0f12c62e7dfc04db63d6284478f6854d3d0a40db)","throwable":""}
{"timestamp":"2022-09-09T09:48:31,151","container":"e28556f74779","level":"INFO","thread":"BftProcessorExecutor-IBFT-0","class":"IbftBesuControllerBuilder","message":"Produced #9 / 0 tx / 0 pending / 0 (0.0%) gas / (0x59da84db1882e6515980561045bcb3bfd37d6dd641941ff78b329778a5f6afbe)","throwable":""}
{"timestamp":"2022-09-09T09:48:31,191","container":"e28556f74779","level":"INFO","thread":"EthScheduler-Workers-0","class":"PersistBlockTask","message":"Imported #9 / 0 tx / 0 om / 0 (0.0%) gas / (0x59da84db1882e6515980561045bcb3bfd37d6dd641941ff78b329778a5f6afbe) in 0.000s. Peers: 4","throwable":""}
{"timestamp":"2022-09-09T09:48:33,101","container":"e28556f74779","level":"INFO","thread":"BftProcessorExecutor-IBFT-0","class":"IbftBesuControllerBuilder","message":"Imported #10 / 0 tx / 0 pending / 0 (0.0%) gas / (0xe9dd52ee8ea52090ee3d946728884b0b38908be93c822c1e7fd27f6bdd8e83ce)","throwable":""}
{"timestamp":"2022-09-09T09:48:35,144","container":"e28556f74779","level":"INFO","thread":"BftProcessorExecutor-IBFT-0","class":"IbftBesuControllerBuilder","message":"Imported #11 / 0 tx / 0 pending / 0 (0.0%) gas / (0x0bd8638f760554870daf2700852bc7ad7903d9d8382dad238f2a213189d6e617)","throwable":""}
{"timestamp":"2022-09-09T09:48:37,479","container":"e28556f74779","level":"INFO","thread":"EthScheduler-Workers-2","class":"PersistBlockTask","message":"Imported #12 / 0 tx / 0 om / 0 (0.0%) gas / (0x59d54ef2400395c5373bc382294a754e7fcf9d8713f42e335187905117aa46c9) in 0.021s. Peers: 4","throwable":""}
{"timestamp":"2022-09-09T09:48:37,480","container":"e28556f74779","level":"INFO","thread":"BftProcessorExecutor-IBFT-0","class":"IbftBesuControllerBuilder","message":"Imported #12 / 0 tx / 0 pending / 0 (0.0%) gas / (0x59d54ef2400395c5373bc382294a754e7fcf9d8713f42e335187905117aa46c9)","throwable":""}
{"timestamp":"2022-09-09T09:48:39,158","container":"e28556f74779","level":"INFO","thread":"BftProcessorExecutor-IBFT-0","class":"IbftBesuControllerBuilder","message":"Produced #13 / 0 tx / 0 pending / 0 (0.0%) gas / (0xe7ab42b33b250bc2352021f6814a4e5ce1871a8c975200cbae29773c61802603)","throwable":""}
{"timestamp":"2022-09-09T09:48:41,083","container":"e28556f74779","level":"INFO","thread":"BftProcessorExecutor-IBFT-0","class":"IbftBesuControllerBuilder","message":"Imported #14 / 0 tx / 0 pending / 0 (0.0%) gas / (0x08a77c2c005e61d82a26afb1a6cde58c5743c641344997a3dbe38705673751e3)","throwable":""}
{"timestamp":"2022-09-09T09:48:43,121","container":"e28556f74779","level":"INFO","thread":"EthScheduler-Workers-1","class":"PersistBlockTask","message":"Imported #15 / 0 tx / 0 om / 0 (0.0%) gas / (0x84040a2f4bcb35bd0e46da110302bc04ce1281fbc4df83124dd87a36082f3070) in 0.010s. Peers: 4","throwable":""}
{"timestamp":"2022-09-09T09:48:43,123","container":"e28556f74779","level":"INFO","thread":"BftProcessorExecutor-IBFT-0","class":"IbftBesuControllerBuilder","message":"Imported #15 / 0 tx / 0 pending / 0 (0.0%) gas / (0x84040a2f4bcb35bd0e46da110302bc04ce1281fbc4df83124dd87a36082f3070)","throwable":""}
{"timestamp":"2022-09-09T09:48:45,125","container":"e28556f74779","level":"INFO","thread":"EthScheduler-Workers-3","class":"PersistBlockTask","message":"Imported #16 / 0 tx / 0 om / 0 (0.0%) gas / (0x0d7db8292e1b1b05c54cc02c59f6b2e2ded2c3d583f6644e5fdef724f870c489) in 0.008s. Peers: 4","throwable":""}
{"timestamp":"2022-09-09T09:48:45,127","container":"e28556f74779","level":"INFO","thread":"BftProcessorExecutor-IBFT-0","class":"IbftBesuControllerBuilder","message":"Imported #16 / 0 tx / 0 pending / 0 (0.0%) gas / (0x0d7db8292e1b1b05c54cc02c59f6b2e2ded2c3d583f6644e5fdef724f870c489)","throwable":""}
{"timestamp":"2022-09-09T09:48:47,073","container":"e28556f74779","level":"INFO","thread":"BftProcessorExecutor-IBFT-0","class":"IbftBesuControllerBuilder","message":"Produced #17 / 0 tx / 0 pending / 0 (0.0%) gas / (0xbea4334c8877fad9515a7aa832e29427e413e674ec8cf6d42304fb2461020ff0)","throwable":""}
{"timestamp":"2022-09-09T09:48:49,174","container":"e28556f74779","level":"INFO","thread":"BftProcessorExecutor-IBFT-0","class":"IbftBesuControllerBuilder","message":"Imported #18 / 0 tx / 0 pending / 0 (0.0%) gas / (0x87c49a4d3ea63568e321faad1b420bcbede2030a8828e0827efdf37bd7caa42e)","throwable":""}
{"timestamp":"2022-09-09T09:48:51,212","container":"e28556f74779","level":"INFO","thread":"EthScheduler-Workers-0","class":"PersistBlockTask","message":"Imported #19 / 0 tx / 0 om / 0 (0.0%) gas / (0x581462635e3fb31b246cd655b7a46c4e8de85c0ef182f8422612fa351f748bea) in 0.014s. Peers: 4","throwable":""}
{"timestamp":"2022-09-09T09:48:51,213","container":"e28556f74779","level":"INFO","thread":"BftProcessorExecutor-IBFT-0","class":"IbftBesuControllerBuilder","message":"Imported #19 / 0 tx / 0 pending / 0 (0.0%) gas / (0x581462635e3fb31b246cd655b7a46c4e8de85c0ef182f8422612fa351f748bea)","throwable":""}
{"timestamp":"2022-09-09T09:48:53,057","container":"e28556f74779","level":"INFO","thread":"BftProcessorExecutor-IBFT-0","class":"IbftBesuControllerBuilder","message":"Imported #20 / 0 tx / 0 pending / 0 (0.0%) gas / (0x3bc9710c6a3b85e3349bb4e079e0c73f97582a4250c6a5f145421efa84cab05c)","throwable":""}
{"timestamp":"2022-09-09T09:48:55,221","container":"e28556f74779","level":"INFO","thread":"BftProcessorExecutor-IBFT-0","class":"IbftBesuControllerBuilder","message":"Produced #21 / 0 tx / 0 pending / 0 (0.0%) gas / (0x7ca83477af19efb3070a21b4b1b5c12dd162e7cd7013685d17f7306deb8ed545)","throwable":""}
{"timestamp":"2022-09-09T09:48:57,112","container":"e28556f74779","level":"INFO","thread":"BftProcessorExecutor-IBFT-0","class":"IbftBesuControllerBuilder","message":"Imported #22 / 0 tx / 0 pending / 0 (0.0%) gas / (0x2c43967ce6ebc1ca01194ac1c56a7b4d46cc6066d9c94819fb25996f7cda4006)","throwable":""}
{"timestamp":"2022-09-09T09:48:57,113","container":"e28556f74779","level":"INFO","thread":"EthScheduler-Workers-2","class":"PersistBlockTask","message":"Imported #22 / 0 tx / 0 om / 0 (0.0%) gas / (0x2c43967ce6ebc1ca01194ac1c56a7b4d46cc6066d9c94819fb25996f7cda4006) in 0.010s. Peers: 4","throwable":""}
{"timestamp":"2022-09-09T09:48:59,132","container":"e28556f74779","level":"INFO","thread":"BftProcessorExecutor-IBFT-0","class":"IbftBesuControllerBuilder","message":"Imported #23 / 0 tx / 0 pending / 0 (0.0%) gas / (0xeec428d98af84f84fd22a8b9c4b067480bd3ab3b10db0cc82a6ce8fd407fa015)","throwable":""}
{"timestamp":"2022-09-09T09:49:01,071","container":"e28556f74779","level":"INFO","thread":"BftProcessorExecutor-IBFT-0","class":"IbftBesuControllerBuilder","message":"Imported #24 / 0 tx / 0 pending / 0 (0.0%) gas / (0x86c7dc7fc3ad7e302abb093a387422a0b5b8bb9475fcbde4635fa5a83fb6f633)","throwable":""}
{"timestamp":"2022-09-09T09:49:03,072","container":"e28556f74779","level":"INFO","thread":"BftProcessorExecutor-IBFT-0","class":"IbftBesuControllerBuilder","message":"Produced #25 / 0 tx / 0 pending / 0 (0.0%) gas / (0xd419441d7ed73c1710b92375650a7aeb2491379947029e038eea39d41eaae806)","throwable":""}
{"timestamp":"2022-09-09T09:49:05,143","container":"e28556f74779","level":"INFO","thread":"BftProcessorExecutor-IBFT-0","class":"IbftBesuControllerBuilder","message":"Imported #26 / 0 tx / 0 pending / 0 (0.0%) gas / (0x764912cad4126e236ade7ed84d5102caf9a5a2b1c0ef8b588c2e53a1fa33802c)","throwable":""}
{"timestamp":"2022-09-09T09:49:05,143","container":"e28556f74779","level":"INFO","thread":"EthScheduler-Workers-1","class":"PersistBlockTask","message":"Imported #26 / 0 tx / 0 om / 0 (0.0%) gas / (0x764912cad4126e236ade7ed84d5102caf9a5a2b1c0ef8b588c2e53a1fa33802c) in 0.009s. Peers: 4","throwable":""}
{"timestamp":"2022-09-09T09:49:07,138","container":"e28556f74779","level":"INFO","thread":"BftProcessorExecutor-IBFT-0","class":"IbftBesuControllerBuilder","message":"Imported #27 / 0 tx / 0 pending / 0 (0.0%) gas / (0x82ba54991fd4fbe78803b98ac45e5bc44c5eff8d80354824b862b30270049f0e)","throwable":""}
{"timestamp":"2022-09-09T09:49:09,157","container":"e28556f74779","level":"INFO","thread":"EthScheduler-Workers-3","class":"PersistBlockTask","message":"Imported #28 / 0 tx / 0 om / 0 (0.0%) gas / (0x1c760b977c51384c9073377572f6fb298214c1f74fdae3f6428ed4f58a6154b9) in 0.015s. Peers: 4","throwable":""}
{"timestamp":"2022-09-09T09:49:09,157","container":"e28556f74779","level":"INFO","thread":"BftProcessorExecutor-IBFT-0","class":"IbftBesuControllerBuilder","message":"Imported #28 / 0 tx / 0 pending / 0 (0.0%) gas / (0x1c760b977c51384c9073377572f6fb298214c1f74fdae3f6428ed4f58a6154b9)","throwable":""}
{"timestamp":"2022-09-09T09:49:11,250","container":"e28556f74779","level":"INFO","thread":"BftProcessorExecutor-IBFT-0","class":"IbftBesuControllerBuilder","message":"Produced #29 / 0 tx / 0 pending / 0 (0.0%) gas / (0x88067008b93e11ce9e0f4601b3bd3ae4a46a73548dfa6c15a97e843a627a10d5)","throwable":""}
{"timestamp":"2022-09-09T09:49:13,095","container":"e28556f74779","level":"INFO","thread":"BftProcessorExecutor-IBFT-0","class":"IbftBesuControllerBuilder","message":"Imported #30 / 0 tx / 0 pending / 0 (0.0%) gas / (0x1c005ca22b00dc43a60cdbe3512e4fbf6613e534c49d7081c7bf6afbf0c0d21a)","throwable":""}
{"timestamp":"2022-09-09T09:49:13,100","container":"e28556f74779","level":"INFO","thread":"EthScheduler-Workers-0","class":"PersistBlockTask","message":"Imported #30 / 0 tx / 0 om / 0 (0.0%) gas / (0x1c005ca22b00dc43a60cdbe3512e4fbf6613e534c49d7081c7bf6afbf0c0d21a) in 0.000s. Peers: 4","throwable":""}
{"timestamp":"2022-09-09T09:49:15,151","container":"e28556f74779","level":"INFO","thread":"BftProcessorExecutor-IBFT-0","class":"IbftBesuControllerBuilder","message":"Imported #31 / 0 tx / 0 pending / 0 (0.0%) gas / (0xb83af402b3dbade6f934af4a918b7e3d86e570d87ae1f6a92be05ff9f0b2a4ed)","throwable":""}
{"timestamp":"2022-09-09T09:49:17,116","container":"e28556f74779","level":"INFO","thread":"BftProcessorExecutor-IBFT-0","class":"IbftBesuControllerBuilder","message":"Imported #32 / 0 tx / 0 pending / 0 (0.0%) gas / (0x51ef324b5b6bbc1c83849801596532d9ae315d2cfd18bdc6561f8f36f17208e4)","throwable":""}
{"timestamp":"2022-09-09T09:49:17,116","container":"e28556f74779","level":"INFO","thread":"EthScheduler-Workers-2","class":"PersistBlockTask","message":"Imported #32 / 0 tx / 0 om / 0 (0.0%) gas / (0x51ef324b5b6bbc1c83849801596532d9ae315d2cfd18bdc6561f8f36f17208e4) in 0.009s. Peers: 4","throwable":""}
{"timestamp":"2022-09-09T09:49:19,097","container":"e28556f74779","level":"INFO","thread":"BftProcessorExecutor-IBFT-0","class":"IbftBesuControllerBuilder","message":"Produced #33 / 0 tx / 0 pending / 0 (0.0%) gas / (0xe0fe1c9e86a0f303a678993139a3c0cbfffa34b8a7e3dbec2b6f4faa3f749b1c)","throwable":""}
{"timestamp":"2022-09-09T09:49:21,308","container":"e28556f74779","level":"INFO","thread":"BftProcessorExecutor-IBFT-0","class":"IbftBesuControllerBuilder","message":"Imported #34 / 0 tx / 0 pending / 0 (0.0%) gas / (0xa1d0a4e4696839c8283a100dae480b20b7f81ef40b3f621de100966d9eb3bac9)","throwable":""}
{"timestamp":"2022-09-09T09:49:23,522","container":"e28556f74779","level":"INFO","thread":"BftProcessorExecutor-IBFT-0","class":"IbftBesuControllerBuilder","message":"Imported #35 / 0 tx / 0 pending / 0 (0.0%) gas / (0x91bddc9a7f8e6c35a013f02db2879d28ee82519a660f39c9073cb73c4dfb0418)","throwable":""}
{"timestamp":"2022-09-09T09:49:25,945","container":"e28556f74779","level":"INFO","thread":"EthScheduler-Workers-1","class":"PersistBlockTask","message":"Imported #36 / 0 tx / 0 om / 0 (0.0%) gas / (0x12e6192573674e896499fa55bdfc74a6e402023eaf4db0bd4cefc1c20379475f) in 0.040s. Peers: 4","throwable":""}
{"timestamp":"2022-09-09T09:49:25,949","container":"e28556f74779","level":"INFO","thread":"BftProcessorExecutor-IBFT-0","class":"IbftBesuControllerBuilder","message":"Imported #36 / 0 tx / 0 pending / 0 (0.0%) gas / (0x12e6192573674e896499fa55bdfc74a6e402023eaf4db0bd4cefc1c20379475f)","throwable":""}
{"timestamp":"2022-09-09T09:49:27,855","container":"e28556f74779","level":"INFO","thread":"BftProcessorExecutor-IBFT-0","class":"IbftBesuControllerBuilder","message":"Produced #37 / 0 tx / 0 pending / 0 (0.0%) gas / (0xcff94514320d402462a96d461f04585958b9e183079b6e268d3160eee07055e1)","throwable":""}
{"timestamp":"2022-09-09T09:49:27,857","container":"e28556f74779","level":"INFO","thread":"EthScheduler-Workers-3","class":"PersistBlockTask","message":"Imported #37 / 0 tx / 0 om / 0 (0.0%) gas / (0xcff94514320d402462a96d461f04585958b9e183079b6e268d3160eee07055e1) in 0.083s. Peers: 4","throwable":""}
{"timestamp":"2022-09-09T09:49:29,929","container":"e28556f74779","level":"INFO","thread":"BftProcessorExecutor-IBFT-0","class":"IbftBesuControllerBuilder","message":"Imported #38 / 0 tx / 0 pending / 0 (0.0%) gas / (0xd2743362509b53fd9f8bf9c81d50499203703f6f40add088be0d7b4db20cc2f8)","throwable":""}
{"timestamp":"2022-09-09T09:49:31,304","container":"e28556f74779","level":"INFO","thread":"BftProcessorExecutor-IBFT-0","class":"IbftBesuControllerBuilder","message":"Imported #39 / 0 tx / 0 pending / 0 (0.0%) gas / (0x7ebd9454015d01b6f6e7b822f407bfa7ab222fc439c44319ca7fc79e9c0624cf)","throwable":""}
{"timestamp":"2022-09-09T09:49:33,136","container":"e28556f74779","level":"INFO","thread":"BftProcessorExecutor-IBFT-0","class":"IbftBesuControllerBuilder","message":"Imported #40 / 0 tx / 0 pending / 0 (0.0%) gas / (0x1f99d9e358c7cf2dd97624ae43c7b8091735fe70c5eda1ddbd8a4c69bd09ef9e)","throwable":""}
{"timestamp":"2022-09-09T09:49:35,265","container":"e28556f74779","level":"INFO","thread":"BftProcessorExecutor-IBFT-0","class":"IbftBesuControllerBuilder","message":"Produced #41 / 0 tx / 0 pending / 0 (0.0%) gas / (0x1311ea94944c3901b2b41a9c7864496f30b1736b99b4b06273e67038fa5434f0)","throwable":""}
{"timestamp":"2022-09-09T09:49:37,128","container":"e28556f74779","level":"INFO","thread":"EthScheduler-Workers-0","class":"PersistBlockTask","message":"Imported #42 / 0 tx / 0 om / 0 (0.0%) gas / (0x5f0114aa9fd045c25438ff91ee9892a3d5bc65f386b39aab50e9805ea2baaf46) in 0.003s. Peers: 4","throwable":""}
{"timestamp":"2022-09-09T09:49:37,129","container":"e28556f74779","level":"INFO","thread":"BftProcessorExecutor-IBFT-0","class":"IbftBesuControllerBuilder","message":"Imported #42 / 0 tx / 0 pending / 0 (0.0%) gas / (0x5f0114aa9fd045c25438ff91ee9892a3d5bc65f386b39aab50e9805ea2baaf46)","throwable":""}
{"timestamp":"2022-09-09T09:49:39,189","container":"e28556f74779","level":"INFO","thread":"BftProcessorExecutor-IBFT-0","class":"IbftBesuControllerBuilder","message":"Imported #43 / 0 tx / 0 pending / 0 (0.0%) gas / (0x8f63ece6a68ea977b5007da317ebe42fbdd3b80e3401b0a4947f1f99fabed8d9)","throwable":""}
{"timestamp":"2022-09-09T09:49:41,128","container":"e28556f74779","level":"INFO","thread":"BftProcessorExecutor-IBFT-0","class":"IbftBesuControllerBuilder","message":"Imported #44 / 0 tx / 0 pending / 0 (0.0%) gas / (0x2843c21931d5cb62c6b0fd2ef41779ebc44ef3de56bf10a13b575bb87632b87d)","throwable":""}
{"timestamp":"2022-09-09T09:49:43,307","container":"e28556f74779","level":"INFO","thread":"BftProcessorExecutor-IBFT-0","class":"IbftBesuControllerBuilder","message":"Produced #45 / 0 tx / 0 pending / 0 (0.0%) gas / (0x3799df5fb26ce810bd2fb7fef66f3cb599f5d6f0e265eff94a1580a44e06ba6d)","throwable":""}
{"timestamp":"2022-09-09T09:49:45,168","container":"e28556f74779","level":"INFO","thread":"BftProcessorExecutor-IBFT-0","class":"IbftBesuControllerBuilder","message":"Imported #46 / 0 tx / 0 pending / 0 (0.0%) gas / (0x098084786300de2f8cd904cbcdbd547161434c1bbceec4017e90e727e5738331)","throwable":""}
{"timestamp":"2022-09-09T09:49:47,220","container":"e28556f74779","level":"INFO","thread":"BftProcessorExecutor-IBFT-0","class":"IbftBesuControllerBuilder","message":"Imported #47 / 0 tx / 0 pending / 0 (0.0%) gas / (0x8c96ad552a754e35c227455f38e22eda806d38e6649666c94424f640c71ffe61)","throwable":""}
{"timestamp":"2022-09-09T09:49:49,273","container":"e28556f74779","level":"INFO","thread":"BftProcessorExecutor-IBFT-0","class":"IbftBesuControllerBuilder","message":"Imported #48 / 0 tx / 0 pending / 0 (0.0%) gas / (0xc92abc457cef82e863bdd5a09795ffef10e7c85d3b24d6a63c1c632e55e9d2fb)","throwable":""}
{"timestamp":"2022-09-09T09:49:49,273","container":"e28556f74779","level":"INFO","thread":"EthScheduler-Workers-2","class":"PersistBlockTask","message":"Imported #48 / 0 tx / 0 om / 0 (0.0%) gas / (0xc92abc457cef82e863bdd5a09795ffef10e7c85d3b24d6a63c1c632e55e9d2fb) in 0.009s. Peers: 4","throwable":""}
{"timestamp":"2022-09-09T09:49:51,128","container":"e28556f74779","level":"INFO","thread":"BftProcessorExecutor-IBFT-0","class":"IbftBesuControllerBuilder","message":"Produced #49 / 0 tx / 0 pending / 0 (0.0%) gas / (0x7a0292d7f88dd7d161d577bc8b348770ece570c7b195ebb29c81a4693f1da737)","throwable":""}
{"timestamp":"2022-09-09T09:49:53,094","container":"e28556f74779","level":"INFO","thread":"EthScheduler-Workers-1","class":"PersistBlockTask","message":"Imported #50 / 0 tx / 0 om / 0 (0.0%) gas / (0x3548cc1f3c59c4aaaa825922e8318475b0c2c40179cac22b814e2508c49c1208) in 0.018s. Peers: 4","throwable":""}
{"timestamp":"2022-09-09T09:49:53,094","container":"e28556f74779","level":"INFO","thread":"BftProcessorExecutor-IBFT-0","class":"IbftBesuControllerBuilder","message":"Imported #50 / 0 tx / 0 pending / 0 (0.0%) gas / (0x3548cc1f3c59c4aaaa825922e8318475b0c2c40179cac22b814e2508c49c1208)","throwable":""}
{"timestamp":"2022-09-09T09:49:55,176","container":"e28556f74779","level":"INFO","thread":"BftProcessorExecutor-IBFT-0","class":"IbftBesuControllerBuilder","message":"Imported #51 / 0 tx / 0 pending / 0 (0.0%) gas / (0x9f1c7fe664be412615dd236ec6f113977f8f628895284bc263ccafe4fc17831f)","throwable":""}
{"timestamp":"2022-09-09T09:49:57,151","container":"e28556f74779","level":"INFO","thread":"BftProcessorExecutor-IBFT-0","class":"IbftBesuControllerBuilder","message":"Imported #52 / 0 tx / 0 pending / 0 (0.0%) gas / (0xb472ba4690542ea249a08ac99e57330cd797822c852e52916131d8297d4b1845)","throwable":""}
{"timestamp":"2022-09-09T09:49:57,151","container":"e28556f74779","level":"INFO","thread":"EthScheduler-Workers-3","class":"PersistBlockTask","message":"Imported #52 / 0 tx / 0 om / 0 (0.0%) gas / (0xb472ba4690542ea249a08ac99e57330cd797822c852e52916131d8297d4b1845) in 0.025s. Peers: 4","throwable":""}
{"timestamp":"2022-09-09T09:49:59,091","container":"e28556f74779","level":"INFO","thread":"BftProcessorExecutor-IBFT-0","class":"IbftBesuControllerBuilder","message":"Produced #53 / 0 tx / 0 pending / 0 (0.0%) gas / (0x631cce5c422936c4ea69d6b450cba94df5d468036b9a67bd92f2e7717be8476d)","throwable":""}
{"timestamp":"2022-09-09T09:50:01,165","container":"e28556f74779","level":"INFO","thread":"BftProcessorExecutor-IBFT-0","class":"IbftBesuControllerBuilder","message":"Imported #54 / 0 tx / 0 pending / 0 (0.0%) gas / (0x3c0be41671bb93a1580b35cb3e32a247da5e70bda61d8d1fb6963ec04db0ecec)","throwable":""}
{"timestamp":"2022-09-09T09:50:03,078","container":"e28556f74779","level":"INFO","thread":"BftProcessorExecutor-IBFT-0","class":"IbftBesuControllerBuilder","message":"Imported #55 / 0 tx / 0 pending / 0 (0.0%) gas / (0xeb4387a8e3c0b7b229fc7d7e2a5eb2b73edbc191a290c2d4051ef69cccad6223)","throwable":""}
{"timestamp":"2022-09-09T09:50:05,164","container":"e28556f74779","level":"INFO","thread":"EthScheduler-Workers-0","class":"PersistBlockTask","message":"Imported #56 / 0 tx / 0 om / 0 (0.0%) gas / (0x86fd67253e0ed982ae660eaf0f64f2d704cfecf564b66629d87456e13634be7f) in 0.003s. Peers: 4","throwable":""}
{"timestamp":"2022-09-09T09:50:05,170","container":"e28556f74779","level":"INFO","thread":"BftProcessorExecutor-IBFT-0","class":"IbftBesuControllerBuilder","message":"Imported #56 / 0 tx / 0 pending / 0 (0.0%) gas / (0x86fd67253e0ed982ae660eaf0f64f2d704cfecf564b66629d87456e13634be7f)","throwable":""}
{"timestamp":"2022-09-09T09:50:07,083","container":"e28556f74779","level":"INFO","thread":"BftProcessorExecutor-IBFT-0","class":"IbftBesuControllerBuilder","message":"Produced #57 / 0 tx / 0 pending / 0 (0.0%) gas / (0xa933677ecb82251c3c8c60ba014092ad7f08285d32dc4486569e8d8113664483)","throwable":""}
{"timestamp":"2022-09-09T09:50:07,090","container":"e28556f74779","level":"INFO","thread":"EthScheduler-Workers-2","class":"PersistBlockTask","message":"Imported #57 / 0 tx / 0 om / 0 (0.0%) gas / (0xa933677ecb82251c3c8c60ba014092ad7f08285d32dc4486569e8d8113664483) in 0.000s. Peers: 4","throwable":""}
{"timestamp":"2022-09-09T09:50:09,370","container":"e28556f74779","level":"INFO","thread":"BftProcessorExecutor-IBFT-0","class":"IbftBesuControllerBuilder","message":"Imported #58 / 0 tx / 0 pending / 0 (0.0%) gas / (0x5ee02c159a9339cb7e62a509c836a8451dd0b947fd62c84f51f454f1d7887d7a)","throwable":""}
{"timestamp":"2022-09-09T09:50:11,274","container":"e28556f74779","level":"INFO","thread":"BftProcessorExecutor-IBFT-0","class":"IbftBesuControllerBuilder","message":"Imported #59 / 0 tx / 0 pending / 0 (0.0%) gas / (0x06c1219837d561c2efd3248898f30bbe8eff15e2434e3fa8a2b6886c8737a6c4)","throwable":""}
{"timestamp":"2022-09-09T09:50:13,634","container":"e28556f74779","level":"INFO","thread":"BftProcessorExecutor-IBFT-0","class":"IbftBesuControllerBuilder","message":"Imported #60 / 0 tx / 0 pending / 0 (0.0%) gas / (0x31a16d01a5e2e1705ba6480e7bb554437c2da261406a35b5edceae76e293f841)","throwable":""}
{"timestamp":"2022-09-09T09:50:15,148","container":"e28556f74779","level":"INFO","thread":"BftProcessorExecutor-IBFT-0","class":"IbftBesuControllerBuilder","message":"Produced #61 / 0 tx / 0 pending / 0 (0.0%) gas / (0x4c9085fe36c286d0e7d2a5e66c479d2fda49c12f767aeac58782b7bbfe3e72f7)","throwable":""}
{"timestamp":"2022-09-09T09:50:17,163","container":"e28556f74779","level":"INFO","thread":"BftProcessorExecutor-IBFT-0","class":"IbftBesuControllerBuilder","message":"Imported #62 / 0 tx / 0 pending / 0 (0.0%) gas / (0x6f4ee64bb3e189e4503463f180e58b8702a97b462b40da9cac2fa08f1c7a7923)","throwable":""}
{"timestamp":"2022-09-09T09:50:19,105","container":"e28556f74779","level":"INFO","thread":"BftProcessorExecutor-IBFT-0","class":"IbftBesuControllerBuilder","message":"Imported #63 / 0 tx / 0 pending / 0 (0.0%) gas / (0xbade69f3fd227dd651a7bcab84ee292a4f44ccd6dddb9425e678e989852caedf)","throwable":""}
{"timestamp":"2022-09-09T09:50:19,105","container":"e28556f74779","level":"INFO","thread":"EthScheduler-Workers-1","class":"PersistBlockTask","message":"Imported #63 / 0 tx / 0 om / 0 (0.0%) gas / (0xbade69f3fd227dd651a7bcab84ee292a4f44ccd6dddb9425e678e989852caedf) in 0.007s. Peers: 4","throwable":""}
{"timestamp":"2022-09-09T09:50:21,080","container":"e28556f74779","level":"INFO","thread":"BftProcessorExecutor-IBFT-0","class":"IbftBesuControllerBuilder","message":"Imported #64 / 0 tx / 0 pending / 0 (0.0%) gas / (0x078b2226b2001a7d428b8dc382b26856072de2014c802e30f2d9ab756bf58db7)","throwable":""}
{"timestamp":"2022-09-09T09:50:21,087","container":"e28556f74779","level":"INFO","thread":"EthScheduler-Workers-3","class":"PersistBlockTask","message":"Imported #64 / 0 tx / 0 om / 0 (0.0%) gas / (0x078b2226b2001a7d428b8dc382b26856072de2014c802e30f2d9ab756bf58db7) in 0.009s. Peers: 4","throwable":""}
{"timestamp":"2022-09-09T09:50:23,113","container":"e28556f74779","level":"INFO","thread":"BftProcessorExecutor-IBFT-0","class":"IbftBesuControllerBuilder","message":"Produced #65 / 0 tx / 0 pending / 0 (0.0%) gas / (0x12b6940924501b9d2a2ad9072b67e26eca18a5f8ea7acc4411a365d0fa5e4509)","throwable":""}
{"timestamp":"2022-09-09T09:50:23,114","container":"e28556f74779","level":"INFO","thread":"EthScheduler-Workers-0","class":"PersistBlockTask","message":"Imported #65 / 0 tx / 0 om / 0 (0.0%) gas / (0x12b6940924501b9d2a2ad9072b67e26eca18a5f8ea7acc4411a365d0fa5e4509) in 0.016s. Peers: 4","throwable":""}
{"timestamp":"2022-09-09T09:50:25,078","container":"e28556f74779","level":"INFO","thread":"BftProcessorExecutor-IBFT-0","class":"IbftBesuControllerBuilder","message":"Imported #66 / 0 tx / 0 pending / 0 (0.0%) gas / (0x1b14d22588485ab9c0589942b1df3fad75d45026bc2aa1990755b09d143a7a28)","throwable":""}
{"timestamp":"2022-09-09T09:50:27,119","container":"e28556f74779","level":"INFO","thread":"BftProcessorExecutor-IBFT-0","class":"IbftBesuControllerBuilder","message":"Imported #67 / 0 tx / 0 pending / 0 (0.0%) gas / (0x7f2080256eb097e1e70354a40041c3d08ccadb85b1c30fa9c8b86187061f5138)","throwable":""}
{"timestamp":"2022-09-09T09:50:29,085","container":"e28556f74779","level":"INFO","thread":"EthScheduler-Workers-2","class":"PersistBlockTask","message":"Imported #68 / 0 tx / 0 om / 0 (0.0%) gas / (0x6ce36497d76799dff2741dce5fa572e8f0b2b70bd1f6041e7f33458133e87c4b) in 0.013s. Peers: 4","throwable":""}
{"timestamp":"2022-09-09T09:50:29,087","container":"e28556f74779","level":"INFO","thread":"BftProcessorExecutor-IBFT-0","class":"IbftBesuControllerBuilder","message":"Imported #68 / 0 tx / 0 pending / 0 (0.0%) gas / (0x6ce36497d76799dff2741dce5fa572e8f0b2b70bd1f6041e7f33458133e87c4b)","throwable":""}
{"timestamp":"2022-09-09T09:50:31,140","container":"e28556f74779","level":"INFO","thread":"BftProcessorExecutor-IBFT-0","class":"IbftBesuControllerBuilder","message":"Produced #69 / 0 tx / 0 pending / 0 (0.0%) gas / (0xf95b740b4e3e9ba8b69933b24ed306afbaa460a35ae8c7f70f216b98bcbbb094)","throwable":""}
{"timestamp":"2022-09-09T09:50:33,096","container":"e28556f74779","level":"INFO","thread":"BftProcessorExecutor-IBFT-0","class":"IbftBesuControllerBuilder","message":"Imported #70 / 0 tx / 0 pending / 0 (0.0%) gas / (0xe751d2ce4800944ca19fd490a92316988d9868cc4a00ff85166a75d4f35f33f8)","throwable":""}
{"timestamp":"2022-09-09T09:50:35,110","container":"e28556f74779","level":"INFO","thread":"BftProcessorExecutor-IBFT-0","class":"IbftBesuControllerBuilder","message":"Imported #71 / 0 tx / 0 pending / 0 (0.0%) gas / (0xe62430cd2a28695e4394413a17c1cbe4dec39dee419df822a07c9a7d3329077c)","throwable":""}
{"timestamp":"2022-09-09T09:50:37,108","container":"e28556f74779","level":"INFO","thread":"BftProcessorExecutor-IBFT-0","class":"IbftBesuControllerBuilder","message":"Imported #72 / 0 tx / 0 pending / 0 (0.0%) gas / (0xbded9e820faaefd432a7ae198c0717d370e54879bea4f5d0e3e9af140c5a01ce)","throwable":""}
{"timestamp":"2022-09-09T09:50:39,060","container":"e28556f74779","level":"INFO","thread":"BftProcessorExecutor-IBFT-0","class":"IbftBesuControllerBuilder","message":"Produced #73 / 0 tx / 0 pending / 0 (0.0%) gas / (0xbe62857d1b6ffd60723aeb5f49471af7458795bb594e11d5e18e79122102a9f6)","throwable":""}
{"timestamp":"2022-09-09T09:50:41,140","container":"e28556f74779","level":"INFO","thread":"BftProcessorExecutor-IBFT-0","class":"IbftBesuControllerBuilder","message":"Imported #74 / 0 tx / 0 pending / 0 (0.0%) gas / (0x91e24df83c927a394ff036c8fbb6dc44ef8815a77e467324bcb9b9b28a691f22)","throwable":""}
{"timestamp":"2022-09-09T09:50:43,117","container":"e28556f74779","level":"INFO","thread":"EthScheduler-Workers-1","class":"PersistBlockTask","message":"Imported #75 / 0 tx / 0 om / 0 (0.0%) gas / (0xa0315ad6d50d5af24827a9fdb0b4ff876ea5f77fb4b01e2d1c8e5c08bf45b1a8) in 0.014s. Peers: 4","throwable":""}
{"timestamp":"2022-09-09T09:50:43,119","container":"e28556f74779","level":"INFO","thread":"BftProcessorExecutor-IBFT-0","class":"IbftBesuControllerBuilder","message":"Imported #75 / 0 tx / 0 pending / 0 (0.0%) gas / (0xa0315ad6d50d5af24827a9fdb0b4ff876ea5f77fb4b01e2d1c8e5c08bf45b1a8)","throwable":""}
{"timestamp":"2022-09-09T09:50:45,691","container":"e28556f74779","level":"INFO","thread":"EthScheduler-Workers-3","class":"PersistBlockTask","message":"Imported #76 / 0 tx / 0 om / 0 (0.0%) gas / (0xd3fb6cb80bb72d98a60570bbd2376461a99712c47da0b970a2040c92f07470e7) in 0.041s. Peers: 4","throwable":""}
{"timestamp":"2022-09-09T09:50:45,696","container":"e28556f74779","level":"INFO","thread":"BftProcessorExecutor-IBFT-0","class":"IbftBesuControllerBuilder","message":"Imported #76 / 0 tx / 0 pending / 0 (0.0%) gas / (0xd3fb6cb80bb72d98a60570bbd2376461a99712c47da0b970a2040c92f07470e7)","throwable":""}
{"timestamp":"2022-09-09T09:50:47,186","container":"e28556f74779","level":"INFO","thread":"BftProcessorExecutor-IBFT-0","class":"IbftBesuControllerBuilder","message":"Produced #77 / 0 tx / 0 pending / 0 (0.0%) gas / (0xa8bf13a32503ff5bf5fc5f411b877e29800af136079f45c0645d9226bcd78451)","throwable":""}
{"timestamp":"2022-09-09T09:50:49,135","container":"e28556f74779","level":"INFO","thread":"BftProcessorExecutor-IBFT-0","class":"IbftBesuControllerBuilder","message":"Imported #78 / 0 tx / 0 pending / 0 (0.0%) gas / (0x305a7db89d83fc2effc72976c0a81de5c6a6e00f1eb709209febf9ade0958c9b)","throwable":""}
{"timestamp":"2022-09-09T09:50:51,110","container":"e28556f74779","level":"INFO","thread":"BftProcessorExecutor-IBFT-0","class":"IbftBesuControllerBuilder","message":"Imported #79 / 0 tx / 0 pending / 0 (0.0%) gas / (0x7732bbd35ad00e153bfdd5dd5ef9033c0a200d4d5e2312a152223178e6ddac7d)","throwable":""}
{"timestamp":"2022-09-09T09:50:53,079","container":"e28556f74779","level":"INFO","thread":"BftProcessorExecutor-IBFT-0","class":"IbftBesuControllerBuilder","message":"Imported #80 / 0 tx / 0 pending / 0 (0.0%) gas / (0xd2adb89c9aaafc2988f56c0c94c337930c82288ffab775f56bc5fed10277de35)","throwable":""}
{"timestamp":"2022-09-09T09:50:55,199","container":"e28556f74779","level":"INFO","thread":"EthScheduler-Workers-0","class":"PersistBlockTask","message":"Imported #81 / 0 tx / 0 om / 0 (0.0%) gas / (0x9658351f6b2a5c41b0b34f68424e83245bc7cd0d6c050e1838d9d5046d8cc154) in 0.022s. Peers: 4","throwable":""}
{"timestamp":"2022-09-09T09:50:55,199","container":"e28556f74779","level":"INFO","thread":"BftProcessorExecutor-IBFT-0","class":"IbftBesuControllerBuilder","message":"Produced #81 / 0 tx / 0 pending / 0 (0.0%) gas / (0x9658351f6b2a5c41b0b34f68424e83245bc7cd0d6c050e1838d9d5046d8cc154)","throwable":""}
{"timestamp":"2022-09-09T09:50:57,228","container":"e28556f74779","level":"INFO","thread":"BftProcessorExecutor-IBFT-0","class":"IbftBesuControllerBuilder","message":"Imported #82 / 0 tx / 0 pending / 0 (0.0%) gas / (0x7cd9f659588d7417c3c0c4f0a0d5bf2dd77600991c0c00ad8285e81fb7d2befa)","throwable":""}
{"timestamp":"2022-09-09T09:50:59,182","container":"e28556f74779","level":"INFO","thread":"BftProcessorExecutor-IBFT-0","class":"IbftBesuControllerBuilder","message":"Imported #83 / 0 tx / 0 pending / 0 (0.0%) gas / (0x8d07e0e91c8324d035059ef388af7b27a020180479bcc03c81c22d938d1053ab)","throwable":""}
{"timestamp":"2022-09-09T09:51:01,278","container":"e28556f74779","level":"INFO","thread":"BftProcessorExecutor-IBFT-0","class":"IbftBesuControllerBuilder","message":"Imported #84 / 0 tx / 0 pending / 0 (0.0%) gas / (0xd0e410a2543c13afe56a347ee53b048bd69d95ff06d3f0874628101eedfefd5a)","throwable":""}
{"timestamp":"2022-09-09T09:51:03,141","container":"e28556f74779","level":"INFO","thread":"BftProcessorExecutor-IBFT-0","class":"IbftBesuControllerBuilder","message":"Produced #85 / 0 tx / 0 pending / 0 (0.0%) gas / (0x747ac35d4734a7944ae85471f8e9445a240b23a8adbb24b6e170040b328fc99e)","throwable":""}
{"timestamp":"2022-09-09T09:51:05,751","container":"e28556f74779","level":"INFO","thread":"BftProcessorExecutor-IBFT-0","class":"IbftBesuControllerBuilder","message":"Imported #86 / 0 tx / 0 pending / 0 (0.0%) gas / (0x9ac50921bf96cd1384135ca0f6066eb2d178da5596a1471d6a5dc7263b994b9b)","throwable":""}
{"timestamp":"2022-09-09T09:51:07,121","container":"e28556f74779","level":"INFO","thread":"BftProcessorExecutor-IBFT-0","class":"IbftBesuControllerBuilder","message":"Imported #87 / 0 tx / 0 pending / 0 (0.0%) gas / (0x804a901dccec87a85f28374ba05a2bc68001f4b683359d239b9474af83d293de)","throwable":""}
{"timestamp":"2022-09-09T09:51:09,076","container":"e28556f74779","level":"INFO","thread":"BftProcessorExecutor-IBFT-0","class":"IbftBesuControllerBuilder","message":"Imported #88 / 0 tx / 0 pending / 0 (0.0%) gas / (0xd2ff4e4fbf27fd4dfadd669585ada9a9f294e7c1c261f54b4a8371418c4683f6)","throwable":""}
{"timestamp":"2022-09-09T09:51:11,161","container":"e28556f74779","level":"INFO","thread":"BftProcessorExecutor-IBFT-0","class":"IbftBesuControllerBuilder","message":"Produced #89 / 0 tx / 0 pending / 0 (0.0%) gas / (0x129ce6827af4bc0fb1214213e2f5f729d8890dcf5eb07f6f4982fb2358cf4453)","throwable":""}
{"timestamp":"2022-09-09T09:51:13,127","container":"e28556f74779","level":"INFO","thread":"BftProcessorExecutor-IBFT-0","class":"IbftBesuControllerBuilder","message":"Imported #90 / 0 tx / 0 pending / 0 (0.0%) gas / (0x74160a234eb9fe9302223135ba5cf1890f11f7d26155b6653ba75d2e8766d44c)","throwable":""}
{"timestamp":"2022-09-09T09:51:15,132","container":"e28556f74779","level":"INFO","thread":"EthScheduler-Workers-2","class":"PersistBlockTask","message":"Imported #91 / 0 tx / 0 om / 0 (0.0%) gas / (0xeb2843b6d02b6a33fb9218f32f9b11da5b79ec4e7da20e8972dba29afa76f82e) in 0.014s. Peers: 4","throwable":""}
{"timestamp":"2022-09-09T09:51:15,134","container":"e28556f74779","level":"INFO","thread":"BftProcessorExecutor-IBFT-0","class":"IbftBesuControllerBuilder","message":"Imported #91 / 0 tx / 0 pending / 0 (0.0%) gas / (0xeb2843b6d02b6a33fb9218f32f9b11da5b79ec4e7da20e8972dba29afa76f82e)","throwable":""}
{"timestamp":"2022-09-09T09:51:17,364","container":"e28556f74779","level":"INFO","thread":"BftProcessorExecutor-IBFT-0","class":"IbftBesuControllerBuilder","message":"Imported #92 / 0 tx / 0 pending / 0 (0.0%) gas / (0xb319feb4d69e4e5999429577bc13801fcd2e333310dd43aa857a682eba00818f)","throwable":""}
{"timestamp":"2022-09-09T09:51:19,149","container":"e28556f74779","level":"INFO","thread":"BftProcessorExecutor-IBFT-0","class":"IbftBesuControllerBuilder","message":"Produced #93 / 0 tx / 0 pending / 0 (0.0%) gas / (0x503790a0251e40177d6e85f084b252f42827b8fb48dd3a9ac697fad0744038c2)","throwable":""}
{"timestamp":"2022-09-09T09:51:21,188","container":"e28556f74779","level":"INFO","thread":"BftProcessorExecutor-IBFT-0","class":"IbftBesuControllerBuilder","message":"Imported #94 / 0 tx / 0 pending / 0 (0.0%) gas / (0xeca0d695fa53f57ccd99753ab6977eda59565f03b22b524d028f9f12d815ddd5)","throwable":""}
{"timestamp":"2022-09-09T09:51:23,334","container":"e28556f74779","level":"INFO","thread":"BftProcessorExecutor-IBFT-0","class":"IbftBesuControllerBuilder","message":"Imported #95 / 0 tx / 0 pending / 0 (0.0%) gas / (0x8df2e4dc1d080bec00cb4a75109679394a98f2a60a4d6535c6a78b46578f13fc)","throwable":""}
{"timestamp":"2022-09-09T09:51:25,204","container":"e28556f74779","level":"INFO","thread":"BftProcessorExecutor-IBFT-0","class":"IbftBesuControllerBuilder","message":"Imported #96 / 0 tx / 0 pending / 0 (0.0%) gas / (0x43514b70a9e5a649dcddd150ccb566252e5979c4e6de2ea63753814c64fd6184)","throwable":""}
{"timestamp":"2022-09-09T09:51:27,733","container":"e28556f74779","level":"INFO","thread":"EthScheduler-Workers-1","class":"PersistBlockTask","message":"Imported #97 / 0 tx / 0 om / 0 (0.0%) gas / (0x81ea5a3de8ae3942a4249a02fd86a5c2eb2cd8e4a36a6345fd4336a18fd0ca12) in 0.073s. Peers: 4","throwable":""}
{"timestamp":"2022-09-09T09:51:29,070","container":"e28556f74779","level":"INFO","thread":"BftProcessorExecutor-IBFT-0","class":"IbftBesuControllerBuilder","message":"Imported #98 / 0 tx / 0 pending / 0 (0.0%) gas / (0x02345e432ca80a4a1343a2889fa9984e22d4bc6ddb1783e8d91bfd02b5c7043f)","throwable":""}
{"timestamp":"2022-09-09T09:51:31,080","container":"e28556f74779","level":"INFO","thread":"BftProcessorExecutor-IBFT-0","class":"IbftBesuControllerBuilder","message":"Imported #99 / 0 tx / 0 pending / 0 (0.0%) gas / (0x6ea071e7d4cc936361695a1ef836d31891aa9ab15df3ed247e3a5a2de3078179)","throwable":""}
{"timestamp":"2022-09-09T09:51:31,081","container":"e28556f74779","level":"INFO","thread":"EthScheduler-Workers-3","class":"PersistBlockTask","message":"Imported #99 / 0 tx / 0 om / 0 (0.0%) gas / (0x6ea071e7d4cc936361695a1ef836d31891aa9ab15df3ed247e3a5a2de3078179) in 0.011s. Peers: 4","throwable":""}
{"timestamp":"2022-09-09T09:51:33,075","container":"e28556f74779","level":"INFO","thread":"BftProcessorExecutor-IBFT-0","class":"IbftBesuControllerBuilder","message":"Imported #100 / 0 tx / 0 pending / 0 (0.0%) gas / (0x1a41eab4aa705917fbf060433d0fb266193027687a447633619df81a61c70401)","throwable":""}
{"timestamp":"2022-09-09T09:51:35,096","container":"e28556f74779","level":"INFO","thread":"BftProcessorExecutor-IBFT-0","class":"IbftBesuControllerBuilder","message":"Produced #101 / 0 tx / 0 pending / 0 (0.0%) gas / (0x89786b175eb80457ad9c3174fc2213d2462d64617eed690d8bc47bc31f3ec1de)","throwable":""}
{"timestamp":"2022-09-09T09:51:37,093","container":"e28556f74779","level":"INFO","thread":"BftProcessorExecutor-IBFT-0","class":"IbftBesuControllerBuilder","message":"Imported #102 / 0 tx / 0 pending / 0 (0.0%) gas / (0x650c7f221b1b15d09c9eb79d5efe1be876895e70abb009fcd15d09ad386fbcab)","throwable":""}
{"timestamp":"2022-09-09T09:51:39,040","container":"e28556f74779","level":"INFO","thread":"BftProcessorExecutor-IBFT-0","class":"IbftBesuControllerBuilder","message":"Imported #103 / 0 tx / 0 pending / 0 (0.0%) gas / (0x841018a7b239529f87569dac6940cc33d044b101add69930f9ed78996bfba359)","throwable":""}
{"timestamp":"2022-09-09T09:51:41,065","container":"e28556f74779","level":"INFO","thread":"BftProcessorExecutor-IBFT-0","class":"IbftBesuControllerBuilder","message":"Imported #104 / 0 tx / 0 pending / 0 (0.0%) gas / (0xe3242c7ebbfb348bb601f112af6b262a67363bc5df666848a487ad5ec1b95efc)","throwable":""}
{"timestamp":"2022-09-09T09:51:43,049","container":"e28556f74779","level":"INFO","thread":"BftProcessorExecutor-IBFT-0","class":"IbftBesuControllerBuilder","message":"Produced #105 / 0 tx / 0 pending / 0 (0.0%) gas / (0x6766defb2482bfce295fdd87f12c8566702a5be88307e167834bc782d4490d81)","throwable":""}
{"timestamp":"2022-09-09T09:51:45,151","container":"e28556f74779","level":"INFO","thread":"BftProcessorExecutor-IBFT-0","class":"IbftBesuControllerBuilder","message":"Imported #106 / 0 tx / 0 pending / 0 (0.0%) gas / (0xd3f22ca6133154c1fe2b9ac96995d2cc9311394da5de24902d7eb28a1db647ae)","throwable":""}
{"timestamp":"2022-09-09T09:51:47,070","container":"e28556f74779","level":"INFO","thread":"BftProcessorExecutor-IBFT-0","class":"IbftBesuControllerBuilder","message":"Imported #107 / 0 tx / 0 pending / 0 (0.0%) gas / (0xdcf726c3f6f20434a58a13046b789f8f13ed4ddac0ea06c9f6bc159b9e41111e)","throwable":""}
{"timestamp":"2022-09-09T09:51:49,120","container":"e28556f74779","level":"INFO","thread":"BftProcessorExecutor-IBFT-0","class":"IbftBesuControllerBuilder","message":"Imported #108 / 0 tx / 0 pending / 0 (0.0%) gas / (0x46076735c874c353f22fa15c9ce4c7cdef954f01e242458a5c4059b79bd91306)","throwable":""}
{"timestamp":"2022-09-09T09:51:51,155","container":"e28556f74779","level":"INFO","thread":"BftProcessorExecutor-IBFT-0","class":"IbftBesuControllerBuilder","message":"Produced #109 / 0 tx / 0 pending / 0 (0.0%) gas / (0xc4b93c45f42bb3dfad642016e8b47253c57dffa3d5ff0ec57a27ef2ca2308629)","throwable":""}
{"timestamp":"2022-09-09T09:51:53,262","container":"e28556f74779","level":"INFO","thread":"BftProcessorExecutor-IBFT-0","class":"IbftBesuControllerBuilder","message":"Imported #110 / 0 tx / 0 pending / 0 (0.0%) gas / (0xbc2ec1297804ac7ef275d00068909b9602fb58b346bf5b3f927f183c98c1f35a)","throwable":""}
{"timestamp":"2022-09-09T09:51:55,125","container":"e28556f74779","level":"INFO","thread":"BftProcessorExecutor-IBFT-0","class":"IbftBesuControllerBuilder","message":"Imported #111 / 0 tx / 0 pending / 0 (0.0%) gas / (0x84d2d32fce76388e766e04d8a4f3815f66b703d030036cd5caa8874076ffae07)","throwable":""}
{"timestamp":"2022-09-09T09:51:57,202","container":"e28556f74779","level":"INFO","thread":"BftProcessorExecutor-IBFT-0","class":"IbftBesuControllerBuilder","message":"Imported #112 / 0 tx / 0 pending / 0 (0.0%) gas / (0xcd793cfe16db2314bd83eb46f2662412576ab6d8f304eb5c5751e93233204747)","throwable":""}
{"timestamp":"2022-09-09T09:51:59,131","container":"e28556f74779","level":"INFO","thread":"BftProcessorExecutor-IBFT-0","class":"IbftBesuControllerBuilder","message":"Produced #113 / 0 tx / 0 pending / 0 (0.0%) gas / (0x928675cc760fb51b7341236b9829890969e276ee32fb13cea0c4740bea536268)","throwable":""}
{"timestamp":"2022-09-09T09:52:01,253","container":"e28556f74779","level":"INFO","thread":"BftProcessorExecutor-IBFT-0","class":"IbftBesuControllerBuilder","message":"Imported #114 / 0 tx / 0 pending / 0 (0.0%) gas / (0x28e0f26ab790dc7a0b9765033d083fb1d65cd0cf0bf1396ea6454de74fd12cb0)","throwable":""}
{"timestamp":"2022-09-09T09:52:03,208","container":"e28556f74779","level":"INFO","thread":"BftProcessorExecutor-IBFT-0","class":"IbftBesuControllerBuilder","message":"Imported #115 / 0 tx / 0 pending / 0 (0.0%) gas / (0x9239086217c62f3a9abafa7834fe291ee1aea0252455d985d9aac19dcda795be)","throwable":""}
{"timestamp":"2022-09-09T09:52:05,163","container":"e28556f74779","level":"INFO","thread":"BftProcessorExecutor-IBFT-0","class":"IbftBesuControllerBuilder","message":"Imported #116 / 0 tx / 0 pending / 0 (0.0%) gas / (0xde29e9bb2edcea25b17ddc6816aaafe1624fee723f443e0767fd278ffb30fd88)","throwable":""}
{"timestamp":"2022-09-09T09:52:07,321","container":"e28556f74779","level":"INFO","thread":"BftProcessorExecutor-IBFT-0","class":"IbftBesuControllerBuilder","message":"Produced #117 / 0 tx / 0 pending / 0 (0.0%) gas / (0xe517158db4231dc52749cfe89166aea0b5f483023c02ea30ac6603436216b88e)","throwable":""}
{"timestamp":"2022-09-09T09:52:09,136","container":"e28556f74779","level":"INFO","thread":"BftProcessorExecutor-IBFT-0","class":"IbftBesuControllerBuilder","message":"Imported #118 / 0 tx / 0 pending / 0 (0.0%) gas / (0x93bbc7cdca4ede2789dc29a229d786da88ef3534ab298aaf81b1145788d1bd0c)","throwable":""}
{"timestamp":"2022-09-09T09:52:11,166","container":"e28556f74779","level":"INFO","thread":"BftProcessorExecutor-IBFT-0","class":"IbftBesuControllerBuilder","message":"Imported #119 / 0 tx / 0 pending / 0 (0.0%) gas / (0x23533accd483a1dd73d3fac43993687dc8a926095e80db760f31cae714873ad5)","throwable":""}
{"timestamp":"2022-09-09T09:52:13,101","container":"e28556f74779","level":"INFO","thread":"BftProcessorExecutor-IBFT-0","class":"IbftBesuControllerBuilder","message":"Imported #120 / 0 tx / 0 pending / 0 (0.0%) gas / (0x2156e37406240cf8848b287092e460859437b767e1ffd649c9516e2aab914c73)","throwable":""}
{"timestamp":"2022-09-09T09:52:15,299","container":"e28556f74779","level":"INFO","thread":"BftProcessorExecutor-IBFT-0","class":"IbftBesuControllerBuilder","message":"Produced #121 / 0 tx / 0 pending / 0 (0.0%) gas / (0x3aa24aa40c7056564e6235f05f4004a493640326b8efca45dc3b3d3f8c1cf125)","throwable":""}
{"timestamp":"2022-09-09T09:52:17,063","container":"e28556f74779","level":"INFO","thread":"BftProcessorExecutor-IBFT-0","class":"IbftBesuControllerBuilder","message":"Imported #122 / 0 tx / 0 pending / 0 (0.0%) gas / (0x51fb6c304a843f1d119412916e16fa82da4133743cd2c9c490a06e998561717f)","throwable":""}
{"timestamp":"2022-09-09T09:52:19,115","container":"e28556f74779","level":"INFO","thread":"BftProcessorExecutor-IBFT-0","class":"IbftBesuControllerBuilder","message":"Imported #123 / 0 tx / 0 pending / 0 (0.0%) gas / (0xc3a31eb8603f7795135f164c635a4a2109d02fad4af0ad8f0fc3f2dfa126004b)","throwable":""}
{"timestamp":"2022-09-09T09:52:21,144","container":"e28556f74779","level":"INFO","thread":"BftProcessorExecutor-IBFT-0","class":"IbftBesuControllerBuilder","message":"Imported #124 / 0 tx / 0 pending / 0 (0.0%) gas / (0x9e83e03fff910a8658d1ced2c25fb7a6d9b5ad110a4ffb40304e6eaaa0df32c4)","throwable":""}
{"timestamp":"2022-09-09T09:52:23,080","container":"e28556f74779","level":"INFO","thread":"BftProcessorExecutor-IBFT-0","class":"IbftBesuControllerBuilder","message":"Produced #125 / 0 tx / 0 pending / 0 (0.0%) gas / (0x08cc9f10da1596498d6e9ff8d1e4fc652271304910c0147deb71f0a48aa62217)","throwable":""}
{"timestamp":"2022-09-09T09:52:25,172","container":"e28556f74779","level":"INFO","thread":"BftProcessorExecutor-IBFT-0","class":"IbftBesuControllerBuilder","message":"Imported #126 / 0 tx / 0 pending / 0 (0.0%) gas / (0x3b9cbcf8b6badd2c70c6b4e638b27a10b8424cf8dd517faedc9c12bf54a5ad49)","throwable":""}
{"timestamp":"2022-09-09T09:52:27,184","container":"e28556f74779","level":"INFO","thread":"BftProcessorExecutor-IBFT-0","class":"IbftBesuControllerBuilder","message":"Imported #127 / 0 tx / 0 pending / 0 (0.0%) gas / (0x7bcbd614f3a516d0fe7944136d8b165de927f08e6a156fff73de0507fdc8b39b)","throwable":""}
{"timestamp":"2022-09-09T09:52:29,236","container":"e28556f74779","level":"INFO","thread":"BftProcessorExecutor-IBFT-0","class":"IbftBesuControllerBuilder","message":"Imported #128 / 0 tx / 0 pending / 0 (0.0%) gas / (0x9ae5496d77189b7e7912aa382c7b9b77f80cd3ba65b019c8d6cd730f56c2205a)","throwable":""}
{"timestamp":"2022-09-09T09:52:31,058","container":"e28556f74779","level":"INFO","thread":"BftProcessorExecutor-IBFT-0","class":"IbftBesuControllerBuilder","message":"Produced #129 / 0 tx / 0 pending / 0 (0.0%) gas / (0xef39d37ba1a2994b55668b2b1775df9097a5bbb4b85353bf07e6e43912411f4a)","throwable":""}
{"timestamp":"2022-09-09T09:52:33,061","container":"e28556f74779","level":"INFO","thread":"EthScheduler-Workers-0","class":"PersistBlockTask","message":"Imported #130 / 0 tx / 0 om / 0 (0.0%) gas / (0x7d5fef5235a019ef0a2dbdeaf51c3e31eac91e0aac13cc0914deb846d00b7b55) in 0.014s. Peers: 4","throwable":""}
{"timestamp":"2022-09-09T09:52:33,062","container":"e28556f74779","level":"INFO","thread":"BftProcessorExecutor-IBFT-0","class":"IbftBesuControllerBuilder","message":"Imported #130 / 0 tx / 0 pending / 0 (0.0%) gas / (0x7d5fef5235a019ef0a2dbdeaf51c3e31eac91e0aac13cc0914deb846d00b7b55)","throwable":""}
{"timestamp":"2022-09-09T09:52:35,108","container":"e28556f74779","level":"INFO","thread":"BftProcessorExecutor-IBFT-0","class":"IbftBesuControllerBuilder","message":"Imported #131 / 0 tx / 0 pending / 0 (0.0%) gas / (0xf865e66efebe8bc7ffc693d9386328e36f88174622da6d5752d3c5bffbeba9aa)","throwable":""}
{"timestamp":"2022-09-09T09:52:37,103","container":"e28556f74779","level":"INFO","thread":"BftProcessorExecutor-IBFT-0","class":"IbftBesuControllerBuilder","message":"Imported #132 / 0 tx / 0 pending / 0 (0.0%) gas / (0x431afef9b660b43f1861101bcaa85b81f9444d5594889305bc9c4ec7cd8f5a2f)","throwable":""}
{"timestamp":"2022-09-09T09:52:39,107","container":"e28556f74779","level":"INFO","thread":"BftProcessorExecutor-IBFT-0","class":"IbftBesuControllerBuilder","message":"Produced #133 / 0 tx / 0 pending / 0 (0.0%) gas / (0x20e81478ad00cd6be7d7bad26343ad9b4635b10966065546691c6f7d8134d436)","throwable":""}
{"timestamp":"2022-09-09T09:52:43,327","container":"e28556f74779","level":"INFO","thread":"BftProcessorExecutor-IBFT-0","class":"IbftRound","message":"Importing block to chain. round=ConsensusRoundIdentifier{Sequence=134, Round=1}, hash=0x9b05837f9577f9c54efa5d9794f7cfdf3c0ef642c2818fdb73da4c9113ca3ad6","throwable":""}
{"timestamp":"2022-09-09T09:52:43,377","container":"e28556f74779","level":"INFO","thread":"BftProcessorExecutor-IBFT-0","class":"IbftBesuControllerBuilder","message":"Imported #134 / 0 tx / 0 pending / 0 (0.0%) gas / (0x9b05837f9577f9c54efa5d9794f7cfdf3c0ef642c2818fdb73da4c9113ca3ad6)","throwable":""}
{"timestamp":"2022-09-09T09:52:45,132","container":"e28556f74779","level":"INFO","thread":"BftProcessorExecutor-IBFT-0","class":"IbftBesuControllerBuilder","message":"Imported #135 / 0 tx / 0 pending / 0 (0.0%) gas / (0x1907d0a82c2366ae370dd60ed825d98c0a0ee8eec1331dbde9106d86397923db)","throwable":""}
{"timestamp":"2022-09-09T09:52:47,113","container":"e28556f74779","level":"INFO","thread":"BftProcessorExecutor-IBFT-0","class":"IbftBesuControllerBuilder","message":"Produced #136 / 0 tx / 0 pending / 0 (0.0%) gas / (0x5c98cbb98c788c1ec2023e705d36a54365db9ea706ee0e89b26c0f420f50bdfb)","throwable":""}
{"timestamp":"2022-09-09T09:52:51,160","container":"e28556f74779","level":"INFO","thread":"BftProcessorExecutor-IBFT-0","class":"IbftRound","message":"Importing block to chain. round=ConsensusRoundIdentifier{Sequence=137, Round=1}, hash=0x1ac1fc279a03af19d8d19a5aa963d7d50c0cfe2656ebba72b1c0301e059bbab7","throwable":""}
{"timestamp":"2022-09-09T09:52:51,175","container":"e28556f74779","level":"INFO","thread":"BftProcessorExecutor-IBFT-0","class":"IbftBesuControllerBuilder","message":"Imported #137 / 0 tx / 0 pending / 0 (0.0%) gas / (0x1ac1fc279a03af19d8d19a5aa963d7d50c0cfe2656ebba72b1c0301e059bbab7)","throwable":""}
{"timestamp":"2022-09-09T09:52:53,110","container":"e28556f74779","level":"INFO","thread":"BftProcessorExecutor-IBFT-0","class":"IbftBesuControllerBuilder","message":"Imported #138 / 0 tx / 0 pending / 0 (0.0%) gas / (0x721c3983e8ad73976e6b81ff0b1112e46def1fbe040771c817e66766ca114951)","throwable":""}
{"timestamp":"2022-09-09T09:52:55,439","container":"e28556f74779","level":"INFO","thread":"BftProcessorExecutor-IBFT-0","class":"IbftBesuControllerBuilder","message":"Produced #139 / 0 tx / 0 pending / 0 (0.0%) gas / (0x234a127fe1dc2728de8fabcd716b4f4bd14da581e2fbe45a4145e8bf2d18d65d)","throwable":""}
{"timestamp":"2022-09-09T09:53:18,018","container":"e28556f74779","level":"INFO","thread":"EthScheduler-Timer-0","class":"FullSyncTargetManager","message":"No sync target, waiting for peers. Current peers: 1","throwable":""}
{"timestamp":"2022-09-09T09:53:19,574","container":"e28556f74779","level":"INFO","thread":"BftProcessorExecutor-IBFT-0","class":"BftProcessor","message":"Shutting down BFT event processor","throwable":""}
{"timestamp":"2022-09-09T09:53:19,591","container":"e28556f74779","level":"INFO","thread":"BesuCommand-Shutdown-Hook","class":"DefaultSynchronizer","message":"Stopping synchronizer","throwable":""}
{"timestamp":"2022-09-09T09:53:19,609","container":"e28556f74779","level":"INFO","thread":"BesuCommand-Shutdown-Hook","class":"NetworkRunner","message":"Stopping Network.","throwable":""}
{"timestamp":"2022-09-09T09:53:19,640","container":"e28556f74779","level":"INFO","thread":"BesuCommand-Shutdown-Hook","class":"EthProtocolManager","message":"Stopping eth Subprotocol.","throwable":""}
{"timestamp":"2022-09-09T09:53:19,664","container":"e28556f74779","level":"INFO","thread":"BesuCommand-Shutdown-Hook","class":"EthProtocolManager","message":"eth Subprotocol stopped.","throwable":""}
{"timestamp":"2022-09-09T09:53:19,688","container":"e28556f74779","level":"INFO","thread":"BesuCommand-Shutdown-Hook","class":"NetworkRunner","message":"Network stopped.","throwable":""}
{"timestamp":"2022-09-09T09:53:19,717","container":"e28556f74779","level":"INFO","thread":"BesuCommand-Shutdown-Hook","class":"AutoTransactionLogBloomCachingService","message":"Shutting down Auto transaction logs caching service.","throwable":""}
{"timestamp":"2022-09-09T09:53:19,720","container":"e28556f74779","level":"INFO","thread":"BesuCommand-Shutdown-Hook","class":"DockerNatManager","message":"Stopping docker NAT manager.","throwable":""}
